[1.729s] Invoking command in '/home/vboxuser/ros2_main_ws/src/my_package': DEBUGINFOD_URLS=https://debuginfod.ubuntu.com PYTHONPATH=/home/vboxuser/ros2_main_ws/src/build/my_package/prefix_override:/usr/lib/python3/dist-packages/colcon_core/task/python/colcon_distutils_commands:/home/vboxuser/ros2_main_ws/src/install/my_package/lib/python3.12/site-packages:${PYTHONPATH} /usr/bin/python3 -W ignore:setup.py install is deprecated setup.py egg_info --egg-base ../build/my_package build --build-base /home/vboxuser/ros2_main_ws/src/build/my_package/build install --record /home/vboxuser/ros2_main_ws/src/build/my_package/install.log --single-version-externally-managed install_data
[2.217s] running egg_info
[2.217s] creating ../build/my_package/my_package.egg-info
[2.255s] writing ../build/my_package/my_package.egg-info/PKG-INFO
[2.256s] writing dependency_links to ../build/my_package/my_package.egg-info/dependency_links.txt
[2.256s] writing entry points to ../build/my_package/my_package.egg-info/entry_points.txt
[2.256s] writing requirements to ../build/my_package/my_package.egg-info/requires.txt
[2.256s] writing top-level names to ../build/my_package/my_package.egg-info/top_level.txt
[2.257s] writing manifest file '../build/my_package/my_package.egg-info/SOURCES.txt'
[2.332s] reading manifest file '../build/my_package/my_package.egg-info/SOURCES.txt'
[2.332s] adding license file 'LICENSE'
[2.333s] writing manifest file '../build/my_package/my_package.egg-info/SOURCES.txt'
[2.333s] running build
[2.333s] running build_py
[2.333s] creating /home/vboxuser/ros2_main_ws/src/build/my_package/build
[2.333s] creating /home/vboxuser/ros2_main_ws/src/build/my_package/build/lib
[2.334s] creating /home/vboxuser/ros2_main_ws/src/build/my_package/build/lib/my_package
[2.334s] copying my_package/__init__.py -> /home/vboxuser/ros2_main_ws/src/build/my_package/build/lib/my_package
[2.334s] copying my_package/my_robot_driver.py -> /home/vboxuser/ros2_main_ws/src/build/my_package/build/lib/my_package
[2.334s] running install
[2.349s] running install_lib
[2.388s] creating /home/vboxuser/ros2_main_ws/src/install/my_package/lib/python3.12/site-packages/my_package
[2.389s] copying /home/vboxuser/ros2_main_ws/src/build/my_package/build/lib/my_package/__init__.py -> /home/vboxuser/ros2_main_ws/src/install/my_package/lib/python3.12/site-packages/my_package
[2.389s] copying /home/vboxuser/ros2_main_ws/src/build/my_package/build/lib/my_package/my_robot_driver.py -> /home/vboxuser/ros2_main_ws/src/install/my_package/lib/python3.12/site-packages/my_package
[2.390s] byte-compiling /home/vboxuser/ros2_main_ws/src/install/my_package/lib/python3.12/site-packages/my_package/__init__.py to __init__.cpython-312.pyc
[2.390s] byte-compiling /home/vboxuser/ros2_main_ws/src/install/my_package/lib/python3.12/site-packages/my_package/my_robot_driver.py to my_robot_driver.cpython-312.pyc
[2.391s] running install_data
[2.391s] creating /home/vboxuser/ros2_main_ws/src/install/my_package/share/ament_index
[2.392s] creating /home/vboxuser/ros2_main_ws/src/install/my_package/share/ament_index/resource_index
[2.392s] creating /home/vboxuser/ros2_main_ws/src/install/my_package/share/ament_index/resource_index/packages
[2.392s] copying resource/my_package -> /home/vboxuser/ros2_main_ws/src/install/my_package/share/ament_index/resource_index/packages
[2.392s] creating /home/vboxuser/ros2_main_ws/src/install/my_package/share/my_package/launch
[2.393s] copying launch/robot_launch.py -> /home/vboxuser/ros2_main_ws/src/install/my_package/share/my_package/launch
[2.393s] creating /home/vboxuser/ros2_main_ws/src/install/my_package/share/my_package/worlds
[2.393s] copying worlds/my_world.wbt -> /home/vboxuser/ros2_main_ws/src/install/my_package/share/my_package/worlds
[2.393s] creating /home/vboxuser/ros2_main_ws/src/install/my_package/share/my_package/resource
[2.393s] copying resource/my_robot.urdf -> /home/vboxuser/ros2_main_ws/src/install/my_package/share/my_package/resource
[2.393s] copying package.xml -> /home/vboxuser/ros2_main_ws/src/install/my_package/share/my_package
[2.394s] running install_egg_info
[2.430s] Copying ../build/my_package/my_package.egg-info to /home/vboxuser/ros2_main_ws/src/install/my_package/lib/python3.12/site-packages/my_package-0.0.0-py3.12.egg-info
[2.431s] running install_scripts
[2.649s] Installing my_robot_driver script to /home/vboxuser/ros2_main_ws/src/install/my_package/lib/my_package
[2.652s] writing list of installed files to '/home/vboxuser/ros2_main_ws/src/build/my_package/install.log'
[2.697s] Invoked command in '/home/vboxuser/ros2_main_ws/src/my_package' returned '0': DEBUGINFOD_URLS=https://debuginfod.ubuntu.com PYTHONPATH=/home/vboxuser/ros2_main_ws/src/build/my_package/prefix_override:/usr/lib/python3/dist-packages/colcon_core/task/python/colcon_distutils_commands:/home/vboxuser/ros2_main_ws/src/install/my_package/lib/python3.12/site-packages:${PYTHONPATH} /usr/bin/python3 -W ignore:setup.py install is deprecated setup.py egg_info --egg-base ../build/my_package build --build-base /home/vboxuser/ros2_main_ws/src/build/my_package/build install --record /home/vboxuser/ros2_main_ws/src/build/my_package/install.log --single-version-externally-managed install_data
