[7.583s] Invoking command in '/home/vboxuser/ros2_main_ws/src/webots_ros2/webots_ros2_tesla': AMENT_PREFIX_PATH=/home/vboxuser/ros2_main_ws/install/webots_ros2_driver:/home/vboxuser/ros2_main_ws/install/webots_ros2_msgs:/home/vboxuser/ros2_main_ws/install/webots_ros2_importer:${AMENT_PREFIX_PATH} CMAKE_PREFIX_PATH=/home/vboxuser/ros2_main_ws/install/webots_ros2_driver:/home/vboxuser/ros2_main_ws/install/webots_ros2_msgs:${CMAKE_PREFIX_PATH} DEBUGINFOD_URLS=https://debuginfod.ubuntu.com LD_LIBRARY_PATH=/home/vboxuser/ros2_main_ws/install/webots_ros2_driver/lib:/home/vboxuser/ros2_main_ws/install/webots_ros2_msgs/lib:${LD_LIBRARY_PATH} PYTHONPATH=/home/vboxuser/ros2_main_ws/build/webots_ros2_tesla/prefix_override:/usr/lib/python3/dist-packages/colcon_core/task/python/colcon_distutils_commands:/home/vboxuser/ros2_main_ws/install/webots_ros2_tesla/lib/python3.12/site-packages:/home/vboxuser/ros2_main_ws/install/webots_ros2_driver/lib/python3.12/site-packages:/home/vboxuser/ros2_main_ws/install/webots_ros2_msgs/lib/python3.12/site-packages:/home/vboxuser/ros2_main_ws/install/webots_ros2_importer/lib/python3.12/site-packages:${PYTHONPATH} /usr/bin/python3 -W ignore:setup.py install is deprecated setup.py egg_info --egg-base ../../../build/webots_ros2_tesla build --build-base /home/vboxuser/ros2_main_ws/build/webots_ros2_tesla/build install --record /home/vboxuser/ros2_main_ws/build/webots_ros2_tesla/install.log --single-version-externally-managed install_data
[9.596s] running egg_info
[9.697s] writing ../../../build/webots_ros2_tesla/webots_ros2_tesla.egg-info/PKG-INFO
[9.699s] writing dependency_links to ../../../build/webots_ros2_tesla/webots_ros2_tesla.egg-info/dependency_links.txt
[9.699s] writing entry points to ../../../build/webots_ros2_tesla/webots_ros2_tesla.egg-info/entry_points.txt
[9.700s] writing requirements to ../../../build/webots_ros2_tesla/webots_ros2_tesla.egg-info/requires.txt
[9.700s] writing top-level names to ../../../build/webots_ros2_tesla/webots_ros2_tesla.egg-info/top_level.txt
[9.943s] reading manifest file '../../../build/webots_ros2_tesla/webots_ros2_tesla.egg-info/SOURCES.txt'
[9.947s] writing manifest file '../../../build/webots_ros2_tesla/webots_ros2_tesla.egg-info/SOURCES.txt'
[9.947s] running build
[9.947s] running build_py
[9.952s] running install
[10.000s] running install_lib
[10.147s] running install_data
[10.148s] running install_egg_info
[10.292s] removing '/home/vboxuser/ros2_main_ws/install/webots_ros2_tesla/lib/python3.12/site-packages/webots_ros2_tesla-2023.1.3-py3.12.egg-info' (and everything under it)
[10.312s] Copying ../../../build/webots_ros2_tesla/webots_ros2_tesla.egg-info to /home/vboxuser/ros2_main_ws/install/webots_ros2_tesla/lib/python3.12/site-packages/webots_ros2_tesla-2023.1.3-py3.12.egg-info
[10.312s] running install_scripts
[11.178s] Installing lane_follower script to /home/vboxuser/ros2_main_ws/install/webots_ros2_tesla/lib/webots_ros2_tesla
[11.182s] writing list of installed files to '/home/vboxuser/ros2_main_ws/build/webots_ros2_tesla/install.log'
[11.436s] Invoked command in '/home/vboxuser/ros2_main_ws/src/webots_ros2/webots_ros2_tesla' returned '0': AMENT_PREFIX_PATH=/home/vboxuser/ros2_main_ws/install/webots_ros2_driver:/home/vboxuser/ros2_main_ws/install/webots_ros2_msgs:/home/vboxuser/ros2_main_ws/install/webots_ros2_importer:${AMENT_PREFIX_PATH} CMAKE_PREFIX_PATH=/home/vboxuser/ros2_main_ws/install/webots_ros2_driver:/home/vboxuser/ros2_main_ws/install/webots_ros2_msgs:${CMAKE_PREFIX_PATH} DEBUGINFOD_URLS=https://debuginfod.ubuntu.com LD_LIBRARY_PATH=/home/vboxuser/ros2_main_ws/install/webots_ros2_driver/lib:/home/vboxuser/ros2_main_ws/install/webots_ros2_msgs/lib:${LD_LIBRARY_PATH} PYTHONPATH=/home/vboxuser/ros2_main_ws/build/webots_ros2_tesla/prefix_override:/usr/lib/python3/dist-packages/colcon_core/task/python/colcon_distutils_commands:/home/vboxuser/ros2_main_ws/install/webots_ros2_tesla/lib/python3.12/site-packages:/home/vboxuser/ros2_main_ws/install/webots_ros2_driver/lib/python3.12/site-packages:/home/vboxuser/ros2_main_ws/install/webots_ros2_msgs/lib/python3.12/site-packages:/home/vboxuser/ros2_main_ws/install/webots_ros2_importer/lib/python3.12/site-packages:${PYTHONPATH} /usr/bin/python3 -W ignore:setup.py install is deprecated setup.py egg_info --egg-base ../../../build/webots_ros2_tesla build --build-base /home/vboxuser/ros2_main_ws/build/webots_ros2_tesla/build install --record /home/vboxuser/ros2_main_ws/build/webots_ros2_tesla/install.log --single-version-externally-managed install_data
