[1.429s] Invoking command in '/home/vboxuser/ros2_main_ws/src/my_package': DEBUGINFOD_URLS=https://debuginfod.ubuntu.com PYTHONPATH=/home/vboxuser/ros2_main_ws/build/my_package/prefix_override:/usr/lib/python3/dist-packages/colcon_core/task/python/colcon_distutils_commands:/home/vboxuser/ros2_main_ws/install/my_package/lib/python3.12/site-packages:${PYTHONPATH} /usr/bin/python3 -W ignore:setup.py install is deprecated setup.py egg_info --egg-base ../../build/my_package build --build-base /home/vboxuser/ros2_main_ws/build/my_package/build install --record /home/vboxuser/ros2_main_ws/build/my_package/install.log --single-version-externally-managed install_data
[1.883s] running egg_info
[1.916s] writing ../../build/my_package/my_package.egg-info/PKG-INFO
[1.916s] writing dependency_links to ../../build/my_package/my_package.egg-info/dependency_links.txt
[1.916s] writing entry points to ../../build/my_package/my_package.egg-info/entry_points.txt
[1.917s] writing requirements to ../../build/my_package/my_package.egg-info/requires.txt
[1.917s] writing top-level names to ../../build/my_package/my_package.egg-info/top_level.txt
[1.987s] reading manifest file '../../build/my_package/my_package.egg-info/SOURCES.txt'
[1.987s] adding license file 'LICENSE'
[1.988s] writing manifest file '../../build/my_package/my_package.egg-info/SOURCES.txt'
[1.988s] running build
[1.988s] running build_py
[1.988s] running install
[2.003s] running install_lib
[2.037s] running install_data
[2.037s] running install_egg_info
[2.073s] removing '/home/vboxuser/ros2_main_ws/install/my_package/lib/python3.12/site-packages/my_package-0.0.0-py3.12.egg-info' (and everything under it)
[2.073s] Copying ../../build/my_package/my_package.egg-info to /home/vboxuser/ros2_main_ws/install/my_package/lib/python3.12/site-packages/my_package-0.0.0-py3.12.egg-info
[2.074s] running install_scripts
[2.289s] Installing my_robot_driver script to /home/vboxuser/ros2_main_ws/install/my_package/lib/my_package
[2.289s] writing list of installed files to '/home/vboxuser/ros2_main_ws/build/my_package/install.log'
[2.331s] Invoked command in '/home/vboxuser/ros2_main_ws/src/my_package' returned '0': DEBUGINFOD_URLS=https://debuginfod.ubuntu.com PYTHONPATH=/home/vboxuser/ros2_main_ws/build/my_package/prefix_override:/usr/lib/python3/dist-packages/colcon_core/task/python/colcon_distutils_commands:/home/vboxuser/ros2_main_ws/install/my_package/lib/python3.12/site-packages:${PYTHONPATH} /usr/bin/python3 -W ignore:setup.py install is deprecated setup.py egg_info --egg-base ../../build/my_package build --build-base /home/vboxuser/ros2_main_ws/build/my_package/build install --record /home/vboxuser/ros2_main_ws/build/my_package/install.log --single-version-externally-managed install_data
