running egg_info
writing ../../../build/webots_ros2_epuck/webots_ros2_epuck.egg-info/PKG-INFO
writing dependency_links to ../../../build/webots_ros2_epuck/webots_ros2_epuck.egg-info/dependency_links.txt
writing entry points to ../../../build/webots_ros2_epuck/webots_ros2_epuck.egg-info/entry_points.txt
writing requirements to ../../../build/webots_ros2_epuck/webots_ros2_epuck.egg-info/requires.txt
writing top-level names to ../../../build/webots_ros2_epuck/webots_ros2_epuck.egg-info/top_level.txt
reading manifest file '../../../build/webots_ros2_epuck/webots_ros2_epuck.egg-info/SOURCES.txt'
writing manifest file '../../../build/webots_ros2_epuck/webots_ros2_epuck.egg-info/SOURCES.txt'
running build
running build_py
running install
running install_lib
running install_data
running install_egg_info
removing '/home/vboxuser/ros2_main_ws/install/webots_ros2_epuck/lib/python3.12/site-packages/webots_ros2_epuck-2023.1.3-py3.12.egg-info' (and everything under it)
Copying ../../../build/webots_ros2_epuck/webots_ros2_epuck.egg-info to /home/vboxuser/ros2_main_ws/install/webots_ros2_epuck/lib/python3.12/site-packages/webots_ros2_epuck-2023.1.3-py3.12.egg-info
running install_scripts
Installing drive_calibrator script to /home/vboxuser/ros2_main_ws/install/webots_ros2_epuck/lib/webots_ros2_epuck
Installing epuck_node script to /home/vboxuser/ros2_main_ws/install/webots_ros2_epuck/lib/webots_ros2_epuck
Installing simple_mapper script to /home/vboxuser/ros2_main_ws/install/webots_ros2_epuck/lib/webots_ros2_epuck
writing list of installed files to '/home/vboxuser/ros2_main_ws/build/webots_ros2_epuck/install.log'
