[1.533s] Invoking command in '/home/vboxuser/ros2_main_ws/src/webots_ros2/webots_ros2': AMENT_PREFIX_PATH=/home/vboxuser/ros2_main_ws/install/webots_ros2_tests:/home/vboxuser/ros2_main_ws/install/webots_ros2_universal_robot:/home/vboxuser/ros2_main_ws/install/webots_ros2_turtlebot:/home/vboxuser/ros2_main_ws/install/webots_ros2_tiago:/home/vboxuser/ros2_main_ws/install/webots_ros2_epuck:/home/vboxuser/ros2_main_ws/install/webots_ros2_tesla:/home/vboxuser/ros2_main_ws/install/webots_ros2_mavic:/home/vboxuser/ros2_main_ws/install/webots_ros2_control:/home/vboxuser/ros2_main_ws/install/webots_ros2_driver:/home/vboxuser/ros2_main_ws/install/webots_ros2_msgs:/home/vboxuser/ros2_main_ws/install/webots_ros2_importer:${AMENT_PREFIX_PATH} CMAKE_PREFIX_PATH=/home/vboxuser/ros2_main_ws/install/webots_ros2_control:/home/vboxuser/ros2_main_ws/install/webots_ros2_driver:/home/vboxuser/ros2_main_ws/install/webots_ros2_msgs:${CMAKE_PREFIX_PATH} DEBUGINFOD_URLS=https://debuginfod.ubuntu.com LD_LIBRARY_PATH=/home/vboxuser/ros2_main_ws/install/webots_ros2_control/lib:/home/vboxuser/ros2_main_ws/install/webots_ros2_driver/lib:/home/vboxuser/ros2_main_ws/install/webots_ros2_msgs/lib:${LD_LIBRARY_PATH} PYTHONPATH=/home/vboxuser/ros2_main_ws/build/webots_ros2/prefix_override:/usr/lib/python3/dist-packages/colcon_core/task/python/colcon_distutils_commands:/home/vboxuser/ros2_main_ws/install/webots_ros2/lib/python3.12/site-packages:/home/vboxuser/ros2_main_ws/install/webots_ros2_tests/lib/python3.12/site-packages:/home/vboxuser/ros2_main_ws/install/webots_ros2_universal_robot/lib/python3.12/site-packages:/home/vboxuser/ros2_main_ws/install/webots_ros2_turtlebot/lib/python3.12/site-packages:/home/vboxuser/ros2_main_ws/install/webots_ros2_tiago/lib/python3.12/site-packages:/home/vboxuser/ros2_main_ws/install/webots_ros2_epuck/lib/python3.12/site-packages:/home/vboxuser/ros2_main_ws/install/webots_ros2_tesla/lib/python3.12/site-packages:/home/vboxuser/ros2_main_ws/install/webots_ros2_mavic/lib/python3.12/site-packages:/home/vboxuser/ros2_main_ws/install/webots_ros2_driver/lib/python3.12/site-packages:/home/vboxuser/ros2_main_ws/install/webots_ros2_msgs/lib/python3.12/site-packages:/home/vboxuser/ros2_main_ws/install/webots_ros2_importer/lib/python3.12/site-packages:${PYTHONPATH} /usr/bin/python3 -W ignore:setup.py install is deprecated setup.py egg_info --egg-base ../../../build/webots_ros2 build --build-base /home/vboxuser/ros2_main_ws/build/webots_ros2/build install --record /home/vboxuser/ros2_main_ws/build/webots_ros2/install.log --single-version-externally-managed install_data
[2.118s] running egg_info
[2.121s] creating ../../../build/webots_ros2/webots_ros2.egg-info
[2.155s] writing ../../../build/webots_ros2/webots_ros2.egg-info/PKG-INFO
[2.157s] writing dependency_links to ../../../build/webots_ros2/webots_ros2.egg-info/dependency_links.txt
[2.157s] writing requirements to ../../../build/webots_ros2/webots_ros2.egg-info/requires.txt
[2.157s] writing top-level names to ../../../build/webots_ros2/webots_ros2.egg-info/top_level.txt
[2.157s] writing manifest file '../../../build/webots_ros2/webots_ros2.egg-info/SOURCES.txt'
[2.232s] reading manifest file '../../../build/webots_ros2/webots_ros2.egg-info/SOURCES.txt'
[2.233s] writing manifest file '../../../build/webots_ros2/webots_ros2.egg-info/SOURCES.txt'
[2.233s] running build
[2.233s] running build_py
[2.234s] creating /home/vboxuser/ros2_main_ws/build/webots_ros2/build
[2.234s] creating /home/vboxuser/ros2_main_ws/build/webots_ros2/build/lib
[2.234s] creating /home/vboxuser/ros2_main_ws/build/webots_ros2/build/lib/webots_ros2
[2.234s] copying webots_ros2/__init__.py -> /home/vboxuser/ros2_main_ws/build/webots_ros2/build/lib/webots_ros2
[2.237s] running install
[2.251s] running install_lib
[2.290s] creating /home/vboxuser/ros2_main_ws/install/webots_ros2/lib/python3.12/site-packages/webots_ros2
[2.290s] copying /home/vboxuser/ros2_main_ws/build/webots_ros2/build/lib/webots_ros2/__init__.py -> /home/vboxuser/ros2_main_ws/install/webots_ros2/lib/python3.12/site-packages/webots_ros2
[2.292s] byte-compiling /home/vboxuser/ros2_main_ws/install/webots_ros2/lib/python3.12/site-packages/webots_ros2/__init__.py to __init__.cpython-312.pyc
[2.292s] running install_data
[2.293s] copying package.xml -> /home/vboxuser/ros2_main_ws/install/webots_ros2/share/webots_ros2
[2.293s] creating /home/vboxuser/ros2_main_ws/install/webots_ros2/share/ament_index
[2.294s] creating /home/vboxuser/ros2_main_ws/install/webots_ros2/share/ament_index/resource_index
[2.294s] creating /home/vboxuser/ros2_main_ws/install/webots_ros2/share/ament_index/resource_index/packages
[2.294s] copying resource/webots_ros2 -> /home/vboxuser/ros2_main_ws/install/webots_ros2/share/ament_index/resource_index/packages
[2.296s] running install_egg_info
[2.334s] Copying ../../../build/webots_ros2/webots_ros2.egg-info to /home/vboxuser/ros2_main_ws/install/webots_ros2/lib/python3.12/site-packages/webots_ros2-2023.1.3-py3.12.egg-info
[2.337s] running install_scripts
[2.625s] writing list of installed files to '/home/vboxuser/ros2_main_ws/build/webots_ros2/install.log'
[2.683s] Invoked command in '/home/vboxuser/ros2_main_ws/src/webots_ros2/webots_ros2' returned '0': AMENT_PREFIX_PATH=/home/vboxuser/ros2_main_ws/install/webots_ros2_tests:/home/vboxuser/ros2_main_ws/install/webots_ros2_universal_robot:/home/vboxuser/ros2_main_ws/install/webots_ros2_turtlebot:/home/vboxuser/ros2_main_ws/install/webots_ros2_tiago:/home/vboxuser/ros2_main_ws/install/webots_ros2_epuck:/home/vboxuser/ros2_main_ws/install/webots_ros2_tesla:/home/vboxuser/ros2_main_ws/install/webots_ros2_mavic:/home/vboxuser/ros2_main_ws/install/webots_ros2_control:/home/vboxuser/ros2_main_ws/install/webots_ros2_driver:/home/vboxuser/ros2_main_ws/install/webots_ros2_msgs:/home/vboxuser/ros2_main_ws/install/webots_ros2_importer:${AMENT_PREFIX_PATH} CMAKE_PREFIX_PATH=/home/vboxuser/ros2_main_ws/install/webots_ros2_control:/home/vboxuser/ros2_main_ws/install/webots_ros2_driver:/home/vboxuser/ros2_main_ws/install/webots_ros2_msgs:${CMAKE_PREFIX_PATH} DEBUGINFOD_URLS=https://debuginfod.ubuntu.com LD_LIBRARY_PATH=/home/vboxuser/ros2_main_ws/install/webots_ros2_control/lib:/home/vboxuser/ros2_main_ws/install/webots_ros2_driver/lib:/home/vboxuser/ros2_main_ws/install/webots_ros2_msgs/lib:${LD_LIBRARY_PATH} PYTHONPATH=/home/vboxuser/ros2_main_ws/build/webots_ros2/prefix_override:/usr/lib/python3/dist-packages/colcon_core/task/python/colcon_distutils_commands:/home/vboxuser/ros2_main_ws/install/webots_ros2/lib/python3.12/site-packages:/home/vboxuser/ros2_main_ws/install/webots_ros2_tests/lib/python3.12/site-packages:/home/vboxuser/ros2_main_ws/install/webots_ros2_universal_robot/lib/python3.12/site-packages:/home/vboxuser/ros2_main_ws/install/webots_ros2_turtlebot/lib/python3.12/site-packages:/home/vboxuser/ros2_main_ws/install/webots_ros2_tiago/lib/python3.12/site-packages:/home/vboxuser/ros2_main_ws/install/webots_ros2_epuck/lib/python3.12/site-packages:/home/vboxuser/ros2_main_ws/install/webots_ros2_tesla/lib/python3.12/site-packages:/home/vboxuser/ros2_main_ws/install/webots_ros2_mavic/lib/python3.12/site-packages:/home/vboxuser/ros2_main_ws/install/webots_ros2_driver/lib/python3.12/site-packages:/home/vboxuser/ros2_main_ws/install/webots_ros2_msgs/lib/python3.12/site-packages:/home/vboxuser/ros2_main_ws/install/webots_ros2_importer/lib/python3.12/site-packages:${PYTHONPATH} /usr/bin/python3 -W ignore:setup.py install is deprecated setup.py egg_info --egg-base ../../../build/webots_ros2 build --build-base /home/vboxuser/ros2_main_ws/build/webots_ros2/build install --record /home/vboxuser/ros2_main_ws/build/webots_ros2/install.log --single-version-externally-managed install_data
