running egg_info
creating ../../../build/webots_ros2_importer/webots_ros2_importer.egg-info
writing ../../../build/webots_ros2_importer/webots_ros2_importer.egg-info/PKG-INFO
writing dependency_links to ../../../build/webots_ros2_importer/webots_ros2_importer.egg-info/dependency_links.txt
writing entry points to ../../../build/webots_ros2_importer/webots_ros2_importer.egg-info/entry_points.txt
writing requirements to ../../../build/webots_ros2_importer/webots_ros2_importer.egg-info/requires.txt
writing top-level names to ../../../build/webots_ros2_importer/webots_ros2_importer.egg-info/top_level.txt
writing manifest file '../../../build/webots_ros2_importer/webots_ros2_importer.egg-info/SOURCES.txt'
reading manifest file '../../../build/webots_ros2_importer/webots_ros2_importer.egg-info/SOURCES.txt'
writing manifest file '../../../build/webots_ros2_importer/webots_ros2_importer.egg-info/SOURCES.txt'
running build
running build_py
creating /home/vboxuser/ros2_main_ws/build/webots_ros2_importer/build
creating /home/vboxuser/ros2_main_ws/build/webots_ros2_importer/build/lib
creating /home/vboxuser/ros2_main_ws/build/webots_ros2_importer/build/lib/webots_ros2_importer
copying webots_ros2_importer/__init__.py -> /home/vboxuser/ros2_main_ws/build/webots_ros2_importer/build/lib/webots_ros2_importer
copying webots_ros2_importer/xacro2proto.py -> /home/vboxuser/ros2_main_ws/build/webots_ros2_importer/build/lib/webots_ros2_importer
copying webots_ros2_importer/urdf2proto.py -> /home/vboxuser/ros2_main_ws/build/webots_ros2_importer/build/lib/webots_ros2_importer
creating /home/vboxuser/ros2_main_ws/build/webots_ros2_importer/build/lib/webots_ros2_importer/urdf2webots
creating /home/vboxuser/ros2_main_ws/build/webots_ros2_importer/build/lib/webots_ros2_importer/urdf2webots/urdf2webots
copying webots_ros2_importer/urdf2webots/urdf2webots/parserURDF.py -> /home/vboxuser/ros2_main_ws/build/webots_ros2_importer/build/lib/webots_ros2_importer/urdf2webots/urdf2webots
copying webots_ros2_importer/urdf2webots/urdf2webots/__init__.py -> /home/vboxuser/ros2_main_ws/build/webots_ros2_importer/build/lib/webots_ros2_importer/urdf2webots/urdf2webots
copying webots_ros2_importer/urdf2webots/urdf2webots/importer.py -> /home/vboxuser/ros2_main_ws/build/webots_ros2_importer/build/lib/webots_ros2_importer/urdf2webots/urdf2webots
copying webots_ros2_importer/urdf2webots/urdf2webots/math_utils.py -> /home/vboxuser/ros2_main_ws/build/webots_ros2_importer/build/lib/webots_ros2_importer/urdf2webots/urdf2webots
copying webots_ros2_importer/urdf2webots/urdf2webots/gazebo_materials.py -> /home/vboxuser/ros2_main_ws/build/webots_ros2_importer/build/lib/webots_ros2_importer/urdf2webots/urdf2webots
copying webots_ros2_importer/urdf2webots/urdf2webots/writeRobot.py -> /home/vboxuser/ros2_main_ws/build/webots_ros2_importer/build/lib/webots_ros2_importer/urdf2webots/urdf2webots
running install
running install_lib
creating /home/vboxuser/ros2_main_ws/install/webots_ros2_importer/lib/python3.12/site-packages/webots_ros2_importer
creating /home/vboxuser/ros2_main_ws/install/webots_ros2_importer/lib/python3.12/site-packages/webots_ros2_importer/urdf2webots
creating /home/vboxuser/ros2_main_ws/install/webots_ros2_importer/lib/python3.12/site-packages/webots_ros2_importer/urdf2webots/urdf2webots
copying /home/vboxuser/ros2_main_ws/build/webots_ros2_importer/build/lib/webots_ros2_importer/urdf2webots/urdf2webots/parserURDF.py -> /home/vboxuser/ros2_main_ws/install/webots_ros2_importer/lib/python3.12/site-packages/webots_ros2_importer/urdf2webots/urdf2webots
copying /home/vboxuser/ros2_main_ws/build/webots_ros2_importer/build/lib/webots_ros2_importer/urdf2webots/urdf2webots/__init__.py -> /home/vboxuser/ros2_main_ws/install/webots_ros2_importer/lib/python3.12/site-packages/webots_ros2_importer/urdf2webots/urdf2webots
copying /home/vboxuser/ros2_main_ws/build/webots_ros2_importer/build/lib/webots_ros2_importer/urdf2webots/urdf2webots/importer.py -> /home/vboxuser/ros2_main_ws/install/webots_ros2_importer/lib/python3.12/site-packages/webots_ros2_importer/urdf2webots/urdf2webots
copying /home/vboxuser/ros2_main_ws/build/webots_ros2_importer/build/lib/webots_ros2_importer/urdf2webots/urdf2webots/math_utils.py -> /home/vboxuser/ros2_main_ws/install/webots_ros2_importer/lib/python3.12/site-packages/webots_ros2_importer/urdf2webots/urdf2webots
copying /home/vboxuser/ros2_main_ws/build/webots_ros2_importer/build/lib/webots_ros2_importer/urdf2webots/urdf2webots/gazebo_materials.py -> /home/vboxuser/ros2_main_ws/install/webots_ros2_importer/lib/python3.12/site-packages/webots_ros2_importer/urdf2webots/urdf2webots
copying /home/vboxuser/ros2_main_ws/build/webots_ros2_importer/build/lib/webots_ros2_importer/urdf2webots/urdf2webots/writeRobot.py -> /home/vboxuser/ros2_main_ws/install/webots_ros2_importer/lib/python3.12/site-packages/webots_ros2_importer/urdf2webots/urdf2webots
copying /home/vboxuser/ros2_main_ws/build/webots_ros2_importer/build/lib/webots_ros2_importer/__init__.py -> /home/vboxuser/ros2_main_ws/install/webots_ros2_importer/lib/python3.12/site-packages/webots_ros2_importer
copying /home/vboxuser/ros2_main_ws/build/webots_ros2_importer/build/lib/webots_ros2_importer/xacro2proto.py -> /home/vboxuser/ros2_main_ws/install/webots_ros2_importer/lib/python3.12/site-packages/webots_ros2_importer
copying /home/vboxuser/ros2_main_ws/build/webots_ros2_importer/build/lib/webots_ros2_importer/urdf2proto.py -> /home/vboxuser/ros2_main_ws/install/webots_ros2_importer/lib/python3.12/site-packages/webots_ros2_importer
byte-compiling /home/vboxuser/ros2_main_ws/install/webots_ros2_importer/lib/python3.12/site-packages/webots_ros2_importer/urdf2webots/urdf2webots/parserURDF.py to parserURDF.cpython-312.pyc
byte-compiling /home/vboxuser/ros2_main_ws/install/webots_ros2_importer/lib/python3.12/site-packages/webots_ros2_importer/urdf2webots/urdf2webots/__init__.py to __init__.cpython-312.pyc
byte-compiling /home/vboxuser/ros2_main_ws/install/webots_ros2_importer/lib/python3.12/site-packages/webots_ros2_importer/urdf2webots/urdf2webots/importer.py to importer.cpython-312.pyc
byte-compiling /home/vboxuser/ros2_main_ws/install/webots_ros2_importer/lib/python3.12/site-packages/webots_ros2_importer/urdf2webots/urdf2webots/math_utils.py to math_utils.cpython-312.pyc
byte-compiling /home/vboxuser/ros2_main_ws/install/webots_ros2_importer/lib/python3.12/site-packages/webots_ros2_importer/urdf2webots/urdf2webots/gazebo_materials.py to gazebo_materials.cpython-312.pyc
byte-compiling /home/vboxuser/ros2_main_ws/install/webots_ros2_importer/lib/python3.12/site-packages/webots_ros2_importer/urdf2webots/urdf2webots/writeRobot.py to writeRobot.cpython-312.pyc
byte-compiling /home/vboxuser/ros2_main_ws/install/webots_ros2_importer/lib/python3.12/site-packages/webots_ros2_importer/__init__.py to __init__.cpython-312.pyc
byte-compiling /home/vboxuser/ros2_main_ws/install/webots_ros2_importer/lib/python3.12/site-packages/webots_ros2_importer/xacro2proto.py to xacro2proto.cpython-312.pyc
byte-compiling /home/vboxuser/ros2_main_ws/install/webots_ros2_importer/lib/python3.12/site-packages/webots_ros2_importer/urdf2proto.py to urdf2proto.cpython-312.pyc
running install_data
creating /home/vboxuser/ros2_main_ws/install/webots_ros2_importer/share/ament_index
creating /home/vboxuser/ros2_main_ws/install/webots_ros2_importer/share/ament_index/resource_index
creating /home/vboxuser/ros2_main_ws/install/webots_ros2_importer/share/ament_index/resource_index/packages
copying resource/webots_ros2_importer -> /home/vboxuser/ros2_main_ws/install/webots_ros2_importer/share/ament_index/resource_index/packages
copying package.xml -> /home/vboxuser/ros2_main_ws/install/webots_ros2_importer/share/webots_ros2_importer
running install_egg_info
Copying ../../../build/webots_ros2_importer/webots_ros2_importer.egg-info to /home/vboxuser/ros2_main_ws/install/webots_ros2_importer/lib/python3.12/site-packages/webots_ros2_importer-2023.1.3-py3.12.egg-info
running install_scripts
Installing urdf2proto script to /home/vboxuser/ros2_main_ws/install/webots_ros2_importer/lib/webots_ros2_importer
Installing xacro2proto script to /home/vboxuser/ros2_main_ws/install/webots_ros2_importer/lib/webots_ros2_importer
writing list of installed files to '/home/vboxuser/ros2_main_ws/build/webots_ros2_importer/install.log'
