[0.027s] Invoking command in '/home/vboxuser/ros2_main_ws/build/webots_ros2_driver': AMENT_PREFIX_PATH=/home/vboxuser/ros2_main_ws/install/webots_ros2_importer:/home/vboxuser/ros2_main_ws/install/webots_ros2:/home/vboxuser/ros2_main_ws/install/webots_ros2_universal_robot:/home/vboxuser/ros2_main_ws/install/webots_ros2_turtlebot:/home/vboxuser/ros2_main_ws/install/webots_ros2_tiago:/home/vboxuser/ros2_main_ws/install/webots_ros2_tests:/home/vboxuser/ros2_main_ws/install/webots_ros2_tesla:/home/vboxuser/ros2_main_ws/install/webots_ros2_mavic:/home/vboxuser/ros2_main_ws/install/webots_ros2_epuck:/home/vboxuser/ros2_main_ws/install/webots_ros2_control:/home/vboxuser/ros2_main_ws/install/my_package:/home/vboxuser/ros2_main_ws/install/webots_ros2_driver:/home/vboxuser/ros2_main_ws/install/webots_ros2_msgs:/opt/ros/jazzy CMAKE_PREFIX_PATH=/home/vboxuser/ros2_main_ws/install/webots_ros2_msgs:/home/vboxuser/ros2_main_ws/install/webots_ros2_control:/home/vboxuser/ros2_main_ws/install/webots_ros2_driver:/opt/ros/jazzy/opt/sdformat_vendor:/opt/ros/jazzy/opt/gz_math_vendor:/opt/ros/jazzy/opt/gz_utils_vendor:/opt/ros/jazzy/opt/gz_tools_vendor:/opt/ros/jazzy/opt/gz_cmake_vendor:/home/vboxuser/ros2_main_ws/install/webots_ros2:/home/vboxuser/ros2_main_ws/install/webots_ros2_universal_robot:/home/vboxuser/ros2_main_ws/install/webots_ros2_turtlebot:/home/vboxuser/ros2_main_ws/install/webots_ros2_tiago:/home/vboxuser/ros2_main_ws/install/webots_ros2_tests:/home/vboxuser/ros2_main_ws/install/webots_ros2_tesla:/home/vboxuser/ros2_main_ws/install/webots_ros2_mavic:/home/vboxuser/ros2_main_ws/install/webots_ros2_epuck:/home/vboxuser/ros2_main_ws/install/my_package:/home/vboxuser/ros2_main_ws/install/webots_ros2_importer:/opt/ros/jazzy DEBUGINFOD_URLS=https://debuginfod.ubuntu.com LD_LIBRARY_PATH=/home/vboxuser/ros2_main_ws/install/webots_ros2_msgs/lib:/home/vboxuser/ros2_main_ws/install/webots_ros2_control/lib:/home/vboxuser/ros2_main_ws/install/webots_ros2_driver/lib:/opt/ros/jazzy/opt/sdformat_vendor/lib:/opt/ros/jazzy/opt/rviz_ogre_vendor/lib:/opt/ros/jazzy/lib/x86_64-linux-gnu:/opt/ros/jazzy/opt/gz_math_vendor/lib:/opt/ros/jazzy/opt/gz_utils_vendor/lib:/opt/ros/jazzy/opt/gz_tools_vendor/lib:/opt/ros/jazzy/opt/gz_cmake_vendor/lib:/opt/ros/jazzy/lib PYTHONPATH=/home/vboxuser/ros2_main_ws/install/webots_ros2_msgs/lib/python3.12/site-packages:/home/vboxuser/ros2_main_ws/install/webots_ros2_importer/lib/python3.12/site-packages:/home/vboxuser/ros2_main_ws/install/webots_ros2/lib/python3.12/site-packages:/home/vboxuser/ros2_main_ws/install/webots_ros2_universal_robot/lib/python3.12/site-packages:/home/vboxuser/ros2_main_ws/install/webots_ros2_turtlebot/lib/python3.12/site-packages:/home/vboxuser/ros2_main_ws/install/webots_ros2_tiago/lib/python3.12/site-packages:/home/vboxuser/ros2_main_ws/install/webots_ros2_tests/lib/python3.12/site-packages:/home/vboxuser/ros2_main_ws/install/webots_ros2_tesla/lib/python3.12/site-packages:/home/vboxuser/ros2_main_ws/install/webots_ros2_mavic/lib/python3.12/site-packages:/home/vboxuser/ros2_main_ws/install/webots_ros2_epuck/lib/python3.12/site-packages:/home/vboxuser/ros2_main_ws/install/my_package/lib/python3.12/site-packages:/home/vboxuser/ros2_main_ws/install/webots_ros2_driver/lib/python3.12/site-packages:/opt/ros/jazzy/lib/python3.12/site-packages /usr/bin/cmake --build /home/vboxuser/ros2_main_ws/build/webots_ros2_driver -- -j2 -l2
[0.228s] [  0%] Built target ament_cmake_python_copy_controller
[0.325s] [  0%] Built target ament_cmake_python_copy_vehicle
[0.443s] [  0%] Built target ament_cmake_python_copy_webots_ros2_driver
[1.459s] running egg_info
[1.516s] writing controller.egg-info/PKG-INFO
[1.517s] writing dependency_links to controller.egg-info/dependency_links.txt
[1.519s] writing top-level names to controller.egg-info/top_level.txt
[1.766s] reading manifest file 'controller.egg-info/SOURCES.txt'
[1.773s] writing manifest file 'controller.egg-info/SOURCES.txt'
[1.831s] [  0%] Built target compile-lib-controller
[1.957s] [  0%] Built target ament_cmake_python_build_controller_egg
[2.789s] running egg_info
[2.879s] writing vehicle.egg-info/PKG-INFO
[2.879s] writing dependency_links to vehicle.egg-info/dependency_links.txt
[2.879s] writing top-level names to vehicle.egg-info/top_level.txt
[3.087s] running egg_info
[3.109s] reading manifest file 'vehicle.egg-info/SOURCES.txt'
[3.115s] writing manifest file 'vehicle.egg-info/SOURCES.txt'
[3.183s] writing webots_ros2_driver.egg-info/PKG-INFO
[3.183s] writing dependency_links to webots_ros2_driver.egg-info/dependency_links.txt
[3.183s] writing top-level names to webots_ros2_driver.egg-info/top_level.txt
[3.250s] [  0%] Built target ament_cmake_python_build_vehicle_egg
[3.415s] reading manifest file 'webots_ros2_driver.egg-info/SOURCES.txt'
[3.422s] writing manifest file 'webots_ros2_driver.egg-info/SOURCES.txt'
[3.543s] [  0%] Built target ament_cmake_python_build_webots_ros2_driver_egg
[3.733s] [  0%] Built target compile-generic-window
[4.391s] [  0%] Built target compile-lib-vehicle
[4.473s] [ 14%] Built target webots_ros2_driver_imu
[4.554s] [ 85%] Built target driver
[4.559s] [100%] Built target webots_ros2_driver_rgbd
[4.598s] Invoked command in '/home/vboxuser/ros2_main_ws/build/webots_ros2_driver' returned '0': AMENT_PREFIX_PATH=/home/vboxuser/ros2_main_ws/install/webots_ros2_importer:/home/vboxuser/ros2_main_ws/install/webots_ros2:/home/vboxuser/ros2_main_ws/install/webots_ros2_universal_robot:/home/vboxuser/ros2_main_ws/install/webots_ros2_turtlebot:/home/vboxuser/ros2_main_ws/install/webots_ros2_tiago:/home/vboxuser/ros2_main_ws/install/webots_ros2_tests:/home/vboxuser/ros2_main_ws/install/webots_ros2_tesla:/home/vboxuser/ros2_main_ws/install/webots_ros2_mavic:/home/vboxuser/ros2_main_ws/install/webots_ros2_epuck:/home/vboxuser/ros2_main_ws/install/webots_ros2_control:/home/vboxuser/ros2_main_ws/install/my_package:/home/vboxuser/ros2_main_ws/install/webots_ros2_driver:/home/vboxuser/ros2_main_ws/install/webots_ros2_msgs:/opt/ros/jazzy CMAKE_PREFIX_PATH=/home/vboxuser/ros2_main_ws/install/webots_ros2_msgs:/home/vboxuser/ros2_main_ws/install/webots_ros2_control:/home/vboxuser/ros2_main_ws/install/webots_ros2_driver:/opt/ros/jazzy/opt/sdformat_vendor:/opt/ros/jazzy/opt/gz_math_vendor:/opt/ros/jazzy/opt/gz_utils_vendor:/opt/ros/jazzy/opt/gz_tools_vendor:/opt/ros/jazzy/opt/gz_cmake_vendor:/home/vboxuser/ros2_main_ws/install/webots_ros2:/home/vboxuser/ros2_main_ws/install/webots_ros2_universal_robot:/home/vboxuser/ros2_main_ws/install/webots_ros2_turtlebot:/home/vboxuser/ros2_main_ws/install/webots_ros2_tiago:/home/vboxuser/ros2_main_ws/install/webots_ros2_tests:/home/vboxuser/ros2_main_ws/install/webots_ros2_tesla:/home/vboxuser/ros2_main_ws/install/webots_ros2_mavic:/home/vboxuser/ros2_main_ws/install/webots_ros2_epuck:/home/vboxuser/ros2_main_ws/install/my_package:/home/vboxuser/ros2_main_ws/install/webots_ros2_importer:/opt/ros/jazzy DEBUGINFOD_URLS=https://debuginfod.ubuntu.com LD_LIBRARY_PATH=/home/vboxuser/ros2_main_ws/install/webots_ros2_msgs/lib:/home/vboxuser/ros2_main_ws/install/webots_ros2_control/lib:/home/vboxuser/ros2_main_ws/install/webots_ros2_driver/lib:/opt/ros/jazzy/opt/sdformat_vendor/lib:/opt/ros/jazzy/opt/rviz_ogre_vendor/lib:/opt/ros/jazzy/lib/x86_64-linux-gnu:/opt/ros/jazzy/opt/gz_math_vendor/lib:/opt/ros/jazzy/opt/gz_utils_vendor/lib:/opt/ros/jazzy/opt/gz_tools_vendor/lib:/opt/ros/jazzy/opt/gz_cmake_vendor/lib:/opt/ros/jazzy/lib PYTHONPATH=/home/vboxuser/ros2_main_ws/install/webots_ros2_msgs/lib/python3.12/site-packages:/home/vboxuser/ros2_main_ws/install/webots_ros2_importer/lib/python3.12/site-packages:/home/vboxuser/ros2_main_ws/install/webots_ros2/lib/python3.12/site-packages:/home/vboxuser/ros2_main_ws/install/webots_ros2_universal_robot/lib/python3.12/site-packages:/home/vboxuser/ros2_main_ws/install/webots_ros2_turtlebot/lib/python3.12/site-packages:/home/vboxuser/ros2_main_ws/install/webots_ros2_tiago/lib/python3.12/site-packages:/home/vboxuser/ros2_main_ws/install/webots_ros2_tests/lib/python3.12/site-packages:/home/vboxuser/ros2_main_ws/install/webots_ros2_tesla/lib/python3.12/site-packages:/home/vboxuser/ros2_main_ws/install/webots_ros2_mavic/lib/python3.12/site-packages:/home/vboxuser/ros2_main_ws/install/webots_ros2_epuck/lib/python3.12/site-packages:/home/vboxuser/ros2_main_ws/install/my_package/lib/python3.12/site-packages:/home/vboxuser/ros2_main_ws/install/webots_ros2_driver/lib/python3.12/site-packages:/opt/ros/jazzy/lib/python3.12/site-packages /usr/bin/cmake --build /home/vboxuser/ros2_main_ws/build/webots_ros2_driver -- -j2 -l2
[4.732s] Invoking command in '/home/vboxuser/ros2_main_ws/build/webots_ros2_driver': AMENT_PREFIX_PATH=/home/vboxuser/ros2_main_ws/install/webots_ros2_importer:/home/vboxuser/ros2_main_ws/install/webots_ros2:/home/vboxuser/ros2_main_ws/install/webots_ros2_universal_robot:/home/vboxuser/ros2_main_ws/install/webots_ros2_turtlebot:/home/vboxuser/ros2_main_ws/install/webots_ros2_tiago:/home/vboxuser/ros2_main_ws/install/webots_ros2_tests:/home/vboxuser/ros2_main_ws/install/webots_ros2_tesla:/home/vboxuser/ros2_main_ws/install/webots_ros2_mavic:/home/vboxuser/ros2_main_ws/install/webots_ros2_epuck:/home/vboxuser/ros2_main_ws/install/webots_ros2_control:/home/vboxuser/ros2_main_ws/install/my_package:/home/vboxuser/ros2_main_ws/install/webots_ros2_driver:/home/vboxuser/ros2_main_ws/install/webots_ros2_msgs:/opt/ros/jazzy CMAKE_PREFIX_PATH=/home/vboxuser/ros2_main_ws/install/webots_ros2_msgs:/home/vboxuser/ros2_main_ws/install/webots_ros2_control:/home/vboxuser/ros2_main_ws/install/webots_ros2_driver:/opt/ros/jazzy/opt/sdformat_vendor:/opt/ros/jazzy/opt/gz_math_vendor:/opt/ros/jazzy/opt/gz_utils_vendor:/opt/ros/jazzy/opt/gz_tools_vendor:/opt/ros/jazzy/opt/gz_cmake_vendor:/home/vboxuser/ros2_main_ws/install/webots_ros2:/home/vboxuser/ros2_main_ws/install/webots_ros2_universal_robot:/home/vboxuser/ros2_main_ws/install/webots_ros2_turtlebot:/home/vboxuser/ros2_main_ws/install/webots_ros2_tiago:/home/vboxuser/ros2_main_ws/install/webots_ros2_tests:/home/vboxuser/ros2_main_ws/install/webots_ros2_tesla:/home/vboxuser/ros2_main_ws/install/webots_ros2_mavic:/home/vboxuser/ros2_main_ws/install/webots_ros2_epuck:/home/vboxuser/ros2_main_ws/install/my_package:/home/vboxuser/ros2_main_ws/install/webots_ros2_importer:/opt/ros/jazzy DEBUGINFOD_URLS=https://debuginfod.ubuntu.com LD_LIBRARY_PATH=/home/vboxuser/ros2_main_ws/install/webots_ros2_msgs/lib:/home/vboxuser/ros2_main_ws/install/webots_ros2_control/lib:/home/vboxuser/ros2_main_ws/install/webots_ros2_driver/lib:/opt/ros/jazzy/opt/sdformat_vendor/lib:/opt/ros/jazzy/opt/rviz_ogre_vendor/lib:/opt/ros/jazzy/lib/x86_64-linux-gnu:/opt/ros/jazzy/opt/gz_math_vendor/lib:/opt/ros/jazzy/opt/gz_utils_vendor/lib:/opt/ros/jazzy/opt/gz_tools_vendor/lib:/opt/ros/jazzy/opt/gz_cmake_vendor/lib:/opt/ros/jazzy/lib PYTHONPATH=/home/vboxuser/ros2_main_ws/install/webots_ros2_msgs/lib/python3.12/site-packages:/home/vboxuser/ros2_main_ws/install/webots_ros2_importer/lib/python3.12/site-packages:/home/vboxuser/ros2_main_ws/install/webots_ros2/lib/python3.12/site-packages:/home/vboxuser/ros2_main_ws/install/webots_ros2_universal_robot/lib/python3.12/site-packages:/home/vboxuser/ros2_main_ws/install/webots_ros2_turtlebot/lib/python3.12/site-packages:/home/vboxuser/ros2_main_ws/install/webots_ros2_tiago/lib/python3.12/site-packages:/home/vboxuser/ros2_main_ws/install/webots_ros2_tests/lib/python3.12/site-packages:/home/vboxuser/ros2_main_ws/install/webots_ros2_tesla/lib/python3.12/site-packages:/home/vboxuser/ros2_main_ws/install/webots_ros2_mavic/lib/python3.12/site-packages:/home/vboxuser/ros2_main_ws/install/webots_ros2_epuck/lib/python3.12/site-packages:/home/vboxuser/ros2_main_ws/install/my_package/lib/python3.12/site-packages:/home/vboxuser/ros2_main_ws/install/webots_ros2_driver/lib/python3.12/site-packages:/opt/ros/jazzy/lib/python3.12/site-packages /usr/bin/cmake --install /home/vboxuser/ros2_main_ws/build/webots_ros2_driver
[4.750s] -- Install configuration: ""
[4.753s] -- Up-to-date: /home/vboxuser/ros2_main_ws/install/webots_ros2_driver/share/webots_ros2_driver/environment/pythonpath.sh
[4.754s] -- Up-to-date: /home/vboxuser/ros2_main_ws/install/webots_ros2_driver/share/webots_ros2_driver/environment/pythonpath.dsv
[4.754s] -- Up-to-date: /home/vboxuser/ros2_main_ws/install/webots_ros2_driver/lib/python3.12/site-packages/controller-2023.1.3-py3.12.egg-info
[4.754s] -- Installing: /home/vboxuser/ros2_main_ws/install/webots_ros2_driver/lib/python3.12/site-packages/controller-2023.1.3-py3.12.egg-info/PKG-INFO
[4.754s] -- Installing: /home/vboxuser/ros2_main_ws/install/webots_ros2_driver/lib/python3.12/site-packages/controller-2023.1.3-py3.12.egg-info/top_level.txt
[4.762s] -- Installing: /home/vboxuser/ros2_main_ws/install/webots_ros2_driver/lib/python3.12/site-packages/controller-2023.1.3-py3.12.egg-info/dependency_links.txt
[4.762s] -- Installing: /home/vboxuser/ros2_main_ws/install/webots_ros2_driver/lib/python3.12/site-packages/controller-2023.1.3-py3.12.egg-info/SOURCES.txt
[4.762s] -- Up-to-date: /home/vboxuser/ros2_main_ws/install/webots_ros2_driver/lib/python3.12/site-packages/controller
[4.762s] -- Up-to-date: /home/vboxuser/ros2_main_ws/install/webots_ros2_driver/lib/python3.12/site-packages/controller/device.py
[4.762s] -- Up-to-date: /home/vboxuser/ros2_main_ws/install/webots_ros2_driver/lib/python3.12/site-packages/controller/radar.py
[4.762s] -- Up-to-date: /home/vboxuser/ros2_main_ws/install/webots_ros2_driver/lib/python3.12/site-packages/controller/field.py
[4.763s] -- Up-to-date: /home/vboxuser/ros2_main_ws/install/webots_ros2_driver/lib/python3.12/site-packages/controller/touch_sensor.py
[4.763s] -- Up-to-date: /home/vboxuser/ros2_main_ws/install/webots_ros2_driver/lib/python3.12/site-packages/controller/motion.py
[4.763s] -- Up-to-date: /home/vboxuser/ros2_main_ws/install/webots_ros2_driver/lib/python3.12/site-packages/controller/position_sensor.py
[4.763s] -- Up-to-date: /home/vboxuser/ros2_main_ws/install/webots_ros2_driver/lib/python3.12/site-packages/controller/inertial_unit.py
[4.763s] -- Up-to-date: /home/vboxuser/ros2_main_ws/install/webots_ros2_driver/lib/python3.12/site-packages/controller/__init__.py
[4.763s] -- Up-to-date: /home/vboxuser/ros2_main_ws/install/webots_ros2_driver/lib/python3.12/site-packages/controller/joystick.py
[4.763s] -- Up-to-date: /home/vboxuser/ros2_main_ws/install/webots_ros2_driver/lib/python3.12/site-packages/controller/emitter.py
[4.764s] -- Up-to-date: /home/vboxuser/ros2_main_ws/install/webots_ros2_driver/lib/python3.12/site-packages/controller/pen.py
[4.764s] -- Up-to-date: /home/vboxuser/ros2_main_ws/install/webots_ros2_driver/lib/python3.12/site-packages/controller/mouse.py
[4.764s] -- Up-to-date: /home/vboxuser/ros2_main_ws/install/webots_ros2_driver/lib/python3.12/site-packages/controller/display.py
[4.764s] -- Up-to-date: /home/vboxuser/ros2_main_ws/install/webots_ros2_driver/lib/python3.12/site-packages/controller/skin.py
[4.764s] -- Up-to-date: /home/vboxuser/ros2_main_ws/install/webots_ros2_driver/lib/python3.12/site-packages/controller/gyro.py
[4.764s] -- Up-to-date: /home/vboxuser/ros2_main_ws/install/webots_ros2_driver/lib/python3.12/site-packages/controller/speaker.py
[4.764s] -- Up-to-date: /home/vboxuser/ros2_main_ws/install/webots_ros2_driver/lib/python3.12/site-packages/controller/distance_sensor.py
[4.764s] -- Up-to-date: /home/vboxuser/ros2_main_ws/install/webots_ros2_driver/lib/python3.12/site-packages/controller/node.py
[4.765s] -- Up-to-date: /home/vboxuser/ros2_main_ws/install/webots_ros2_driver/lib/python3.12/site-packages/controller/lidar_point.py
[4.765s] -- Up-to-date: /home/vboxuser/ros2_main_ws/install/webots_ros2_driver/lib/python3.12/site-packages/controller/sensor.py
[4.765s] -- Up-to-date: /home/vboxuser/ros2_main_ws/install/webots_ros2_driver/lib/python3.12/site-packages/controller/brake.py
[4.765s] -- Up-to-date: /home/vboxuser/ros2_main_ws/install/webots_ros2_driver/lib/python3.12/site-packages/controller/compass.py
[4.765s] -- Up-to-date: /home/vboxuser/ros2_main_ws/install/webots_ros2_driver/lib/python3.12/site-packages/controller/range_finder.py
[4.765s] -- Up-to-date: /home/vboxuser/ros2_main_ws/install/webots_ros2_driver/lib/python3.12/site-packages/controller/supervisor.py
[4.767s] -- Up-to-date: /home/vboxuser/ros2_main_ws/install/webots_ros2_driver/lib/python3.12/site-packages/controller/gps.py
[4.768s] -- Up-to-date: /home/vboxuser/ros2_main_ws/install/webots_ros2_driver/lib/python3.12/site-packages/controller/led.py
[4.768s] -- Up-to-date: /home/vboxuser/ros2_main_ws/install/webots_ros2_driver/lib/python3.12/site-packages/controller/keyboard.py
[4.768s] -- Up-to-date: /home/vboxuser/ros2_main_ws/install/webots_ros2_driver/lib/python3.12/site-packages/controller/ansi_codes.py
[4.768s] -- Up-to-date: /home/vboxuser/ros2_main_ws/install/webots_ros2_driver/lib/python3.12/site-packages/controller/vacuum_gripper.py
[4.768s] -- Up-to-date: /home/vboxuser/ros2_main_ws/install/webots_ros2_driver/lib/python3.12/site-packages/controller/motor.py
[4.768s] -- Up-to-date: /home/vboxuser/ros2_main_ws/install/webots_ros2_driver/lib/python3.12/site-packages/controller/lidar.py
[4.768s] -- Up-to-date: /home/vboxuser/ros2_main_ws/install/webots_ros2_driver/lib/python3.12/site-packages/controller/receiver.py
[4.769s] -- Up-to-date: /home/vboxuser/ros2_main_ws/install/webots_ros2_driver/lib/python3.12/site-packages/controller/radar_target.py
[4.769s] -- Up-to-date: /home/vboxuser/ros2_main_ws/install/webots_ros2_driver/lib/python3.12/site-packages/controller/light_sensor.py
[4.773s] -- Up-to-date: /home/vboxuser/ros2_main_ws/install/webots_ros2_driver/lib/python3.12/site-packages/controller/accelerometer.py
[4.773s] -- Up-to-date: /home/vboxuser/ros2_main_ws/install/webots_ros2_driver/lib/python3.12/site-packages/controller/altimeter.py
[4.773s] -- Up-to-date: /home/vboxuser/ros2_main_ws/install/webots_ros2_driver/lib/python3.12/site-packages/controller/camera.py
[4.773s] -- Up-to-date: /home/vboxuser/ros2_main_ws/install/webots_ros2_driver/lib/python3.12/site-packages/controller/connector.py
[4.773s] -- Up-to-date: /home/vboxuser/ros2_main_ws/install/webots_ros2_driver/lib/python3.12/site-packages/controller/wb.py
[4.773s] -- Up-to-date: /home/vboxuser/ros2_main_ws/install/webots_ros2_driver/lib/python3.12/site-packages/controller/robot.py
[4.774s] -- Up-to-date: /home/vboxuser/ros2_main_ws/install/webots_ros2_driver/lib/python3.12/site-packages/controller/constants.py
[4.953s] Listing '/home/vboxuser/ros2_main_ws/install/webots_ros2_driver/lib/python3.12/site-packages/controller'...
[4.978s] -- Up-to-date: /home/vboxuser/ros2_main_ws/install/webots_ros2_driver/lib/python3.12/site-packages/vehicle-2023.1.3-py3.12.egg-info
[4.978s] -- Installing: /home/vboxuser/ros2_main_ws/install/webots_ros2_driver/lib/python3.12/site-packages/vehicle-2023.1.3-py3.12.egg-info/PKG-INFO
[4.978s] -- Installing: /home/vboxuser/ros2_main_ws/install/webots_ros2_driver/lib/python3.12/site-packages/vehicle-2023.1.3-py3.12.egg-info/top_level.txt
[4.978s] -- Installing: /home/vboxuser/ros2_main_ws/install/webots_ros2_driver/lib/python3.12/site-packages/vehicle-2023.1.3-py3.12.egg-info/dependency_links.txt
[4.978s] -- Installing: /home/vboxuser/ros2_main_ws/install/webots_ros2_driver/lib/python3.12/site-packages/vehicle-2023.1.3-py3.12.egg-info/SOURCES.txt
[4.979s] -- Up-to-date: /home/vboxuser/ros2_main_ws/install/webots_ros2_driver/lib/python3.12/site-packages/vehicle
[4.983s] -- Up-to-date: /home/vboxuser/ros2_main_ws/install/webots_ros2_driver/lib/python3.12/site-packages/vehicle/car.py
[4.983s] -- Up-to-date: /home/vboxuser/ros2_main_ws/install/webots_ros2_driver/lib/python3.12/site-packages/vehicle/__init__.py
[4.983s] -- Up-to-date: /home/vboxuser/ros2_main_ws/install/webots_ros2_driver/lib/python3.12/site-packages/vehicle/driver.py
[5.070s] Listing '/home/vboxuser/ros2_main_ws/install/webots_ros2_driver/lib/python3.12/site-packages/vehicle'...
[5.086s] -- Up-to-date: /home/vboxuser/ros2_main_ws/install/webots_ros2_driver/lib/python3.12/site-packages/webots_ros2_driver-2023.1.3-py3.12.egg-info
[5.086s] -- Installing: /home/vboxuser/ros2_main_ws/install/webots_ros2_driver/lib/python3.12/site-packages/webots_ros2_driver-2023.1.3-py3.12.egg-info/PKG-INFO
[5.086s] -- Installing: /home/vboxuser/ros2_main_ws/install/webots_ros2_driver/lib/python3.12/site-packages/webots_ros2_driver-2023.1.3-py3.12.egg-info/top_level.txt
[5.086s] -- Installing: /home/vboxuser/ros2_main_ws/install/webots_ros2_driver/lib/python3.12/site-packages/webots_ros2_driver-2023.1.3-py3.12.egg-info/dependency_links.txt
[5.091s] -- Installing: /home/vboxuser/ros2_main_ws/install/webots_ros2_driver/lib/python3.12/site-packages/webots_ros2_driver-2023.1.3-py3.12.egg-info/SOURCES.txt
[5.091s] -- Up-to-date: /home/vboxuser/ros2_main_ws/install/webots_ros2_driver/lib/python3.12/site-packages/webots_ros2_driver
[5.091s] -- Up-to-date: /home/vboxuser/ros2_main_ws/install/webots_ros2_driver/lib/python3.12/site-packages/webots_ros2_driver/webots_controller.py
[5.091s] -- Up-to-date: /home/vboxuser/ros2_main_ws/install/webots_ros2_driver/lib/python3.12/site-packages/webots_ros2_driver/wait_for_controller_connection.py
[5.091s] -- Up-to-date: /home/vboxuser/ros2_main_ws/install/webots_ros2_driver/lib/python3.12/site-packages/webots_ros2_driver/__init__.py
[5.091s] -- Up-to-date: /home/vboxuser/ros2_main_ws/install/webots_ros2_driver/lib/python3.12/site-packages/webots_ros2_driver/ros2_supervisor.py
[5.091s] -- Up-to-date: /home/vboxuser/ros2_main_ws/install/webots_ros2_driver/lib/python3.12/site-packages/webots_ros2_driver/utils.py
[5.097s] -- Up-to-date: /home/vboxuser/ros2_main_ws/install/webots_ros2_driver/lib/python3.12/site-packages/webots_ros2_driver/webots_launcher.py
[5.097s] -- Up-to-date: /home/vboxuser/ros2_main_ws/install/webots_ros2_driver/lib/python3.12/site-packages/webots_ros2_driver/urdf_spawner.py
[5.240s] Listing '/home/vboxuser/ros2_main_ws/install/webots_ros2_driver/lib/python3.12/site-packages/webots_ros2_driver'...
[5.258s] -- Up-to-date: /home/vboxuser/ros2_main_ws/install/webots_ros2_driver/include
[5.258s] -- Up-to-date: /home/vboxuser/ros2_main_ws/install/webots_ros2_driver/include/webots_ros2_driver
[5.258s] -- Up-to-date: /home/vboxuser/ros2_main_ws/install/webots_ros2_driver/include/webots_ros2_driver/WebotsNode.hpp
[5.258s] -- Up-to-date: /home/vboxuser/ros2_main_ws/install/webots_ros2_driver/include/webots_ros2_driver/utils
[5.258s] -- Up-to-date: /home/vboxuser/ros2_main_ws/install/webots_ros2_driver/include/webots_ros2_driver/utils/Utils.hpp
[5.258s] -- Up-to-date: /home/vboxuser/ros2_main_ws/install/webots_ros2_driver/include/webots_ros2_driver/utils/Math.hpp
[5.258s] -- Up-to-date: /home/vboxuser/ros2_main_ws/install/webots_ros2_driver/include/webots_ros2_driver/PluginInterface.hpp
[5.260s] -- Up-to-date: /home/vboxuser/ros2_main_ws/install/webots_ros2_driver/include/webots_ros2_driver/PythonPlugin.hpp
[5.261s] -- Up-to-date: /home/vboxuser/ros2_main_ws/install/webots_ros2_driver/include/webots_ros2_driver/plugins
[5.261s] -- Up-to-date: /home/vboxuser/ros2_main_ws/install/webots_ros2_driver/include/webots_ros2_driver/plugins/Ros2SensorPlugin.hpp
[5.261s] -- Up-to-date: /home/vboxuser/ros2_main_ws/install/webots_ros2_driver/include/webots_ros2_driver/plugins/dynamic
[5.261s] -- Up-to-date: /home/vboxuser/ros2_main_ws/install/webots_ros2_driver/include/webots_ros2_driver/plugins/dynamic/Ros2RGBD.hpp
[5.261s] -- Up-to-date: /home/vboxuser/ros2_main_ws/install/webots_ros2_driver/include/webots_ros2_driver/plugins/dynamic/Ros2IMU.hpp
[5.261s] -- Up-to-date: /home/vboxuser/ros2_main_ws/install/webots_ros2_driver/include/webots_ros2_driver/plugins/static
[5.261s] -- Up-to-date: /home/vboxuser/ros2_main_ws/install/webots_ros2_driver/include/webots_ros2_driver/plugins/static/Ros2Compass.hpp
[5.262s] -- Up-to-date: /home/vboxuser/ros2_main_ws/install/webots_ros2_driver/include/webots_ros2_driver/plugins/static/Ros2LightSensor.hpp
[5.262s] -- Up-to-date: /home/vboxuser/ros2_main_ws/install/webots_ros2_driver/include/webots_ros2_driver/plugins/static/Ros2VacuumGripper.hpp
[5.265s] -- Up-to-date: /home/vboxuser/ros2_main_ws/install/webots_ros2_driver/include/webots_ros2_driver/plugins/static/Ros2Emitter.hpp
[5.265s] -- Up-to-date: /home/vboxuser/ros2_main_ws/install/webots_ros2_driver/include/webots_ros2_driver/plugins/static/Ros2Camera.hpp
[5.266s] -- Up-to-date: /home/vboxuser/ros2_main_ws/install/webots_ros2_driver/include/webots_ros2_driver/plugins/static/Ros2DistanceSensor.hpp
[5.266s] -- Up-to-date: /home/vboxuser/ros2_main_ws/install/webots_ros2_driver/include/webots_ros2_driver/plugins/static/Ros2RangeFinder.hpp
[5.266s] -- Up-to-date: /home/vboxuser/ros2_main_ws/install/webots_ros2_driver/include/webots_ros2_driver/plugins/static/Ros2Pen.hpp
[5.266s] -- Up-to-date: /home/vboxuser/ros2_main_ws/install/webots_ros2_driver/include/webots_ros2_driver/plugins/static/Ros2Lidar.hpp
[5.267s] -- Up-to-date: /home/vboxuser/ros2_main_ws/install/webots_ros2_driver/include/webots_ros2_driver/plugins/static/Ros2GPS.hpp
[5.267s] -- Up-to-date: /home/vboxuser/ros2_main_ws/install/webots_ros2_driver/include/webots_ros2_driver/plugins/static/Ros2Receiver.hpp
[5.267s] -- Up-to-date: /home/vboxuser/ros2_main_ws/install/webots_ros2_driver/include/webots_ros2_driver/plugins/static/Ros2LED.hpp
[5.267s] -- Up-to-date: /home/vboxuser/ros2_main_ws/install/webots_ros2_driver/lib/webots_ros2_driver/driver
[5.267s] -- Up-to-date: /home/vboxuser/ros2_main_ws/install/webots_ros2_driver/lib/libwebots_ros2_driver_imu.so
[5.273s] -- Up-to-date: /home/vboxuser/ros2_main_ws/install/webots_ros2_driver/lib/libwebots_ros2_driver_rgbd.so
[5.273s] -- Up-to-date: /home/vboxuser/ros2_main_ws/install/webots_ros2_driver/include/webots/c
[5.273s] -- Up-to-date: /home/vboxuser/ros2_main_ws/install/webots_ros2_driver/include/webots/c/webots
[5.274s] -- Up-to-date: /home/vboxuser/ros2_main_ws/install/webots_ros2_driver/include/webots/c/webots/gps.h
[5.274s] -- Up-to-date: /home/vboxuser/ros2_main_ws/install/webots_ros2_driver/include/webots/c/webots/mouse_state.h
[5.274s] -- Up-to-date: /home/vboxuser/ros2_main_ws/install/webots_ros2_driver/include/webots/c/webots/distance_sensor.h
[5.274s] -- Up-to-date: /home/vboxuser/ros2_main_ws/install/webots_ros2_driver/include/webots/c/webots/radio.h
[5.274s] -- Up-to-date: /home/vboxuser/ros2_main_ws/install/webots_ros2_driver/include/webots/c/webots/led.h
[5.275s] -- Up-to-date: /home/vboxuser/ros2_main_ws/install/webots_ros2_driver/include/webots/c/webots/joystick.h
[5.275s] -- Up-to-date: /home/vboxuser/ros2_main_ws/install/webots_ros2_driver/include/webots/c/webots/vehicle
[5.275s] -- Up-to-date: /home/vboxuser/ros2_main_ws/install/webots_ros2_driver/include/webots/c/webots/vehicle/driver.h
[5.275s] -- Up-to-date: /home/vboxuser/ros2_main_ws/install/webots_ros2_driver/include/webots/c/webots/vehicle/car.h
[5.275s] -- Up-to-date: /home/vboxuser/ros2_main_ws/install/webots_ros2_driver/include/webots/c/webots/connector.h
[5.276s] -- Up-to-date: /home/vboxuser/ros2_main_ws/install/webots_ros2_driver/include/webots/c/webots/remote_control.h
[5.277s] -- Up-to-date: /home/vboxuser/ros2_main_ws/install/webots_ros2_driver/include/webots/c/webots/lidar_point.h
[5.277s] -- Up-to-date: /home/vboxuser/ros2_main_ws/install/webots_ros2_driver/include/webots/c/webots/keyboard.h
[5.277s] -- Up-to-date: /home/vboxuser/ros2_main_ws/install/webots_ros2_driver/include/webots/c/webots/receiver.h
[5.277s] -- Up-to-date: /home/vboxuser/ros2_main_ws/install/webots_ros2_driver/include/webots/c/webots/radar.h
[5.277s] -- Up-to-date: /home/vboxuser/ros2_main_ws/install/webots_ros2_driver/include/webots/c/webots/speaker.h
[5.281s] -- Up-to-date: /home/vboxuser/ros2_main_ws/install/webots_ros2_driver/include/webots/c/webots/emitter.h
[5.281s] -- Up-to-date: /home/vboxuser/ros2_main_ws/install/webots_ros2_driver/include/webots/c/webots/range_finder.h
[5.282s] -- Up-to-date: /home/vboxuser/ros2_main_ws/install/webots_ros2_driver/include/webots/c/webots/pen.h
[5.282s] -- Up-to-date: /home/vboxuser/ros2_main_ws/install/webots_ros2_driver/include/webots/c/webots/mouse.h
[5.282s] -- Up-to-date: /home/vboxuser/ros2_main_ws/install/webots_ros2_driver/include/webots/c/webots/camera_recognition_object.h
[5.282s] -- Up-to-date: /home/vboxuser/ros2_main_ws/install/webots_ros2_driver/include/webots/c/webots/supervisor.h
[5.282s] -- Up-to-date: /home/vboxuser/ros2_main_ws/install/webots_ros2_driver/include/webots/c/webots/position_sensor.h
[5.283s] -- Up-to-date: /home/vboxuser/ros2_main_ws/install/webots_ros2_driver/include/webots/c/webots/altimeter.h
[5.283s] -- Up-to-date: /home/vboxuser/ros2_main_ws/install/webots_ros2_driver/include/webots/c/webots/console.h
[5.283s] -- Up-to-date: /home/vboxuser/ros2_main_ws/install/webots_ros2_driver/include/webots/c/webots/utils
[5.283s] -- Up-to-date: /home/vboxuser/ros2_main_ws/install/webots_ros2_driver/include/webots/c/webots/utils/system.h
[5.285s] -- Up-to-date: /home/vboxuser/ros2_main_ws/install/webots_ros2_driver/include/webots/c/webots/utils/string.h
[5.286s] -- Up-to-date: /home/vboxuser/ros2_main_ws/install/webots_ros2_driver/include/webots/c/webots/utils/ansi_codes.h
[5.286s] -- Up-to-date: /home/vboxuser/ros2_main_ws/install/webots_ros2_driver/include/webots/c/webots/utils/motion.h
[5.286s] -- Up-to-date: /home/vboxuser/ros2_main_ws/install/webots_ros2_driver/include/webots/c/webots/inertial_unit.h
[5.286s] -- Up-to-date: /home/vboxuser/ros2_main_ws/install/webots_ros2_driver/include/webots/c/webots/touch_sensor.h
[5.286s] -- Up-to-date: /home/vboxuser/ros2_main_ws/install/webots_ros2_driver/include/webots/c/webots/robot.h
[5.286s] -- Up-to-date: /home/vboxuser/ros2_main_ws/install/webots_ros2_driver/include/webots/c/webots/contact_point.h
[5.286s] -- Up-to-date: /home/vboxuser/ros2_main_ws/install/webots_ros2_driver/include/webots/c/webots/nodes.h
[5.287s] -- Up-to-date: /home/vboxuser/ros2_main_ws/install/webots_ros2_driver/include/webots/c/webots/lidar.h
[5.287s] -- Up-to-date: /home/vboxuser/ros2_main_ws/install/webots_ros2_driver/include/webots/c/webots/vacuum_gripper.h
[5.287s] -- Up-to-date: /home/vboxuser/ros2_main_ws/install/webots_ros2_driver/include/webots/c/webots/types.h
[5.287s] -- Up-to-date: /home/vboxuser/ros2_main_ws/install/webots_ros2_driver/include/webots/c/webots/device.h
[5.287s] -- Up-to-date: /home/vboxuser/ros2_main_ws/install/webots_ros2_driver/include/webots/c/webots/gyro.h
[5.287s] -- Up-to-date: /home/vboxuser/ros2_main_ws/install/webots_ros2_driver/include/webots/c/webots/light_sensor.h
[5.287s] -- Up-to-date: /home/vboxuser/ros2_main_ws/install/webots_ros2_driver/include/webots/c/webots/motor.h
[5.290s] -- Up-to-date: /home/vboxuser/ros2_main_ws/install/webots_ros2_driver/include/webots/c/webots/accelerometer.h
[5.290s] -- Up-to-date: /home/vboxuser/ros2_main_ws/install/webots_ros2_driver/include/webots/c/webots/skin.h
[5.290s] -- Up-to-date: /home/vboxuser/ros2_main_ws/install/webots_ros2_driver/include/webots/c/webots/radar_target.h
[5.290s] -- Up-to-date: /home/vboxuser/ros2_main_ws/install/webots_ros2_driver/include/webots/c/webots/compass.h
[5.290s] -- Up-to-date: /home/vboxuser/ros2_main_ws/install/webots_ros2_driver/include/webots/c/webots/display.h
[5.290s] -- Up-to-date: /home/vboxuser/ros2_main_ws/install/webots_ros2_driver/include/webots/c/webots/plugins
[5.290s] -- Up-to-date: /home/vboxuser/ros2_main_ws/install/webots_ros2_driver/include/webots/c/webots/plugins/robot_window
[5.291s] -- Up-to-date: /home/vboxuser/ros2_main_ws/install/webots_ros2_driver/include/webots/c/webots/plugins/robot_window/robot_wwi.h
[5.291s] -- Up-to-date: /home/vboxuser/ros2_main_ws/install/webots_ros2_driver/include/webots/c/webots/plugins/robot_window/generic_robot_window
[5.291s] -- Up-to-date: /home/vboxuser/ros2_main_ws/install/webots_ros2_driver/include/webots/c/webots/plugins/robot_window/generic_robot_window/generic.h
[5.295s] -- Up-to-date: /home/vboxuser/ros2_main_ws/install/webots_ros2_driver/include/webots/c/webots/plugins/robot_window/default.h
[5.295s] -- Up-to-date: /home/vboxuser/ros2_main_ws/install/webots_ros2_driver/include/webots/c/webots/plugins/robot_window/robot_window.h
[5.295s] -- Up-to-date: /home/vboxuser/ros2_main_ws/install/webots_ros2_driver/include/webots/c/webots/camera.h
[5.295s] -- Up-to-date: /home/vboxuser/ros2_main_ws/install/webots_ros2_driver/include/webots/c/webots/brake.h
[5.295s] -- Up-to-date: /home/vboxuser/ros2_main_ws/install/webots_ros2_driver/include/webots/c/webots/microphone.h
[5.295s] -- Up-to-date: /home/vboxuser/ros2_main_ws/install/webots_ros2_driver/include/webots/cpp
[5.296s] -- Up-to-date: /home/vboxuser/ros2_main_ws/install/webots_ros2_driver/include/webots/cpp/webots
[5.296s] -- Up-to-date: /home/vboxuser/ros2_main_ws/install/webots_ros2_driver/include/webots/cpp/webots/Robot.hpp
[5.296s] -- Up-to-date: /home/vboxuser/ros2_main_ws/install/webots_ros2_driver/include/webots/cpp/webots/LED.hpp
[5.296s] -- Up-to-date: /home/vboxuser/ros2_main_ws/install/webots_ros2_driver/include/webots/cpp/webots/vehicle
[5.296s] -- Up-to-date: /home/vboxuser/ros2_main_ws/install/webots_ros2_driver/include/webots/cpp/webots/vehicle/Driver.hpp
[5.296s] -- Up-to-date: /home/vboxuser/ros2_main_ws/install/webots_ros2_driver/include/webots/cpp/webots/vehicle/Car.hpp
[5.298s] -- Up-to-date: /home/vboxuser/ros2_main_ws/install/webots_ros2_driver/include/webots/cpp/webots/Motor.hpp
[5.299s] -- Up-to-date: /home/vboxuser/ros2_main_ws/install/webots_ros2_driver/include/webots/cpp/webots/Field.hpp
[5.299s] -- Up-to-date: /home/vboxuser/ros2_main_ws/install/webots_ros2_driver/include/webots/cpp/webots/Compass.hpp
[5.299s] -- Up-to-date: /home/vboxuser/ros2_main_ws/install/webots_ros2_driver/include/webots/cpp/webots/PositionSensor.hpp
[5.299s] -- Up-to-date: /home/vboxuser/ros2_main_ws/install/webots_ros2_driver/include/webots/cpp/webots/Gyro.hpp
[5.299s] -- Up-to-date: /home/vboxuser/ros2_main_ws/install/webots_ros2_driver/include/webots/cpp/webots/Radar.hpp
[5.299s] -- Up-to-date: /home/vboxuser/ros2_main_ws/install/webots_ros2_driver/include/webots/cpp/webots/LightSensor.hpp
[5.300s] -- Up-to-date: /home/vboxuser/ros2_main_ws/install/webots_ros2_driver/include/webots/cpp/webots/Emitter.hpp
[5.300s] -- Up-to-date: /home/vboxuser/ros2_main_ws/install/webots_ros2_driver/include/webots/cpp/webots/VacuumGripper.hpp
[5.300s] -- Up-to-date: /home/vboxuser/ros2_main_ws/install/webots_ros2_driver/include/webots/cpp/webots/Pen.hpp
[5.300s] -- Up-to-date: /home/vboxuser/ros2_main_ws/install/webots_ros2_driver/include/webots/cpp/webots/Node.hpp
[5.302s] -- Up-to-date: /home/vboxuser/ros2_main_ws/install/webots_ros2_driver/include/webots/cpp/webots/Device.hpp
[5.302s] -- Up-to-date: /home/vboxuser/ros2_main_ws/install/webots_ros2_driver/include/webots/cpp/webots/Camera.hpp
[5.302s] -- Up-to-date: /home/vboxuser/ros2_main_ws/install/webots_ros2_driver/include/webots/cpp/webots/Joystick.hpp
[5.303s] -- Up-to-date: /home/vboxuser/ros2_main_ws/install/webots_ros2_driver/include/webots/cpp/webots/Brake.hpp
[5.303s] -- Up-to-date: /home/vboxuser/ros2_main_ws/install/webots_ros2_driver/include/webots/cpp/webots/Mouse.hpp
[5.303s] -- Up-to-date: /home/vboxuser/ros2_main_ws/install/webots_ros2_driver/include/webots/cpp/webots/TouchSensor.hpp
[5.303s] -- Up-to-date: /home/vboxuser/ros2_main_ws/install/webots_ros2_driver/include/webots/cpp/webots/Receiver.hpp
[5.307s] -- Up-to-date: /home/vboxuser/ros2_main_ws/install/webots_ros2_driver/include/webots/cpp/webots/GPS.hpp
[5.308s] -- Up-to-date: /home/vboxuser/ros2_main_ws/install/webots_ros2_driver/include/webots/cpp/webots/ImageRef.hpp
[5.308s] -- Up-to-date: /home/vboxuser/ros2_main_ws/install/webots_ros2_driver/include/webots/cpp/webots/Lidar.hpp
[5.308s] -- Up-to-date: /home/vboxuser/ros2_main_ws/install/webots_ros2_driver/include/webots/cpp/webots/utils
[5.308s] -- Up-to-date: /home/vboxuser/ros2_main_ws/install/webots_ros2_driver/include/webots/cpp/webots/utils/Motion.hpp
[5.309s] -- Up-to-date: /home/vboxuser/ros2_main_ws/install/webots_ros2_driver/include/webots/cpp/webots/utils/AnsiCodes.hpp
[5.309s] -- Up-to-date: /home/vboxuser/ros2_main_ws/install/webots_ros2_driver/include/webots/cpp/webots/Display.hpp
[5.311s] -- Up-to-date: /home/vboxuser/ros2_main_ws/install/webots_ros2_driver/include/webots/cpp/webots/Keyboard.hpp
[5.311s] -- Up-to-date: /home/vboxuser/ros2_main_ws/install/webots_ros2_driver/include/webots/cpp/webots/Skin.hpp
[5.311s] -- Up-to-date: /home/vboxuser/ros2_main_ws/install/webots_ros2_driver/include/webots/cpp/webots/RangeFinder.hpp
[5.311s] -- Up-to-date: /home/vboxuser/ros2_main_ws/install/webots_ros2_driver/include/webots/cpp/webots/Supervisor.hpp
[5.311s] -- Up-to-date: /home/vboxuser/ros2_main_ws/install/webots_ros2_driver/include/webots/cpp/webots/DistanceSensor.hpp
[5.312s] -- Up-to-date: /home/vboxuser/ros2_main_ws/install/webots_ros2_driver/include/webots/cpp/webots/InertialUnit.hpp
[5.312s] -- Up-to-date: /home/vboxuser/ros2_main_ws/install/webots_ros2_driver/include/webots/cpp/webots/Speaker.hpp
[5.312s] -- Up-to-date: /home/vboxuser/ros2_main_ws/install/webots_ros2_driver/include/webots/cpp/webots/Connector.hpp
[5.312s] -- Up-to-date: /home/vboxuser/ros2_main_ws/install/webots_ros2_driver/include/webots/cpp/webots/Accelerometer.hpp
[5.313s] -- Up-to-date: /home/vboxuser/ros2_main_ws/install/webots_ros2_driver/include/webots/cpp/webots/Altimeter.hpp
[5.313s] -- Up-to-date: /home/vboxuser/ros2_main_ws/install/webots_ros2_driver/lib/controller
[5.313s] -- Installing: /home/vboxuser/ros2_main_ws/install/webots_ros2_driver/lib/controller/libCppCar.so
[5.313s] -- Installing: /home/vboxuser/ros2_main_ws/install/webots_ros2_driver/lib/controller/libgeneric_robot_window.so
[5.313s] -- Up-to-date: /home/vboxuser/ros2_main_ws/install/webots_ros2_driver/lib/controller/libController.so
[5.316s] -- Installing: /home/vboxuser/ros2_main_ws/install/webots_ros2_driver/lib/controller/libdriver.so
[5.316s] -- Installing: /home/vboxuser/ros2_main_ws/install/webots_ros2_driver/lib/controller/libCppDriver.so
[5.317s] -- Up-to-date: /home/vboxuser/ros2_main_ws/install/webots_ros2_driver/lib/controller/libCppController.so
[5.317s] -- Up-to-date: /home/vboxuser/ros2_main_ws/install/webots_ros2_driver/lib/controller/.gitignore
[5.317s] -- Installing: /home/vboxuser/ros2_main_ws/install/webots_ros2_driver/lib/controller/libcar.so
[5.317s] -- Up-to-date: /home/vboxuser/ros2_main_ws/install/webots_ros2_driver/share/webots_ros2_driver/webots_ros2_imu.xml
[5.318s] -- Up-to-date: /home/vboxuser/ros2_main_ws/install/webots_ros2_driver/share/webots_ros2_driver/webots_ros2_rgbd.xml
[5.318s] -- Up-to-date: /home/vboxuser/ros2_main_ws/install/webots_ros2_driver/lib/webots_ros2_driver/ros2_supervisor.py
[5.318s] -- Up-to-date: /home/vboxuser/ros2_main_ws/install/webots_ros2_driver/share/webots_ros2_driver/scripts
[5.318s] -- Up-to-date: /home/vboxuser/ros2_main_ws/install/webots_ros2_driver/share/webots_ros2_driver/scripts/webots_tcp_client.py
[5.318s] -- Up-to-date: /home/vboxuser/ros2_main_ws/install/webots_ros2_driver/share/webots_ros2_driver/scripts/webots-controller
[5.327s] -- Up-to-date: /home/vboxuser/ros2_main_ws/install/webots_ros2_driver/share/webots_ros2_driver/environment/library_path.sh
[5.328s] -- Up-to-date: /home/vboxuser/ros2_main_ws/install/webots_ros2_driver/share/webots_ros2_driver/environment/library_path.dsv
[5.328s] -- Up-to-date: /home/vboxuser/ros2_main_ws/install/webots_ros2_driver/share/ament_index/resource_index/package_run_dependencies/webots_ros2_driver
[5.328s] -- Up-to-date: /home/vboxuser/ros2_main_ws/install/webots_ros2_driver/share/ament_index/resource_index/parent_prefix_path/webots_ros2_driver
[5.329s] -- Up-to-date: /home/vboxuser/ros2_main_ws/install/webots_ros2_driver/share/webots_ros2_driver/environment/ament_prefix_path.sh
[5.329s] -- Up-to-date: /home/vboxuser/ros2_main_ws/install/webots_ros2_driver/share/webots_ros2_driver/environment/ament_prefix_path.dsv
[5.329s] -- Up-to-date: /home/vboxuser/ros2_main_ws/install/webots_ros2_driver/share/webots_ros2_driver/environment/path.sh
[5.329s] -- Up-to-date: /home/vboxuser/ros2_main_ws/install/webots_ros2_driver/share/webots_ros2_driver/environment/path.dsv
[5.329s] -- Up-to-date: /home/vboxuser/ros2_main_ws/install/webots_ros2_driver/share/webots_ros2_driver/local_setup.bash
[5.329s] -- Up-to-date: /home/vboxuser/ros2_main_ws/install/webots_ros2_driver/share/webots_ros2_driver/local_setup.sh
[5.329s] -- Up-to-date: /home/vboxuser/ros2_main_ws/install/webots_ros2_driver/share/webots_ros2_driver/local_setup.zsh
[5.329s] -- Up-to-date: /home/vboxuser/ros2_main_ws/install/webots_ros2_driver/share/webots_ros2_driver/local_setup.dsv
[5.329s] -- Installing: /home/vboxuser/ros2_main_ws/install/webots_ros2_driver/share/webots_ros2_driver/package.dsv
[5.330s] -- Up-to-date: /home/vboxuser/ros2_main_ws/install/webots_ros2_driver/share/ament_index/resource_index/packages/webots_ros2_driver
[5.330s] -- Up-to-date: /home/vboxuser/ros2_main_ws/install/webots_ros2_driver/share/ament_index/resource_index/webots_ros2_driver__pluginlib__plugin/webots_ros2_driver
[5.330s] -- Up-to-date: /home/vboxuser/ros2_main_ws/install/webots_ros2_driver/share/webots_ros2_driver/cmake/ament_cmake_export_include_directories-extras.cmake
[5.330s] -- Up-to-date: /home/vboxuser/ros2_main_ws/install/webots_ros2_driver/share/webots_ros2_driver/cmake/ament_cmake_export_dependencies-extras.cmake
[5.330s] -- Up-to-date: /home/vboxuser/ros2_main_ws/install/webots_ros2_driver/share/webots_ros2_driver/cmake/ament_cmake_export_libraries-extras.cmake
[5.330s] -- Up-to-date: /home/vboxuser/ros2_main_ws/install/webots_ros2_driver/share/webots_ros2_driver/cmake/webots_ros2_driverConfig.cmake
[5.333s] -- Up-to-date: /home/vboxuser/ros2_main_ws/install/webots_ros2_driver/share/webots_ros2_driver/cmake/webots_ros2_driverConfig-version.cmake
[5.334s] -- Up-to-date: /home/vboxuser/ros2_main_ws/install/webots_ros2_driver/share/webots_ros2_driver/package.xml
[5.334s] Invoked command in '/home/vboxuser/ros2_main_ws/build/webots_ros2_driver' returned '0': AMENT_PREFIX_PATH=/home/vboxuser/ros2_main_ws/install/webots_ros2_importer:/home/vboxuser/ros2_main_ws/install/webots_ros2:/home/vboxuser/ros2_main_ws/install/webots_ros2_universal_robot:/home/vboxuser/ros2_main_ws/install/webots_ros2_turtlebot:/home/vboxuser/ros2_main_ws/install/webots_ros2_tiago:/home/vboxuser/ros2_main_ws/install/webots_ros2_tests:/home/vboxuser/ros2_main_ws/install/webots_ros2_tesla:/home/vboxuser/ros2_main_ws/install/webots_ros2_mavic:/home/vboxuser/ros2_main_ws/install/webots_ros2_epuck:/home/vboxuser/ros2_main_ws/install/webots_ros2_control:/home/vboxuser/ros2_main_ws/install/my_package:/home/vboxuser/ros2_main_ws/install/webots_ros2_driver:/home/vboxuser/ros2_main_ws/install/webots_ros2_msgs:/opt/ros/jazzy CMAKE_PREFIX_PATH=/home/vboxuser/ros2_main_ws/install/webots_ros2_msgs:/home/vboxuser/ros2_main_ws/install/webots_ros2_control:/home/vboxuser/ros2_main_ws/install/webots_ros2_driver:/opt/ros/jazzy/opt/sdformat_vendor:/opt/ros/jazzy/opt/gz_math_vendor:/opt/ros/jazzy/opt/gz_utils_vendor:/opt/ros/jazzy/opt/gz_tools_vendor:/opt/ros/jazzy/opt/gz_cmake_vendor:/home/vboxuser/ros2_main_ws/install/webots_ros2:/home/vboxuser/ros2_main_ws/install/webots_ros2_universal_robot:/home/vboxuser/ros2_main_ws/install/webots_ros2_turtlebot:/home/vboxuser/ros2_main_ws/install/webots_ros2_tiago:/home/vboxuser/ros2_main_ws/install/webots_ros2_tests:/home/vboxuser/ros2_main_ws/install/webots_ros2_tesla:/home/vboxuser/ros2_main_ws/install/webots_ros2_mavic:/home/vboxuser/ros2_main_ws/install/webots_ros2_epuck:/home/vboxuser/ros2_main_ws/install/my_package:/home/vboxuser/ros2_main_ws/install/webots_ros2_importer:/opt/ros/jazzy DEBUGINFOD_URLS=https://debuginfod.ubuntu.com LD_LIBRARY_PATH=/home/vboxuser/ros2_main_ws/install/webots_ros2_msgs/lib:/home/vboxuser/ros2_main_ws/install/webots_ros2_control/lib:/home/vboxuser/ros2_main_ws/install/webots_ros2_driver/lib:/opt/ros/jazzy/opt/sdformat_vendor/lib:/opt/ros/jazzy/opt/rviz_ogre_vendor/lib:/opt/ros/jazzy/lib/x86_64-linux-gnu:/opt/ros/jazzy/opt/gz_math_vendor/lib:/opt/ros/jazzy/opt/gz_utils_vendor/lib:/opt/ros/jazzy/opt/gz_tools_vendor/lib:/opt/ros/jazzy/opt/gz_cmake_vendor/lib:/opt/ros/jazzy/lib PYTHONPATH=/home/vboxuser/ros2_main_ws/install/webots_ros2_msgs/lib/python3.12/site-packages:/home/vboxuser/ros2_main_ws/install/webots_ros2_importer/lib/python3.12/site-packages:/home/vboxuser/ros2_main_ws/install/webots_ros2/lib/python3.12/site-packages:/home/vboxuser/ros2_main_ws/install/webots_ros2_universal_robot/lib/python3.12/site-packages:/home/vboxuser/ros2_main_ws/install/webots_ros2_turtlebot/lib/python3.12/site-packages:/home/vboxuser/ros2_main_ws/install/webots_ros2_tiago/lib/python3.12/site-packages:/home/vboxuser/ros2_main_ws/install/webots_ros2_tests/lib/python3.12/site-packages:/home/vboxuser/ros2_main_ws/install/webots_ros2_tesla/lib/python3.12/site-packages:/home/vboxuser/ros2_main_ws/install/webots_ros2_mavic/lib/python3.12/site-packages:/home/vboxuser/ros2_main_ws/install/webots_ros2_epuck/lib/python3.12/site-packages:/home/vboxuser/ros2_main_ws/install/my_package/lib/python3.12/site-packages:/home/vboxuser/ros2_main_ws/install/webots_ros2_driver/lib/python3.12/site-packages:/opt/ros/jazzy/lib/python3.12/site-packages /usr/bin/cmake --install /home/vboxuser/ros2_main_ws/build/webots_ros2_driver
