[0.437s] Invoking command in '/home/vboxuser/ros2_main_ws/build/webots_ros2_msgs': CMAKE_PREFIX_PATH=${CMAKE_PREFIX_PATH}:/home/vboxuser/ros2_main_ws/install/webots_ros2:/home/vboxuser/ros2_main_ws/install/webots_ros2_universal_robot:/home/vboxuser/ros2_main_ws/install/webots_ros2_turtlebot:/home/vboxuser/ros2_main_ws/install/webots_ros2_tiago:/home/vboxuser/ros2_main_ws/install/webots_ros2_tests:/home/vboxuser/ros2_main_ws/install/webots_ros2_tesla:/home/vboxuser/ros2_main_ws/install/webots_ros2_mavic:/home/vboxuser/ros2_main_ws/install/webots_ros2_epuck:/home/vboxuser/ros2_main_ws/install/my_package:/home/vboxuser/ros2_main_ws/install/webots_ros2_importer:/opt/ros/jazzy DEBUGINFOD_URLS=https://debuginfod.ubuntu.com /usr/bin/cmake --build /home/vboxuser/ros2_main_ws/build/webots_ros2_msgs -- -j2 -l2
[0.599s] [  1%] Built target webots_ros2_msgs__rosidl_generator_type_description
[0.660s] [  1%] Built target ament_cmake_python_copy_webots_ros2_msgs
[0.674s] [  1%] Built target webots_ros2_msgs__cpp
[0.796s] [ 27%] Built target webots_ros2_msgs__rosidl_generator_c
[0.899s] [ 36%] Built target webots_ros2_msgs__rosidl_typesupport_cpp
[1.017s] [ 46%] Built target webots_ros2_msgs__rosidl_typesupport_fastrtps_c
[1.121s] [ 56%] Built target webots_ros2_msgs__rosidl_typesupport_fastrtps_cpp
[1.209s] [ 66%] Built target webots_ros2_msgs__rosidl_typesupport_introspection_c
[1.276s] running egg_info
[1.290s] [ 76%] Built target webots_ros2_msgs__rosidl_typesupport_c
[1.347s] writing webots_ros2_msgs.egg-info/PKG-INFO
[1.347s] writing dependency_links to webots_ros2_msgs.egg-info/dependency_links.txt
[1.347s] writing top-level names to webots_ros2_msgs.egg-info/top_level.txt
[1.376s] [ 85%] Built target webots_ros2_msgs__rosidl_typesupport_introspection_cpp
[1.443s] [ 85%] Built target webots_ros2_msgs
[1.498s] [ 86%] Built target webots_ros2_msgs__py
[1.520s] reading manifest file 'webots_ros2_msgs.egg-info/SOURCES.txt'
[1.522s] writing manifest file 'webots_ros2_msgs.egg-info/SOURCES.txt'
[1.606s] [ 95%] Built target webots_ros2_msgs__rosidl_generator_py
[1.630s] [ 95%] Built target ament_cmake_python_build_webots_ros2_msgs_egg
[1.667s] [ 96%] Built target webots_ros2_msgs_s__rosidl_typesupport_fastrtps_c
[1.706s] [ 98%] Built target webots_ros2_msgs_s__rosidl_typesupport_introspection_c
[1.724s] [100%] Built target webots_ros2_msgs_s__rosidl_typesupport_c
[1.753s] Invoked command in '/home/vboxuser/ros2_main_ws/build/webots_ros2_msgs' returned '0': CMAKE_PREFIX_PATH=${CMAKE_PREFIX_PATH}:/home/vboxuser/ros2_main_ws/install/webots_ros2:/home/vboxuser/ros2_main_ws/install/webots_ros2_universal_robot:/home/vboxuser/ros2_main_ws/install/webots_ros2_turtlebot:/home/vboxuser/ros2_main_ws/install/webots_ros2_tiago:/home/vboxuser/ros2_main_ws/install/webots_ros2_tests:/home/vboxuser/ros2_main_ws/install/webots_ros2_tesla:/home/vboxuser/ros2_main_ws/install/webots_ros2_mavic:/home/vboxuser/ros2_main_ws/install/webots_ros2_epuck:/home/vboxuser/ros2_main_ws/install/my_package:/home/vboxuser/ros2_main_ws/install/webots_ros2_importer:/opt/ros/jazzy DEBUGINFOD_URLS=https://debuginfod.ubuntu.com /usr/bin/cmake --build /home/vboxuser/ros2_main_ws/build/webots_ros2_msgs -- -j2 -l2
[2.474s] Invoking command in '/home/vboxuser/ros2_main_ws/build/webots_ros2_msgs': CMAKE_PREFIX_PATH=${CMAKE_PREFIX_PATH}:/home/vboxuser/ros2_main_ws/install/webots_ros2:/home/vboxuser/ros2_main_ws/install/webots_ros2_universal_robot:/home/vboxuser/ros2_main_ws/install/webots_ros2_turtlebot:/home/vboxuser/ros2_main_ws/install/webots_ros2_tiago:/home/vboxuser/ros2_main_ws/install/webots_ros2_tests:/home/vboxuser/ros2_main_ws/install/webots_ros2_tesla:/home/vboxuser/ros2_main_ws/install/webots_ros2_mavic:/home/vboxuser/ros2_main_ws/install/webots_ros2_epuck:/home/vboxuser/ros2_main_ws/install/my_package:/home/vboxuser/ros2_main_ws/install/webots_ros2_importer:/opt/ros/jazzy DEBUGINFOD_URLS=https://debuginfod.ubuntu.com /usr/bin/cmake --install /home/vboxuser/ros2_main_ws/build/webots_ros2_msgs
[2.525s] -- Install configuration: ""
[2.525s] -- Up-to-date: /home/vboxuser/ros2_main_ws/install/webots_ros2_msgs/share/ament_index/resource_index/rosidl_interfaces/webots_ros2_msgs
[2.525s] -- Up-to-date: /home/vboxuser/ros2_main_ws/install/webots_ros2_msgs/share/webots_ros2_msgs/msg/BoolStamped.json
[2.525s] -- Up-to-date: /home/vboxuser/ros2_main_ws/install/webots_ros2_msgs/share/webots_ros2_msgs/msg/FloatStamped.json
[2.525s] -- Up-to-date: /home/vboxuser/ros2_main_ws/install/webots_ros2_msgs/share/webots_ros2_msgs/msg/StringStamped.json
[2.525s] -- Up-to-date: /home/vboxuser/ros2_main_ws/install/webots_ros2_msgs/share/webots_ros2_msgs/msg/CameraRecognitionObject.json
[2.525s] -- Up-to-date: /home/vboxuser/ros2_main_ws/install/webots_ros2_msgs/share/webots_ros2_msgs/msg/CameraRecognitionObjects.json
[2.525s] -- Up-to-date: /home/vboxuser/ros2_main_ws/install/webots_ros2_msgs/share/webots_ros2_msgs/msg/UrdfRobot.json
[2.548s] -- Up-to-date: /home/vboxuser/ros2_main_ws/install/webots_ros2_msgs/share/webots_ros2_msgs/msg/PenInkProperties.json
[2.549s] -- Up-to-date: /home/vboxuser/ros2_main_ws/install/webots_ros2_msgs/share/webots_ros2_msgs/srv/EmitterSendString.json
[2.549s] -- Up-to-date: /home/vboxuser/ros2_main_ws/install/webots_ros2_msgs/share/webots_ros2_msgs/srv/GetBool.json
[2.549s] -- Up-to-date: /home/vboxuser/ros2_main_ws/install/webots_ros2_msgs/share/webots_ros2_msgs/srv/SetString.json
[2.549s] -- Up-to-date: /home/vboxuser/ros2_main_ws/install/webots_ros2_msgs/share/webots_ros2_msgs/srv/SpawnNodeFromString.json
[2.549s] -- Up-to-date: /home/vboxuser/ros2_main_ws/install/webots_ros2_msgs/share/webots_ros2_msgs/srv/SpawnUrdfRobot.json
[2.549s] -- Up-to-date: /home/vboxuser/ros2_main_ws/install/webots_ros2_msgs/include/webots_ros2_msgs/webots_ros2_msgs
[2.549s] -- Up-to-date: /home/vboxuser/ros2_main_ws/install/webots_ros2_msgs/include/webots_ros2_msgs/webots_ros2_msgs/msg
[2.549s] -- Up-to-date: /home/vboxuser/ros2_main_ws/install/webots_ros2_msgs/include/webots_ros2_msgs/webots_ros2_msgs/msg/string_stamped.h
[2.550s] -- Up-to-date: /home/vboxuser/ros2_main_ws/install/webots_ros2_msgs/include/webots_ros2_msgs/webots_ros2_msgs/msg/camera_recognition_object.h
[2.550s] -- Up-to-date: /home/vboxuser/ros2_main_ws/install/webots_ros2_msgs/include/webots_ros2_msgs/webots_ros2_msgs/msg/float_stamped.h
[2.550s] -- Up-to-date: /home/vboxuser/ros2_main_ws/install/webots_ros2_msgs/include/webots_ros2_msgs/webots_ros2_msgs/msg/rosidl_generator_c__visibility_control.h
[2.550s] -- Up-to-date: /home/vboxuser/ros2_main_ws/install/webots_ros2_msgs/include/webots_ros2_msgs/webots_ros2_msgs/msg/bool_stamped.h
[2.550s] -- Up-to-date: /home/vboxuser/ros2_main_ws/install/webots_ros2_msgs/include/webots_ros2_msgs/webots_ros2_msgs/msg/camera_recognition_objects.h
[2.555s] -- Up-to-date: /home/vboxuser/ros2_main_ws/install/webots_ros2_msgs/include/webots_ros2_msgs/webots_ros2_msgs/msg/pen_ink_properties.h
[2.556s] -- Up-to-date: /home/vboxuser/ros2_main_ws/install/webots_ros2_msgs/include/webots_ros2_msgs/webots_ros2_msgs/msg/urdf_robot.h
[2.556s] -- Up-to-date: /home/vboxuser/ros2_main_ws/install/webots_ros2_msgs/include/webots_ros2_msgs/webots_ros2_msgs/msg/detail
[2.556s] -- Up-to-date: /home/vboxuser/ros2_main_ws/install/webots_ros2_msgs/include/webots_ros2_msgs/webots_ros2_msgs/msg/detail/pen_ink_properties__functions.h
[2.556s] -- Installing: /home/vboxuser/ros2_main_ws/install/webots_ros2_msgs/include/webots_ros2_msgs/webots_ros2_msgs/msg/detail/bool_stamped__type_support.c
[2.556s] -- Up-to-date: /home/vboxuser/ros2_main_ws/install/webots_ros2_msgs/include/webots_ros2_msgs/webots_ros2_msgs/msg/detail/camera_recognition_objects__functions.c
[2.556s] -- Up-to-date: /home/vboxuser/ros2_main_ws/install/webots_ros2_msgs/include/webots_ros2_msgs/webots_ros2_msgs/msg/detail/string_stamped__type_support.h
[2.556s] -- Up-to-date: /home/vboxuser/ros2_main_ws/install/webots_ros2_msgs/include/webots_ros2_msgs/webots_ros2_msgs/msg/detail/bool_stamped__functions.c
[2.556s] -- Up-to-date: /home/vboxuser/ros2_main_ws/install/webots_ros2_msgs/include/webots_ros2_msgs/webots_ros2_msgs/msg/detail/pen_ink_properties__struct.h
[2.556s] -- Up-to-date: /home/vboxuser/ros2_main_ws/install/webots_ros2_msgs/include/webots_ros2_msgs/webots_ros2_msgs/msg/detail/bool_stamped__description.c
[2.557s] -- Up-to-date: /home/vboxuser/ros2_main_ws/install/webots_ros2_msgs/include/webots_ros2_msgs/webots_ros2_msgs/msg/detail/bool_stamped__functions.h
[2.557s] -- Up-to-date: /home/vboxuser/ros2_main_ws/install/webots_ros2_msgs/include/webots_ros2_msgs/webots_ros2_msgs/msg/detail/urdf_robot__functions.c
[2.557s] -- Up-to-date: /home/vboxuser/ros2_main_ws/install/webots_ros2_msgs/include/webots_ros2_msgs/webots_ros2_msgs/msg/detail/string_stamped__functions.h
[2.557s] -- Up-to-date: /home/vboxuser/ros2_main_ws/install/webots_ros2_msgs/include/webots_ros2_msgs/webots_ros2_msgs/msg/detail/float_stamped__functions.c
[2.557s] -- Up-to-date: /home/vboxuser/ros2_main_ws/install/webots_ros2_msgs/include/webots_ros2_msgs/webots_ros2_msgs/msg/detail/string_stamped__functions.c
[2.557s] -- Up-to-date: /home/vboxuser/ros2_main_ws/install/webots_ros2_msgs/include/webots_ros2_msgs/webots_ros2_msgs/msg/detail/pen_ink_properties__type_support.h
[2.562s] -- Up-to-date: /home/vboxuser/ros2_main_ws/install/webots_ros2_msgs/include/webots_ros2_msgs/webots_ros2_msgs/msg/detail/string_stamped__description.c
[2.563s] -- Up-to-date: /home/vboxuser/ros2_main_ws/install/webots_ros2_msgs/include/webots_ros2_msgs/webots_ros2_msgs/msg/detail/camera_recognition_objects__functions.h
[2.563s] -- Up-to-date: /home/vboxuser/ros2_main_ws/install/webots_ros2_msgs/include/webots_ros2_msgs/webots_ros2_msgs/msg/detail/camera_recognition_objects__struct.h
[2.563s] -- Installing: /home/vboxuser/ros2_main_ws/install/webots_ros2_msgs/include/webots_ros2_msgs/webots_ros2_msgs/msg/detail/urdf_robot__type_support.c
[2.563s] -- Up-to-date: /home/vboxuser/ros2_main_ws/install/webots_ros2_msgs/include/webots_ros2_msgs/webots_ros2_msgs/msg/detail/urdf_robot__functions.h
[2.563s] -- Up-to-date: /home/vboxuser/ros2_main_ws/install/webots_ros2_msgs/include/webots_ros2_msgs/webots_ros2_msgs/msg/detail/pen_ink_properties__functions.c
[2.563s] -- Up-to-date: /home/vboxuser/ros2_main_ws/install/webots_ros2_msgs/include/webots_ros2_msgs/webots_ros2_msgs/msg/detail/camera_recognition_object__description.c
[2.563s] -- Up-to-date: /home/vboxuser/ros2_main_ws/install/webots_ros2_msgs/include/webots_ros2_msgs/webots_ros2_msgs/msg/detail/urdf_robot__description.c
[2.563s] -- Up-to-date: /home/vboxuser/ros2_main_ws/install/webots_ros2_msgs/include/webots_ros2_msgs/webots_ros2_msgs/msg/detail/bool_stamped__type_support.h
[2.564s] -- Up-to-date: /home/vboxuser/ros2_main_ws/install/webots_ros2_msgs/include/webots_ros2_msgs/webots_ros2_msgs/msg/detail/camera_recognition_object__struct.h
[2.564s] -- Up-to-date: /home/vboxuser/ros2_main_ws/install/webots_ros2_msgs/include/webots_ros2_msgs/webots_ros2_msgs/msg/detail/camera_recognition_object__functions.h
[2.564s] -- Up-to-date: /home/vboxuser/ros2_main_ws/install/webots_ros2_msgs/include/webots_ros2_msgs/webots_ros2_msgs/msg/detail/float_stamped__type_support.h
[2.564s] -- Installing: /home/vboxuser/ros2_main_ws/install/webots_ros2_msgs/include/webots_ros2_msgs/webots_ros2_msgs/msg/detail/float_stamped__type_support.c
[2.564s] -- Up-to-date: /home/vboxuser/ros2_main_ws/install/webots_ros2_msgs/include/webots_ros2_msgs/webots_ros2_msgs/msg/detail/urdf_robot__type_support.h
[2.564s] -- Installing: /home/vboxuser/ros2_main_ws/install/webots_ros2_msgs/include/webots_ros2_msgs/webots_ros2_msgs/msg/detail/camera_recognition_objects__type_support.c
[2.568s] -- Installing: /home/vboxuser/ros2_main_ws/install/webots_ros2_msgs/include/webots_ros2_msgs/webots_ros2_msgs/msg/detail/pen_ink_properties__type_support.c
[2.568s] -- Up-to-date: /home/vboxuser/ros2_main_ws/install/webots_ros2_msgs/include/webots_ros2_msgs/webots_ros2_msgs/msg/detail/float_stamped__description.c
[2.568s] -- Up-to-date: /home/vboxuser/ros2_main_ws/install/webots_ros2_msgs/include/webots_ros2_msgs/webots_ros2_msgs/msg/detail/camera_recognition_object__type_support.h
[2.568s] -- Up-to-date: /home/vboxuser/ros2_main_ws/install/webots_ros2_msgs/include/webots_ros2_msgs/webots_ros2_msgs/msg/detail/camera_recognition_objects__type_support.h
[2.569s] -- Up-to-date: /home/vboxuser/ros2_main_ws/install/webots_ros2_msgs/include/webots_ros2_msgs/webots_ros2_msgs/msg/detail/pen_ink_properties__description.c
[2.569s] -- Up-to-date: /home/vboxuser/ros2_main_ws/install/webots_ros2_msgs/include/webots_ros2_msgs/webots_ros2_msgs/msg/detail/string_stamped__struct.h
[2.569s] -- Installing: /home/vboxuser/ros2_main_ws/install/webots_ros2_msgs/include/webots_ros2_msgs/webots_ros2_msgs/msg/detail/string_stamped__type_support.c
[2.569s] -- Up-to-date: /home/vboxuser/ros2_main_ws/install/webots_ros2_msgs/include/webots_ros2_msgs/webots_ros2_msgs/msg/detail/bool_stamped__struct.h
[2.569s] -- Installing: /home/vboxuser/ros2_main_ws/install/webots_ros2_msgs/include/webots_ros2_msgs/webots_ros2_msgs/msg/detail/camera_recognition_object__type_support.c
[2.569s] -- Up-to-date: /home/vboxuser/ros2_main_ws/install/webots_ros2_msgs/include/webots_ros2_msgs/webots_ros2_msgs/msg/detail/float_stamped__struct.h
[2.569s] -- Up-to-date: /home/vboxuser/ros2_main_ws/install/webots_ros2_msgs/include/webots_ros2_msgs/webots_ros2_msgs/msg/detail/urdf_robot__struct.h
[2.569s] -- Up-to-date: /home/vboxuser/ros2_main_ws/install/webots_ros2_msgs/include/webots_ros2_msgs/webots_ros2_msgs/msg/detail/camera_recognition_objects__description.c
[2.569s] -- Up-to-date: /home/vboxuser/ros2_main_ws/install/webots_ros2_msgs/include/webots_ros2_msgs/webots_ros2_msgs/msg/detail/float_stamped__functions.h
[2.570s] -- Up-to-date: /home/vboxuser/ros2_main_ws/install/webots_ros2_msgs/include/webots_ros2_msgs/webots_ros2_msgs/msg/detail/camera_recognition_object__functions.c
[2.570s] -- Up-to-date: /home/vboxuser/ros2_main_ws/install/webots_ros2_msgs/include/webots_ros2_msgs/webots_ros2_msgs/srv
[2.570s] -- Up-to-date: /home/vboxuser/ros2_main_ws/install/webots_ros2_msgs/include/webots_ros2_msgs/webots_ros2_msgs/srv/set_string.h
[2.570s] -- Up-to-date: /home/vboxuser/ros2_main_ws/install/webots_ros2_msgs/include/webots_ros2_msgs/webots_ros2_msgs/srv/spawn_urdf_robot.h
[2.570s] -- Up-to-date: /home/vboxuser/ros2_main_ws/install/webots_ros2_msgs/include/webots_ros2_msgs/webots_ros2_msgs/srv/spawn_node_from_string.h
[2.573s] -- Up-to-date: /home/vboxuser/ros2_main_ws/install/webots_ros2_msgs/include/webots_ros2_msgs/webots_ros2_msgs/srv/get_bool.h
[2.573s] -- Up-to-date: /home/vboxuser/ros2_main_ws/install/webots_ros2_msgs/include/webots_ros2_msgs/webots_ros2_msgs/srv/detail
[2.574s] -- Up-to-date: /home/vboxuser/ros2_main_ws/install/webots_ros2_msgs/include/webots_ros2_msgs/webots_ros2_msgs/srv/detail/emitter_send_string__functions.c
[2.574s] -- Up-to-date: /home/vboxuser/ros2_main_ws/install/webots_ros2_msgs/include/webots_ros2_msgs/webots_ros2_msgs/srv/detail/spawn_node_from_string__functions.h
[2.574s] -- Installing: /home/vboxuser/ros2_main_ws/install/webots_ros2_msgs/include/webots_ros2_msgs/webots_ros2_msgs/srv/detail/get_bool__type_support.c
[2.574s] -- Up-to-date: /home/vboxuser/ros2_main_ws/install/webots_ros2_msgs/include/webots_ros2_msgs/webots_ros2_msgs/srv/detail/spawn_urdf_robot__description.c
[2.574s] -- Up-to-date: /home/vboxuser/ros2_main_ws/install/webots_ros2_msgs/include/webots_ros2_msgs/webots_ros2_msgs/srv/detail/emitter_send_string__type_support.h
[2.574s] -- Up-to-date: /home/vboxuser/ros2_main_ws/install/webots_ros2_msgs/include/webots_ros2_msgs/webots_ros2_msgs/srv/detail/spawn_node_from_string__type_support.h
[2.574s] -- Installing: /home/vboxuser/ros2_main_ws/install/webots_ros2_msgs/include/webots_ros2_msgs/webots_ros2_msgs/srv/detail/set_string__type_support.c
[2.574s] -- Up-to-date: /home/vboxuser/ros2_main_ws/install/webots_ros2_msgs/include/webots_ros2_msgs/webots_ros2_msgs/srv/detail/spawn_urdf_robot__functions.h
[2.575s] -- Up-to-date: /home/vboxuser/ros2_main_ws/install/webots_ros2_msgs/include/webots_ros2_msgs/webots_ros2_msgs/srv/detail/spawn_node_from_string__description.c
[2.575s] -- Up-to-date: /home/vboxuser/ros2_main_ws/install/webots_ros2_msgs/include/webots_ros2_msgs/webots_ros2_msgs/srv/detail/spawn_node_from_string__functions.c
[2.575s] -- Up-to-date: /home/vboxuser/ros2_main_ws/install/webots_ros2_msgs/include/webots_ros2_msgs/webots_ros2_msgs/srv/detail/emitter_send_string__functions.h
[2.575s] -- Up-to-date: /home/vboxuser/ros2_main_ws/install/webots_ros2_msgs/include/webots_ros2_msgs/webots_ros2_msgs/srv/detail/spawn_urdf_robot__functions.c
[2.575s] -- Installing: /home/vboxuser/ros2_main_ws/install/webots_ros2_msgs/include/webots_ros2_msgs/webots_ros2_msgs/srv/detail/spawn_urdf_robot__type_support.c
[2.575s] -- Up-to-date: /home/vboxuser/ros2_main_ws/install/webots_ros2_msgs/include/webots_ros2_msgs/webots_ros2_msgs/srv/detail/set_string__functions.h
[2.580s] -- Up-to-date: /home/vboxuser/ros2_main_ws/install/webots_ros2_msgs/include/webots_ros2_msgs/webots_ros2_msgs/srv/detail/get_bool__type_support.h
[2.581s] -- Up-to-date: /home/vboxuser/ros2_main_ws/install/webots_ros2_msgs/include/webots_ros2_msgs/webots_ros2_msgs/srv/detail/spawn_urdf_robot__type_support.h
[2.581s] -- Up-to-date: /home/vboxuser/ros2_main_ws/install/webots_ros2_msgs/include/webots_ros2_msgs/webots_ros2_msgs/srv/detail/spawn_urdf_robot__struct.h
[2.581s] -- Up-to-date: /home/vboxuser/ros2_main_ws/install/webots_ros2_msgs/include/webots_ros2_msgs/webots_ros2_msgs/srv/detail/set_string__functions.c
[2.581s] -- Up-to-date: /home/vboxuser/ros2_main_ws/install/webots_ros2_msgs/include/webots_ros2_msgs/webots_ros2_msgs/srv/detail/get_bool__functions.c
[2.581s] -- Installing: /home/vboxuser/ros2_main_ws/install/webots_ros2_msgs/include/webots_ros2_msgs/webots_ros2_msgs/srv/detail/spawn_node_from_string__type_support.c
[2.582s] -- Installing: /home/vboxuser/ros2_main_ws/install/webots_ros2_msgs/include/webots_ros2_msgs/webots_ros2_msgs/srv/detail/emitter_send_string__type_support.c
[2.582s] -- Up-to-date: /home/vboxuser/ros2_main_ws/install/webots_ros2_msgs/include/webots_ros2_msgs/webots_ros2_msgs/srv/detail/set_string__description.c
[2.582s] -- Up-to-date: /home/vboxuser/ros2_main_ws/install/webots_ros2_msgs/include/webots_ros2_msgs/webots_ros2_msgs/srv/detail/emitter_send_string__description.c
[2.582s] -- Up-to-date: /home/vboxuser/ros2_main_ws/install/webots_ros2_msgs/include/webots_ros2_msgs/webots_ros2_msgs/srv/detail/get_bool__description.c
[2.582s] -- Up-to-date: /home/vboxuser/ros2_main_ws/install/webots_ros2_msgs/include/webots_ros2_msgs/webots_ros2_msgs/srv/detail/spawn_node_from_string__struct.h
[2.585s] -- Up-to-date: /home/vboxuser/ros2_main_ws/install/webots_ros2_msgs/include/webots_ros2_msgs/webots_ros2_msgs/srv/detail/set_string__struct.h
[2.586s] -- Up-to-date: /home/vboxuser/ros2_main_ws/install/webots_ros2_msgs/include/webots_ros2_msgs/webots_ros2_msgs/srv/detail/set_string__type_support.h
[2.587s] -- Up-to-date: /home/vboxuser/ros2_main_ws/install/webots_ros2_msgs/include/webots_ros2_msgs/webots_ros2_msgs/srv/detail/emitter_send_string__struct.h
[2.587s] -- Up-to-date: /home/vboxuser/ros2_main_ws/install/webots_ros2_msgs/include/webots_ros2_msgs/webots_ros2_msgs/srv/detail/get_bool__functions.h
[2.587s] -- Up-to-date: /home/vboxuser/ros2_main_ws/install/webots_ros2_msgs/include/webots_ros2_msgs/webots_ros2_msgs/srv/detail/get_bool__struct.h
[2.587s] -- Up-to-date: /home/vboxuser/ros2_main_ws/install/webots_ros2_msgs/include/webots_ros2_msgs/webots_ros2_msgs/srv/emitter_send_string.h
[2.587s] -- Up-to-date: /home/vboxuser/ros2_main_ws/install/webots_ros2_msgs/share/webots_ros2_msgs/environment/library_path.sh
[2.592s] -- Up-to-date: /home/vboxuser/ros2_main_ws/install/webots_ros2_msgs/share/webots_ros2_msgs/environment/library_path.dsv
[2.593s] -- Up-to-date: /home/vboxuser/ros2_main_ws/install/webots_ros2_msgs/lib/libwebots_ros2_msgs__rosidl_generator_c.so
[2.593s] -- Up-to-date: /home/vboxuser/ros2_main_ws/install/webots_ros2_msgs/include/webots_ros2_msgs/webots_ros2_msgs
[2.593s] -- Up-to-date: /home/vboxuser/ros2_main_ws/install/webots_ros2_msgs/include/webots_ros2_msgs/webots_ros2_msgs/msg
[2.593s] -- Up-to-date: /home/vboxuser/ros2_main_ws/install/webots_ros2_msgs/include/webots_ros2_msgs/webots_ros2_msgs/msg/detail
[2.593s] -- Up-to-date: /home/vboxuser/ros2_main_ws/install/webots_ros2_msgs/include/webots_ros2_msgs/webots_ros2_msgs/msg/detail/bool_stamped__rosidl_typesupport_fastrtps_c.h
[2.594s] -- Up-to-date: /home/vboxuser/ros2_main_ws/install/webots_ros2_msgs/include/webots_ros2_msgs/webots_ros2_msgs/msg/detail/camera_recognition_object__rosidl_typesupport_fastrtps_c.h
[2.594s] -- Up-to-date: /home/vboxuser/ros2_main_ws/install/webots_ros2_msgs/include/webots_ros2_msgs/webots_ros2_msgs/msg/detail/urdf_robot__rosidl_typesupport_fastrtps_c.h
[2.599s] -- Up-to-date: /home/vboxuser/ros2_main_ws/install/webots_ros2_msgs/include/webots_ros2_msgs/webots_ros2_msgs/msg/detail/camera_recognition_objects__rosidl_typesupport_fastrtps_c.h
[2.600s] -- Up-to-date: /home/vboxuser/ros2_main_ws/install/webots_ros2_msgs/include/webots_ros2_msgs/webots_ros2_msgs/msg/detail/string_stamped__rosidl_typesupport_fastrtps_c.h
[2.600s] -- Up-to-date: /home/vboxuser/ros2_main_ws/install/webots_ros2_msgs/include/webots_ros2_msgs/webots_ros2_msgs/msg/detail/pen_ink_properties__rosidl_typesupport_fastrtps_c.h
[2.600s] -- Up-to-date: /home/vboxuser/ros2_main_ws/install/webots_ros2_msgs/include/webots_ros2_msgs/webots_ros2_msgs/msg/detail/float_stamped__rosidl_typesupport_fastrtps_c.h
[2.600s] -- Up-to-date: /home/vboxuser/ros2_main_ws/install/webots_ros2_msgs/include/webots_ros2_msgs/webots_ros2_msgs/msg/rosidl_typesupport_fastrtps_c__visibility_control.h
[2.601s] -- Up-to-date: /home/vboxuser/ros2_main_ws/install/webots_ros2_msgs/include/webots_ros2_msgs/webots_ros2_msgs/srv
[2.602s] -- Up-to-date: /home/vboxuser/ros2_main_ws/install/webots_ros2_msgs/include/webots_ros2_msgs/webots_ros2_msgs/srv/detail
[2.602s] -- Up-to-date: /home/vboxuser/ros2_main_ws/install/webots_ros2_msgs/include/webots_ros2_msgs/webots_ros2_msgs/srv/detail/spawn_urdf_robot__rosidl_typesupport_fastrtps_c.h
[2.602s] -- Up-to-date: /home/vboxuser/ros2_main_ws/install/webots_ros2_msgs/include/webots_ros2_msgs/webots_ros2_msgs/srv/detail/set_string__rosidl_typesupport_fastrtps_c.h
[2.602s] -- Up-to-date: /home/vboxuser/ros2_main_ws/install/webots_ros2_msgs/include/webots_ros2_msgs/webots_ros2_msgs/srv/detail/emitter_send_string__rosidl_typesupport_fastrtps_c.h
[2.604s] -- Up-to-date: /home/vboxuser/ros2_main_ws/install/webots_ros2_msgs/include/webots_ros2_msgs/webots_ros2_msgs/srv/detail/get_bool__rosidl_typesupport_fastrtps_c.h
[2.604s] -- Up-to-date: /home/vboxuser/ros2_main_ws/install/webots_ros2_msgs/include/webots_ros2_msgs/webots_ros2_msgs/srv/detail/spawn_node_from_string__rosidl_typesupport_fastrtps_c.h
[2.605s] -- Up-to-date: /home/vboxuser/ros2_main_ws/install/webots_ros2_msgs/lib/libwebots_ros2_msgs__rosidl_typesupport_fastrtps_c.so
[2.605s] -- Up-to-date: /home/vboxuser/ros2_main_ws/install/webots_ros2_msgs/include/webots_ros2_msgs/webots_ros2_msgs
[2.605s] -- Up-to-date: /home/vboxuser/ros2_main_ws/install/webots_ros2_msgs/include/webots_ros2_msgs/webots_ros2_msgs/msg
[2.605s] -- Up-to-date: /home/vboxuser/ros2_main_ws/install/webots_ros2_msgs/include/webots_ros2_msgs/webots_ros2_msgs/msg/float_stamped.hpp
[2.605s] -- Up-to-date: /home/vboxuser/ros2_main_ws/install/webots_ros2_msgs/include/webots_ros2_msgs/webots_ros2_msgs/msg/string_stamped.hpp
[2.605s] -- Up-to-date: /home/vboxuser/ros2_main_ws/install/webots_ros2_msgs/include/webots_ros2_msgs/webots_ros2_msgs/msg/camera_recognition_object.hpp
[2.605s] -- Up-to-date: /home/vboxuser/ros2_main_ws/install/webots_ros2_msgs/include/webots_ros2_msgs/webots_ros2_msgs/msg/bool_stamped.hpp
[2.605s] -- Up-to-date: /home/vboxuser/ros2_main_ws/install/webots_ros2_msgs/include/webots_ros2_msgs/webots_ros2_msgs/msg/rosidl_generator_cpp__visibility_control.hpp
[2.606s] -- Up-to-date: /home/vboxuser/ros2_main_ws/install/webots_ros2_msgs/include/webots_ros2_msgs/webots_ros2_msgs/msg/detail
[2.606s] -- Up-to-date: /home/vboxuser/ros2_main_ws/install/webots_ros2_msgs/include/webots_ros2_msgs/webots_ros2_msgs/msg/detail/camera_recognition_objects__builder.hpp
[2.606s] -- Up-to-date: /home/vboxuser/ros2_main_ws/install/webots_ros2_msgs/include/webots_ros2_msgs/webots_ros2_msgs/msg/detail/pen_ink_properties__type_support.hpp
[2.606s] -- Up-to-date: /home/vboxuser/ros2_main_ws/install/webots_ros2_msgs/include/webots_ros2_msgs/webots_ros2_msgs/msg/detail/camera_recognition_object__builder.hpp
[2.606s] -- Up-to-date: /home/vboxuser/ros2_main_ws/install/webots_ros2_msgs/include/webots_ros2_msgs/webots_ros2_msgs/msg/detail/float_stamped__type_support.hpp
[2.608s] -- Up-to-date: /home/vboxuser/ros2_main_ws/install/webots_ros2_msgs/include/webots_ros2_msgs/webots_ros2_msgs/msg/detail/string_stamped__type_support.hpp
[2.608s] -- Up-to-date: /home/vboxuser/ros2_main_ws/install/webots_ros2_msgs/include/webots_ros2_msgs/webots_ros2_msgs/msg/detail/pen_ink_properties__struct.hpp
[2.609s] -- Up-to-date: /home/vboxuser/ros2_main_ws/install/webots_ros2_msgs/include/webots_ros2_msgs/webots_ros2_msgs/msg/detail/bool_stamped__builder.hpp
[2.609s] -- Up-to-date: /home/vboxuser/ros2_main_ws/install/webots_ros2_msgs/include/webots_ros2_msgs/webots_ros2_msgs/msg/detail/float_stamped__builder.hpp
[2.609s] -- Up-to-date: /home/vboxuser/ros2_main_ws/install/webots_ros2_msgs/include/webots_ros2_msgs/webots_ros2_msgs/msg/detail/bool_stamped__type_support.hpp
[2.609s] -- Up-to-date: /home/vboxuser/ros2_main_ws/install/webots_ros2_msgs/include/webots_ros2_msgs/webots_ros2_msgs/msg/detail/camera_recognition_object__type_support.hpp
[2.609s] -- Up-to-date: /home/vboxuser/ros2_main_ws/install/webots_ros2_msgs/include/webots_ros2_msgs/webots_ros2_msgs/msg/detail/string_stamped__traits.hpp
[2.609s] -- Up-to-date: /home/vboxuser/ros2_main_ws/install/webots_ros2_msgs/include/webots_ros2_msgs/webots_ros2_msgs/msg/detail/camera_recognition_objects__traits.hpp
[2.610s] -- Up-to-date: /home/vboxuser/ros2_main_ws/install/webots_ros2_msgs/include/webots_ros2_msgs/webots_ros2_msgs/msg/detail/urdf_robot__type_support.hpp
[2.610s] -- Up-to-date: /home/vboxuser/ros2_main_ws/install/webots_ros2_msgs/include/webots_ros2_msgs/webots_ros2_msgs/msg/detail/string_stamped__builder.hpp
[2.610s] -- Up-to-date: /home/vboxuser/ros2_main_ws/install/webots_ros2_msgs/include/webots_ros2_msgs/webots_ros2_msgs/msg/detail/urdf_robot__struct.hpp
[2.610s] -- Up-to-date: /home/vboxuser/ros2_main_ws/install/webots_ros2_msgs/include/webots_ros2_msgs/webots_ros2_msgs/msg/detail/bool_stamped__traits.hpp
[2.610s] -- Up-to-date: /home/vboxuser/ros2_main_ws/install/webots_ros2_msgs/include/webots_ros2_msgs/webots_ros2_msgs/msg/detail/urdf_robot__traits.hpp
[2.612s] -- Up-to-date: /home/vboxuser/ros2_main_ws/install/webots_ros2_msgs/include/webots_ros2_msgs/webots_ros2_msgs/msg/detail/float_stamped__traits.hpp
[2.613s] -- Up-to-date: /home/vboxuser/ros2_main_ws/install/webots_ros2_msgs/include/webots_ros2_msgs/webots_ros2_msgs/msg/detail/bool_stamped__struct.hpp
[2.613s] -- Up-to-date: /home/vboxuser/ros2_main_ws/install/webots_ros2_msgs/include/webots_ros2_msgs/webots_ros2_msgs/msg/detail/camera_recognition_object__traits.hpp
[2.613s] -- Up-to-date: /home/vboxuser/ros2_main_ws/install/webots_ros2_msgs/include/webots_ros2_msgs/webots_ros2_msgs/msg/detail/string_stamped__struct.hpp
[2.613s] -- Up-to-date: /home/vboxuser/ros2_main_ws/install/webots_ros2_msgs/include/webots_ros2_msgs/webots_ros2_msgs/msg/detail/float_stamped__struct.hpp
[2.613s] -- Up-to-date: /home/vboxuser/ros2_main_ws/install/webots_ros2_msgs/include/webots_ros2_msgs/webots_ros2_msgs/msg/detail/pen_ink_properties__builder.hpp
[2.613s] -- Up-to-date: /home/vboxuser/ros2_main_ws/install/webots_ros2_msgs/include/webots_ros2_msgs/webots_ros2_msgs/msg/detail/camera_recognition_objects__struct.hpp
[2.614s] -- Up-to-date: /home/vboxuser/ros2_main_ws/install/webots_ros2_msgs/include/webots_ros2_msgs/webots_ros2_msgs/msg/detail/camera_recognition_objects__type_support.hpp
[2.614s] -- Up-to-date: /home/vboxuser/ros2_main_ws/install/webots_ros2_msgs/include/webots_ros2_msgs/webots_ros2_msgs/msg/detail/urdf_robot__builder.hpp
[2.614s] -- Up-to-date: /home/vboxuser/ros2_main_ws/install/webots_ros2_msgs/include/webots_ros2_msgs/webots_ros2_msgs/msg/detail/camera_recognition_object__struct.hpp
[2.614s] -- Up-to-date: /home/vboxuser/ros2_main_ws/install/webots_ros2_msgs/include/webots_ros2_msgs/webots_ros2_msgs/msg/detail/pen_ink_properties__traits.hpp
[2.614s] -- Up-to-date: /home/vboxuser/ros2_main_ws/install/webots_ros2_msgs/include/webots_ros2_msgs/webots_ros2_msgs/msg/pen_ink_properties.hpp
[2.616s] -- Up-to-date: /home/vboxuser/ros2_main_ws/install/webots_ros2_msgs/include/webots_ros2_msgs/webots_ros2_msgs/msg/camera_recognition_objects.hpp
[2.617s] -- Up-to-date: /home/vboxuser/ros2_main_ws/install/webots_ros2_msgs/include/webots_ros2_msgs/webots_ros2_msgs/msg/urdf_robot.hpp
[2.617s] -- Up-to-date: /home/vboxuser/ros2_main_ws/install/webots_ros2_msgs/include/webots_ros2_msgs/webots_ros2_msgs/srv
[2.617s] -- Up-to-date: /home/vboxuser/ros2_main_ws/install/webots_ros2_msgs/include/webots_ros2_msgs/webots_ros2_msgs/srv/spawn_node_from_string.hpp
[2.617s] -- Up-to-date: /home/vboxuser/ros2_main_ws/install/webots_ros2_msgs/include/webots_ros2_msgs/webots_ros2_msgs/srv/set_string.hpp
[2.617s] -- Up-to-date: /home/vboxuser/ros2_main_ws/install/webots_ros2_msgs/include/webots_ros2_msgs/webots_ros2_msgs/srv/spawn_urdf_robot.hpp
[2.617s] -- Up-to-date: /home/vboxuser/ros2_main_ws/install/webots_ros2_msgs/include/webots_ros2_msgs/webots_ros2_msgs/srv/emitter_send_string.hpp
[2.617s] -- Up-to-date: /home/vboxuser/ros2_main_ws/install/webots_ros2_msgs/include/webots_ros2_msgs/webots_ros2_msgs/srv/get_bool.hpp
[2.618s] -- Up-to-date: /home/vboxuser/ros2_main_ws/install/webots_ros2_msgs/include/webots_ros2_msgs/webots_ros2_msgs/srv/detail
[2.618s] -- Up-to-date: /home/vboxuser/ros2_main_ws/install/webots_ros2_msgs/include/webots_ros2_msgs/webots_ros2_msgs/srv/detail/spawn_node_from_string__traits.hpp
[2.618s] -- Up-to-date: /home/vboxuser/ros2_main_ws/install/webots_ros2_msgs/include/webots_ros2_msgs/webots_ros2_msgs/srv/detail/spawn_urdf_robot__traits.hpp
[2.624s] -- Up-to-date: /home/vboxuser/ros2_main_ws/install/webots_ros2_msgs/include/webots_ros2_msgs/webots_ros2_msgs/srv/detail/set_string__builder.hpp
[2.625s] -- Up-to-date: /home/vboxuser/ros2_main_ws/install/webots_ros2_msgs/include/webots_ros2_msgs/webots_ros2_msgs/srv/detail/get_bool__builder.hpp
[2.625s] -- Up-to-date: /home/vboxuser/ros2_main_ws/install/webots_ros2_msgs/include/webots_ros2_msgs/webots_ros2_msgs/srv/detail/get_bool__type_support.hpp
[2.625s] -- Up-to-date: /home/vboxuser/ros2_main_ws/install/webots_ros2_msgs/include/webots_ros2_msgs/webots_ros2_msgs/srv/detail/set_string__traits.hpp
[2.625s] -- Up-to-date: /home/vboxuser/ros2_main_ws/install/webots_ros2_msgs/include/webots_ros2_msgs/webots_ros2_msgs/srv/detail/emitter_send_string__struct.hpp
[2.625s] -- Up-to-date: /home/vboxuser/ros2_main_ws/install/webots_ros2_msgs/include/webots_ros2_msgs/webots_ros2_msgs/srv/detail/set_string__type_support.hpp
[2.625s] -- Up-to-date: /home/vboxuser/ros2_main_ws/install/webots_ros2_msgs/include/webots_ros2_msgs/webots_ros2_msgs/srv/detail/get_bool__traits.hpp
[2.625s] -- Up-to-date: /home/vboxuser/ros2_main_ws/install/webots_ros2_msgs/include/webots_ros2_msgs/webots_ros2_msgs/srv/detail/spawn_urdf_robot__struct.hpp
[2.625s] -- Up-to-date: /home/vboxuser/ros2_main_ws/install/webots_ros2_msgs/include/webots_ros2_msgs/webots_ros2_msgs/srv/detail/spawn_node_from_string__builder.hpp
[2.626s] -- Up-to-date: /home/vboxuser/ros2_main_ws/install/webots_ros2_msgs/include/webots_ros2_msgs/webots_ros2_msgs/srv/detail/get_bool__struct.hpp
[2.626s] -- Up-to-date: /home/vboxuser/ros2_main_ws/install/webots_ros2_msgs/include/webots_ros2_msgs/webots_ros2_msgs/srv/detail/spawn_urdf_robot__type_support.hpp
[2.626s] -- Up-to-date: /home/vboxuser/ros2_main_ws/install/webots_ros2_msgs/include/webots_ros2_msgs/webots_ros2_msgs/srv/detail/set_string__struct.hpp
[2.626s] -- Up-to-date: /home/vboxuser/ros2_main_ws/install/webots_ros2_msgs/include/webots_ros2_msgs/webots_ros2_msgs/srv/detail/emitter_send_string__type_support.hpp
[2.626s] -- Up-to-date: /home/vboxuser/ros2_main_ws/install/webots_ros2_msgs/include/webots_ros2_msgs/webots_ros2_msgs/srv/detail/spawn_node_from_string__struct.hpp
[2.626s] -- Up-to-date: /home/vboxuser/ros2_main_ws/install/webots_ros2_msgs/include/webots_ros2_msgs/webots_ros2_msgs/srv/detail/emitter_send_string__builder.hpp
[2.628s] -- Up-to-date: /home/vboxuser/ros2_main_ws/install/webots_ros2_msgs/include/webots_ros2_msgs/webots_ros2_msgs/srv/detail/spawn_urdf_robot__builder.hpp
[2.629s] -- Up-to-date: /home/vboxuser/ros2_main_ws/install/webots_ros2_msgs/include/webots_ros2_msgs/webots_ros2_msgs/srv/detail/spawn_node_from_string__type_support.hpp
[2.629s] -- Up-to-date: /home/vboxuser/ros2_main_ws/install/webots_ros2_msgs/include/webots_ros2_msgs/webots_ros2_msgs/srv/detail/emitter_send_string__traits.hpp
[2.629s] -- Up-to-date: /home/vboxuser/ros2_main_ws/install/webots_ros2_msgs/include/webots_ros2_msgs/webots_ros2_msgs
[2.629s] -- Up-to-date: /home/vboxuser/ros2_main_ws/install/webots_ros2_msgs/include/webots_ros2_msgs/webots_ros2_msgs/msg
[2.629s] -- Up-to-date: /home/vboxuser/ros2_main_ws/install/webots_ros2_msgs/include/webots_ros2_msgs/webots_ros2_msgs/msg/rosidl_typesupport_fastrtps_cpp__visibility_control.h
[2.629s] -- Up-to-date: /home/vboxuser/ros2_main_ws/install/webots_ros2_msgs/include/webots_ros2_msgs/webots_ros2_msgs/msg/detail
[2.629s] -- Up-to-date: /home/vboxuser/ros2_main_ws/install/webots_ros2_msgs/include/webots_ros2_msgs/webots_ros2_msgs/msg/detail/urdf_robot__rosidl_typesupport_fastrtps_cpp.hpp
[2.629s] -- Up-to-date: /home/vboxuser/ros2_main_ws/install/webots_ros2_msgs/include/webots_ros2_msgs/webots_ros2_msgs/msg/detail/dds_fastrtps
[2.630s] -- Up-to-date: /home/vboxuser/ros2_main_ws/install/webots_ros2_msgs/include/webots_ros2_msgs/webots_ros2_msgs/msg/detail/bool_stamped__rosidl_typesupport_fastrtps_cpp.hpp
[2.630s] -- Up-to-date: /home/vboxuser/ros2_main_ws/install/webots_ros2_msgs/include/webots_ros2_msgs/webots_ros2_msgs/msg/detail/camera_recognition_object__rosidl_typesupport_fastrtps_cpp.hpp
[2.630s] -- Up-to-date: /home/vboxuser/ros2_main_ws/install/webots_ros2_msgs/include/webots_ros2_msgs/webots_ros2_msgs/msg/detail/camera_recognition_objects__rosidl_typesupport_fastrtps_cpp.hpp
[2.630s] -- Up-to-date: /home/vboxuser/ros2_main_ws/install/webots_ros2_msgs/include/webots_ros2_msgs/webots_ros2_msgs/msg/detail/string_stamped__rosidl_typesupport_fastrtps_cpp.hpp
[2.630s] -- Up-to-date: /home/vboxuser/ros2_main_ws/install/webots_ros2_msgs/include/webots_ros2_msgs/webots_ros2_msgs/msg/detail/float_stamped__rosidl_typesupport_fastrtps_cpp.hpp
[2.630s] -- Up-to-date: /home/vboxuser/ros2_main_ws/install/webots_ros2_msgs/include/webots_ros2_msgs/webots_ros2_msgs/msg/detail/pen_ink_properties__rosidl_typesupport_fastrtps_cpp.hpp
[2.632s] -- Up-to-date: /home/vboxuser/ros2_main_ws/install/webots_ros2_msgs/include/webots_ros2_msgs/webots_ros2_msgs/srv
[2.632s] -- Up-to-date: /home/vboxuser/ros2_main_ws/install/webots_ros2_msgs/include/webots_ros2_msgs/webots_ros2_msgs/srv/detail
[2.633s] -- Up-to-date: /home/vboxuser/ros2_main_ws/install/webots_ros2_msgs/include/webots_ros2_msgs/webots_ros2_msgs/srv/detail/emitter_send_string__rosidl_typesupport_fastrtps_cpp.hpp
[2.633s] -- Up-to-date: /home/vboxuser/ros2_main_ws/install/webots_ros2_msgs/include/webots_ros2_msgs/webots_ros2_msgs/srv/detail/dds_fastrtps
[2.633s] -- Up-to-date: /home/vboxuser/ros2_main_ws/install/webots_ros2_msgs/include/webots_ros2_msgs/webots_ros2_msgs/srv/detail/set_string__rosidl_typesupport_fastrtps_cpp.hpp
[2.633s] -- Up-to-date: /home/vboxuser/ros2_main_ws/install/webots_ros2_msgs/include/webots_ros2_msgs/webots_ros2_msgs/srv/detail/spawn_node_from_string__rosidl_typesupport_fastrtps_cpp.hpp
[2.633s] -- Up-to-date: /home/vboxuser/ros2_main_ws/install/webots_ros2_msgs/include/webots_ros2_msgs/webots_ros2_msgs/srv/detail/get_bool__rosidl_typesupport_fastrtps_cpp.hpp
[2.633s] -- Up-to-date: /home/vboxuser/ros2_main_ws/install/webots_ros2_msgs/include/webots_ros2_msgs/webots_ros2_msgs/srv/detail/spawn_urdf_robot__rosidl_typesupport_fastrtps_cpp.hpp
[2.635s] -- Up-to-date: /home/vboxuser/ros2_main_ws/install/webots_ros2_msgs/lib/libwebots_ros2_msgs__rosidl_typesupport_fastrtps_cpp.so
[2.635s] -- Up-to-date: /home/vboxuser/ros2_main_ws/install/webots_ros2_msgs/include/webots_ros2_msgs/webots_ros2_msgs
[2.636s] -- Up-to-date: /home/vboxuser/ros2_main_ws/install/webots_ros2_msgs/include/webots_ros2_msgs/webots_ros2_msgs/msg
[2.636s] -- Up-to-date: /home/vboxuser/ros2_main_ws/install/webots_ros2_msgs/include/webots_ros2_msgs/webots_ros2_msgs/msg/rosidl_typesupport_introspection_c__visibility_control.h
[2.636s] -- Up-to-date: /home/vboxuser/ros2_main_ws/install/webots_ros2_msgs/include/webots_ros2_msgs/webots_ros2_msgs/msg/detail
[2.636s] -- Up-to-date: /home/vboxuser/ros2_main_ws/install/webots_ros2_msgs/include/webots_ros2_msgs/webots_ros2_msgs/msg/detail/urdf_robot__rosidl_typesupport_introspection_c.h
[2.636s] -- Installing: /home/vboxuser/ros2_main_ws/install/webots_ros2_msgs/include/webots_ros2_msgs/webots_ros2_msgs/msg/detail/bool_stamped__type_support.c
[2.636s] -- Up-to-date: /home/vboxuser/ros2_main_ws/install/webots_ros2_msgs/include/webots_ros2_msgs/webots_ros2_msgs/msg/detail/pen_ink_properties__rosidl_typesupport_introspection_c.h
[2.636s] -- Installing: /home/vboxuser/ros2_main_ws/install/webots_ros2_msgs/include/webots_ros2_msgs/webots_ros2_msgs/msg/detail/urdf_robot__type_support.c
[2.637s] -- Up-to-date: /home/vboxuser/ros2_main_ws/install/webots_ros2_msgs/include/webots_ros2_msgs/webots_ros2_msgs/msg/detail/float_stamped__rosidl_typesupport_introspection_c.h
[2.637s] -- Up-to-date: /home/vboxuser/ros2_main_ws/install/webots_ros2_msgs/include/webots_ros2_msgs/webots_ros2_msgs/msg/detail/camera_recognition_objects__rosidl_typesupport_introspection_c.h
[2.637s] -- Installing: /home/vboxuser/ros2_main_ws/install/webots_ros2_msgs/include/webots_ros2_msgs/webots_ros2_msgs/msg/detail/float_stamped__type_support.c
[2.637s] -- Up-to-date: /home/vboxuser/ros2_main_ws/install/webots_ros2_msgs/include/webots_ros2_msgs/webots_ros2_msgs/msg/detail/string_stamped__rosidl_typesupport_introspection_c.h
[2.637s] -- Installing: /home/vboxuser/ros2_main_ws/install/webots_ros2_msgs/include/webots_ros2_msgs/webots_ros2_msgs/msg/detail/camera_recognition_objects__type_support.c
[2.637s] -- Installing: /home/vboxuser/ros2_main_ws/install/webots_ros2_msgs/include/webots_ros2_msgs/webots_ros2_msgs/msg/detail/pen_ink_properties__type_support.c
[2.639s] -- Installing: /home/vboxuser/ros2_main_ws/install/webots_ros2_msgs/include/webots_ros2_msgs/webots_ros2_msgs/msg/detail/string_stamped__type_support.c
[2.639s] -- Installing: /home/vboxuser/ros2_main_ws/install/webots_ros2_msgs/include/webots_ros2_msgs/webots_ros2_msgs/msg/detail/camera_recognition_object__type_support.c
[2.640s] -- Up-to-date: /home/vboxuser/ros2_main_ws/install/webots_ros2_msgs/include/webots_ros2_msgs/webots_ros2_msgs/msg/detail/camera_recognition_object__rosidl_typesupport_introspection_c.h
[2.640s] -- Up-to-date: /home/vboxuser/ros2_main_ws/install/webots_ros2_msgs/include/webots_ros2_msgs/webots_ros2_msgs/msg/detail/bool_stamped__rosidl_typesupport_introspection_c.h
[2.640s] -- Up-to-date: /home/vboxuser/ros2_main_ws/install/webots_ros2_msgs/include/webots_ros2_msgs/webots_ros2_msgs/srv
[2.640s] -- Up-to-date: /home/vboxuser/ros2_main_ws/install/webots_ros2_msgs/include/webots_ros2_msgs/webots_ros2_msgs/srv/detail
[2.640s] -- Installing: /home/vboxuser/ros2_main_ws/install/webots_ros2_msgs/include/webots_ros2_msgs/webots_ros2_msgs/srv/detail/get_bool__type_support.c
[2.640s] -- Installing: /home/vboxuser/ros2_main_ws/install/webots_ros2_msgs/include/webots_ros2_msgs/webots_ros2_msgs/srv/detail/set_string__type_support.c
[2.640s] -- Installing: /home/vboxuser/ros2_main_ws/install/webots_ros2_msgs/include/webots_ros2_msgs/webots_ros2_msgs/srv/detail/spawn_urdf_robot__type_support.c
[2.640s] -- Up-to-date: /home/vboxuser/ros2_main_ws/install/webots_ros2_msgs/include/webots_ros2_msgs/webots_ros2_msgs/srv/detail/set_string__rosidl_typesupport_introspection_c.h
[2.640s] -- Up-to-date: /home/vboxuser/ros2_main_ws/install/webots_ros2_msgs/include/webots_ros2_msgs/webots_ros2_msgs/srv/detail/emitter_send_string__rosidl_typesupport_introspection_c.h
[2.641s] -- Up-to-date: /home/vboxuser/ros2_main_ws/install/webots_ros2_msgs/include/webots_ros2_msgs/webots_ros2_msgs/srv/detail/spawn_node_from_string__rosidl_typesupport_introspection_c.h
[2.641s] -- Up-to-date: /home/vboxuser/ros2_main_ws/install/webots_ros2_msgs/include/webots_ros2_msgs/webots_ros2_msgs/srv/detail/get_bool__rosidl_typesupport_introspection_c.h
[2.641s] -- Installing: /home/vboxuser/ros2_main_ws/install/webots_ros2_msgs/include/webots_ros2_msgs/webots_ros2_msgs/srv/detail/spawn_node_from_string__type_support.c
[2.641s] -- Installing: /home/vboxuser/ros2_main_ws/install/webots_ros2_msgs/include/webots_ros2_msgs/webots_ros2_msgs/srv/detail/emitter_send_string__type_support.c
[2.641s] -- Up-to-date: /home/vboxuser/ros2_main_ws/install/webots_ros2_msgs/include/webots_ros2_msgs/webots_ros2_msgs/srv/detail/spawn_urdf_robot__rosidl_typesupport_introspection_c.h
[2.641s] -- Up-to-date: /home/vboxuser/ros2_main_ws/install/webots_ros2_msgs/lib/libwebots_ros2_msgs__rosidl_typesupport_introspection_c.so
[2.643s] -- Up-to-date: /home/vboxuser/ros2_main_ws/install/webots_ros2_msgs/lib/libwebots_ros2_msgs__rosidl_typesupport_c.so
[2.643s] -- Up-to-date: /home/vboxuser/ros2_main_ws/install/webots_ros2_msgs/include/webots_ros2_msgs/webots_ros2_msgs
[2.644s] -- Up-to-date: /home/vboxuser/ros2_main_ws/install/webots_ros2_msgs/include/webots_ros2_msgs/webots_ros2_msgs/msg
[2.644s] -- Up-to-date: /home/vboxuser/ros2_main_ws/install/webots_ros2_msgs/include/webots_ros2_msgs/webots_ros2_msgs/msg/detail
[2.644s] -- Up-to-date: /home/vboxuser/ros2_main_ws/install/webots_ros2_msgs/include/webots_ros2_msgs/webots_ros2_msgs/msg/detail/string_stamped__type_support.cpp
[2.644s] -- Up-to-date: /home/vboxuser/ros2_main_ws/install/webots_ros2_msgs/include/webots_ros2_msgs/webots_ros2_msgs/msg/detail/camera_recognition_object__type_support.cpp
[2.644s] -- Up-to-date: /home/vboxuser/ros2_main_ws/install/webots_ros2_msgs/include/webots_ros2_msgs/webots_ros2_msgs/msg/detail/camera_recognition_object__rosidl_typesupport_introspection_cpp.hpp
[2.644s] -- Up-to-date: /home/vboxuser/ros2_main_ws/install/webots_ros2_msgs/include/webots_ros2_msgs/webots_ros2_msgs/msg/detail/float_stamped__type_support.cpp
[2.646s] -- Up-to-date: /home/vboxuser/ros2_main_ws/install/webots_ros2_msgs/include/webots_ros2_msgs/webots_ros2_msgs/msg/detail/pen_ink_properties__type_support.cpp
[2.647s] -- Up-to-date: /home/vboxuser/ros2_main_ws/install/webots_ros2_msgs/include/webots_ros2_msgs/webots_ros2_msgs/msg/detail/urdf_robot__rosidl_typesupport_introspection_cpp.hpp
[2.647s] -- Up-to-date: /home/vboxuser/ros2_main_ws/install/webots_ros2_msgs/include/webots_ros2_msgs/webots_ros2_msgs/msg/detail/pen_ink_properties__rosidl_typesupport_introspection_cpp.hpp
[2.647s] -- Up-to-date: /home/vboxuser/ros2_main_ws/install/webots_ros2_msgs/include/webots_ros2_msgs/webots_ros2_msgs/msg/detail/camera_recognition_objects__rosidl_typesupport_introspection_cpp.hpp
[2.647s] -- Up-to-date: /home/vboxuser/ros2_main_ws/install/webots_ros2_msgs/include/webots_ros2_msgs/webots_ros2_msgs/msg/detail/string_stamped__rosidl_typesupport_introspection_cpp.hpp
[2.647s] -- Up-to-date: /home/vboxuser/ros2_main_ws/install/webots_ros2_msgs/include/webots_ros2_msgs/webots_ros2_msgs/msg/detail/bool_stamped__rosidl_typesupport_introspection_cpp.hpp
[2.647s] -- Up-to-date: /home/vboxuser/ros2_main_ws/install/webots_ros2_msgs/include/webots_ros2_msgs/webots_ros2_msgs/msg/detail/camera_recognition_objects__type_support.cpp
[2.647s] -- Up-to-date: /home/vboxuser/ros2_main_ws/install/webots_ros2_msgs/include/webots_ros2_msgs/webots_ros2_msgs/msg/detail/bool_stamped__type_support.cpp
[2.648s] -- Up-to-date: /home/vboxuser/ros2_main_ws/install/webots_ros2_msgs/include/webots_ros2_msgs/webots_ros2_msgs/msg/detail/float_stamped__rosidl_typesupport_introspection_cpp.hpp
[2.648s] -- Up-to-date: /home/vboxuser/ros2_main_ws/install/webots_ros2_msgs/include/webots_ros2_msgs/webots_ros2_msgs/msg/detail/urdf_robot__type_support.cpp
[2.648s] -- Up-to-date: /home/vboxuser/ros2_main_ws/install/webots_ros2_msgs/include/webots_ros2_msgs/webots_ros2_msgs/srv
[2.648s] -- Up-to-date: /home/vboxuser/ros2_main_ws/install/webots_ros2_msgs/include/webots_ros2_msgs/webots_ros2_msgs/srv/detail
[2.648s] -- Up-to-date: /home/vboxuser/ros2_main_ws/install/webots_ros2_msgs/include/webots_ros2_msgs/webots_ros2_msgs/srv/detail/get_bool__rosidl_typesupport_introspection_cpp.hpp
[2.648s] -- Up-to-date: /home/vboxuser/ros2_main_ws/install/webots_ros2_msgs/include/webots_ros2_msgs/webots_ros2_msgs/srv/detail/emitter_send_string__type_support.cpp
[2.648s] -- Up-to-date: /home/vboxuser/ros2_main_ws/install/webots_ros2_msgs/include/webots_ros2_msgs/webots_ros2_msgs/srv/detail/spawn_urdf_robot__type_support.cpp
[2.649s] -- Up-to-date: /home/vboxuser/ros2_main_ws/install/webots_ros2_msgs/include/webots_ros2_msgs/webots_ros2_msgs/srv/detail/get_bool__type_support.cpp
[2.649s] -- Up-to-date: /home/vboxuser/ros2_main_ws/install/webots_ros2_msgs/include/webots_ros2_msgs/webots_ros2_msgs/srv/detail/set_string__type_support.cpp
[2.650s] -- Up-to-date: /home/vboxuser/ros2_main_ws/install/webots_ros2_msgs/include/webots_ros2_msgs/webots_ros2_msgs/srv/detail/emitter_send_string__rosidl_typesupport_introspection_cpp.hpp
[2.650s] -- Up-to-date: /home/vboxuser/ros2_main_ws/install/webots_ros2_msgs/include/webots_ros2_msgs/webots_ros2_msgs/srv/detail/spawn_urdf_robot__rosidl_typesupport_introspection_cpp.hpp
[2.650s] -- Up-to-date: /home/vboxuser/ros2_main_ws/install/webots_ros2_msgs/include/webots_ros2_msgs/webots_ros2_msgs/srv/detail/set_string__rosidl_typesupport_introspection_cpp.hpp
[2.650s] -- Up-to-date: /home/vboxuser/ros2_main_ws/install/webots_ros2_msgs/include/webots_ros2_msgs/webots_ros2_msgs/srv/detail/spawn_node_from_string__type_support.cpp
[2.650s] -- Up-to-date: /home/vboxuser/ros2_main_ws/install/webots_ros2_msgs/include/webots_ros2_msgs/webots_ros2_msgs/srv/detail/spawn_node_from_string__rosidl_typesupport_introspection_cpp.hpp
[2.650s] -- Up-to-date: /home/vboxuser/ros2_main_ws/install/webots_ros2_msgs/lib/libwebots_ros2_msgs__rosidl_typesupport_introspection_cpp.so
[2.650s] -- Up-to-date: /home/vboxuser/ros2_main_ws/install/webots_ros2_msgs/lib/libwebots_ros2_msgs__rosidl_typesupport_cpp.so
[2.650s] -- Up-to-date: /home/vboxuser/ros2_main_ws/install/webots_ros2_msgs/share/webots_ros2_msgs/environment/pythonpath.sh
[2.651s] -- Up-to-date: /home/vboxuser/ros2_main_ws/install/webots_ros2_msgs/share/webots_ros2_msgs/environment/pythonpath.dsv
[2.651s] -- Up-to-date: /home/vboxuser/ros2_main_ws/install/webots_ros2_msgs/lib/python3.12/site-packages/webots_ros2_msgs-2023.1.3-py3.12.egg-info
[2.651s] -- Installing: /home/vboxuser/ros2_main_ws/install/webots_ros2_msgs/lib/python3.12/site-packages/webots_ros2_msgs-2023.1.3-py3.12.egg-info/PKG-INFO
[2.651s] -- Installing: /home/vboxuser/ros2_main_ws/install/webots_ros2_msgs/lib/python3.12/site-packages/webots_ros2_msgs-2023.1.3-py3.12.egg-info/top_level.txt
[2.651s] -- Installing: /home/vboxuser/ros2_main_ws/install/webots_ros2_msgs/lib/python3.12/site-packages/webots_ros2_msgs-2023.1.3-py3.12.egg-info/dependency_links.txt
[2.651s] -- Installing: /home/vboxuser/ros2_main_ws/install/webots_ros2_msgs/lib/python3.12/site-packages/webots_ros2_msgs-2023.1.3-py3.12.egg-info/SOURCES.txt
[2.653s] -- Up-to-date: /home/vboxuser/ros2_main_ws/install/webots_ros2_msgs/lib/python3.12/site-packages/webots_ros2_msgs
[2.653s] -- Up-to-date: /home/vboxuser/ros2_main_ws/install/webots_ros2_msgs/lib/python3.12/site-packages/webots_ros2_msgs/__init__.py
[2.653s] -- Up-to-date: /home/vboxuser/ros2_main_ws/install/webots_ros2_msgs/lib/python3.12/site-packages/webots_ros2_msgs/_webots_ros2_msgs_s.ep.rosidl_typesupport_introspection_c.c
[2.653s] -- Up-to-date: /home/vboxuser/ros2_main_ws/install/webots_ros2_msgs/lib/python3.12/site-packages/webots_ros2_msgs/webots_ros2_msgs_s__rosidl_typesupport_c.so
[2.653s] -- Up-to-date: /home/vboxuser/ros2_main_ws/install/webots_ros2_msgs/lib/python3.12/site-packages/webots_ros2_msgs/webots_ros2_msgs_s__rosidl_typesupport_introspection_c.so
[2.653s] -- Up-to-date: /home/vboxuser/ros2_main_ws/install/webots_ros2_msgs/lib/python3.12/site-packages/webots_ros2_msgs/_webots_ros2_msgs_s.ep.rosidl_typesupport_fastrtps_c.c
[2.653s] -- Up-to-date: /home/vboxuser/ros2_main_ws/install/webots_ros2_msgs/lib/python3.12/site-packages/webots_ros2_msgs/msg
[2.654s] -- Up-to-date: /home/vboxuser/ros2_main_ws/install/webots_ros2_msgs/lib/python3.12/site-packages/webots_ros2_msgs/msg/_float_stamped.py
[2.654s] -- Up-to-date: /home/vboxuser/ros2_main_ws/install/webots_ros2_msgs/lib/python3.12/site-packages/webots_ros2_msgs/msg/__init__.py
[2.654s] -- Up-to-date: /home/vboxuser/ros2_main_ws/install/webots_ros2_msgs/lib/python3.12/site-packages/webots_ros2_msgs/msg/_camera_recognition_object_s.c
[2.654s] -- Up-to-date: /home/vboxuser/ros2_main_ws/install/webots_ros2_msgs/lib/python3.12/site-packages/webots_ros2_msgs/msg/_pen_ink_properties_s.c
[2.656s] -- Up-to-date: /home/vboxuser/ros2_main_ws/install/webots_ros2_msgs/lib/python3.12/site-packages/webots_ros2_msgs/msg/_camera_recognition_object.py
[2.657s] -- Up-to-date: /home/vboxuser/ros2_main_ws/install/webots_ros2_msgs/lib/python3.12/site-packages/webots_ros2_msgs/msg/_camera_recognition_objects.py
[2.657s] -- Up-to-date: /home/vboxuser/ros2_main_ws/install/webots_ros2_msgs/lib/python3.12/site-packages/webots_ros2_msgs/msg/_string_stamped.py
[2.657s] -- Up-to-date: /home/vboxuser/ros2_main_ws/install/webots_ros2_msgs/lib/python3.12/site-packages/webots_ros2_msgs/msg/_urdf_robot.py
[2.657s] -- Up-to-date: /home/vboxuser/ros2_main_ws/install/webots_ros2_msgs/lib/python3.12/site-packages/webots_ros2_msgs/msg/_string_stamped_s.c
[2.657s] -- Up-to-date: /home/vboxuser/ros2_main_ws/install/webots_ros2_msgs/lib/python3.12/site-packages/webots_ros2_msgs/msg/_urdf_robot_s.c
[2.657s] -- Up-to-date: /home/vboxuser/ros2_main_ws/install/webots_ros2_msgs/lib/python3.12/site-packages/webots_ros2_msgs/msg/_camera_recognition_objects_s.c
[2.657s] -- Up-to-date: /home/vboxuser/ros2_main_ws/install/webots_ros2_msgs/lib/python3.12/site-packages/webots_ros2_msgs/msg/_pen_ink_properties.py
[2.657s] -- Up-to-date: /home/vboxuser/ros2_main_ws/install/webots_ros2_msgs/lib/python3.12/site-packages/webots_ros2_msgs/msg/_float_stamped_s.c
[2.657s] -- Up-to-date: /home/vboxuser/ros2_main_ws/install/webots_ros2_msgs/lib/python3.12/site-packages/webots_ros2_msgs/msg/_bool_stamped.py
[2.658s] -- Up-to-date: /home/vboxuser/ros2_main_ws/install/webots_ros2_msgs/lib/python3.12/site-packages/webots_ros2_msgs/msg/_bool_stamped_s.c
[2.658s] -- Up-to-date: /home/vboxuser/ros2_main_ws/install/webots_ros2_msgs/lib/python3.12/site-packages/webots_ros2_msgs/srv
[2.658s] -- Up-to-date: /home/vboxuser/ros2_main_ws/install/webots_ros2_msgs/lib/python3.12/site-packages/webots_ros2_msgs/srv/_spawn_node_from_string_s.c
[2.658s] -- Up-to-date: /home/vboxuser/ros2_main_ws/install/webots_ros2_msgs/lib/python3.12/site-packages/webots_ros2_msgs/srv/_emitter_send_string_s.c
[2.658s] -- Up-to-date: /home/vboxuser/ros2_main_ws/install/webots_ros2_msgs/lib/python3.12/site-packages/webots_ros2_msgs/srv/__init__.py
[2.658s] -- Up-to-date: /home/vboxuser/ros2_main_ws/install/webots_ros2_msgs/lib/python3.12/site-packages/webots_ros2_msgs/srv/_spawn_node_from_string.py
[2.658s] -- Up-to-date: /home/vboxuser/ros2_main_ws/install/webots_ros2_msgs/lib/python3.12/site-packages/webots_ros2_msgs/srv/_emitter_send_string.py
[2.660s] -- Up-to-date: /home/vboxuser/ros2_main_ws/install/webots_ros2_msgs/lib/python3.12/site-packages/webots_ros2_msgs/srv/_get_bool.py
[2.660s] -- Up-to-date: /home/vboxuser/ros2_main_ws/install/webots_ros2_msgs/lib/python3.12/site-packages/webots_ros2_msgs/srv/_get_bool_s.c
[2.661s] -- Up-to-date: /home/vboxuser/ros2_main_ws/install/webots_ros2_msgs/lib/python3.12/site-packages/webots_ros2_msgs/srv/_spawn_urdf_robot.py
[2.661s] -- Up-to-date: /home/vboxuser/ros2_main_ws/install/webots_ros2_msgs/lib/python3.12/site-packages/webots_ros2_msgs/srv/_set_string_s.c
[2.661s] -- Up-to-date: /home/vboxuser/ros2_main_ws/install/webots_ros2_msgs/lib/python3.12/site-packages/webots_ros2_msgs/srv/_set_string.py
[2.661s] -- Up-to-date: /home/vboxuser/ros2_main_ws/install/webots_ros2_msgs/lib/python3.12/site-packages/webots_ros2_msgs/srv/_spawn_urdf_robot_s.c
[2.661s] -- Up-to-date: /home/vboxuser/ros2_main_ws/install/webots_ros2_msgs/lib/python3.12/site-packages/webots_ros2_msgs/webots_ros2_msgs_s__rosidl_typesupport_fastrtps_c.so
[2.661s] -- Up-to-date: /home/vboxuser/ros2_main_ws/install/webots_ros2_msgs/lib/python3.12/site-packages/webots_ros2_msgs/_webots_ros2_msgs_s.ep.rosidl_typesupport_c.c
[2.771s] Listing '/home/vboxuser/ros2_main_ws/install/webots_ros2_msgs/lib/python3.12/site-packages/webots_ros2_msgs'...
[2.771s] Listing '/home/vboxuser/ros2_main_ws/install/webots_ros2_msgs/lib/python3.12/site-packages/webots_ros2_msgs/msg'...
[2.771s] Listing '/home/vboxuser/ros2_main_ws/install/webots_ros2_msgs/lib/python3.12/site-packages/webots_ros2_msgs/srv'...
[2.793s] -- Up-to-date: /home/vboxuser/ros2_main_ws/install/webots_ros2_msgs/lib/python3.12/site-packages/webots_ros2_msgs/webots_ros2_msgs_s__rosidl_typesupport_fastrtps_c.so
[2.796s] -- Up-to-date: /home/vboxuser/ros2_main_ws/install/webots_ros2_msgs/lib/python3.12/site-packages/webots_ros2_msgs/webots_ros2_msgs_s__rosidl_typesupport_introspection_c.so
[2.803s] -- Up-to-date: /home/vboxuser/ros2_main_ws/install/webots_ros2_msgs/lib/python3.12/site-packages/webots_ros2_msgs/webots_ros2_msgs_s__rosidl_typesupport_c.so
[2.809s] -- Up-to-date: /home/vboxuser/ros2_main_ws/install/webots_ros2_msgs/lib/libwebots_ros2_msgs__rosidl_generator_py.so
[2.809s] -- Up-to-date: /home/vboxuser/ros2_main_ws/install/webots_ros2_msgs/share/webots_ros2_msgs/msg/BoolStamped.idl
[2.809s] -- Up-to-date: /home/vboxuser/ros2_main_ws/install/webots_ros2_msgs/share/webots_ros2_msgs/msg/FloatStamped.idl
[2.809s] -- Up-to-date: /home/vboxuser/ros2_main_ws/install/webots_ros2_msgs/share/webots_ros2_msgs/msg/StringStamped.idl
[2.809s] -- Up-to-date: /home/vboxuser/ros2_main_ws/install/webots_ros2_msgs/share/webots_ros2_msgs/msg/CameraRecognitionObject.idl
[2.810s] -- Up-to-date: /home/vboxuser/ros2_main_ws/install/webots_ros2_msgs/share/webots_ros2_msgs/msg/CameraRecognitionObjects.idl
[2.810s] -- Up-to-date: /home/vboxuser/ros2_main_ws/install/webots_ros2_msgs/share/webots_ros2_msgs/msg/UrdfRobot.idl
[2.815s] -- Up-to-date: /home/vboxuser/ros2_main_ws/install/webots_ros2_msgs/share/webots_ros2_msgs/msg/PenInkProperties.idl
[2.815s] -- Up-to-date: /home/vboxuser/ros2_main_ws/install/webots_ros2_msgs/share/webots_ros2_msgs/srv/EmitterSendString.idl
[2.815s] -- Up-to-date: /home/vboxuser/ros2_main_ws/install/webots_ros2_msgs/share/webots_ros2_msgs/srv/GetBool.idl
[2.815s] -- Up-to-date: /home/vboxuser/ros2_main_ws/install/webots_ros2_msgs/share/webots_ros2_msgs/srv/SetString.idl
[2.815s] -- Up-to-date: /home/vboxuser/ros2_main_ws/install/webots_ros2_msgs/share/webots_ros2_msgs/srv/SpawnNodeFromString.idl
[2.815s] -- Up-to-date: /home/vboxuser/ros2_main_ws/install/webots_ros2_msgs/share/webots_ros2_msgs/srv/SpawnUrdfRobot.idl
[2.815s] -- Up-to-date: /home/vboxuser/ros2_main_ws/install/webots_ros2_msgs/share/webots_ros2_msgs/msg/BoolStamped.msg
[2.816s] -- Up-to-date: /home/vboxuser/ros2_main_ws/install/webots_ros2_msgs/share/webots_ros2_msgs/msg/FloatStamped.msg
[2.816s] -- Up-to-date: /home/vboxuser/ros2_main_ws/install/webots_ros2_msgs/share/webots_ros2_msgs/msg/StringStamped.msg
[2.816s] -- Up-to-date: /home/vboxuser/ros2_main_ws/install/webots_ros2_msgs/share/webots_ros2_msgs/msg/CameraRecognitionObject.msg
[2.816s] -- Up-to-date: /home/vboxuser/ros2_main_ws/install/webots_ros2_msgs/share/webots_ros2_msgs/msg/CameraRecognitionObjects.msg
[2.816s] -- Up-to-date: /home/vboxuser/ros2_main_ws/install/webots_ros2_msgs/share/webots_ros2_msgs/msg/UrdfRobot.msg
[2.817s] -- Up-to-date: /home/vboxuser/ros2_main_ws/install/webots_ros2_msgs/share/webots_ros2_msgs/msg/PenInkProperties.msg
[2.818s] -- Up-to-date: /home/vboxuser/ros2_main_ws/install/webots_ros2_msgs/share/webots_ros2_msgs/srv/EmitterSendString.srv
[2.818s] -- Up-to-date: /home/vboxuser/ros2_main_ws/install/webots_ros2_msgs/share/webots_ros2_msgs/srv/GetBool.srv
[2.818s] -- Up-to-date: /home/vboxuser/ros2_main_ws/install/webots_ros2_msgs/share/webots_ros2_msgs/srv/SetString.srv
[2.818s] -- Up-to-date: /home/vboxuser/ros2_main_ws/install/webots_ros2_msgs/share/webots_ros2_msgs/srv/SpawnNodeFromString.srv
[2.819s] -- Up-to-date: /home/vboxuser/ros2_main_ws/install/webots_ros2_msgs/share/webots_ros2_msgs/srv/SpawnUrdfRobot.srv
[2.819s] -- Up-to-date: /home/vboxuser/ros2_main_ws/install/webots_ros2_msgs/share/ament_index/resource_index/package_run_dependencies/webots_ros2_msgs
[2.819s] -- Up-to-date: /home/vboxuser/ros2_main_ws/install/webots_ros2_msgs/share/ament_index/resource_index/parent_prefix_path/webots_ros2_msgs
[2.819s] -- Up-to-date: /home/vboxuser/ros2_main_ws/install/webots_ros2_msgs/share/webots_ros2_msgs/environment/ament_prefix_path.sh
[2.819s] -- Up-to-date: /home/vboxuser/ros2_main_ws/install/webots_ros2_msgs/share/webots_ros2_msgs/environment/ament_prefix_path.dsv
[2.819s] -- Up-to-date: /home/vboxuser/ros2_main_ws/install/webots_ros2_msgs/share/webots_ros2_msgs/environment/path.sh
[2.819s] -- Up-to-date: /home/vboxuser/ros2_main_ws/install/webots_ros2_msgs/share/webots_ros2_msgs/environment/path.dsv
[2.819s] -- Up-to-date: /home/vboxuser/ros2_main_ws/install/webots_ros2_msgs/share/webots_ros2_msgs/local_setup.bash
[2.823s] -- Up-to-date: /home/vboxuser/ros2_main_ws/install/webots_ros2_msgs/share/webots_ros2_msgs/local_setup.sh
[2.823s] -- Up-to-date: /home/vboxuser/ros2_main_ws/install/webots_ros2_msgs/share/webots_ros2_msgs/local_setup.zsh
[2.824s] -- Up-to-date: /home/vboxuser/ros2_main_ws/install/webots_ros2_msgs/share/webots_ros2_msgs/local_setup.dsv
[2.824s] -- Installing: /home/vboxuser/ros2_main_ws/install/webots_ros2_msgs/share/webots_ros2_msgs/package.dsv
[2.824s] -- Up-to-date: /home/vboxuser/ros2_main_ws/install/webots_ros2_msgs/share/ament_index/resource_index/packages/webots_ros2_msgs
[2.825s] -- Up-to-date: /home/vboxuser/ros2_main_ws/install/webots_ros2_msgs/share/webots_ros2_msgs/cmake/export_webots_ros2_msgs__rosidl_generator_cExport.cmake
[2.826s] -- Up-to-date: /home/vboxuser/ros2_main_ws/install/webots_ros2_msgs/share/webots_ros2_msgs/cmake/export_webots_ros2_msgs__rosidl_generator_cExport-noconfig.cmake
[2.826s] -- Up-to-date: /home/vboxuser/ros2_main_ws/install/webots_ros2_msgs/share/webots_ros2_msgs/cmake/export_webots_ros2_msgs__rosidl_typesupport_fastrtps_cExport.cmake
[2.827s] -- Up-to-date: /home/vboxuser/ros2_main_ws/install/webots_ros2_msgs/share/webots_ros2_msgs/cmake/export_webots_ros2_msgs__rosidl_typesupport_fastrtps_cExport-noconfig.cmake
[2.828s] -- Up-to-date: /home/vboxuser/ros2_main_ws/install/webots_ros2_msgs/share/webots_ros2_msgs/cmake/export_webots_ros2_msgs__rosidl_generator_cppExport.cmake
[2.830s] -- Up-to-date: /home/vboxuser/ros2_main_ws/install/webots_ros2_msgs/share/webots_ros2_msgs/cmake/export_webots_ros2_msgs__rosidl_typesupport_fastrtps_cppExport.cmake
[2.830s] -- Up-to-date: /home/vboxuser/ros2_main_ws/install/webots_ros2_msgs/share/webots_ros2_msgs/cmake/export_webots_ros2_msgs__rosidl_typesupport_fastrtps_cppExport-noconfig.cmake
[2.831s] -- Up-to-date: /home/vboxuser/ros2_main_ws/install/webots_ros2_msgs/share/webots_ros2_msgs/cmake/webots_ros2_msgs__rosidl_typesupport_introspection_cExport.cmake
[2.831s] -- Up-to-date: /home/vboxuser/ros2_main_ws/install/webots_ros2_msgs/share/webots_ros2_msgs/cmake/webots_ros2_msgs__rosidl_typesupport_introspection_cExport-noconfig.cmake
[2.831s] -- Up-to-date: /home/vboxuser/ros2_main_ws/install/webots_ros2_msgs/share/webots_ros2_msgs/cmake/webots_ros2_msgs__rosidl_typesupport_cExport.cmake
[2.832s] -- Up-to-date: /home/vboxuser/ros2_main_ws/install/webots_ros2_msgs/share/webots_ros2_msgs/cmake/webots_ros2_msgs__rosidl_typesupport_cExport-noconfig.cmake
[2.834s] -- Up-to-date: /home/vboxuser/ros2_main_ws/install/webots_ros2_msgs/share/webots_ros2_msgs/cmake/webots_ros2_msgs__rosidl_typesupport_introspection_cppExport.cmake
[2.835s] -- Up-to-date: /home/vboxuser/ros2_main_ws/install/webots_ros2_msgs/share/webots_ros2_msgs/cmake/webots_ros2_msgs__rosidl_typesupport_introspection_cppExport-noconfig.cmake
[2.835s] -- Up-to-date: /home/vboxuser/ros2_main_ws/install/webots_ros2_msgs/share/webots_ros2_msgs/cmake/webots_ros2_msgs__rosidl_typesupport_cppExport.cmake
[2.835s] -- Up-to-date: /home/vboxuser/ros2_main_ws/install/webots_ros2_msgs/share/webots_ros2_msgs/cmake/webots_ros2_msgs__rosidl_typesupport_cppExport-noconfig.cmake
[2.835s] -- Up-to-date: /home/vboxuser/ros2_main_ws/install/webots_ros2_msgs/share/webots_ros2_msgs/cmake/export_webots_ros2_msgs__rosidl_generator_pyExport.cmake
[2.838s] -- Up-to-date: /home/vboxuser/ros2_main_ws/install/webots_ros2_msgs/share/webots_ros2_msgs/cmake/export_webots_ros2_msgs__rosidl_generator_pyExport-noconfig.cmake
[2.839s] -- Up-to-date: /home/vboxuser/ros2_main_ws/install/webots_ros2_msgs/share/webots_ros2_msgs/cmake/rosidl_cmake-extras.cmake
[2.839s] -- Up-to-date: /home/vboxuser/ros2_main_ws/install/webots_ros2_msgs/share/webots_ros2_msgs/cmake/ament_cmake_export_dependencies-extras.cmake
[2.839s] -- Up-to-date: /home/vboxuser/ros2_main_ws/install/webots_ros2_msgs/share/webots_ros2_msgs/cmake/ament_cmake_export_include_directories-extras.cmake
[2.839s] -- Up-to-date: /home/vboxuser/ros2_main_ws/install/webots_ros2_msgs/share/webots_ros2_msgs/cmake/ament_cmake_export_libraries-extras.cmake
[2.839s] -- Up-to-date: /home/vboxuser/ros2_main_ws/install/webots_ros2_msgs/share/webots_ros2_msgs/cmake/ament_cmake_export_targets-extras.cmake
[2.839s] -- Up-to-date: /home/vboxuser/ros2_main_ws/install/webots_ros2_msgs/share/webots_ros2_msgs/cmake/rosidl_cmake_export_typesupport_targets-extras.cmake
[2.839s] -- Up-to-date: /home/vboxuser/ros2_main_ws/install/webots_ros2_msgs/share/webots_ros2_msgs/cmake/rosidl_cmake_export_typesupport_libraries-extras.cmake
[2.839s] -- Up-to-date: /home/vboxuser/ros2_main_ws/install/webots_ros2_msgs/share/webots_ros2_msgs/cmake/webots_ros2_msgsConfig.cmake
[2.840s] -- Up-to-date: /home/vboxuser/ros2_main_ws/install/webots_ros2_msgs/share/webots_ros2_msgs/cmake/webots_ros2_msgsConfig-version.cmake
[2.840s] -- Up-to-date: /home/vboxuser/ros2_main_ws/install/webots_ros2_msgs/share/webots_ros2_msgs/package.xml
[2.845s] Invoked command in '/home/vboxuser/ros2_main_ws/build/webots_ros2_msgs' returned '0': CMAKE_PREFIX_PATH=${CMAKE_PREFIX_PATH}:/home/vboxuser/ros2_main_ws/install/webots_ros2:/home/vboxuser/ros2_main_ws/install/webots_ros2_universal_robot:/home/vboxuser/ros2_main_ws/install/webots_ros2_turtlebot:/home/vboxuser/ros2_main_ws/install/webots_ros2_tiago:/home/vboxuser/ros2_main_ws/install/webots_ros2_tests:/home/vboxuser/ros2_main_ws/install/webots_ros2_tesla:/home/vboxuser/ros2_main_ws/install/webots_ros2_mavic:/home/vboxuser/ros2_main_ws/install/webots_ros2_epuck:/home/vboxuser/ros2_main_ws/install/my_package:/home/vboxuser/ros2_main_ws/install/webots_ros2_importer:/opt/ros/jazzy DEBUGINFOD_URLS=https://debuginfod.ubuntu.com /usr/bin/cmake --install /home/vboxuser/ros2_main_ws/build/webots_ros2_msgs
