[0.070s] Invoking command in '/home/vboxuser/ros2_main_ws/build/webots_ros2_control': AMENT_PREFIX_PATH=/home/vboxuser/ros2_main_ws/install/webots_ros2_driver:/home/vboxuser/ros2_main_ws/install/webots_ros2_msgs:/home/vboxuser/ros2_main_ws/install/webots_ros2_importer:${AMENT_PREFIX_PATH} CMAKE_PREFIX_PATH=/home/vboxuser/ros2_main_ws/install/webots_ros2_driver:/home/vboxuser/ros2_main_ws/install/webots_ros2_msgs:/opt/ros/jazzy/opt/sdformat_vendor:/opt/ros/jazzy/opt/gz_math_vendor:/opt/ros/jazzy/opt/gz_utils_vendor:/opt/ros/jazzy/opt/gz_tools_vendor:/opt/ros/jazzy/opt/gz_cmake_vendor:/opt/ros/jazzy DEBUGINFOD_URLS=https://debuginfod.ubuntu.com LD_LIBRARY_PATH=/home/vboxuser/ros2_main_ws/install/webots_ros2_driver/lib:/home/vboxuser/ros2_main_ws/install/webots_ros2_msgs/lib:${LD_LIBRARY_PATH} PYTHONPATH=/home/vboxuser/ros2_main_ws/install/webots_ros2_driver/lib/python3.12/site-packages:/home/vboxuser/ros2_main_ws/install/webots_ros2_msgs/lib/python3.12/site-packages:/home/vboxuser/ros2_main_ws/install/webots_ros2_importer/lib/python3.12/site-packages:${PYTHONPATH} /usr/bin/cmake --build /home/vboxuser/ros2_main_ws/build/webots_ros2_control -- -j2 -l2
[0.344s] [ 25%] [32m[1mLinking CXX shared library libwebots_ros2_control_system.so[0m
[0.371s] [ 50%] [32m[1mLinking CXX shared library libwebots_ros2_control.so[0m
[3.125s] [ 75%] Built target webots_ros2_control_system
[3.579s] [100%] Built target webots_ros2_control
[3.647s] Invoked command in '/home/vboxuser/ros2_main_ws/build/webots_ros2_control' returned '0': AMENT_PREFIX_PATH=/home/vboxuser/ros2_main_ws/install/webots_ros2_driver:/home/vboxuser/ros2_main_ws/install/webots_ros2_msgs:/home/vboxuser/ros2_main_ws/install/webots_ros2_importer:${AMENT_PREFIX_PATH} CMAKE_PREFIX_PATH=/home/vboxuser/ros2_main_ws/install/webots_ros2_driver:/home/vboxuser/ros2_main_ws/install/webots_ros2_msgs:/opt/ros/jazzy/opt/sdformat_vendor:/opt/ros/jazzy/opt/gz_math_vendor:/opt/ros/jazzy/opt/gz_utils_vendor:/opt/ros/jazzy/opt/gz_tools_vendor:/opt/ros/jazzy/opt/gz_cmake_vendor:/opt/ros/jazzy DEBUGINFOD_URLS=https://debuginfod.ubuntu.com LD_LIBRARY_PATH=/home/vboxuser/ros2_main_ws/install/webots_ros2_driver/lib:/home/vboxuser/ros2_main_ws/install/webots_ros2_msgs/lib:${LD_LIBRARY_PATH} PYTHONPATH=/home/vboxuser/ros2_main_ws/install/webots_ros2_driver/lib/python3.12/site-packages:/home/vboxuser/ros2_main_ws/install/webots_ros2_msgs/lib/python3.12/site-packages:/home/vboxuser/ros2_main_ws/install/webots_ros2_importer/lib/python3.12/site-packages:${PYTHONPATH} /usr/bin/cmake --build /home/vboxuser/ros2_main_ws/build/webots_ros2_control -- -j2 -l2
[3.801s] Invoking command in '/home/vboxuser/ros2_main_ws/build/webots_ros2_control': AMENT_PREFIX_PATH=/home/vboxuser/ros2_main_ws/install/webots_ros2_driver:/home/vboxuser/ros2_main_ws/install/webots_ros2_msgs:/home/vboxuser/ros2_main_ws/install/webots_ros2_importer:${AMENT_PREFIX_PATH} CMAKE_PREFIX_PATH=/home/vboxuser/ros2_main_ws/install/webots_ros2_driver:/home/vboxuser/ros2_main_ws/install/webots_ros2_msgs:/opt/ros/jazzy/opt/sdformat_vendor:/opt/ros/jazzy/opt/gz_math_vendor:/opt/ros/jazzy/opt/gz_utils_vendor:/opt/ros/jazzy/opt/gz_tools_vendor:/opt/ros/jazzy/opt/gz_cmake_vendor:/opt/ros/jazzy DEBUGINFOD_URLS=https://debuginfod.ubuntu.com LD_LIBRARY_PATH=/home/vboxuser/ros2_main_ws/install/webots_ros2_driver/lib:/home/vboxuser/ros2_main_ws/install/webots_ros2_msgs/lib:${LD_LIBRARY_PATH} PYTHONPATH=/home/vboxuser/ros2_main_ws/install/webots_ros2_driver/lib/python3.12/site-packages:/home/vboxuser/ros2_main_ws/install/webots_ros2_msgs/lib/python3.12/site-packages:/home/vboxuser/ros2_main_ws/install/webots_ros2_importer/lib/python3.12/site-packages:${PYTHONPATH} /usr/bin/cmake --install /home/vboxuser/ros2_main_ws/build/webots_ros2_control
[3.835s] -- Install configuration: ""
[3.839s] -- Up-to-date: /home/vboxuser/ros2_main_ws/install/webots_ros2_control/share/webots_ros2_control/webots_ros2_control.xml
[3.842s] -- Up-to-date: /home/vboxuser/ros2_main_ws/install/webots_ros2_control/share/webots_ros2_control/webots_ros2_control_system.xml
[3.847s] -- Installing: /home/vboxuser/ros2_main_ws/install/webots_ros2_control/lib/libwebots_ros2_control.so
[3.871s] -- Set non-toolchain portion of runtime path of "/home/vboxuser/ros2_main_ws/install/webots_ros2_control/lib/libwebots_ros2_control.so" to ""
[3.876s] -- Installing: /home/vboxuser/ros2_main_ws/install/webots_ros2_control/lib/libwebots_ros2_control_system.so
[3.900s] -- Set non-toolchain portion of runtime path of "/home/vboxuser/ros2_main_ws/install/webots_ros2_control/lib/libwebots_ros2_control_system.so" to ""
[3.900s] -- Up-to-date: /home/vboxuser/ros2_main_ws/install/webots_ros2_control/include
[3.900s] -- Up-to-date: /home/vboxuser/ros2_main_ws/install/webots_ros2_control/include/webots_ros2_control
[3.900s] -- Up-to-date: /home/vboxuser/ros2_main_ws/install/webots_ros2_control/include/webots_ros2_control/Ros2Control.hpp
[3.901s] -- Up-to-date: /home/vboxuser/ros2_main_ws/install/webots_ros2_control/include/webots_ros2_control/Ros2ControlSystemInterface.hpp
[3.901s] -- Up-to-date: /home/vboxuser/ros2_main_ws/install/webots_ros2_control/include/webots_ros2_control/Ros2ControlSystem.hpp
[3.905s] -- Up-to-date: /home/vboxuser/ros2_main_ws/install/webots_ros2_control/share/webots_ros2_control/environment/library_path.sh
[3.905s] -- Up-to-date: /home/vboxuser/ros2_main_ws/install/webots_ros2_control/share/webots_ros2_control/environment/library_path.dsv
[3.905s] -- Up-to-date: /home/vboxuser/ros2_main_ws/install/webots_ros2_control/share/ament_index/resource_index/package_run_dependencies/webots_ros2_control
[3.905s] -- Up-to-date: /home/vboxuser/ros2_main_ws/install/webots_ros2_control/share/ament_index/resource_index/parent_prefix_path/webots_ros2_control
[3.909s] -- Up-to-date: /home/vboxuser/ros2_main_ws/install/webots_ros2_control/share/webots_ros2_control/environment/ament_prefix_path.sh
[3.909s] -- Up-to-date: /home/vboxuser/ros2_main_ws/install/webots_ros2_control/share/webots_ros2_control/environment/ament_prefix_path.dsv
[3.909s] -- Up-to-date: /home/vboxuser/ros2_main_ws/install/webots_ros2_control/share/webots_ros2_control/environment/path.sh
[3.909s] -- Up-to-date: /home/vboxuser/ros2_main_ws/install/webots_ros2_control/share/webots_ros2_control/environment/path.dsv
[3.912s] -- Up-to-date: /home/vboxuser/ros2_main_ws/install/webots_ros2_control/share/webots_ros2_control/local_setup.bash
[3.912s] -- Up-to-date: /home/vboxuser/ros2_main_ws/install/webots_ros2_control/share/webots_ros2_control/local_setup.sh
[3.913s] -- Up-to-date: /home/vboxuser/ros2_main_ws/install/webots_ros2_control/share/webots_ros2_control/local_setup.zsh
[3.913s] -- Up-to-date: /home/vboxuser/ros2_main_ws/install/webots_ros2_control/share/webots_ros2_control/local_setup.dsv
[3.913s] -- Installing: /home/vboxuser/ros2_main_ws/install/webots_ros2_control/share/webots_ros2_control/package.dsv
[3.913s] -- Up-to-date: /home/vboxuser/ros2_main_ws/install/webots_ros2_control/share/ament_index/resource_index/packages/webots_ros2_control
[3.913s] -- Up-to-date: /home/vboxuser/ros2_main_ws/install/webots_ros2_control/share/ament_index/resource_index/webots_ros2_driver__pluginlib__plugin/webots_ros2_control
[3.913s] -- Up-to-date: /home/vboxuser/ros2_main_ws/install/webots_ros2_control/share/ament_index/resource_index/webots_ros2_control__pluginlib__plugin/webots_ros2_control
[3.914s] -- Up-to-date: /home/vboxuser/ros2_main_ws/install/webots_ros2_control/share/webots_ros2_control/cmake/ament_cmake_export_include_directories-extras.cmake
[3.914s] -- Up-to-date: /home/vboxuser/ros2_main_ws/install/webots_ros2_control/share/webots_ros2_control/cmake/ament_cmake_export_dependencies-extras.cmake
[3.914s] -- Up-to-date: /home/vboxuser/ros2_main_ws/install/webots_ros2_control/share/webots_ros2_control/cmake/ament_cmake_export_libraries-extras.cmake
[3.919s] -- Up-to-date: /home/vboxuser/ros2_main_ws/install/webots_ros2_control/share/webots_ros2_control/cmake/webots_ros2_controlConfig.cmake
[3.919s] -- Up-to-date: /home/vboxuser/ros2_main_ws/install/webots_ros2_control/share/webots_ros2_control/cmake/webots_ros2_controlConfig-version.cmake
[3.919s] -- Up-to-date: /home/vboxuser/ros2_main_ws/install/webots_ros2_control/share/webots_ros2_control/package.xml
[3.921s] Invoked command in '/home/vboxuser/ros2_main_ws/build/webots_ros2_control' returned '0': AMENT_PREFIX_PATH=/home/vboxuser/ros2_main_ws/install/webots_ros2_driver:/home/vboxuser/ros2_main_ws/install/webots_ros2_msgs:/home/vboxuser/ros2_main_ws/install/webots_ros2_importer:${AMENT_PREFIX_PATH} CMAKE_PREFIX_PATH=/home/vboxuser/ros2_main_ws/install/webots_ros2_driver:/home/vboxuser/ros2_main_ws/install/webots_ros2_msgs:/opt/ros/jazzy/opt/sdformat_vendor:/opt/ros/jazzy/opt/gz_math_vendor:/opt/ros/jazzy/opt/gz_utils_vendor:/opt/ros/jazzy/opt/gz_tools_vendor:/opt/ros/jazzy/opt/gz_cmake_vendor:/opt/ros/jazzy DEBUGINFOD_URLS=https://debuginfod.ubuntu.com LD_LIBRARY_PATH=/home/vboxuser/ros2_main_ws/install/webots_ros2_driver/lib:/home/vboxuser/ros2_main_ws/install/webots_ros2_msgs/lib:${LD_LIBRARY_PATH} PYTHONPATH=/home/vboxuser/ros2_main_ws/install/webots_ros2_driver/lib/python3.12/site-packages:/home/vboxuser/ros2_main_ws/install/webots_ros2_msgs/lib/python3.12/site-packages:/home/vboxuser/ros2_main_ws/install/webots_ros2_importer/lib/python3.12/site-packages:${PYTHONPATH} /usr/bin/cmake --install /home/vboxuser/ros2_main_ws/build/webots_ros2_control
