[1.571s] Invoking command in '/home/vboxuser/ros2_main_ws/src/my_package': DEBUGINFOD_URLS=https://debuginfod.ubuntu.com PYTHONPATH=/home/vboxuser/ros2_main_ws/build/my_package/prefix_override:/usr/lib/python3/dist-packages/colcon_core/task/python/colcon_distutils_commands:/home/vboxuser/ros2_main_ws/install/my_package/lib/python3.12/site-packages:${PYTHONPATH} /usr/bin/python3 -W ignore:setup.py install is deprecated setup.py egg_info --egg-base ../../build/my_package build --build-base /home/vboxuser/ros2_main_ws/build/my_package/build install --record /home/vboxuser/ros2_main_ws/build/my_package/install.log --single-version-externally-managed install_data
[2.084s] running egg_info
[2.118s] writing ../../build/my_package/my_package.egg-info/PKG-INFO
[2.121s] writing dependency_links to ../../build/my_package/my_package.egg-info/dependency_links.txt
[2.121s] writing entry points to ../../build/my_package/my_package.egg-info/entry_points.txt
[2.121s] writing requirements to ../../build/my_package/my_package.egg-info/requires.txt
[2.121s] writing top-level names to ../../build/my_package/my_package.egg-info/top_level.txt
[2.195s] reading manifest file '../../build/my_package/my_package.egg-info/SOURCES.txt'
[2.196s] adding license file 'LICENSE'
[2.197s] writing manifest file '../../build/my_package/my_package.egg-info/SOURCES.txt'
[2.197s] running build
[2.199s] running build_py
[2.199s] running install
[2.213s] running install_lib
[2.251s] running install_data
[2.252s] running install_egg_info
[2.288s] removing '/home/vboxuser/ros2_main_ws/install/my_package/lib/python3.12/site-packages/my_package-0.0.0-py3.12.egg-info' (and everything under it)
[2.289s] Copying ../../build/my_package/my_package.egg-info to /home/vboxuser/ros2_main_ws/install/my_package/lib/python3.12/site-packages/my_package-0.0.0-py3.12.egg-info
[2.290s] running install_scripts
[2.538s] Installing my_robot_driver script to /home/vboxuser/ros2_main_ws/install/my_package/lib/my_package
[2.540s] writing list of installed files to '/home/vboxuser/ros2_main_ws/build/my_package/install.log'
[2.584s] Invoked command in '/home/vboxuser/ros2_main_ws/src/my_package' returned '0': DEBUGINFOD_URLS=https://debuginfod.ubuntu.com PYTHONPATH=/home/vboxuser/ros2_main_ws/build/my_package/prefix_override:/usr/lib/python3/dist-packages/colcon_core/task/python/colcon_distutils_commands:/home/vboxuser/ros2_main_ws/install/my_package/lib/python3.12/site-packages:${PYTHONPATH} /usr/bin/python3 -W ignore:setup.py install is deprecated setup.py egg_info --egg-base ../../build/my_package build --build-base /home/vboxuser/ros2_main_ws/build/my_package/build install --record /home/vboxuser/ros2_main_ws/build/my_package/install.log --single-version-externally-managed install_data
