-- The C compiler identification is GNU 13.2.0
-- The CXX compiler identification is GNU 13.2.0
-- Detecting C compiler ABI info
-- Detecting C compiler ABI info - done
-- Check for working C compiler: /usr/bin/cc - skipped
-- Detecting C compile features
-- Detecting C compile features - done
-- Detecting CXX compiler ABI info
-- Detecting CXX compiler ABI info - done
-- Check for working CXX compiler: /usr/bin/c++ - skipped
-- Detecting CXX compile features
-- Detecting CXX compile features - done
-- Found ament_cmake: 2.5.2 (/opt/ros/jazzy/share/ament_cmake/cmake)
-- Found Python3: /usr/bin/python3 (found version "3.12.3") found components: Interpreter 
-- Found hardware_interface: 4.20.0 (/opt/ros/jazzy/share/hardware_interface/cmake)
-- Found rosidl_generator_c: 4.6.4 (/opt/ros/jazzy/share/rosidl_generator_c/cmake)
-- Found rosidl_generator_cpp: 4.6.4 (/opt/ros/jazzy/share/rosidl_generator_cpp/cmake)
-- Using all available rosidl_typesupport_c: rosidl_typesupport_fastrtps_c;rosidl_typesupport_introspection_c
-- Using all available rosidl_typesupport_cpp: rosidl_typesupport_fastrtps_cpp;rosidl_typesupport_introspection_cpp
-- Found TinyXML2 via Config file: /usr/lib/x86_64-linux-gnu/cmake/tinyxml2
-- Found rmw_implementation_cmake: 7.3.1 (/opt/ros/jazzy/share/rmw_implementation_cmake/cmake)
-- Found rmw_fastrtps_cpp: 8.4.1 (/opt/ros/jazzy/share/rmw_fastrtps_cpp/cmake)
-- Found TinyXML2 via Config file: /usr/lib/x86_64-linux-gnu/cmake/tinyxml2
-- Found OpenSSL: /usr/lib/x86_64-linux-gnu/libcrypto.so (found version "3.0.13")  
-- Found TinyXML2 via Config file: /usr/lib/x86_64-linux-gnu/cmake/tinyxml2
-- Found FastRTPS: /opt/ros/jazzy/include (Required is at least version "2.13") 
-- Found TinyXML2 via Config file: /usr/lib/x86_64-linux-gnu/cmake/tinyxml2
-- Found TinyXML2 via Config file: /usr/lib/x86_64-linux-gnu/cmake/tinyxml2
-- Using RMW implementation 'rmw_fastrtps_cpp' as default
-- Found controller_manager: 4.20.0 (/opt/ros/jazzy/share/controller_manager/cmake)
-- Found webots_ros2_driver: 2023.1.3 (/home/vboxuser/ros2_main_ws/install/webots_ros2_driver/share/webots_ros2_driver/cmake)
-- Found eigen3_cmake_module: 0.3.0 (/opt/ros/jazzy/share/eigen3_cmake_module/cmake)
-- Found Eigen3: TRUE (found version "3.4.0") 
-- Ensuring Eigen3 include directory is part of orocos-kdl CMake target
-- Configuring done (4.7s)
-- Generating done (0.1s)
-- Build files have been written to: /home/vboxuser/ros2_main_ws/build/webots_ros2_control
[ 25%] [32mBuilding CXX object CMakeFiles/webots_ros2_control_system.dir/src/Ros2ControlSystem.cpp.o[0m
[ 50%] [32mBuilding CXX object CMakeFiles/webots_ros2_control.dir/src/Ros2Control.cpp.o[0m
[01m[K/home/vboxuser/ros2_main_ws/src/webots_ros2/webots_ros2_control/src/Ros2Control.cpp:[m[K In member function ‘[01m[Kvirtual bool webots_ros2_control::WebotsResourceManager::[01;32m[Kload_and_initialize_components[m[K(const std::string&, unsigned int)[m[K’:
[01m[K/home/vboxuser/ros2_main_ws/src/webots_ros2/webots_ros2_control/src/Ros2Control.cpp:51:79:[m[K [01;35m[Kwarning: [m[Kunused parameter ‘[01m[Kupdate_rate[m[K’ [[01;35m[K]8;;https://gcc.gnu.org/onlinedocs/gcc/Warning-Options.html#index-Wunused-parameter-Wunused-parameter]8;;[m[K]
   51 | initialize_components(const std::string &urdf, [01;35m[Kunsigned int update_rate[m[K) override {
      |                                                [01;35m[K~~~~~~~~~~~~~^~~~~~~~~~~[m[K

[ 75%] [32m[1mLinking CXX shared library libwebots_ros2_control_system.so[0m
[ 75%] Built target webots_ros2_control_system
[100%] [32m[1mLinking CXX shared library libwebots_ros2_control.so[0m
[100%] Built target webots_ros2_control
-- Install configuration: ""
-- Installing: /home/vboxuser/ros2_main_ws/install/webots_ros2_control/share/webots_ros2_control/webots_ros2_control.xml
-- Installing: /home/vboxuser/ros2_main_ws/install/webots_ros2_control/share/webots_ros2_control/webots_ros2_control_system.xml
-- Installing: /home/vboxuser/ros2_main_ws/install/webots_ros2_control/lib/libwebots_ros2_control.so
-- Set non-toolchain portion of runtime path of "/home/vboxuser/ros2_main_ws/install/webots_ros2_control/lib/libwebots_ros2_control.so" to ""
-- Installing: /home/vboxuser/ros2_main_ws/install/webots_ros2_control/lib/libwebots_ros2_control_system.so
-- Set non-toolchain portion of runtime path of "/home/vboxuser/ros2_main_ws/install/webots_ros2_control/lib/libwebots_ros2_control_system.so" to ""
-- Installing: /home/vboxuser/ros2_main_ws/install/webots_ros2_control/include
-- Installing: /home/vboxuser/ros2_main_ws/install/webots_ros2_control/include/webots_ros2_control
-- Installing: /home/vboxuser/ros2_main_ws/install/webots_ros2_control/include/webots_ros2_control/Ros2Control.hpp
-- Installing: /home/vboxuser/ros2_main_ws/install/webots_ros2_control/include/webots_ros2_control/Ros2ControlSystemInterface.hpp
-- Installing: /home/vboxuser/ros2_main_ws/install/webots_ros2_control/include/webots_ros2_control/Ros2ControlSystem.hpp
-- Installing: /home/vboxuser/ros2_main_ws/install/webots_ros2_control/share/webots_ros2_control/environment/library_path.sh
-- Installing: /home/vboxuser/ros2_main_ws/install/webots_ros2_control/share/webots_ros2_control/environment/library_path.dsv
-- Installing: /home/vboxuser/ros2_main_ws/install/webots_ros2_control/share/ament_index/resource_index/package_run_dependencies/webots_ros2_control
-- Installing: /home/vboxuser/ros2_main_ws/install/webots_ros2_control/share/ament_index/resource_index/parent_prefix_path/webots_ros2_control
-- Installing: /home/vboxuser/ros2_main_ws/install/webots_ros2_control/share/webots_ros2_control/environment/ament_prefix_path.sh
-- Installing: /home/vboxuser/ros2_main_ws/install/webots_ros2_control/share/webots_ros2_control/environment/ament_prefix_path.dsv
-- Installing: /home/vboxuser/ros2_main_ws/install/webots_ros2_control/share/webots_ros2_control/environment/path.sh
-- Installing: /home/vboxuser/ros2_main_ws/install/webots_ros2_control/share/webots_ros2_control/environment/path.dsv
-- Installing: /home/vboxuser/ros2_main_ws/install/webots_ros2_control/share/webots_ros2_control/local_setup.bash
-- Installing: /home/vboxuser/ros2_main_ws/install/webots_ros2_control/share/webots_ros2_control/local_setup.sh
-- Installing: /home/vboxuser/ros2_main_ws/install/webots_ros2_control/share/webots_ros2_control/local_setup.zsh
-- Installing: /home/vboxuser/ros2_main_ws/install/webots_ros2_control/share/webots_ros2_control/local_setup.dsv
-- Installing: /home/vboxuser/ros2_main_ws/install/webots_ros2_control/share/webots_ros2_control/package.dsv
-- Installing: /home/vboxuser/ros2_main_ws/install/webots_ros2_control/share/ament_index/resource_index/packages/webots_ros2_control
-- Installing: /home/vboxuser/ros2_main_ws/install/webots_ros2_control/share/ament_index/resource_index/webots_ros2_driver__pluginlib__plugin/webots_ros2_control
-- Installing: /home/vboxuser/ros2_main_ws/install/webots_ros2_control/share/ament_index/resource_index/webots_ros2_control__pluginlib__plugin/webots_ros2_control
-- Installing: /home/vboxuser/ros2_main_ws/install/webots_ros2_control/share/webots_ros2_control/cmake/ament_cmake_export_include_directories-extras.cmake
-- Installing: /home/vboxuser/ros2_main_ws/install/webots_ros2_control/share/webots_ros2_control/cmake/ament_cmake_export_dependencies-extras.cmake
-- Installing: /home/vboxuser/ros2_main_ws/install/webots_ros2_control/share/webots_ros2_control/cmake/ament_cmake_export_libraries-extras.cmake
-- Installing: /home/vboxuser/ros2_main_ws/install/webots_ros2_control/share/webots_ros2_control/cmake/webots_ros2_controlConfig.cmake
-- Installing: /home/vboxuser/ros2_main_ws/install/webots_ros2_control/share/webots_ros2_control/cmake/webots_ros2_controlConfig-version.cmake
-- Installing: /home/vboxuser/ros2_main_ws/install/webots_ros2_control/share/webots_ros2_control/package.xml
