[0.055s] Invoking command in '/home/vboxuser/ros2_main_ws/build/webots_ros2_control': AMENT_PREFIX_PATH=/home/vboxuser/ros2_main_ws/install/webots_ros2_driver:/home/vboxuser/ros2_main_ws/install/webots_ros2_msgs:/home/vboxuser/ros2_main_ws/install/webots_ros2_importer:${AMENT_PREFIX_PATH} CMAKE_PREFIX_PATH=/home/vboxuser/ros2_main_ws/install/webots_ros2_driver:/home/vboxuser/ros2_main_ws/install/webots_ros2_msgs:/opt/ros/jazzy/opt/sdformat_vendor:/opt/ros/jazzy/opt/gz_math_vendor:/opt/ros/jazzy/opt/gz_utils_vendor:/opt/ros/jazzy/opt/gz_tools_vendor:/opt/ros/jazzy/opt/gz_cmake_vendor:/home/vboxuser/ros2_main_ws/install/my_package:/opt/ros/jazzy DEBUGINFOD_URLS=https://debuginfod.ubuntu.com LD_LIBRARY_PATH=/home/vboxuser/ros2_main_ws/install/webots_ros2_driver/lib:/home/vboxuser/ros2_main_ws/install/webots_ros2_msgs/lib:${LD_LIBRARY_PATH} PYTHONPATH=/home/vboxuser/ros2_main_ws/install/webots_ros2_driver/lib/python3.12/site-packages:/home/vboxuser/ros2_main_ws/install/webots_ros2_msgs/lib/python3.12/site-packages:/home/vboxuser/ros2_main_ws/install/webots_ros2_importer/lib/python3.12/site-packages:${PYTHONPATH} /usr/bin/cmake /home/vboxuser/ros2_main_ws/src/webots_ros2/webots_ros2_control -DCMAKE_INSTALL_PREFIX=/home/vboxuser/ros2_main_ws/install/webots_ros2_control
[0.364s] -- The C compiler identification is GNU 13.2.0
[0.563s] -- The CXX compiler identification is GNU 13.2.0
[0.633s] -- Detecting C compiler ABI info
[0.846s] -- Detecting C compiler ABI info - done
[0.926s] -- Check for working C compiler: /usr/bin/cc - skipped
[0.928s] -- Detecting C compile features
[0.930s] -- Detecting C compile features - done
[1.004s] -- Detecting CXX compiler ABI info
[1.238s] -- Detecting CXX compiler ABI info - done
[1.261s] -- Check for working CXX compiler: /usr/bin/c++ - skipped
[1.262s] -- Detecting CXX compile features
[1.263s] -- Detecting CXX compile features - done
[1.293s] -- Found ament_cmake: 2.5.2 (/opt/ros/jazzy/share/ament_cmake/cmake)
[1.631s] -- Found Python3: /usr/bin/python3 (found version "3.12.3") found components: Interpreter 
[1.873s] -- Found hardware_interface: 4.20.0 (/opt/ros/jazzy/share/hardware_interface/cmake)
[1.992s] -- Found rosidl_generator_c: 4.6.4 (/opt/ros/jazzy/share/rosidl_generator_c/cmake)
[2.031s] -- Found rosidl_generator_cpp: 4.6.4 (/opt/ros/jazzy/share/rosidl_generator_cpp/cmake)
[2.096s] -- Using all available rosidl_typesupport_c: rosidl_typesupport_fastrtps_c;rosidl_typesupport_introspection_c
[2.145s] -- Using all available rosidl_typesupport_cpp: rosidl_typesupport_fastrtps_cpp;rosidl_typesupport_introspection_cpp
[2.751s] -- Found TinyXML2 via Config file: /usr/lib/x86_64-linux-gnu/cmake/tinyxml2
[2.876s] -- Found rmw_implementation_cmake: 7.3.1 (/opt/ros/jazzy/share/rmw_implementation_cmake/cmake)
[2.884s] -- Found rmw_fastrtps_cpp: 8.4.1 (/opt/ros/jazzy/share/rmw_fastrtps_cpp/cmake)
[2.953s] -- Found TinyXML2 via Config file: /usr/lib/x86_64-linux-gnu/cmake/tinyxml2
[3.058s] -- Found OpenSSL: /usr/lib/x86_64-linux-gnu/libcrypto.so (found version "3.0.13")  
[3.066s] -- Found TinyXML2 via Config file: /usr/lib/x86_64-linux-gnu/cmake/tinyxml2
[3.101s] -- Found FastRTPS: /opt/ros/jazzy/include (Required is at least version "2.13") 
[3.111s] -- Found TinyXML2 via Config file: /usr/lib/x86_64-linux-gnu/cmake/tinyxml2
[3.126s] -- Found TinyXML2 via Config file: /usr/lib/x86_64-linux-gnu/cmake/tinyxml2
[3.145s] -- Using RMW implementation 'rmw_fastrtps_cpp' as default
[3.735s] -- Found controller_manager: 4.20.0 (/opt/ros/jazzy/share/controller_manager/cmake)
[3.970s] -- Found webots_ros2_driver: 2023.1.3 (/home/vboxuser/ros2_main_ws/install/webots_ros2_driver/share/webots_ros2_driver/cmake)
[4.021s] -- Found eigen3_cmake_module: 0.3.0 (/opt/ros/jazzy/share/eigen3_cmake_module/cmake)
[4.025s] -- Found Eigen3: TRUE (found version "3.4.0") 
[4.028s] -- Ensuring Eigen3 include directory is part of orocos-kdl CMake target
[4.789s] -- Configuring done (4.7s)
[4.962s] -- Generating done (0.1s)
[4.972s] -- Build files have been written to: /home/vboxuser/ros2_main_ws/build/webots_ros2_control
[5.021s] Invoked command in '/home/vboxuser/ros2_main_ws/build/webots_ros2_control' returned '0': AMENT_PREFIX_PATH=/home/vboxuser/ros2_main_ws/install/webots_ros2_driver:/home/vboxuser/ros2_main_ws/install/webots_ros2_msgs:/home/vboxuser/ros2_main_ws/install/webots_ros2_importer:${AMENT_PREFIX_PATH} CMAKE_PREFIX_PATH=/home/vboxuser/ros2_main_ws/install/webots_ros2_driver:/home/vboxuser/ros2_main_ws/install/webots_ros2_msgs:/opt/ros/jazzy/opt/sdformat_vendor:/opt/ros/jazzy/opt/gz_math_vendor:/opt/ros/jazzy/opt/gz_utils_vendor:/opt/ros/jazzy/opt/gz_tools_vendor:/opt/ros/jazzy/opt/gz_cmake_vendor:/home/vboxuser/ros2_main_ws/install/my_package:/opt/ros/jazzy DEBUGINFOD_URLS=https://debuginfod.ubuntu.com LD_LIBRARY_PATH=/home/vboxuser/ros2_main_ws/install/webots_ros2_driver/lib:/home/vboxuser/ros2_main_ws/install/webots_ros2_msgs/lib:${LD_LIBRARY_PATH} PYTHONPATH=/home/vboxuser/ros2_main_ws/install/webots_ros2_driver/lib/python3.12/site-packages:/home/vboxuser/ros2_main_ws/install/webots_ros2_msgs/lib/python3.12/site-packages:/home/vboxuser/ros2_main_ws/install/webots_ros2_importer/lib/python3.12/site-packages:${PYTHONPATH} /usr/bin/cmake /home/vboxuser/ros2_main_ws/src/webots_ros2/webots_ros2_control -DCMAKE_INSTALL_PREFIX=/home/vboxuser/ros2_main_ws/install/webots_ros2_control
[5.021s] Invoking command in '/home/vboxuser/ros2_main_ws/build/webots_ros2_control': AMENT_PREFIX_PATH=/home/vboxuser/ros2_main_ws/install/webots_ros2_driver:/home/vboxuser/ros2_main_ws/install/webots_ros2_msgs:/home/vboxuser/ros2_main_ws/install/webots_ros2_importer:${AMENT_PREFIX_PATH} CMAKE_PREFIX_PATH=/home/vboxuser/ros2_main_ws/install/webots_ros2_driver:/home/vboxuser/ros2_main_ws/install/webots_ros2_msgs:/opt/ros/jazzy/opt/sdformat_vendor:/opt/ros/jazzy/opt/gz_math_vendor:/opt/ros/jazzy/opt/gz_utils_vendor:/opt/ros/jazzy/opt/gz_tools_vendor:/opt/ros/jazzy/opt/gz_cmake_vendor:/home/vboxuser/ros2_main_ws/install/my_package:/opt/ros/jazzy DEBUGINFOD_URLS=https://debuginfod.ubuntu.com LD_LIBRARY_PATH=/home/vboxuser/ros2_main_ws/install/webots_ros2_driver/lib:/home/vboxuser/ros2_main_ws/install/webots_ros2_msgs/lib:${LD_LIBRARY_PATH} PYTHONPATH=/home/vboxuser/ros2_main_ws/install/webots_ros2_driver/lib/python3.12/site-packages:/home/vboxuser/ros2_main_ws/install/webots_ros2_msgs/lib/python3.12/site-packages:/home/vboxuser/ros2_main_ws/install/webots_ros2_importer/lib/python3.12/site-packages:${PYTHONPATH} /usr/bin/cmake --build /home/vboxuser/ros2_main_ws/build/webots_ros2_control -- -j2 -l2
[5.111s] [ 25%] [32mBuilding CXX object CMakeFiles/webots_ros2_control_system.dir/src/Ros2ControlSystem.cpp.o[0m
[5.135s] [ 50%] [32mBuilding CXX object CMakeFiles/webots_ros2_control.dir/src/Ros2Control.cpp.o[0m
[15.085s] [01m[K/home/vboxuser/ros2_main_ws/src/webots_ros2/webots_ros2_control/src/Ros2Control.cpp:[m[K In member function ‘[01m[Kvirtual bool webots_ros2_control::WebotsResourceManager::[01;32m[Kload_and_initialize_components[m[K(const std::string&, unsigned int)[m[K’:
[15.085s] [01m[K/home/vboxuser/ros2_main_ws/src/webots_ros2/webots_ros2_control/src/Ros2Control.cpp:51:79:[m[K [01;35m[Kwarning: [m[Kunused parameter ‘[01m[Kupdate_rate[m[K’ [[01;35m[K]8;;https://gcc.gnu.org/onlinedocs/gcc/Warning-Options.html#index-Wunused-parameter-Wunused-parameter]8;;[m[K]
[15.085s]    51 | initialize_components(const std::string &urdf, [01;35m[Kunsigned int update_rate[m[K) override {
[15.085s]       |                                                [01;35m[K~~~~~~~~~~~~~^~~~~~~~~~~[m[K
[15.086s] 
[18.557s] [ 75%] [32m[1mLinking CXX shared library libwebots_ros2_control_system.so[0m
[19.312s] [ 75%] Built target webots_ros2_control_system
[22.871s] [100%] [32m[1mLinking CXX shared library libwebots_ros2_control.so[0m
[23.470s] [100%] Built target webots_ros2_control
[23.499s] Invoked command in '/home/vboxuser/ros2_main_ws/build/webots_ros2_control' returned '0': AMENT_PREFIX_PATH=/home/vboxuser/ros2_main_ws/install/webots_ros2_driver:/home/vboxuser/ros2_main_ws/install/webots_ros2_msgs:/home/vboxuser/ros2_main_ws/install/webots_ros2_importer:${AMENT_PREFIX_PATH} CMAKE_PREFIX_PATH=/home/vboxuser/ros2_main_ws/install/webots_ros2_driver:/home/vboxuser/ros2_main_ws/install/webots_ros2_msgs:/opt/ros/jazzy/opt/sdformat_vendor:/opt/ros/jazzy/opt/gz_math_vendor:/opt/ros/jazzy/opt/gz_utils_vendor:/opt/ros/jazzy/opt/gz_tools_vendor:/opt/ros/jazzy/opt/gz_cmake_vendor:/home/vboxuser/ros2_main_ws/install/my_package:/opt/ros/jazzy DEBUGINFOD_URLS=https://debuginfod.ubuntu.com LD_LIBRARY_PATH=/home/vboxuser/ros2_main_ws/install/webots_ros2_driver/lib:/home/vboxuser/ros2_main_ws/install/webots_ros2_msgs/lib:${LD_LIBRARY_PATH} PYTHONPATH=/home/vboxuser/ros2_main_ws/install/webots_ros2_driver/lib/python3.12/site-packages:/home/vboxuser/ros2_main_ws/install/webots_ros2_msgs/lib/python3.12/site-packages:/home/vboxuser/ros2_main_ws/install/webots_ros2_importer/lib/python3.12/site-packages:${PYTHONPATH} /usr/bin/cmake --build /home/vboxuser/ros2_main_ws/build/webots_ros2_control -- -j2 -l2
[23.541s] Invoking command in '/home/vboxuser/ros2_main_ws/build/webots_ros2_control': AMENT_PREFIX_PATH=/home/vboxuser/ros2_main_ws/install/webots_ros2_driver:/home/vboxuser/ros2_main_ws/install/webots_ros2_msgs:/home/vboxuser/ros2_main_ws/install/webots_ros2_importer:${AMENT_PREFIX_PATH} CMAKE_PREFIX_PATH=/home/vboxuser/ros2_main_ws/install/webots_ros2_driver:/home/vboxuser/ros2_main_ws/install/webots_ros2_msgs:/opt/ros/jazzy/opt/sdformat_vendor:/opt/ros/jazzy/opt/gz_math_vendor:/opt/ros/jazzy/opt/gz_utils_vendor:/opt/ros/jazzy/opt/gz_tools_vendor:/opt/ros/jazzy/opt/gz_cmake_vendor:/home/vboxuser/ros2_main_ws/install/my_package:/opt/ros/jazzy DEBUGINFOD_URLS=https://debuginfod.ubuntu.com LD_LIBRARY_PATH=/home/vboxuser/ros2_main_ws/install/webots_ros2_driver/lib:/home/vboxuser/ros2_main_ws/install/webots_ros2_msgs/lib:${LD_LIBRARY_PATH} PYTHONPATH=/home/vboxuser/ros2_main_ws/install/webots_ros2_driver/lib/python3.12/site-packages:/home/vboxuser/ros2_main_ws/install/webots_ros2_msgs/lib/python3.12/site-packages:/home/vboxuser/ros2_main_ws/install/webots_ros2_importer/lib/python3.12/site-packages:${PYTHONPATH} /usr/bin/cmake --install /home/vboxuser/ros2_main_ws/build/webots_ros2_control
[23.555s] -- Install configuration: ""
[23.557s] -- Installing: /home/vboxuser/ros2_main_ws/install/webots_ros2_control/share/webots_ros2_control/webots_ros2_control.xml
[23.559s] -- Installing: /home/vboxuser/ros2_main_ws/install/webots_ros2_control/share/webots_ros2_control/webots_ros2_control_system.xml
[23.562s] -- Installing: /home/vboxuser/ros2_main_ws/install/webots_ros2_control/lib/libwebots_ros2_control.so
[23.564s] -- Set non-toolchain portion of runtime path of "/home/vboxuser/ros2_main_ws/install/webots_ros2_control/lib/libwebots_ros2_control.so" to ""
[23.565s] -- Installing: /home/vboxuser/ros2_main_ws/install/webots_ros2_control/lib/libwebots_ros2_control_system.so
[23.568s] -- Set non-toolchain portion of runtime path of "/home/vboxuser/ros2_main_ws/install/webots_ros2_control/lib/libwebots_ros2_control_system.so" to ""
[23.568s] -- Installing: /home/vboxuser/ros2_main_ws/install/webots_ros2_control/include
[23.568s] -- Installing: /home/vboxuser/ros2_main_ws/install/webots_ros2_control/include/webots_ros2_control
[23.568s] -- Installing: /home/vboxuser/ros2_main_ws/install/webots_ros2_control/include/webots_ros2_control/Ros2Control.hpp
[23.569s] -- Installing: /home/vboxuser/ros2_main_ws/install/webots_ros2_control/include/webots_ros2_control/Ros2ControlSystemInterface.hpp
[23.569s] -- Installing: /home/vboxuser/ros2_main_ws/install/webots_ros2_control/include/webots_ros2_control/Ros2ControlSystem.hpp
[23.574s] -- Installing: /home/vboxuser/ros2_main_ws/install/webots_ros2_control/share/webots_ros2_control/environment/library_path.sh
[23.574s] -- Installing: /home/vboxuser/ros2_main_ws/install/webots_ros2_control/share/webots_ros2_control/environment/library_path.dsv
[23.575s] -- Installing: /home/vboxuser/ros2_main_ws/install/webots_ros2_control/share/ament_index/resource_index/package_run_dependencies/webots_ros2_control
[23.576s] -- Installing: /home/vboxuser/ros2_main_ws/install/webots_ros2_control/share/ament_index/resource_index/parent_prefix_path/webots_ros2_control
[23.579s] -- Installing: /home/vboxuser/ros2_main_ws/install/webots_ros2_control/share/webots_ros2_control/environment/ament_prefix_path.sh
[23.579s] -- Installing: /home/vboxuser/ros2_main_ws/install/webots_ros2_control/share/webots_ros2_control/environment/ament_prefix_path.dsv
[23.580s] -- Installing: /home/vboxuser/ros2_main_ws/install/webots_ros2_control/share/webots_ros2_control/environment/path.sh
[23.580s] -- Installing: /home/vboxuser/ros2_main_ws/install/webots_ros2_control/share/webots_ros2_control/environment/path.dsv
[23.581s] -- Installing: /home/vboxuser/ros2_main_ws/install/webots_ros2_control/share/webots_ros2_control/local_setup.bash
[23.582s] -- Installing: /home/vboxuser/ros2_main_ws/install/webots_ros2_control/share/webots_ros2_control/local_setup.sh
[23.582s] -- Installing: /home/vboxuser/ros2_main_ws/install/webots_ros2_control/share/webots_ros2_control/local_setup.zsh
[23.583s] -- Installing: /home/vboxuser/ros2_main_ws/install/webots_ros2_control/share/webots_ros2_control/local_setup.dsv
[23.583s] -- Installing: /home/vboxuser/ros2_main_ws/install/webots_ros2_control/share/webots_ros2_control/package.dsv
[23.584s] -- Installing: /home/vboxuser/ros2_main_ws/install/webots_ros2_control/share/ament_index/resource_index/packages/webots_ros2_control
[23.585s] -- Installing: /home/vboxuser/ros2_main_ws/install/webots_ros2_control/share/ament_index/resource_index/webots_ros2_driver__pluginlib__plugin/webots_ros2_control
[23.585s] -- Installing: /home/vboxuser/ros2_main_ws/install/webots_ros2_control/share/ament_index/resource_index/webots_ros2_control__pluginlib__plugin/webots_ros2_control
[23.586s] -- Installing: /home/vboxuser/ros2_main_ws/install/webots_ros2_control/share/webots_ros2_control/cmake/ament_cmake_export_include_directories-extras.cmake
[23.586s] -- Installing: /home/vboxuser/ros2_main_ws/install/webots_ros2_control/share/webots_ros2_control/cmake/ament_cmake_export_dependencies-extras.cmake
[23.587s] -- Installing: /home/vboxuser/ros2_main_ws/install/webots_ros2_control/share/webots_ros2_control/cmake/ament_cmake_export_libraries-extras.cmake
[23.587s] -- Installing: /home/vboxuser/ros2_main_ws/install/webots_ros2_control/share/webots_ros2_control/cmake/webots_ros2_controlConfig.cmake
[23.588s] -- Installing: /home/vboxuser/ros2_main_ws/install/webots_ros2_control/share/webots_ros2_control/cmake/webots_ros2_controlConfig-version.cmake
[23.589s] -- Installing: /home/vboxuser/ros2_main_ws/install/webots_ros2_control/share/webots_ros2_control/package.xml
[23.592s] Invoked command in '/home/vboxuser/ros2_main_ws/build/webots_ros2_control' returned '0': AMENT_PREFIX_PATH=/home/vboxuser/ros2_main_ws/install/webots_ros2_driver:/home/vboxuser/ros2_main_ws/install/webots_ros2_msgs:/home/vboxuser/ros2_main_ws/install/webots_ros2_importer:${AMENT_PREFIX_PATH} CMAKE_PREFIX_PATH=/home/vboxuser/ros2_main_ws/install/webots_ros2_driver:/home/vboxuser/ros2_main_ws/install/webots_ros2_msgs:/opt/ros/jazzy/opt/sdformat_vendor:/opt/ros/jazzy/opt/gz_math_vendor:/opt/ros/jazzy/opt/gz_utils_vendor:/opt/ros/jazzy/opt/gz_tools_vendor:/opt/ros/jazzy/opt/gz_cmake_vendor:/home/vboxuser/ros2_main_ws/install/my_package:/opt/ros/jazzy DEBUGINFOD_URLS=https://debuginfod.ubuntu.com LD_LIBRARY_PATH=/home/vboxuser/ros2_main_ws/install/webots_ros2_driver/lib:/home/vboxuser/ros2_main_ws/install/webots_ros2_msgs/lib:${LD_LIBRARY_PATH} PYTHONPATH=/home/vboxuser/ros2_main_ws/install/webots_ros2_driver/lib/python3.12/site-packages:/home/vboxuser/ros2_main_ws/install/webots_ros2_msgs/lib/python3.12/site-packages:/home/vboxuser/ros2_main_ws/install/webots_ros2_importer/lib/python3.12/site-packages:${PYTHONPATH} /usr/bin/cmake --install /home/vboxuser/ros2_main_ws/build/webots_ros2_control
