[1.884s] Invoking command in '/home/vboxuser/ros2_main_ws/src/webots_ros2/webots_ros2_tesla': AMENT_PREFIX_PATH=/home/vboxuser/ros2_main_ws/install/webots_ros2_driver:/home/vboxuser/ros2_main_ws/install/webots_ros2_msgs:/home/vboxuser/ros2_main_ws/install/webots_ros2_importer:${AMENT_PREFIX_PATH} CMAKE_PREFIX_PATH=/home/vboxuser/ros2_main_ws/install/webots_ros2_driver:/home/vboxuser/ros2_main_ws/install/webots_ros2_msgs:${CMAKE_PREFIX_PATH} DEBUGINFOD_URLS=https://debuginfod.ubuntu.com LD_LIBRARY_PATH=/home/vboxuser/ros2_main_ws/install/webots_ros2_driver/lib:/home/vboxuser/ros2_main_ws/install/webots_ros2_msgs/lib:${LD_LIBRARY_PATH} PYTHONPATH=/home/vboxuser/ros2_main_ws/build/webots_ros2_tesla/prefix_override:/usr/lib/python3/dist-packages/colcon_core/task/python/colcon_distutils_commands:/home/vboxuser/ros2_main_ws/install/webots_ros2_tesla/lib/python3.12/site-packages:/home/vboxuser/ros2_main_ws/install/webots_ros2_driver/lib/python3.12/site-packages:/home/vboxuser/ros2_main_ws/install/webots_ros2_msgs/lib/python3.12/site-packages:/home/vboxuser/ros2_main_ws/install/webots_ros2_importer/lib/python3.12/site-packages:${PYTHONPATH} /usr/bin/python3 -W ignore:setup.py install is deprecated setup.py egg_info --egg-base ../../../build/webots_ros2_tesla build --build-base /home/vboxuser/ros2_main_ws/build/webots_ros2_tesla/build install --record /home/vboxuser/ros2_main_ws/build/webots_ros2_tesla/install.log --single-version-externally-managed install_data
[2.785s] running egg_info
[2.787s] creating ../../../build/webots_ros2_tesla/webots_ros2_tesla.egg-info
[2.834s] writing ../../../build/webots_ros2_tesla/webots_ros2_tesla.egg-info/PKG-INFO
[2.837s] writing dependency_links to ../../../build/webots_ros2_tesla/webots_ros2_tesla.egg-info/dependency_links.txt
[2.837s] writing entry points to ../../../build/webots_ros2_tesla/webots_ros2_tesla.egg-info/entry_points.txt
[2.837s] writing requirements to ../../../build/webots_ros2_tesla/webots_ros2_tesla.egg-info/requires.txt
[2.843s] writing top-level names to ../../../build/webots_ros2_tesla/webots_ros2_tesla.egg-info/top_level.txt
[2.843s] writing manifest file '../../../build/webots_ros2_tesla/webots_ros2_tesla.egg-info/SOURCES.txt'
[2.976s] reading manifest file '../../../build/webots_ros2_tesla/webots_ros2_tesla.egg-info/SOURCES.txt'
[2.983s] writing manifest file '../../../build/webots_ros2_tesla/webots_ros2_tesla.egg-info/SOURCES.txt'
[2.984s] running build
[2.984s] running build_py
[2.990s] creating /home/vboxuser/ros2_main_ws/build/webots_ros2_tesla/build
[2.990s] creating /home/vboxuser/ros2_main_ws/build/webots_ros2_tesla/build/lib
[2.990s] creating /home/vboxuser/ros2_main_ws/build/webots_ros2_tesla/build/lib/webots_ros2_tesla
[2.990s] copying webots_ros2_tesla/__init__.py -> /home/vboxuser/ros2_main_ws/build/webots_ros2_tesla/build/lib/webots_ros2_tesla
[2.994s] copying webots_ros2_tesla/lane_follower.py -> /home/vboxuser/ros2_main_ws/build/webots_ros2_tesla/build/lib/webots_ros2_tesla
[2.994s] copying webots_ros2_tesla/tesla_driver.py -> /home/vboxuser/ros2_main_ws/build/webots_ros2_tesla/build/lib/webots_ros2_tesla
[2.994s] running install
[3.026s] running install_lib
[3.109s] creating /home/vboxuser/ros2_main_ws/install/webots_ros2_tesla/lib/python3.12/site-packages/webots_ros2_tesla
[3.110s] copying /home/vboxuser/ros2_main_ws/build/webots_ros2_tesla/build/lib/webots_ros2_tesla/__init__.py -> /home/vboxuser/ros2_main_ws/install/webots_ros2_tesla/lib/python3.12/site-packages/webots_ros2_tesla
[3.110s] copying /home/vboxuser/ros2_main_ws/build/webots_ros2_tesla/build/lib/webots_ros2_tesla/lane_follower.py -> /home/vboxuser/ros2_main_ws/install/webots_ros2_tesla/lib/python3.12/site-packages/webots_ros2_tesla
[3.111s] copying /home/vboxuser/ros2_main_ws/build/webots_ros2_tesla/build/lib/webots_ros2_tesla/tesla_driver.py -> /home/vboxuser/ros2_main_ws/install/webots_ros2_tesla/lib/python3.12/site-packages/webots_ros2_tesla
[3.113s] byte-compiling /home/vboxuser/ros2_main_ws/install/webots_ros2_tesla/lib/python3.12/site-packages/webots_ros2_tesla/__init__.py to __init__.cpython-312.pyc
[3.114s] byte-compiling /home/vboxuser/ros2_main_ws/install/webots_ros2_tesla/lib/python3.12/site-packages/webots_ros2_tesla/lane_follower.py to lane_follower.cpython-312.pyc
[3.115s] byte-compiling /home/vboxuser/ros2_main_ws/install/webots_ros2_tesla/lib/python3.12/site-packages/webots_ros2_tesla/tesla_driver.py to tesla_driver.cpython-312.pyc
[3.117s] running install_data
[3.117s] creating /home/vboxuser/ros2_main_ws/install/webots_ros2_tesla/share/ament_index
[3.118s] creating /home/vboxuser/ros2_main_ws/install/webots_ros2_tesla/share/ament_index/resource_index
[3.118s] creating /home/vboxuser/ros2_main_ws/install/webots_ros2_tesla/share/ament_index/resource_index/packages
[3.119s] copying resource/webots_ros2_tesla -> /home/vboxuser/ros2_main_ws/install/webots_ros2_tesla/share/ament_index/resource_index/packages
[3.119s] creating /home/vboxuser/ros2_main_ws/install/webots_ros2_tesla/share/webots_ros2_tesla/launch
[3.119s] copying launch/robot_launch.py -> /home/vboxuser/ros2_main_ws/install/webots_ros2_tesla/share/webots_ros2_tesla/launch
[3.120s] creating /home/vboxuser/ros2_main_ws/install/webots_ros2_tesla/share/webots_ros2_tesla/worlds
[3.120s] copying worlds/tesla_world.wbt -> /home/vboxuser/ros2_main_ws/install/webots_ros2_tesla/share/webots_ros2_tesla/worlds
[3.121s] copying worlds/.tesla_world.wbproj -> /home/vboxuser/ros2_main_ws/install/webots_ros2_tesla/share/webots_ros2_tesla/worlds
[3.127s] creating /home/vboxuser/ros2_main_ws/install/webots_ros2_tesla/share/webots_ros2_tesla/resource
[3.127s] copying resource/tesla_webots.urdf -> /home/vboxuser/ros2_main_ws/install/webots_ros2_tesla/share/webots_ros2_tesla/resource
[3.127s] copying package.xml -> /home/vboxuser/ros2_main_ws/install/webots_ros2_tesla/share/webots_ros2_tesla
[3.127s] running install_egg_info
[3.189s] Copying ../../../build/webots_ros2_tesla/webots_ros2_tesla.egg-info to /home/vboxuser/ros2_main_ws/install/webots_ros2_tesla/lib/python3.12/site-packages/webots_ros2_tesla-2023.1.3-py3.12.egg-info
[3.195s] running install_scripts
[3.652s] Installing lane_follower script to /home/vboxuser/ros2_main_ws/install/webots_ros2_tesla/lib/webots_ros2_tesla
[3.655s] writing list of installed files to '/home/vboxuser/ros2_main_ws/build/webots_ros2_tesla/install.log'
[3.758s] Invoked command in '/home/vboxuser/ros2_main_ws/src/webots_ros2/webots_ros2_tesla' returned '0': AMENT_PREFIX_PATH=/home/vboxuser/ros2_main_ws/install/webots_ros2_driver:/home/vboxuser/ros2_main_ws/install/webots_ros2_msgs:/home/vboxuser/ros2_main_ws/install/webots_ros2_importer:${AMENT_PREFIX_PATH} CMAKE_PREFIX_PATH=/home/vboxuser/ros2_main_ws/install/webots_ros2_driver:/home/vboxuser/ros2_main_ws/install/webots_ros2_msgs:${CMAKE_PREFIX_PATH} DEBUGINFOD_URLS=https://debuginfod.ubuntu.com LD_LIBRARY_PATH=/home/vboxuser/ros2_main_ws/install/webots_ros2_driver/lib:/home/vboxuser/ros2_main_ws/install/webots_ros2_msgs/lib:${LD_LIBRARY_PATH} PYTHONPATH=/home/vboxuser/ros2_main_ws/build/webots_ros2_tesla/prefix_override:/usr/lib/python3/dist-packages/colcon_core/task/python/colcon_distutils_commands:/home/vboxuser/ros2_main_ws/install/webots_ros2_tesla/lib/python3.12/site-packages:/home/vboxuser/ros2_main_ws/install/webots_ros2_driver/lib/python3.12/site-packages:/home/vboxuser/ros2_main_ws/install/webots_ros2_msgs/lib/python3.12/site-packages:/home/vboxuser/ros2_main_ws/install/webots_ros2_importer/lib/python3.12/site-packages:${PYTHONPATH} /usr/bin/python3 -W ignore:setup.py install is deprecated setup.py egg_info --egg-base ../../../build/webots_ros2_tesla build --build-base /home/vboxuser/ros2_main_ws/build/webots_ros2_tesla/build install --record /home/vboxuser/ros2_main_ws/build/webots_ros2_tesla/install.log --single-version-externally-managed install_data
