[0.449s] Invoking command in '/home/vboxuser/ros2_main_ws/build/webots_ros2_msgs': CMAKE_PREFIX_PATH=${CMAKE_PREFIX_PATH}:/home/vboxuser/ros2_main_ws/install/webots_ros2:/home/vboxuser/ros2_main_ws/install/webots_ros2_universal_robot:/home/vboxuser/ros2_main_ws/install/webots_ros2_turtlebot:/home/vboxuser/ros2_main_ws/install/webots_ros2_tiago:/home/vboxuser/ros2_main_ws/install/webots_ros2_tests:/home/vboxuser/ros2_main_ws/install/webots_ros2_tesla:/home/vboxuser/ros2_main_ws/install/webots_ros2_mavic:/home/vboxuser/ros2_main_ws/install/webots_ros2_epuck:/home/vboxuser/ros2_main_ws/install/my_package:/home/vboxuser/ros2_main_ws/install/webots_ros2_importer:/opt/ros/jazzy DEBUGINFOD_URLS=https://debuginfod.ubuntu.com /usr/bin/cmake --build /home/vboxuser/ros2_main_ws/build/webots_ros2_msgs -- -j2 -l2
[0.571s] [  1%] Built target webots_ros2_msgs__rosidl_generator_type_description
[0.630s] [  1%] Built target webots_ros2_msgs__cpp
[0.644s] [  1%] Built target ament_cmake_python_copy_webots_ros2_msgs
[0.727s] [ 27%] Built target webots_ros2_msgs__rosidl_generator_c
[0.822s] [ 36%] Built target webots_ros2_msgs__rosidl_typesupport_cpp
[0.879s] [ 46%] Built target webots_ros2_msgs__rosidl_typesupport_fastrtps_c
[0.992s] [ 56%] Built target webots_ros2_msgs__rosidl_typesupport_fastrtps_cpp
[1.077s] [ 66%] Built target webots_ros2_msgs__rosidl_typesupport_introspection_c
[1.168s] [ 76%] Built target webots_ros2_msgs__rosidl_typesupport_c
[1.260s] [ 85%] Built target webots_ros2_msgs__rosidl_typesupport_introspection_cpp
[1.336s] [ 85%] Built target webots_ros2_msgs
[1.409s] [ 86%] Built target webots_ros2_msgs__py
[1.507s] [ 95%] Built target webots_ros2_msgs__rosidl_generator_py
[1.571s] [ 96%] Built target webots_ros2_msgs_s__rosidl_typesupport_fastrtps_c
[1.580s] running egg_info
[1.639s] writing webots_ros2_msgs.egg-info/PKG-INFO
[1.641s] writing dependency_links to webots_ros2_msgs.egg-info/dependency_links.txt
[1.641s] writing top-level names to webots_ros2_msgs.egg-info/top_level.txt
[1.651s] [ 98%] Built target webots_ros2_msgs_s__rosidl_typesupport_introspection_c
[1.724s] [100%] Built target webots_ros2_msgs_s__rosidl_typesupport_c
[1.834s] reading manifest file 'webots_ros2_msgs.egg-info/SOURCES.txt'
[1.840s] writing manifest file 'webots_ros2_msgs.egg-info/SOURCES.txt'
[1.947s] [100%] Built target ament_cmake_python_build_webots_ros2_msgs_egg
[1.982s] Invoked command in '/home/vboxuser/ros2_main_ws/build/webots_ros2_msgs' returned '0': CMAKE_PREFIX_PATH=${CMAKE_PREFIX_PATH}:/home/vboxuser/ros2_main_ws/install/webots_ros2:/home/vboxuser/ros2_main_ws/install/webots_ros2_universal_robot:/home/vboxuser/ros2_main_ws/install/webots_ros2_turtlebot:/home/vboxuser/ros2_main_ws/install/webots_ros2_tiago:/home/vboxuser/ros2_main_ws/install/webots_ros2_tests:/home/vboxuser/ros2_main_ws/install/webots_ros2_tesla:/home/vboxuser/ros2_main_ws/install/webots_ros2_mavic:/home/vboxuser/ros2_main_ws/install/webots_ros2_epuck:/home/vboxuser/ros2_main_ws/install/my_package:/home/vboxuser/ros2_main_ws/install/webots_ros2_importer:/opt/ros/jazzy DEBUGINFOD_URLS=https://debuginfod.ubuntu.com /usr/bin/cmake --build /home/vboxuser/ros2_main_ws/build/webots_ros2_msgs -- -j2 -l2
[3.190s] Invoking command in '/home/vboxuser/ros2_main_ws/build/webots_ros2_msgs': CMAKE_PREFIX_PATH=${CMAKE_PREFIX_PATH}:/home/vboxuser/ros2_main_ws/install/webots_ros2:/home/vboxuser/ros2_main_ws/install/webots_ros2_universal_robot:/home/vboxuser/ros2_main_ws/install/webots_ros2_turtlebot:/home/vboxuser/ros2_main_ws/install/webots_ros2_tiago:/home/vboxuser/ros2_main_ws/install/webots_ros2_tests:/home/vboxuser/ros2_main_ws/install/webots_ros2_tesla:/home/vboxuser/ros2_main_ws/install/webots_ros2_mavic:/home/vboxuser/ros2_main_ws/install/webots_ros2_epuck:/home/vboxuser/ros2_main_ws/install/my_package:/home/vboxuser/ros2_main_ws/install/webots_ros2_importer:/opt/ros/jazzy DEBUGINFOD_URLS=https://debuginfod.ubuntu.com /usr/bin/cmake --install /home/vboxuser/ros2_main_ws/build/webots_ros2_msgs
[3.238s] -- Install configuration: ""
[3.244s] -- Up-to-date: /home/vboxuser/ros2_main_ws/install/webots_ros2_msgs/share/ament_index/resource_index/rosidl_interfaces/webots_ros2_msgs
[3.244s] -- Up-to-date: /home/vboxuser/ros2_main_ws/install/webots_ros2_msgs/share/webots_ros2_msgs/msg/BoolStamped.json
[3.244s] -- Up-to-date: /home/vboxuser/ros2_main_ws/install/webots_ros2_msgs/share/webots_ros2_msgs/msg/FloatStamped.json
[3.244s] -- Up-to-date: /home/vboxuser/ros2_main_ws/install/webots_ros2_msgs/share/webots_ros2_msgs/msg/StringStamped.json
[3.244s] -- Up-to-date: /home/vboxuser/ros2_main_ws/install/webots_ros2_msgs/share/webots_ros2_msgs/msg/CameraRecognitionObject.json
[3.244s] -- Up-to-date: /home/vboxuser/ros2_main_ws/install/webots_ros2_msgs/share/webots_ros2_msgs/msg/CameraRecognitionObjects.json
[3.244s] -- Up-to-date: /home/vboxuser/ros2_main_ws/install/webots_ros2_msgs/share/webots_ros2_msgs/msg/UrdfRobot.json
[3.244s] -- Up-to-date: /home/vboxuser/ros2_main_ws/install/webots_ros2_msgs/share/webots_ros2_msgs/msg/PenInkProperties.json
[3.251s] -- Up-to-date: /home/vboxuser/ros2_main_ws/install/webots_ros2_msgs/share/webots_ros2_msgs/srv/EmitterSendString.json
[3.252s] -- Up-to-date: /home/vboxuser/ros2_main_ws/install/webots_ros2_msgs/share/webots_ros2_msgs/srv/GetBool.json
[3.254s] -- Up-to-date: /home/vboxuser/ros2_main_ws/install/webots_ros2_msgs/share/webots_ros2_msgs/srv/SetString.json
[3.255s] -- Up-to-date: /home/vboxuser/ros2_main_ws/install/webots_ros2_msgs/share/webots_ros2_msgs/srv/SpawnNodeFromString.json
[3.255s] -- Up-to-date: /home/vboxuser/ros2_main_ws/install/webots_ros2_msgs/share/webots_ros2_msgs/srv/SpawnUrdfRobot.json
[3.255s] -- Up-to-date: /home/vboxuser/ros2_main_ws/install/webots_ros2_msgs/include/webots_ros2_msgs/webots_ros2_msgs
[3.261s] -- Up-to-date: /home/vboxuser/ros2_main_ws/install/webots_ros2_msgs/include/webots_ros2_msgs/webots_ros2_msgs/msg
[3.261s] -- Up-to-date: /home/vboxuser/ros2_main_ws/install/webots_ros2_msgs/include/webots_ros2_msgs/webots_ros2_msgs/msg/string_stamped.h
[3.261s] -- Up-to-date: /home/vboxuser/ros2_main_ws/install/webots_ros2_msgs/include/webots_ros2_msgs/webots_ros2_msgs/msg/camera_recognition_object.h
[3.261s] -- Up-to-date: /home/vboxuser/ros2_main_ws/install/webots_ros2_msgs/include/webots_ros2_msgs/webots_ros2_msgs/msg/float_stamped.h
[3.262s] -- Up-to-date: /home/vboxuser/ros2_main_ws/install/webots_ros2_msgs/include/webots_ros2_msgs/webots_ros2_msgs/msg/rosidl_generator_c__visibility_control.h
[3.262s] -- Up-to-date: /home/vboxuser/ros2_main_ws/install/webots_ros2_msgs/include/webots_ros2_msgs/webots_ros2_msgs/msg/bool_stamped.h
[3.262s] -- Up-to-date: /home/vboxuser/ros2_main_ws/install/webots_ros2_msgs/include/webots_ros2_msgs/webots_ros2_msgs/msg/camera_recognition_objects.h
[3.262s] -- Up-to-date: /home/vboxuser/ros2_main_ws/install/webots_ros2_msgs/include/webots_ros2_msgs/webots_ros2_msgs/msg/pen_ink_properties.h
[3.262s] -- Up-to-date: /home/vboxuser/ros2_main_ws/install/webots_ros2_msgs/include/webots_ros2_msgs/webots_ros2_msgs/msg/urdf_robot.h
[3.262s] -- Up-to-date: /home/vboxuser/ros2_main_ws/install/webots_ros2_msgs/include/webots_ros2_msgs/webots_ros2_msgs/msg/detail
[3.271s] -- Up-to-date: /home/vboxuser/ros2_main_ws/install/webots_ros2_msgs/include/webots_ros2_msgs/webots_ros2_msgs/msg/detail/pen_ink_properties__functions.h
[3.271s] -- Installing: /home/vboxuser/ros2_main_ws/install/webots_ros2_msgs/include/webots_ros2_msgs/webots_ros2_msgs/msg/detail/bool_stamped__type_support.c
[3.271s] -- Up-to-date: /home/vboxuser/ros2_main_ws/install/webots_ros2_msgs/include/webots_ros2_msgs/webots_ros2_msgs/msg/detail/camera_recognition_objects__functions.c
[3.272s] -- Up-to-date: /home/vboxuser/ros2_main_ws/install/webots_ros2_msgs/include/webots_ros2_msgs/webots_ros2_msgs/msg/detail/string_stamped__type_support.h
[3.272s] -- Up-to-date: /home/vboxuser/ros2_main_ws/install/webots_ros2_msgs/include/webots_ros2_msgs/webots_ros2_msgs/msg/detail/bool_stamped__functions.c
[3.272s] -- Up-to-date: /home/vboxuser/ros2_main_ws/install/webots_ros2_msgs/include/webots_ros2_msgs/webots_ros2_msgs/msg/detail/pen_ink_properties__struct.h
[3.272s] -- Up-to-date: /home/vboxuser/ros2_main_ws/install/webots_ros2_msgs/include/webots_ros2_msgs/webots_ros2_msgs/msg/detail/bool_stamped__description.c
[3.272s] -- Up-to-date: /home/vboxuser/ros2_main_ws/install/webots_ros2_msgs/include/webots_ros2_msgs/webots_ros2_msgs/msg/detail/bool_stamped__functions.h
[3.273s] -- Up-to-date: /home/vboxuser/ros2_main_ws/install/webots_ros2_msgs/include/webots_ros2_msgs/webots_ros2_msgs/msg/detail/urdf_robot__functions.c
[3.285s] -- Up-to-date: /home/vboxuser/ros2_main_ws/install/webots_ros2_msgs/include/webots_ros2_msgs/webots_ros2_msgs/msg/detail/string_stamped__functions.h
[3.285s] -- Up-to-date: /home/vboxuser/ros2_main_ws/install/webots_ros2_msgs/include/webots_ros2_msgs/webots_ros2_msgs/msg/detail/float_stamped__functions.c
[3.285s] -- Up-to-date: /home/vboxuser/ros2_main_ws/install/webots_ros2_msgs/include/webots_ros2_msgs/webots_ros2_msgs/msg/detail/string_stamped__functions.c
[3.285s] -- Up-to-date: /home/vboxuser/ros2_main_ws/install/webots_ros2_msgs/include/webots_ros2_msgs/webots_ros2_msgs/msg/detail/pen_ink_properties__type_support.h
[3.285s] -- Up-to-date: /home/vboxuser/ros2_main_ws/install/webots_ros2_msgs/include/webots_ros2_msgs/webots_ros2_msgs/msg/detail/string_stamped__description.c
[3.286s] -- Up-to-date: /home/vboxuser/ros2_main_ws/install/webots_ros2_msgs/include/webots_ros2_msgs/webots_ros2_msgs/msg/detail/camera_recognition_objects__functions.h
[3.286s] -- Up-to-date: /home/vboxuser/ros2_main_ws/install/webots_ros2_msgs/include/webots_ros2_msgs/webots_ros2_msgs/msg/detail/camera_recognition_objects__struct.h
[3.286s] -- Installing: /home/vboxuser/ros2_main_ws/install/webots_ros2_msgs/include/webots_ros2_msgs/webots_ros2_msgs/msg/detail/urdf_robot__type_support.c
[3.286s] -- Up-to-date: /home/vboxuser/ros2_main_ws/install/webots_ros2_msgs/include/webots_ros2_msgs/webots_ros2_msgs/msg/detail/urdf_robot__functions.h
[3.286s] -- Up-to-date: /home/vboxuser/ros2_main_ws/install/webots_ros2_msgs/include/webots_ros2_msgs/webots_ros2_msgs/msg/detail/pen_ink_properties__functions.c
[3.287s] -- Up-to-date: /home/vboxuser/ros2_main_ws/install/webots_ros2_msgs/include/webots_ros2_msgs/webots_ros2_msgs/msg/detail/camera_recognition_object__description.c
[3.292s] -- Up-to-date: /home/vboxuser/ros2_main_ws/install/webots_ros2_msgs/include/webots_ros2_msgs/webots_ros2_msgs/msg/detail/urdf_robot__description.c
[3.292s] -- Up-to-date: /home/vboxuser/ros2_main_ws/install/webots_ros2_msgs/include/webots_ros2_msgs/webots_ros2_msgs/msg/detail/bool_stamped__type_support.h
[3.292s] -- Up-to-date: /home/vboxuser/ros2_main_ws/install/webots_ros2_msgs/include/webots_ros2_msgs/webots_ros2_msgs/msg/detail/camera_recognition_object__struct.h
[3.292s] -- Up-to-date: /home/vboxuser/ros2_main_ws/install/webots_ros2_msgs/include/webots_ros2_msgs/webots_ros2_msgs/msg/detail/camera_recognition_object__functions.h
[3.293s] -- Up-to-date: /home/vboxuser/ros2_main_ws/install/webots_ros2_msgs/include/webots_ros2_msgs/webots_ros2_msgs/msg/detail/float_stamped__type_support.h
[3.293s] -- Installing: /home/vboxuser/ros2_main_ws/install/webots_ros2_msgs/include/webots_ros2_msgs/webots_ros2_msgs/msg/detail/float_stamped__type_support.c
[3.293s] -- Up-to-date: /home/vboxuser/ros2_main_ws/install/webots_ros2_msgs/include/webots_ros2_msgs/webots_ros2_msgs/msg/detail/urdf_robot__type_support.h
[3.293s] -- Installing: /home/vboxuser/ros2_main_ws/install/webots_ros2_msgs/include/webots_ros2_msgs/webots_ros2_msgs/msg/detail/camera_recognition_objects__type_support.c
[3.293s] -- Installing: /home/vboxuser/ros2_main_ws/install/webots_ros2_msgs/include/webots_ros2_msgs/webots_ros2_msgs/msg/detail/pen_ink_properties__type_support.c
[3.293s] -- Up-to-date: /home/vboxuser/ros2_main_ws/install/webots_ros2_msgs/include/webots_ros2_msgs/webots_ros2_msgs/msg/detail/float_stamped__description.c
[3.303s] -- Up-to-date: /home/vboxuser/ros2_main_ws/install/webots_ros2_msgs/include/webots_ros2_msgs/webots_ros2_msgs/msg/detail/camera_recognition_object__type_support.h
[3.303s] -- Up-to-date: /home/vboxuser/ros2_main_ws/install/webots_ros2_msgs/include/webots_ros2_msgs/webots_ros2_msgs/msg/detail/camera_recognition_objects__type_support.h
[3.303s] -- Up-to-date: /home/vboxuser/ros2_main_ws/install/webots_ros2_msgs/include/webots_ros2_msgs/webots_ros2_msgs/msg/detail/pen_ink_properties__description.c
[3.303s] -- Up-to-date: /home/vboxuser/ros2_main_ws/install/webots_ros2_msgs/include/webots_ros2_msgs/webots_ros2_msgs/msg/detail/string_stamped__struct.h
[3.304s] -- Installing: /home/vboxuser/ros2_main_ws/install/webots_ros2_msgs/include/webots_ros2_msgs/webots_ros2_msgs/msg/detail/string_stamped__type_support.c
[3.304s] -- Up-to-date: /home/vboxuser/ros2_main_ws/install/webots_ros2_msgs/include/webots_ros2_msgs/webots_ros2_msgs/msg/detail/bool_stamped__struct.h
[3.304s] -- Installing: /home/vboxuser/ros2_main_ws/install/webots_ros2_msgs/include/webots_ros2_msgs/webots_ros2_msgs/msg/detail/camera_recognition_object__type_support.c
[3.304s] -- Up-to-date: /home/vboxuser/ros2_main_ws/install/webots_ros2_msgs/include/webots_ros2_msgs/webots_ros2_msgs/msg/detail/float_stamped__struct.h
[3.304s] -- Up-to-date: /home/vboxuser/ros2_main_ws/install/webots_ros2_msgs/include/webots_ros2_msgs/webots_ros2_msgs/msg/detail/urdf_robot__struct.h
[3.304s] -- Up-to-date: /home/vboxuser/ros2_main_ws/install/webots_ros2_msgs/include/webots_ros2_msgs/webots_ros2_msgs/msg/detail/camera_recognition_objects__description.c
[3.304s] -- Up-to-date: /home/vboxuser/ros2_main_ws/install/webots_ros2_msgs/include/webots_ros2_msgs/webots_ros2_msgs/msg/detail/float_stamped__functions.h
[3.304s] -- Up-to-date: /home/vboxuser/ros2_main_ws/install/webots_ros2_msgs/include/webots_ros2_msgs/webots_ros2_msgs/msg/detail/camera_recognition_object__functions.c
[3.307s] -- Up-to-date: /home/vboxuser/ros2_main_ws/install/webots_ros2_msgs/include/webots_ros2_msgs/webots_ros2_msgs/srv
[3.307s] -- Up-to-date: /home/vboxuser/ros2_main_ws/install/webots_ros2_msgs/include/webots_ros2_msgs/webots_ros2_msgs/srv/set_string.h
[3.307s] -- Up-to-date: /home/vboxuser/ros2_main_ws/install/webots_ros2_msgs/include/webots_ros2_msgs/webots_ros2_msgs/srv/spawn_urdf_robot.h
[3.307s] -- Up-to-date: /home/vboxuser/ros2_main_ws/install/webots_ros2_msgs/include/webots_ros2_msgs/webots_ros2_msgs/srv/spawn_node_from_string.h
[3.311s] -- Up-to-date: /home/vboxuser/ros2_main_ws/install/webots_ros2_msgs/include/webots_ros2_msgs/webots_ros2_msgs/srv/get_bool.h
[3.312s] -- Up-to-date: /home/vboxuser/ros2_main_ws/install/webots_ros2_msgs/include/webots_ros2_msgs/webots_ros2_msgs/srv/detail
[3.312s] -- Up-to-date: /home/vboxuser/ros2_main_ws/install/webots_ros2_msgs/include/webots_ros2_msgs/webots_ros2_msgs/srv/detail/emitter_send_string__functions.c
[3.314s] -- Up-to-date: /home/vboxuser/ros2_main_ws/install/webots_ros2_msgs/include/webots_ros2_msgs/webots_ros2_msgs/srv/detail/spawn_node_from_string__functions.h
[3.314s] -- Installing: /home/vboxuser/ros2_main_ws/install/webots_ros2_msgs/include/webots_ros2_msgs/webots_ros2_msgs/srv/detail/get_bool__type_support.c
[3.314s] -- Up-to-date: /home/vboxuser/ros2_main_ws/install/webots_ros2_msgs/include/webots_ros2_msgs/webots_ros2_msgs/srv/detail/spawn_urdf_robot__description.c
[3.314s] -- Up-to-date: /home/vboxuser/ros2_main_ws/install/webots_ros2_msgs/include/webots_ros2_msgs/webots_ros2_msgs/srv/detail/emitter_send_string__type_support.h
[3.314s] -- Up-to-date: /home/vboxuser/ros2_main_ws/install/webots_ros2_msgs/include/webots_ros2_msgs/webots_ros2_msgs/srv/detail/spawn_node_from_string__type_support.h
[3.315s] -- Installing: /home/vboxuser/ros2_main_ws/install/webots_ros2_msgs/include/webots_ros2_msgs/webots_ros2_msgs/srv/detail/set_string__type_support.c
[3.318s] -- Up-to-date: /home/vboxuser/ros2_main_ws/install/webots_ros2_msgs/include/webots_ros2_msgs/webots_ros2_msgs/srv/detail/spawn_urdf_robot__functions.h
[3.318s] -- Up-to-date: /home/vboxuser/ros2_main_ws/install/webots_ros2_msgs/include/webots_ros2_msgs/webots_ros2_msgs/srv/detail/spawn_node_from_string__description.c
[3.318s] -- Up-to-date: /home/vboxuser/ros2_main_ws/install/webots_ros2_msgs/include/webots_ros2_msgs/webots_ros2_msgs/srv/detail/spawn_node_from_string__functions.c
[3.321s] -- Up-to-date: /home/vboxuser/ros2_main_ws/install/webots_ros2_msgs/include/webots_ros2_msgs/webots_ros2_msgs/srv/detail/emitter_send_string__functions.h
[3.321s] -- Up-to-date: /home/vboxuser/ros2_main_ws/install/webots_ros2_msgs/include/webots_ros2_msgs/webots_ros2_msgs/srv/detail/spawn_urdf_robot__functions.c
[3.321s] -- Installing: /home/vboxuser/ros2_main_ws/install/webots_ros2_msgs/include/webots_ros2_msgs/webots_ros2_msgs/srv/detail/spawn_urdf_robot__type_support.c
[3.321s] -- Up-to-date: /home/vboxuser/ros2_main_ws/install/webots_ros2_msgs/include/webots_ros2_msgs/webots_ros2_msgs/srv/detail/set_string__functions.h
[3.321s] -- Up-to-date: /home/vboxuser/ros2_main_ws/install/webots_ros2_msgs/include/webots_ros2_msgs/webots_ros2_msgs/srv/detail/get_bool__type_support.h
[3.326s] -- Up-to-date: /home/vboxuser/ros2_main_ws/install/webots_ros2_msgs/include/webots_ros2_msgs/webots_ros2_msgs/srv/detail/spawn_urdf_robot__type_support.h
[3.326s] -- Up-to-date: /home/vboxuser/ros2_main_ws/install/webots_ros2_msgs/include/webots_ros2_msgs/webots_ros2_msgs/srv/detail/spawn_urdf_robot__struct.h
[3.331s] -- Up-to-date: /home/vboxuser/ros2_main_ws/install/webots_ros2_msgs/include/webots_ros2_msgs/webots_ros2_msgs/srv/detail/set_string__functions.c
[3.332s] -- Up-to-date: /home/vboxuser/ros2_main_ws/install/webots_ros2_msgs/include/webots_ros2_msgs/webots_ros2_msgs/srv/detail/get_bool__functions.c
[3.332s] -- Installing: /home/vboxuser/ros2_main_ws/install/webots_ros2_msgs/include/webots_ros2_msgs/webots_ros2_msgs/srv/detail/spawn_node_from_string__type_support.c
[3.334s] -- Installing: /home/vboxuser/ros2_main_ws/install/webots_ros2_msgs/include/webots_ros2_msgs/webots_ros2_msgs/srv/detail/emitter_send_string__type_support.c
[3.335s] -- Up-to-date: /home/vboxuser/ros2_main_ws/install/webots_ros2_msgs/include/webots_ros2_msgs/webots_ros2_msgs/srv/detail/set_string__description.c
[3.335s] -- Up-to-date: /home/vboxuser/ros2_main_ws/install/webots_ros2_msgs/include/webots_ros2_msgs/webots_ros2_msgs/srv/detail/emitter_send_string__description.c
[3.335s] -- Up-to-date: /home/vboxuser/ros2_main_ws/install/webots_ros2_msgs/include/webots_ros2_msgs/webots_ros2_msgs/srv/detail/get_bool__description.c
[3.336s] -- Up-to-date: /home/vboxuser/ros2_main_ws/install/webots_ros2_msgs/include/webots_ros2_msgs/webots_ros2_msgs/srv/detail/spawn_node_from_string__struct.h
[3.336s] -- Up-to-date: /home/vboxuser/ros2_main_ws/install/webots_ros2_msgs/include/webots_ros2_msgs/webots_ros2_msgs/srv/detail/set_string__struct.h
[3.337s] -- Up-to-date: /home/vboxuser/ros2_main_ws/install/webots_ros2_msgs/include/webots_ros2_msgs/webots_ros2_msgs/srv/detail/set_string__type_support.h
[3.338s] -- Up-to-date: /home/vboxuser/ros2_main_ws/install/webots_ros2_msgs/include/webots_ros2_msgs/webots_ros2_msgs/srv/detail/emitter_send_string__struct.h
[3.338s] -- Up-to-date: /home/vboxuser/ros2_main_ws/install/webots_ros2_msgs/include/webots_ros2_msgs/webots_ros2_msgs/srv/detail/get_bool__functions.h
[3.338s] -- Up-to-date: /home/vboxuser/ros2_main_ws/install/webots_ros2_msgs/include/webots_ros2_msgs/webots_ros2_msgs/srv/detail/get_bool__struct.h
[3.338s] -- Up-to-date: /home/vboxuser/ros2_main_ws/install/webots_ros2_msgs/include/webots_ros2_msgs/webots_ros2_msgs/srv/emitter_send_string.h
[3.338s] -- Up-to-date: /home/vboxuser/ros2_main_ws/install/webots_ros2_msgs/share/webots_ros2_msgs/environment/library_path.sh
[3.338s] -- Up-to-date: /home/vboxuser/ros2_main_ws/install/webots_ros2_msgs/share/webots_ros2_msgs/environment/library_path.dsv
[3.339s] -- Up-to-date: /home/vboxuser/ros2_main_ws/install/webots_ros2_msgs/lib/libwebots_ros2_msgs__rosidl_generator_c.so
[3.341s] -- Up-to-date: /home/vboxuser/ros2_main_ws/install/webots_ros2_msgs/include/webots_ros2_msgs/webots_ros2_msgs
[3.341s] -- Up-to-date: /home/vboxuser/ros2_main_ws/install/webots_ros2_msgs/include/webots_ros2_msgs/webots_ros2_msgs/msg
[3.341s] -- Up-to-date: /home/vboxuser/ros2_main_ws/install/webots_ros2_msgs/include/webots_ros2_msgs/webots_ros2_msgs/msg/detail
[3.345s] -- Up-to-date: /home/vboxuser/ros2_main_ws/install/webots_ros2_msgs/include/webots_ros2_msgs/webots_ros2_msgs/msg/detail/bool_stamped__rosidl_typesupport_fastrtps_c.h
[3.345s] -- Up-to-date: /home/vboxuser/ros2_main_ws/install/webots_ros2_msgs/include/webots_ros2_msgs/webots_ros2_msgs/msg/detail/camera_recognition_object__rosidl_typesupport_fastrtps_c.h
[3.351s] -- Up-to-date: /home/vboxuser/ros2_main_ws/install/webots_ros2_msgs/include/webots_ros2_msgs/webots_ros2_msgs/msg/detail/urdf_robot__rosidl_typesupport_fastrtps_c.h
[3.351s] -- Up-to-date: /home/vboxuser/ros2_main_ws/install/webots_ros2_msgs/include/webots_ros2_msgs/webots_ros2_msgs/msg/detail/camera_recognition_objects__rosidl_typesupport_fastrtps_c.h
[3.352s] -- Up-to-date: /home/vboxuser/ros2_main_ws/install/webots_ros2_msgs/include/webots_ros2_msgs/webots_ros2_msgs/msg/detail/string_stamped__rosidl_typesupport_fastrtps_c.h
[3.352s] -- Up-to-date: /home/vboxuser/ros2_main_ws/install/webots_ros2_msgs/include/webots_ros2_msgs/webots_ros2_msgs/msg/detail/pen_ink_properties__rosidl_typesupport_fastrtps_c.h
[3.352s] -- Up-to-date: /home/vboxuser/ros2_main_ws/install/webots_ros2_msgs/include/webots_ros2_msgs/webots_ros2_msgs/msg/detail/float_stamped__rosidl_typesupport_fastrtps_c.h
[3.352s] -- Up-to-date: /home/vboxuser/ros2_main_ws/install/webots_ros2_msgs/include/webots_ros2_msgs/webots_ros2_msgs/msg/rosidl_typesupport_fastrtps_c__visibility_control.h
[3.353s] -- Up-to-date: /home/vboxuser/ros2_main_ws/install/webots_ros2_msgs/include/webots_ros2_msgs/webots_ros2_msgs/srv
[3.353s] -- Up-to-date: /home/vboxuser/ros2_main_ws/install/webots_ros2_msgs/include/webots_ros2_msgs/webots_ros2_msgs/srv/detail
[3.353s] -- Up-to-date: /home/vboxuser/ros2_main_ws/install/webots_ros2_msgs/include/webots_ros2_msgs/webots_ros2_msgs/srv/detail/spawn_urdf_robot__rosidl_typesupport_fastrtps_c.h
[3.353s] -- Up-to-date: /home/vboxuser/ros2_main_ws/install/webots_ros2_msgs/include/webots_ros2_msgs/webots_ros2_msgs/srv/detail/set_string__rosidl_typesupport_fastrtps_c.h
[3.353s] -- Up-to-date: /home/vboxuser/ros2_main_ws/install/webots_ros2_msgs/include/webots_ros2_msgs/webots_ros2_msgs/srv/detail/emitter_send_string__rosidl_typesupport_fastrtps_c.h
[3.353s] -- Up-to-date: /home/vboxuser/ros2_main_ws/install/webots_ros2_msgs/include/webots_ros2_msgs/webots_ros2_msgs/srv/detail/get_bool__rosidl_typesupport_fastrtps_c.h
[3.360s] -- Up-to-date: /home/vboxuser/ros2_main_ws/install/webots_ros2_msgs/include/webots_ros2_msgs/webots_ros2_msgs/srv/detail/spawn_node_from_string__rosidl_typesupport_fastrtps_c.h
[3.360s] -- Up-to-date: /home/vboxuser/ros2_main_ws/install/webots_ros2_msgs/lib/libwebots_ros2_msgs__rosidl_typesupport_fastrtps_c.so
[3.360s] -- Up-to-date: /home/vboxuser/ros2_main_ws/install/webots_ros2_msgs/include/webots_ros2_msgs/webots_ros2_msgs
[3.360s] -- Up-to-date: /home/vboxuser/ros2_main_ws/install/webots_ros2_msgs/include/webots_ros2_msgs/webots_ros2_msgs/msg
[3.360s] -- Up-to-date: /home/vboxuser/ros2_main_ws/install/webots_ros2_msgs/include/webots_ros2_msgs/webots_ros2_msgs/msg/float_stamped.hpp
[3.362s] -- Up-to-date: /home/vboxuser/ros2_main_ws/install/webots_ros2_msgs/include/webots_ros2_msgs/webots_ros2_msgs/msg/string_stamped.hpp
[3.362s] -- Up-to-date: /home/vboxuser/ros2_main_ws/install/webots_ros2_msgs/include/webots_ros2_msgs/webots_ros2_msgs/msg/camera_recognition_object.hpp
[3.366s] -- Up-to-date: /home/vboxuser/ros2_main_ws/install/webots_ros2_msgs/include/webots_ros2_msgs/webots_ros2_msgs/msg/bool_stamped.hpp
[3.366s] -- Up-to-date: /home/vboxuser/ros2_main_ws/install/webots_ros2_msgs/include/webots_ros2_msgs/webots_ros2_msgs/msg/rosidl_generator_cpp__visibility_control.hpp
[3.367s] -- Up-to-date: /home/vboxuser/ros2_main_ws/install/webots_ros2_msgs/include/webots_ros2_msgs/webots_ros2_msgs/msg/detail
[3.367s] -- Up-to-date: /home/vboxuser/ros2_main_ws/install/webots_ros2_msgs/include/webots_ros2_msgs/webots_ros2_msgs/msg/detail/camera_recognition_objects__builder.hpp
[3.367s] -- Up-to-date: /home/vboxuser/ros2_main_ws/install/webots_ros2_msgs/include/webots_ros2_msgs/webots_ros2_msgs/msg/detail/pen_ink_properties__type_support.hpp
[3.367s] -- Up-to-date: /home/vboxuser/ros2_main_ws/install/webots_ros2_msgs/include/webots_ros2_msgs/webots_ros2_msgs/msg/detail/camera_recognition_object__builder.hpp
[3.370s] -- Up-to-date: /home/vboxuser/ros2_main_ws/install/webots_ros2_msgs/include/webots_ros2_msgs/webots_ros2_msgs/msg/detail/float_stamped__type_support.hpp
[3.375s] -- Up-to-date: /home/vboxuser/ros2_main_ws/install/webots_ros2_msgs/include/webots_ros2_msgs/webots_ros2_msgs/msg/detail/string_stamped__type_support.hpp
[3.375s] -- Up-to-date: /home/vboxuser/ros2_main_ws/install/webots_ros2_msgs/include/webots_ros2_msgs/webots_ros2_msgs/msg/detail/pen_ink_properties__struct.hpp
[3.375s] -- Up-to-date: /home/vboxuser/ros2_main_ws/install/webots_ros2_msgs/include/webots_ros2_msgs/webots_ros2_msgs/msg/detail/bool_stamped__builder.hpp
[3.376s] -- Up-to-date: /home/vboxuser/ros2_main_ws/install/webots_ros2_msgs/include/webots_ros2_msgs/webots_ros2_msgs/msg/detail/float_stamped__builder.hpp
[3.376s] -- Up-to-date: /home/vboxuser/ros2_main_ws/install/webots_ros2_msgs/include/webots_ros2_msgs/webots_ros2_msgs/msg/detail/bool_stamped__type_support.hpp
[3.376s] -- Up-to-date: /home/vboxuser/ros2_main_ws/install/webots_ros2_msgs/include/webots_ros2_msgs/webots_ros2_msgs/msg/detail/camera_recognition_object__type_support.hpp
[3.376s] -- Up-to-date: /home/vboxuser/ros2_main_ws/install/webots_ros2_msgs/include/webots_ros2_msgs/webots_ros2_msgs/msg/detail/string_stamped__traits.hpp
[3.376s] -- Up-to-date: /home/vboxuser/ros2_main_ws/install/webots_ros2_msgs/include/webots_ros2_msgs/webots_ros2_msgs/msg/detail/camera_recognition_objects__traits.hpp
[3.376s] -- Up-to-date: /home/vboxuser/ros2_main_ws/install/webots_ros2_msgs/include/webots_ros2_msgs/webots_ros2_msgs/msg/detail/urdf_robot__type_support.hpp
[3.381s] -- Up-to-date: /home/vboxuser/ros2_main_ws/install/webots_ros2_msgs/include/webots_ros2_msgs/webots_ros2_msgs/msg/detail/string_stamped__builder.hpp
[3.381s] -- Up-to-date: /home/vboxuser/ros2_main_ws/install/webots_ros2_msgs/include/webots_ros2_msgs/webots_ros2_msgs/msg/detail/urdf_robot__struct.hpp
[3.381s] -- Up-to-date: /home/vboxuser/ros2_main_ws/install/webots_ros2_msgs/include/webots_ros2_msgs/webots_ros2_msgs/msg/detail/bool_stamped__traits.hpp
[3.381s] -- Up-to-date: /home/vboxuser/ros2_main_ws/install/webots_ros2_msgs/include/webots_ros2_msgs/webots_ros2_msgs/msg/detail/urdf_robot__traits.hpp
[3.382s] -- Up-to-date: /home/vboxuser/ros2_main_ws/install/webots_ros2_msgs/include/webots_ros2_msgs/webots_ros2_msgs/msg/detail/float_stamped__traits.hpp
[3.382s] -- Up-to-date: /home/vboxuser/ros2_main_ws/install/webots_ros2_msgs/include/webots_ros2_msgs/webots_ros2_msgs/msg/detail/bool_stamped__struct.hpp
[3.382s] -- Up-to-date: /home/vboxuser/ros2_main_ws/install/webots_ros2_msgs/include/webots_ros2_msgs/webots_ros2_msgs/msg/detail/camera_recognition_object__traits.hpp
[3.382s] -- Up-to-date: /home/vboxuser/ros2_main_ws/install/webots_ros2_msgs/include/webots_ros2_msgs/webots_ros2_msgs/msg/detail/string_stamped__struct.hpp
[3.382s] -- Up-to-date: /home/vboxuser/ros2_main_ws/install/webots_ros2_msgs/include/webots_ros2_msgs/webots_ros2_msgs/msg/detail/float_stamped__struct.hpp
[3.382s] -- Up-to-date: /home/vboxuser/ros2_main_ws/install/webots_ros2_msgs/include/webots_ros2_msgs/webots_ros2_msgs/msg/detail/pen_ink_properties__builder.hpp
[3.387s] -- Up-to-date: /home/vboxuser/ros2_main_ws/install/webots_ros2_msgs/include/webots_ros2_msgs/webots_ros2_msgs/msg/detail/camera_recognition_objects__struct.hpp
[3.388s] -- Up-to-date: /home/vboxuser/ros2_main_ws/install/webots_ros2_msgs/include/webots_ros2_msgs/webots_ros2_msgs/msg/detail/camera_recognition_objects__type_support.hpp
[3.388s] -- Up-to-date: /home/vboxuser/ros2_main_ws/install/webots_ros2_msgs/include/webots_ros2_msgs/webots_ros2_msgs/msg/detail/urdf_robot__builder.hpp
[3.388s] -- Up-to-date: /home/vboxuser/ros2_main_ws/install/webots_ros2_msgs/include/webots_ros2_msgs/webots_ros2_msgs/msg/detail/camera_recognition_object__struct.hpp
[3.388s] -- Up-to-date: /home/vboxuser/ros2_main_ws/install/webots_ros2_msgs/include/webots_ros2_msgs/webots_ros2_msgs/msg/detail/pen_ink_properties__traits.hpp
[3.388s] -- Up-to-date: /home/vboxuser/ros2_main_ws/install/webots_ros2_msgs/include/webots_ros2_msgs/webots_ros2_msgs/msg/pen_ink_properties.hpp
[3.388s] -- Up-to-date: /home/vboxuser/ros2_main_ws/install/webots_ros2_msgs/include/webots_ros2_msgs/webots_ros2_msgs/msg/camera_recognition_objects.hpp
[3.395s] -- Up-to-date: /home/vboxuser/ros2_main_ws/install/webots_ros2_msgs/include/webots_ros2_msgs/webots_ros2_msgs/msg/urdf_robot.hpp
[3.396s] -- Up-to-date: /home/vboxuser/ros2_main_ws/install/webots_ros2_msgs/include/webots_ros2_msgs/webots_ros2_msgs/srv
[3.396s] -- Up-to-date: /home/vboxuser/ros2_main_ws/install/webots_ros2_msgs/include/webots_ros2_msgs/webots_ros2_msgs/srv/spawn_node_from_string.hpp
[3.396s] -- Up-to-date: /home/vboxuser/ros2_main_ws/install/webots_ros2_msgs/include/webots_ros2_msgs/webots_ros2_msgs/srv/set_string.hpp
[3.396s] -- Up-to-date: /home/vboxuser/ros2_main_ws/install/webots_ros2_msgs/include/webots_ros2_msgs/webots_ros2_msgs/srv/spawn_urdf_robot.hpp
[3.396s] -- Up-to-date: /home/vboxuser/ros2_main_ws/install/webots_ros2_msgs/include/webots_ros2_msgs/webots_ros2_msgs/srv/emitter_send_string.hpp
[3.396s] -- Up-to-date: /home/vboxuser/ros2_main_ws/install/webots_ros2_msgs/include/webots_ros2_msgs/webots_ros2_msgs/srv/get_bool.hpp
[3.403s] -- Up-to-date: /home/vboxuser/ros2_main_ws/install/webots_ros2_msgs/include/webots_ros2_msgs/webots_ros2_msgs/srv/detail
[3.403s] -- Up-to-date: /home/vboxuser/ros2_main_ws/install/webots_ros2_msgs/include/webots_ros2_msgs/webots_ros2_msgs/srv/detail/spawn_node_from_string__traits.hpp
[3.403s] -- Up-to-date: /home/vboxuser/ros2_main_ws/install/webots_ros2_msgs/include/webots_ros2_msgs/webots_ros2_msgs/srv/detail/spawn_urdf_robot__traits.hpp
[3.403s] -- Up-to-date: /home/vboxuser/ros2_main_ws/install/webots_ros2_msgs/include/webots_ros2_msgs/webots_ros2_msgs/srv/detail/set_string__builder.hpp
[3.403s] -- Up-to-date: /home/vboxuser/ros2_main_ws/install/webots_ros2_msgs/include/webots_ros2_msgs/webots_ros2_msgs/srv/detail/get_bool__builder.hpp
[3.404s] -- Up-to-date: /home/vboxuser/ros2_main_ws/install/webots_ros2_msgs/include/webots_ros2_msgs/webots_ros2_msgs/srv/detail/get_bool__type_support.hpp
[3.404s] -- Up-to-date: /home/vboxuser/ros2_main_ws/install/webots_ros2_msgs/include/webots_ros2_msgs/webots_ros2_msgs/srv/detail/set_string__traits.hpp
[3.404s] -- Up-to-date: /home/vboxuser/ros2_main_ws/install/webots_ros2_msgs/include/webots_ros2_msgs/webots_ros2_msgs/srv/detail/emitter_send_string__struct.hpp
[3.404s] -- Up-to-date: /home/vboxuser/ros2_main_ws/install/webots_ros2_msgs/include/webots_ros2_msgs/webots_ros2_msgs/srv/detail/set_string__type_support.hpp
[3.404s] -- Up-to-date: /home/vboxuser/ros2_main_ws/install/webots_ros2_msgs/include/webots_ros2_msgs/webots_ros2_msgs/srv/detail/get_bool__traits.hpp
[3.404s] -- Up-to-date: /home/vboxuser/ros2_main_ws/install/webots_ros2_msgs/include/webots_ros2_msgs/webots_ros2_msgs/srv/detail/spawn_urdf_robot__struct.hpp
[3.404s] -- Up-to-date: /home/vboxuser/ros2_main_ws/install/webots_ros2_msgs/include/webots_ros2_msgs/webots_ros2_msgs/srv/detail/spawn_node_from_string__builder.hpp
[3.404s] -- Up-to-date: /home/vboxuser/ros2_main_ws/install/webots_ros2_msgs/include/webots_ros2_msgs/webots_ros2_msgs/srv/detail/get_bool__struct.hpp
[3.410s] -- Up-to-date: /home/vboxuser/ros2_main_ws/install/webots_ros2_msgs/include/webots_ros2_msgs/webots_ros2_msgs/srv/detail/spawn_urdf_robot__type_support.hpp
[3.410s] -- Up-to-date: /home/vboxuser/ros2_main_ws/install/webots_ros2_msgs/include/webots_ros2_msgs/webots_ros2_msgs/srv/detail/set_string__struct.hpp
[3.410s] -- Up-to-date: /home/vboxuser/ros2_main_ws/install/webots_ros2_msgs/include/webots_ros2_msgs/webots_ros2_msgs/srv/detail/emitter_send_string__type_support.hpp
[3.410s] -- Up-to-date: /home/vboxuser/ros2_main_ws/install/webots_ros2_msgs/include/webots_ros2_msgs/webots_ros2_msgs/srv/detail/spawn_node_from_string__struct.hpp
[3.410s] -- Up-to-date: /home/vboxuser/ros2_main_ws/install/webots_ros2_msgs/include/webots_ros2_msgs/webots_ros2_msgs/srv/detail/emitter_send_string__builder.hpp
[3.411s] -- Up-to-date: /home/vboxuser/ros2_main_ws/install/webots_ros2_msgs/include/webots_ros2_msgs/webots_ros2_msgs/srv/detail/spawn_urdf_robot__builder.hpp
[3.411s] -- Up-to-date: /home/vboxuser/ros2_main_ws/install/webots_ros2_msgs/include/webots_ros2_msgs/webots_ros2_msgs/srv/detail/spawn_node_from_string__type_support.hpp
[3.411s] -- Up-to-date: /home/vboxuser/ros2_main_ws/install/webots_ros2_msgs/include/webots_ros2_msgs/webots_ros2_msgs/srv/detail/emitter_send_string__traits.hpp
[3.411s] -- Up-to-date: /home/vboxuser/ros2_main_ws/install/webots_ros2_msgs/include/webots_ros2_msgs/webots_ros2_msgs
[3.411s] -- Up-to-date: /home/vboxuser/ros2_main_ws/install/webots_ros2_msgs/include/webots_ros2_msgs/webots_ros2_msgs/msg
[3.415s] -- Up-to-date: /home/vboxuser/ros2_main_ws/install/webots_ros2_msgs/include/webots_ros2_msgs/webots_ros2_msgs/msg/rosidl_typesupport_fastrtps_cpp__visibility_control.h
[3.418s] -- Up-to-date: /home/vboxuser/ros2_main_ws/install/webots_ros2_msgs/include/webots_ros2_msgs/webots_ros2_msgs/msg/detail
[3.418s] -- Up-to-date: /home/vboxuser/ros2_main_ws/install/webots_ros2_msgs/include/webots_ros2_msgs/webots_ros2_msgs/msg/detail/urdf_robot__rosidl_typesupport_fastrtps_cpp.hpp
[3.418s] -- Up-to-date: /home/vboxuser/ros2_main_ws/install/webots_ros2_msgs/include/webots_ros2_msgs/webots_ros2_msgs/msg/detail/dds_fastrtps
[3.422s] -- Up-to-date: /home/vboxuser/ros2_main_ws/install/webots_ros2_msgs/include/webots_ros2_msgs/webots_ros2_msgs/msg/detail/bool_stamped__rosidl_typesupport_fastrtps_cpp.hpp
[3.422s] -- Up-to-date: /home/vboxuser/ros2_main_ws/install/webots_ros2_msgs/include/webots_ros2_msgs/webots_ros2_msgs/msg/detail/camera_recognition_object__rosidl_typesupport_fastrtps_cpp.hpp
[3.422s] -- Up-to-date: /home/vboxuser/ros2_main_ws/install/webots_ros2_msgs/include/webots_ros2_msgs/webots_ros2_msgs/msg/detail/camera_recognition_objects__rosidl_typesupport_fastrtps_cpp.hpp
[3.422s] -- Up-to-date: /home/vboxuser/ros2_main_ws/install/webots_ros2_msgs/include/webots_ros2_msgs/webots_ros2_msgs/msg/detail/string_stamped__rosidl_typesupport_fastrtps_cpp.hpp
[3.423s] -- Up-to-date: /home/vboxuser/ros2_main_ws/install/webots_ros2_msgs/include/webots_ros2_msgs/webots_ros2_msgs/msg/detail/float_stamped__rosidl_typesupport_fastrtps_cpp.hpp
[3.423s] -- Up-to-date: /home/vboxuser/ros2_main_ws/install/webots_ros2_msgs/include/webots_ros2_msgs/webots_ros2_msgs/msg/detail/pen_ink_properties__rosidl_typesupport_fastrtps_cpp.hpp
[3.423s] -- Up-to-date: /home/vboxuser/ros2_main_ws/install/webots_ros2_msgs/include/webots_ros2_msgs/webots_ros2_msgs/srv
[3.423s] -- Up-to-date: /home/vboxuser/ros2_main_ws/install/webots_ros2_msgs/include/webots_ros2_msgs/webots_ros2_msgs/srv/detail
[3.423s] -- Up-to-date: /home/vboxuser/ros2_main_ws/install/webots_ros2_msgs/include/webots_ros2_msgs/webots_ros2_msgs/srv/detail/emitter_send_string__rosidl_typesupport_fastrtps_cpp.hpp
[3.428s] -- Up-to-date: /home/vboxuser/ros2_main_ws/install/webots_ros2_msgs/include/webots_ros2_msgs/webots_ros2_msgs/srv/detail/dds_fastrtps
[3.428s] -- Up-to-date: /home/vboxuser/ros2_main_ws/install/webots_ros2_msgs/include/webots_ros2_msgs/webots_ros2_msgs/srv/detail/set_string__rosidl_typesupport_fastrtps_cpp.hpp
[3.428s] -- Up-to-date: /home/vboxuser/ros2_main_ws/install/webots_ros2_msgs/include/webots_ros2_msgs/webots_ros2_msgs/srv/detail/spawn_node_from_string__rosidl_typesupport_fastrtps_cpp.hpp
[3.428s] -- Up-to-date: /home/vboxuser/ros2_main_ws/install/webots_ros2_msgs/include/webots_ros2_msgs/webots_ros2_msgs/srv/detail/get_bool__rosidl_typesupport_fastrtps_cpp.hpp
[3.429s] -- Up-to-date: /home/vboxuser/ros2_main_ws/install/webots_ros2_msgs/include/webots_ros2_msgs/webots_ros2_msgs/srv/detail/spawn_urdf_robot__rosidl_typesupport_fastrtps_cpp.hpp
[3.429s] -- Up-to-date: /home/vboxuser/ros2_main_ws/install/webots_ros2_msgs/lib/libwebots_ros2_msgs__rosidl_typesupport_fastrtps_cpp.so
[3.429s] -- Up-to-date: /home/vboxuser/ros2_main_ws/install/webots_ros2_msgs/include/webots_ros2_msgs/webots_ros2_msgs
[3.429s] -- Up-to-date: /home/vboxuser/ros2_main_ws/install/webots_ros2_msgs/include/webots_ros2_msgs/webots_ros2_msgs/msg
[3.429s] -- Up-to-date: /home/vboxuser/ros2_main_ws/install/webots_ros2_msgs/include/webots_ros2_msgs/webots_ros2_msgs/msg/rosidl_typesupport_introspection_c__visibility_control.h
[3.434s] -- Up-to-date: /home/vboxuser/ros2_main_ws/install/webots_ros2_msgs/include/webots_ros2_msgs/webots_ros2_msgs/msg/detail
[3.434s] -- Up-to-date: /home/vboxuser/ros2_main_ws/install/webots_ros2_msgs/include/webots_ros2_msgs/webots_ros2_msgs/msg/detail/urdf_robot__rosidl_typesupport_introspection_c.h
[3.434s] -- Installing: /home/vboxuser/ros2_main_ws/install/webots_ros2_msgs/include/webots_ros2_msgs/webots_ros2_msgs/msg/detail/bool_stamped__type_support.c
[3.434s] -- Up-to-date: /home/vboxuser/ros2_main_ws/install/webots_ros2_msgs/include/webots_ros2_msgs/webots_ros2_msgs/msg/detail/pen_ink_properties__rosidl_typesupport_introspection_c.h
[3.437s] -- Installing: /home/vboxuser/ros2_main_ws/install/webots_ros2_msgs/include/webots_ros2_msgs/webots_ros2_msgs/msg/detail/urdf_robot__type_support.c
[3.437s] -- Up-to-date: /home/vboxuser/ros2_main_ws/install/webots_ros2_msgs/include/webots_ros2_msgs/webots_ros2_msgs/msg/detail/float_stamped__rosidl_typesupport_introspection_c.h
[3.444s] -- Up-to-date: /home/vboxuser/ros2_main_ws/install/webots_ros2_msgs/include/webots_ros2_msgs/webots_ros2_msgs/msg/detail/camera_recognition_objects__rosidl_typesupport_introspection_c.h
[3.444s] -- Installing: /home/vboxuser/ros2_main_ws/install/webots_ros2_msgs/include/webots_ros2_msgs/webots_ros2_msgs/msg/detail/float_stamped__type_support.c
[3.444s] -- Up-to-date: /home/vboxuser/ros2_main_ws/install/webots_ros2_msgs/include/webots_ros2_msgs/webots_ros2_msgs/msg/detail/string_stamped__rosidl_typesupport_introspection_c.h
[3.445s] -- Installing: /home/vboxuser/ros2_main_ws/install/webots_ros2_msgs/include/webots_ros2_msgs/webots_ros2_msgs/msg/detail/camera_recognition_objects__type_support.c
[3.445s] -- Installing: /home/vboxuser/ros2_main_ws/install/webots_ros2_msgs/include/webots_ros2_msgs/webots_ros2_msgs/msg/detail/pen_ink_properties__type_support.c
[3.445s] -- Installing: /home/vboxuser/ros2_main_ws/install/webots_ros2_msgs/include/webots_ros2_msgs/webots_ros2_msgs/msg/detail/string_stamped__type_support.c
[3.445s] -- Installing: /home/vboxuser/ros2_main_ws/install/webots_ros2_msgs/include/webots_ros2_msgs/webots_ros2_msgs/msg/detail/camera_recognition_object__type_support.c
[3.445s] -- Up-to-date: /home/vboxuser/ros2_main_ws/install/webots_ros2_msgs/include/webots_ros2_msgs/webots_ros2_msgs/msg/detail/camera_recognition_object__rosidl_typesupport_introspection_c.h
[3.450s] -- Up-to-date: /home/vboxuser/ros2_main_ws/install/webots_ros2_msgs/include/webots_ros2_msgs/webots_ros2_msgs/msg/detail/bool_stamped__rosidl_typesupport_introspection_c.h
[3.450s] -- Up-to-date: /home/vboxuser/ros2_main_ws/install/webots_ros2_msgs/include/webots_ros2_msgs/webots_ros2_msgs/srv
[3.450s] -- Up-to-date: /home/vboxuser/ros2_main_ws/install/webots_ros2_msgs/include/webots_ros2_msgs/webots_ros2_msgs/srv/detail
[3.450s] -- Installing: /home/vboxuser/ros2_main_ws/install/webots_ros2_msgs/include/webots_ros2_msgs/webots_ros2_msgs/srv/detail/get_bool__type_support.c
[3.450s] -- Installing: /home/vboxuser/ros2_main_ws/install/webots_ros2_msgs/include/webots_ros2_msgs/webots_ros2_msgs/srv/detail/set_string__type_support.c
[3.450s] -- Installing: /home/vboxuser/ros2_main_ws/install/webots_ros2_msgs/include/webots_ros2_msgs/webots_ros2_msgs/srv/detail/spawn_urdf_robot__type_support.c
[3.451s] -- Up-to-date: /home/vboxuser/ros2_main_ws/install/webots_ros2_msgs/include/webots_ros2_msgs/webots_ros2_msgs/srv/detail/set_string__rosidl_typesupport_introspection_c.h
[3.451s] -- Up-to-date: /home/vboxuser/ros2_main_ws/install/webots_ros2_msgs/include/webots_ros2_msgs/webots_ros2_msgs/srv/detail/emitter_send_string__rosidl_typesupport_introspection_c.h
[3.451s] -- Up-to-date: /home/vboxuser/ros2_main_ws/install/webots_ros2_msgs/include/webots_ros2_msgs/webots_ros2_msgs/srv/detail/spawn_node_from_string__rosidl_typesupport_introspection_c.h
[3.456s] -- Up-to-date: /home/vboxuser/ros2_main_ws/install/webots_ros2_msgs/include/webots_ros2_msgs/webots_ros2_msgs/srv/detail/get_bool__rosidl_typesupport_introspection_c.h
[3.456s] -- Installing: /home/vboxuser/ros2_main_ws/install/webots_ros2_msgs/include/webots_ros2_msgs/webots_ros2_msgs/srv/detail/spawn_node_from_string__type_support.c
[3.456s] -- Installing: /home/vboxuser/ros2_main_ws/install/webots_ros2_msgs/include/webots_ros2_msgs/webots_ros2_msgs/srv/detail/emitter_send_string__type_support.c
[3.456s] -- Up-to-date: /home/vboxuser/ros2_main_ws/install/webots_ros2_msgs/include/webots_ros2_msgs/webots_ros2_msgs/srv/detail/spawn_urdf_robot__rosidl_typesupport_introspection_c.h
[3.456s] -- Up-to-date: /home/vboxuser/ros2_main_ws/install/webots_ros2_msgs/lib/libwebots_ros2_msgs__rosidl_typesupport_introspection_c.so
[3.457s] -- Up-to-date: /home/vboxuser/ros2_main_ws/install/webots_ros2_msgs/lib/libwebots_ros2_msgs__rosidl_typesupport_c.so
[3.457s] -- Up-to-date: /home/vboxuser/ros2_main_ws/install/webots_ros2_msgs/include/webots_ros2_msgs/webots_ros2_msgs
[3.457s] -- Up-to-date: /home/vboxuser/ros2_main_ws/install/webots_ros2_msgs/include/webots_ros2_msgs/webots_ros2_msgs/msg
[3.457s] -- Up-to-date: /home/vboxuser/ros2_main_ws/install/webots_ros2_msgs/include/webots_ros2_msgs/webots_ros2_msgs/msg/detail
[3.457s] -- Up-to-date: /home/vboxuser/ros2_main_ws/install/webots_ros2_msgs/include/webots_ros2_msgs/webots_ros2_msgs/msg/detail/string_stamped__type_support.cpp
[3.457s] -- Up-to-date: /home/vboxuser/ros2_main_ws/install/webots_ros2_msgs/include/webots_ros2_msgs/webots_ros2_msgs/msg/detail/camera_recognition_object__type_support.cpp
[3.463s] -- Up-to-date: /home/vboxuser/ros2_main_ws/install/webots_ros2_msgs/include/webots_ros2_msgs/webots_ros2_msgs/msg/detail/camera_recognition_object__rosidl_typesupport_introspection_cpp.hpp
[3.463s] -- Up-to-date: /home/vboxuser/ros2_main_ws/install/webots_ros2_msgs/include/webots_ros2_msgs/webots_ros2_msgs/msg/detail/float_stamped__type_support.cpp
[3.464s] -- Up-to-date: /home/vboxuser/ros2_main_ws/install/webots_ros2_msgs/include/webots_ros2_msgs/webots_ros2_msgs/msg/detail/pen_ink_properties__type_support.cpp
[3.464s] -- Up-to-date: /home/vboxuser/ros2_main_ws/install/webots_ros2_msgs/include/webots_ros2_msgs/webots_ros2_msgs/msg/detail/urdf_robot__rosidl_typesupport_introspection_cpp.hpp
[3.464s] -- Up-to-date: /home/vboxuser/ros2_main_ws/install/webots_ros2_msgs/include/webots_ros2_msgs/webots_ros2_msgs/msg/detail/pen_ink_properties__rosidl_typesupport_introspection_cpp.hpp
[3.464s] -- Up-to-date: /home/vboxuser/ros2_main_ws/install/webots_ros2_msgs/include/webots_ros2_msgs/webots_ros2_msgs/msg/detail/camera_recognition_objects__rosidl_typesupport_introspection_cpp.hpp
[3.464s] -- Up-to-date: /home/vboxuser/ros2_main_ws/install/webots_ros2_msgs/include/webots_ros2_msgs/webots_ros2_msgs/msg/detail/string_stamped__rosidl_typesupport_introspection_cpp.hpp
[3.464s] -- Up-to-date: /home/vboxuser/ros2_main_ws/install/webots_ros2_msgs/include/webots_ros2_msgs/webots_ros2_msgs/msg/detail/bool_stamped__rosidl_typesupport_introspection_cpp.hpp
[3.464s] -- Up-to-date: /home/vboxuser/ros2_main_ws/install/webots_ros2_msgs/include/webots_ros2_msgs/webots_ros2_msgs/msg/detail/camera_recognition_objects__type_support.cpp
[3.471s] -- Up-to-date: /home/vboxuser/ros2_main_ws/install/webots_ros2_msgs/include/webots_ros2_msgs/webots_ros2_msgs/msg/detail/bool_stamped__type_support.cpp
[3.471s] -- Up-to-date: /home/vboxuser/ros2_main_ws/install/webots_ros2_msgs/include/webots_ros2_msgs/webots_ros2_msgs/msg/detail/float_stamped__rosidl_typesupport_introspection_cpp.hpp
[3.471s] -- Up-to-date: /home/vboxuser/ros2_main_ws/install/webots_ros2_msgs/include/webots_ros2_msgs/webots_ros2_msgs/msg/detail/urdf_robot__type_support.cpp
[3.471s] -- Up-to-date: /home/vboxuser/ros2_main_ws/install/webots_ros2_msgs/include/webots_ros2_msgs/webots_ros2_msgs/srv
[3.472s] -- Up-to-date: /home/vboxuser/ros2_main_ws/install/webots_ros2_msgs/include/webots_ros2_msgs/webots_ros2_msgs/srv/detail
[3.472s] -- Up-to-date: /home/vboxuser/ros2_main_ws/install/webots_ros2_msgs/include/webots_ros2_msgs/webots_ros2_msgs/srv/detail/get_bool__rosidl_typesupport_introspection_cpp.hpp
[3.472s] -- Up-to-date: /home/vboxuser/ros2_main_ws/install/webots_ros2_msgs/include/webots_ros2_msgs/webots_ros2_msgs/srv/detail/emitter_send_string__type_support.cpp
[3.472s] -- Up-to-date: /home/vboxuser/ros2_main_ws/install/webots_ros2_msgs/include/webots_ros2_msgs/webots_ros2_msgs/srv/detail/spawn_urdf_robot__type_support.cpp
[3.472s] -- Up-to-date: /home/vboxuser/ros2_main_ws/install/webots_ros2_msgs/include/webots_ros2_msgs/webots_ros2_msgs/srv/detail/get_bool__type_support.cpp
[3.472s] -- Up-to-date: /home/vboxuser/ros2_main_ws/install/webots_ros2_msgs/include/webots_ros2_msgs/webots_ros2_msgs/srv/detail/set_string__type_support.cpp
[3.472s] -- Up-to-date: /home/vboxuser/ros2_main_ws/install/webots_ros2_msgs/include/webots_ros2_msgs/webots_ros2_msgs/srv/detail/emitter_send_string__rosidl_typesupport_introspection_cpp.hpp
[3.478s] -- Up-to-date: /home/vboxuser/ros2_main_ws/install/webots_ros2_msgs/include/webots_ros2_msgs/webots_ros2_msgs/srv/detail/spawn_urdf_robot__rosidl_typesupport_introspection_cpp.hpp
[3.478s] -- Up-to-date: /home/vboxuser/ros2_main_ws/install/webots_ros2_msgs/include/webots_ros2_msgs/webots_ros2_msgs/srv/detail/set_string__rosidl_typesupport_introspection_cpp.hpp
[3.478s] -- Up-to-date: /home/vboxuser/ros2_main_ws/install/webots_ros2_msgs/include/webots_ros2_msgs/webots_ros2_msgs/srv/detail/spawn_node_from_string__type_support.cpp
[3.478s] -- Up-to-date: /home/vboxuser/ros2_main_ws/install/webots_ros2_msgs/include/webots_ros2_msgs/webots_ros2_msgs/srv/detail/spawn_node_from_string__rosidl_typesupport_introspection_cpp.hpp
[3.478s] -- Up-to-date: /home/vboxuser/ros2_main_ws/install/webots_ros2_msgs/lib/libwebots_ros2_msgs__rosidl_typesupport_introspection_cpp.so
[3.478s] -- Up-to-date: /home/vboxuser/ros2_main_ws/install/webots_ros2_msgs/lib/libwebots_ros2_msgs__rosidl_typesupport_cpp.so
[3.479s] -- Up-to-date: /home/vboxuser/ros2_main_ws/install/webots_ros2_msgs/share/webots_ros2_msgs/environment/pythonpath.sh
[3.479s] -- Up-to-date: /home/vboxuser/ros2_main_ws/install/webots_ros2_msgs/share/webots_ros2_msgs/environment/pythonpath.dsv
[3.479s] -- Up-to-date: /home/vboxuser/ros2_main_ws/install/webots_ros2_msgs/lib/python3.12/site-packages/webots_ros2_msgs-2023.1.3-py3.12.egg-info
[3.479s] -- Installing: /home/vboxuser/ros2_main_ws/install/webots_ros2_msgs/lib/python3.12/site-packages/webots_ros2_msgs-2023.1.3-py3.12.egg-info/PKG-INFO
[3.479s] -- Installing: /home/vboxuser/ros2_main_ws/install/webots_ros2_msgs/lib/python3.12/site-packages/webots_ros2_msgs-2023.1.3-py3.12.egg-info/top_level.txt
[3.479s] -- Installing: /home/vboxuser/ros2_main_ws/install/webots_ros2_msgs/lib/python3.12/site-packages/webots_ros2_msgs-2023.1.3-py3.12.egg-info/dependency_links.txt
[3.479s] -- Installing: /home/vboxuser/ros2_main_ws/install/webots_ros2_msgs/lib/python3.12/site-packages/webots_ros2_msgs-2023.1.3-py3.12.egg-info/SOURCES.txt
[3.481s] -- Up-to-date: /home/vboxuser/ros2_main_ws/install/webots_ros2_msgs/lib/python3.12/site-packages/webots_ros2_msgs
[3.481s] -- Up-to-date: /home/vboxuser/ros2_main_ws/install/webots_ros2_msgs/lib/python3.12/site-packages/webots_ros2_msgs/__init__.py
[3.485s] -- Up-to-date: /home/vboxuser/ros2_main_ws/install/webots_ros2_msgs/lib/python3.12/site-packages/webots_ros2_msgs/_webots_ros2_msgs_s.ep.rosidl_typesupport_introspection_c.c
[3.488s] -- Up-to-date: /home/vboxuser/ros2_main_ws/install/webots_ros2_msgs/lib/python3.12/site-packages/webots_ros2_msgs/webots_ros2_msgs_s__rosidl_typesupport_c.so
[3.490s] -- Up-to-date: /home/vboxuser/ros2_main_ws/install/webots_ros2_msgs/lib/python3.12/site-packages/webots_ros2_msgs/webots_ros2_msgs_s__rosidl_typesupport_introspection_c.so
[3.490s] -- Up-to-date: /home/vboxuser/ros2_main_ws/install/webots_ros2_msgs/lib/python3.12/site-packages/webots_ros2_msgs/_webots_ros2_msgs_s.ep.rosidl_typesupport_fastrtps_c.c
[3.490s] -- Up-to-date: /home/vboxuser/ros2_main_ws/install/webots_ros2_msgs/lib/python3.12/site-packages/webots_ros2_msgs/msg
[3.490s] -- Up-to-date: /home/vboxuser/ros2_main_ws/install/webots_ros2_msgs/lib/python3.12/site-packages/webots_ros2_msgs/msg/_float_stamped.py
[3.490s] -- Up-to-date: /home/vboxuser/ros2_main_ws/install/webots_ros2_msgs/lib/python3.12/site-packages/webots_ros2_msgs/msg/__init__.py
[3.490s] -- Up-to-date: /home/vboxuser/ros2_main_ws/install/webots_ros2_msgs/lib/python3.12/site-packages/webots_ros2_msgs/msg/_camera_recognition_object_s.c
[3.493s] -- Up-to-date: /home/vboxuser/ros2_main_ws/install/webots_ros2_msgs/lib/python3.12/site-packages/webots_ros2_msgs/msg/_pen_ink_properties_s.c
[3.493s] -- Up-to-date: /home/vboxuser/ros2_main_ws/install/webots_ros2_msgs/lib/python3.12/site-packages/webots_ros2_msgs/msg/_camera_recognition_object.py
[3.493s] -- Up-to-date: /home/vboxuser/ros2_main_ws/install/webots_ros2_msgs/lib/python3.12/site-packages/webots_ros2_msgs/msg/_camera_recognition_objects.py
[3.496s] -- Up-to-date: /home/vboxuser/ros2_main_ws/install/webots_ros2_msgs/lib/python3.12/site-packages/webots_ros2_msgs/msg/_string_stamped.py
[3.496s] -- Up-to-date: /home/vboxuser/ros2_main_ws/install/webots_ros2_msgs/lib/python3.12/site-packages/webots_ros2_msgs/msg/_urdf_robot.py
[3.496s] -- Up-to-date: /home/vboxuser/ros2_main_ws/install/webots_ros2_msgs/lib/python3.12/site-packages/webots_ros2_msgs/msg/_string_stamped_s.c
[3.497s] -- Up-to-date: /home/vboxuser/ros2_main_ws/install/webots_ros2_msgs/lib/python3.12/site-packages/webots_ros2_msgs/msg/_urdf_robot_s.c
[3.497s] -- Up-to-date: /home/vboxuser/ros2_main_ws/install/webots_ros2_msgs/lib/python3.12/site-packages/webots_ros2_msgs/msg/_camera_recognition_objects_s.c
[3.497s] -- Up-to-date: /home/vboxuser/ros2_main_ws/install/webots_ros2_msgs/lib/python3.12/site-packages/webots_ros2_msgs/msg/_pen_ink_properties.py
[3.497s] -- Up-to-date: /home/vboxuser/ros2_main_ws/install/webots_ros2_msgs/lib/python3.12/site-packages/webots_ros2_msgs/msg/_float_stamped_s.c
[3.497s] -- Up-to-date: /home/vboxuser/ros2_main_ws/install/webots_ros2_msgs/lib/python3.12/site-packages/webots_ros2_msgs/msg/_bool_stamped.py
[3.502s] -- Up-to-date: /home/vboxuser/ros2_main_ws/install/webots_ros2_msgs/lib/python3.12/site-packages/webots_ros2_msgs/msg/_bool_stamped_s.c
[3.502s] -- Up-to-date: /home/vboxuser/ros2_main_ws/install/webots_ros2_msgs/lib/python3.12/site-packages/webots_ros2_msgs/srv
[3.502s] -- Up-to-date: /home/vboxuser/ros2_main_ws/install/webots_ros2_msgs/lib/python3.12/site-packages/webots_ros2_msgs/srv/_spawn_node_from_string_s.c
[3.502s] -- Up-to-date: /home/vboxuser/ros2_main_ws/install/webots_ros2_msgs/lib/python3.12/site-packages/webots_ros2_msgs/srv/_emitter_send_string_s.c
[3.502s] -- Up-to-date: /home/vboxuser/ros2_main_ws/install/webots_ros2_msgs/lib/python3.12/site-packages/webots_ros2_msgs/srv/__init__.py
[3.503s] -- Up-to-date: /home/vboxuser/ros2_main_ws/install/webots_ros2_msgs/lib/python3.12/site-packages/webots_ros2_msgs/srv/_spawn_node_from_string.py
[3.503s] -- Up-to-date: /home/vboxuser/ros2_main_ws/install/webots_ros2_msgs/lib/python3.12/site-packages/webots_ros2_msgs/srv/_emitter_send_string.py
[3.503s] -- Up-to-date: /home/vboxuser/ros2_main_ws/install/webots_ros2_msgs/lib/python3.12/site-packages/webots_ros2_msgs/srv/_get_bool.py
[3.503s] -- Up-to-date: /home/vboxuser/ros2_main_ws/install/webots_ros2_msgs/lib/python3.12/site-packages/webots_ros2_msgs/srv/_get_bool_s.c
[3.503s] -- Up-to-date: /home/vboxuser/ros2_main_ws/install/webots_ros2_msgs/lib/python3.12/site-packages/webots_ros2_msgs/srv/_spawn_urdf_robot.py
[3.509s] -- Up-to-date: /home/vboxuser/ros2_main_ws/install/webots_ros2_msgs/lib/python3.12/site-packages/webots_ros2_msgs/srv/_set_string_s.c
[3.509s] -- Up-to-date: /home/vboxuser/ros2_main_ws/install/webots_ros2_msgs/lib/python3.12/site-packages/webots_ros2_msgs/srv/_set_string.py
[3.509s] -- Up-to-date: /home/vboxuser/ros2_main_ws/install/webots_ros2_msgs/lib/python3.12/site-packages/webots_ros2_msgs/srv/_spawn_urdf_robot_s.c
[3.509s] -- Up-to-date: /home/vboxuser/ros2_main_ws/install/webots_ros2_msgs/lib/python3.12/site-packages/webots_ros2_msgs/webots_ros2_msgs_s__rosidl_typesupport_fastrtps_c.so
[3.509s] -- Up-to-date: /home/vboxuser/ros2_main_ws/install/webots_ros2_msgs/lib/python3.12/site-packages/webots_ros2_msgs/_webots_ros2_msgs_s.ep.rosidl_typesupport_c.c
[3.643s] Listing '/home/vboxuser/ros2_main_ws/install/webots_ros2_msgs/lib/python3.12/site-packages/webots_ros2_msgs'...
[3.643s] Listing '/home/vboxuser/ros2_main_ws/install/webots_ros2_msgs/lib/python3.12/site-packages/webots_ros2_msgs/msg'...
[3.643s] Listing '/home/vboxuser/ros2_main_ws/install/webots_ros2_msgs/lib/python3.12/site-packages/webots_ros2_msgs/srv'...
[3.675s] -- Up-to-date: /home/vboxuser/ros2_main_ws/install/webots_ros2_msgs/lib/python3.12/site-packages/webots_ros2_msgs/webots_ros2_msgs_s__rosidl_typesupport_fastrtps_c.so
[3.676s] -- Up-to-date: /home/vboxuser/ros2_main_ws/install/webots_ros2_msgs/lib/python3.12/site-packages/webots_ros2_msgs/webots_ros2_msgs_s__rosidl_typesupport_introspection_c.so
[3.677s] -- Up-to-date: /home/vboxuser/ros2_main_ws/install/webots_ros2_msgs/lib/python3.12/site-packages/webots_ros2_msgs/webots_ros2_msgs_s__rosidl_typesupport_c.so
[3.681s] -- Up-to-date: /home/vboxuser/ros2_main_ws/install/webots_ros2_msgs/lib/libwebots_ros2_msgs__rosidl_generator_py.so
[3.684s] -- Up-to-date: /home/vboxuser/ros2_main_ws/install/webots_ros2_msgs/share/webots_ros2_msgs/msg/BoolStamped.idl
[3.684s] -- Up-to-date: /home/vboxuser/ros2_main_ws/install/webots_ros2_msgs/share/webots_ros2_msgs/msg/FloatStamped.idl
[3.684s] -- Up-to-date: /home/vboxuser/ros2_main_ws/install/webots_ros2_msgs/share/webots_ros2_msgs/msg/StringStamped.idl
[3.684s] -- Up-to-date: /home/vboxuser/ros2_main_ws/install/webots_ros2_msgs/share/webots_ros2_msgs/msg/CameraRecognitionObject.idl
[3.688s] -- Up-to-date: /home/vboxuser/ros2_main_ws/install/webots_ros2_msgs/share/webots_ros2_msgs/msg/CameraRecognitionObjects.idl
[3.688s] -- Up-to-date: /home/vboxuser/ros2_main_ws/install/webots_ros2_msgs/share/webots_ros2_msgs/msg/UrdfRobot.idl
[3.688s] -- Up-to-date: /home/vboxuser/ros2_main_ws/install/webots_ros2_msgs/share/webots_ros2_msgs/msg/PenInkProperties.idl
[3.688s] -- Up-to-date: /home/vboxuser/ros2_main_ws/install/webots_ros2_msgs/share/webots_ros2_msgs/srv/EmitterSendString.idl
[3.688s] -- Up-to-date: /home/vboxuser/ros2_main_ws/install/webots_ros2_msgs/share/webots_ros2_msgs/srv/GetBool.idl
[3.689s] -- Up-to-date: /home/vboxuser/ros2_main_ws/install/webots_ros2_msgs/share/webots_ros2_msgs/srv/SetString.idl
[3.689s] -- Up-to-date: /home/vboxuser/ros2_main_ws/install/webots_ros2_msgs/share/webots_ros2_msgs/srv/SpawnNodeFromString.idl
[3.689s] -- Up-to-date: /home/vboxuser/ros2_main_ws/install/webots_ros2_msgs/share/webots_ros2_msgs/srv/SpawnUrdfRobot.idl
[3.689s] -- Up-to-date: /home/vboxuser/ros2_main_ws/install/webots_ros2_msgs/share/webots_ros2_msgs/msg/BoolStamped.msg
[3.689s] -- Up-to-date: /home/vboxuser/ros2_main_ws/install/webots_ros2_msgs/share/webots_ros2_msgs/msg/FloatStamped.msg
[3.693s] -- Up-to-date: /home/vboxuser/ros2_main_ws/install/webots_ros2_msgs/share/webots_ros2_msgs/msg/StringStamped.msg
[3.694s] -- Up-to-date: /home/vboxuser/ros2_main_ws/install/webots_ros2_msgs/share/webots_ros2_msgs/msg/CameraRecognitionObject.msg
[3.694s] -- Up-to-date: /home/vboxuser/ros2_main_ws/install/webots_ros2_msgs/share/webots_ros2_msgs/msg/CameraRecognitionObjects.msg
[3.694s] -- Up-to-date: /home/vboxuser/ros2_main_ws/install/webots_ros2_msgs/share/webots_ros2_msgs/msg/UrdfRobot.msg
[3.699s] -- Up-to-date: /home/vboxuser/ros2_main_ws/install/webots_ros2_msgs/share/webots_ros2_msgs/msg/PenInkProperties.msg
[3.699s] -- Up-to-date: /home/vboxuser/ros2_main_ws/install/webots_ros2_msgs/share/webots_ros2_msgs/srv/EmitterSendString.srv
[3.699s] -- Up-to-date: /home/vboxuser/ros2_main_ws/install/webots_ros2_msgs/share/webots_ros2_msgs/srv/GetBool.srv
[3.699s] -- Up-to-date: /home/vboxuser/ros2_main_ws/install/webots_ros2_msgs/share/webots_ros2_msgs/srv/SetString.srv
[3.699s] -- Up-to-date: /home/vboxuser/ros2_main_ws/install/webots_ros2_msgs/share/webots_ros2_msgs/srv/SpawnNodeFromString.srv
[3.701s] -- Up-to-date: /home/vboxuser/ros2_main_ws/install/webots_ros2_msgs/share/webots_ros2_msgs/srv/SpawnUrdfRobot.srv
[3.702s] -- Up-to-date: /home/vboxuser/ros2_main_ws/install/webots_ros2_msgs/share/ament_index/resource_index/package_run_dependencies/webots_ros2_msgs
[3.702s] -- Up-to-date: /home/vboxuser/ros2_main_ws/install/webots_ros2_msgs/share/ament_index/resource_index/parent_prefix_path/webots_ros2_msgs
[3.702s] -- Up-to-date: /home/vboxuser/ros2_main_ws/install/webots_ros2_msgs/share/webots_ros2_msgs/environment/ament_prefix_path.sh
[3.705s] -- Up-to-date: /home/vboxuser/ros2_main_ws/install/webots_ros2_msgs/share/webots_ros2_msgs/environment/ament_prefix_path.dsv
[3.706s] -- Up-to-date: /home/vboxuser/ros2_main_ws/install/webots_ros2_msgs/share/webots_ros2_msgs/environment/path.sh
[3.706s] -- Up-to-date: /home/vboxuser/ros2_main_ws/install/webots_ros2_msgs/share/webots_ros2_msgs/environment/path.dsv
[3.706s] -- Up-to-date: /home/vboxuser/ros2_main_ws/install/webots_ros2_msgs/share/webots_ros2_msgs/local_setup.bash
[3.706s] -- Up-to-date: /home/vboxuser/ros2_main_ws/install/webots_ros2_msgs/share/webots_ros2_msgs/local_setup.sh
[3.706s] -- Up-to-date: /home/vboxuser/ros2_main_ws/install/webots_ros2_msgs/share/webots_ros2_msgs/local_setup.zsh
[3.707s] -- Up-to-date: /home/vboxuser/ros2_main_ws/install/webots_ros2_msgs/share/webots_ros2_msgs/local_setup.dsv
[3.708s] -- Installing: /home/vboxuser/ros2_main_ws/install/webots_ros2_msgs/share/webots_ros2_msgs/package.dsv
[3.709s] -- Up-to-date: /home/vboxuser/ros2_main_ws/install/webots_ros2_msgs/share/ament_index/resource_index/packages/webots_ros2_msgs
[3.709s] -- Up-to-date: /home/vboxuser/ros2_main_ws/install/webots_ros2_msgs/share/webots_ros2_msgs/cmake/export_webots_ros2_msgs__rosidl_generator_cExport.cmake
[3.709s] -- Up-to-date: /home/vboxuser/ros2_main_ws/install/webots_ros2_msgs/share/webots_ros2_msgs/cmake/export_webots_ros2_msgs__rosidl_generator_cExport-noconfig.cmake
[3.709s] -- Up-to-date: /home/vboxuser/ros2_main_ws/install/webots_ros2_msgs/share/webots_ros2_msgs/cmake/export_webots_ros2_msgs__rosidl_typesupport_fastrtps_cExport.cmake
[3.709s] -- Up-to-date: /home/vboxuser/ros2_main_ws/install/webots_ros2_msgs/share/webots_ros2_msgs/cmake/export_webots_ros2_msgs__rosidl_typesupport_fastrtps_cExport-noconfig.cmake
[3.715s] -- Up-to-date: /home/vboxuser/ros2_main_ws/install/webots_ros2_msgs/share/webots_ros2_msgs/cmake/export_webots_ros2_msgs__rosidl_generator_cppExport.cmake
[3.716s] -- Up-to-date: /home/vboxuser/ros2_main_ws/install/webots_ros2_msgs/share/webots_ros2_msgs/cmake/export_webots_ros2_msgs__rosidl_typesupport_fastrtps_cppExport.cmake
[3.720s] -- Up-to-date: /home/vboxuser/ros2_main_ws/install/webots_ros2_msgs/share/webots_ros2_msgs/cmake/export_webots_ros2_msgs__rosidl_typesupport_fastrtps_cppExport-noconfig.cmake
[3.724s] -- Up-to-date: /home/vboxuser/ros2_main_ws/install/webots_ros2_msgs/share/webots_ros2_msgs/cmake/webots_ros2_msgs__rosidl_typesupport_introspection_cExport.cmake
[3.724s] -- Up-to-date: /home/vboxuser/ros2_main_ws/install/webots_ros2_msgs/share/webots_ros2_msgs/cmake/webots_ros2_msgs__rosidl_typesupport_introspection_cExport-noconfig.cmake
[3.724s] -- Up-to-date: /home/vboxuser/ros2_main_ws/install/webots_ros2_msgs/share/webots_ros2_msgs/cmake/webots_ros2_msgs__rosidl_typesupport_cExport.cmake
[3.727s] -- Up-to-date: /home/vboxuser/ros2_main_ws/install/webots_ros2_msgs/share/webots_ros2_msgs/cmake/webots_ros2_msgs__rosidl_typesupport_cExport-noconfig.cmake
[3.727s] -- Up-to-date: /home/vboxuser/ros2_main_ws/install/webots_ros2_msgs/share/webots_ros2_msgs/cmake/webots_ros2_msgs__rosidl_typesupport_introspection_cppExport.cmake
[3.727s] -- Up-to-date: /home/vboxuser/ros2_main_ws/install/webots_ros2_msgs/share/webots_ros2_msgs/cmake/webots_ros2_msgs__rosidl_typesupport_introspection_cppExport-noconfig.cmake
[3.727s] -- Up-to-date: /home/vboxuser/ros2_main_ws/install/webots_ros2_msgs/share/webots_ros2_msgs/cmake/webots_ros2_msgs__rosidl_typesupport_cppExport.cmake
[3.731s] -- Up-to-date: /home/vboxuser/ros2_main_ws/install/webots_ros2_msgs/share/webots_ros2_msgs/cmake/webots_ros2_msgs__rosidl_typesupport_cppExport-noconfig.cmake
[3.731s] -- Up-to-date: /home/vboxuser/ros2_main_ws/install/webots_ros2_msgs/share/webots_ros2_msgs/cmake/export_webots_ros2_msgs__rosidl_generator_pyExport.cmake
[3.732s] -- Up-to-date: /home/vboxuser/ros2_main_ws/install/webots_ros2_msgs/share/webots_ros2_msgs/cmake/export_webots_ros2_msgs__rosidl_generator_pyExport-noconfig.cmake
[3.732s] -- Up-to-date: /home/vboxuser/ros2_main_ws/install/webots_ros2_msgs/share/webots_ros2_msgs/cmake/rosidl_cmake-extras.cmake
[3.739s] -- Up-to-date: /home/vboxuser/ros2_main_ws/install/webots_ros2_msgs/share/webots_ros2_msgs/cmake/ament_cmake_export_dependencies-extras.cmake
[3.740s] -- Up-to-date: /home/vboxuser/ros2_main_ws/install/webots_ros2_msgs/share/webots_ros2_msgs/cmake/ament_cmake_export_include_directories-extras.cmake
[3.740s] -- Up-to-date: /home/vboxuser/ros2_main_ws/install/webots_ros2_msgs/share/webots_ros2_msgs/cmake/ament_cmake_export_libraries-extras.cmake
[3.740s] -- Up-to-date: /home/vboxuser/ros2_main_ws/install/webots_ros2_msgs/share/webots_ros2_msgs/cmake/ament_cmake_export_targets-extras.cmake
[3.740s] -- Up-to-date: /home/vboxuser/ros2_main_ws/install/webots_ros2_msgs/share/webots_ros2_msgs/cmake/rosidl_cmake_export_typesupport_targets-extras.cmake
[3.740s] -- Up-to-date: /home/vboxuser/ros2_main_ws/install/webots_ros2_msgs/share/webots_ros2_msgs/cmake/rosidl_cmake_export_typesupport_libraries-extras.cmake
[3.741s] -- Up-to-date: /home/vboxuser/ros2_main_ws/install/webots_ros2_msgs/share/webots_ros2_msgs/cmake/webots_ros2_msgsConfig.cmake
[3.741s] -- Up-to-date: /home/vboxuser/ros2_main_ws/install/webots_ros2_msgs/share/webots_ros2_msgs/cmake/webots_ros2_msgsConfig-version.cmake
[3.741s] -- Up-to-date: /home/vboxuser/ros2_main_ws/install/webots_ros2_msgs/share/webots_ros2_msgs/package.xml
[3.750s] Invoked command in '/home/vboxuser/ros2_main_ws/build/webots_ros2_msgs' returned '0': CMAKE_PREFIX_PATH=${CMAKE_PREFIX_PATH}:/home/vboxuser/ros2_main_ws/install/webots_ros2:/home/vboxuser/ros2_main_ws/install/webots_ros2_universal_robot:/home/vboxuser/ros2_main_ws/install/webots_ros2_turtlebot:/home/vboxuser/ros2_main_ws/install/webots_ros2_tiago:/home/vboxuser/ros2_main_ws/install/webots_ros2_tests:/home/vboxuser/ros2_main_ws/install/webots_ros2_tesla:/home/vboxuser/ros2_main_ws/install/webots_ros2_mavic:/home/vboxuser/ros2_main_ws/install/webots_ros2_epuck:/home/vboxuser/ros2_main_ws/install/my_package:/home/vboxuser/ros2_main_ws/install/webots_ros2_importer:/opt/ros/jazzy DEBUGINFOD_URLS=https://debuginfod.ubuntu.com /usr/bin/cmake --install /home/vboxuser/ros2_main_ws/build/webots_ros2_msgs
