[5.064s] Invoking command in '/home/vboxuser/ros2_main_ws/src/webots_ros2/webots_ros2_epuck': AMENT_PREFIX_PATH=/home/vboxuser/ros2_main_ws/install/webots_ros2_importer:/home/vboxuser/ros2_main_ws/install/webots_ros2:/home/vboxuser/ros2_main_ws/install/webots_ros2_universal_robot:/home/vboxuser/ros2_main_ws/install/webots_ros2_turtlebot:/home/vboxuser/ros2_main_ws/install/webots_ros2_tiago:/home/vboxuser/ros2_main_ws/install/webots_ros2_tests:/home/vboxuser/ros2_main_ws/install/webots_ros2_tesla:/home/vboxuser/ros2_main_ws/install/webots_ros2_mavic:/home/vboxuser/ros2_main_ws/install/webots_ros2_epuck:/home/vboxuser/ros2_main_ws/install/webots_ros2_control:/home/vboxuser/ros2_main_ws/install/my_package:/home/vboxuser/ros2_main_ws/install/webots_ros2_driver:/home/vboxuser/ros2_main_ws/install/webots_ros2_msgs:/opt/ros/jazzy DEBUGINFOD_URLS=https://debuginfod.ubuntu.com PYTHONPATH=/home/vboxuser/ros2_main_ws/build/webots_ros2_epuck/prefix_override:/usr/lib/python3/dist-packages/colcon_core/task/python/colcon_distutils_commands:/home/vboxuser/ros2_main_ws/install/webots_ros2_epuck/lib/python3.12/site-packages:/home/vboxuser/ros2_main_ws/install/webots_ros2_driver/lib/python3.12/site-packages:/home/vboxuser/ros2_main_ws/install/webots_ros2_msgs/lib/python3.12/site-packages:/home/vboxuser/ros2_main_ws/install/webots_ros2_importer/lib/python3.12/site-packages:/home/vboxuser/ros2_main_ws/install/webots_ros2/lib/python3.12/site-packages:/home/vboxuser/ros2_main_ws/install/webots_ros2_universal_robot/lib/python3.12/site-packages:/home/vboxuser/ros2_main_ws/install/webots_ros2_turtlebot/lib/python3.12/site-packages:/home/vboxuser/ros2_main_ws/install/webots_ros2_tiago/lib/python3.12/site-packages:/home/vboxuser/ros2_main_ws/install/webots_ros2_tests/lib/python3.12/site-packages:/home/vboxuser/ros2_main_ws/install/webots_ros2_tesla/lib/python3.12/site-packages:/home/vboxuser/ros2_main_ws/install/webots_ros2_mavic/lib/python3.12/site-packages:/home/vboxuser/ros2_main_ws/install/webots_ros2_epuck/lib/python3.12/site-packages:/home/vboxuser/ros2_main_ws/install/my_package/lib/python3.12/site-packages:/opt/ros/jazzy/lib/python3.12/site-packages /usr/bin/python3 -W ignore:setup.py install is deprecated setup.py egg_info --egg-base ../../../build/webots_ros2_epuck build --build-base /home/vboxuser/ros2_main_ws/build/webots_ros2_epuck/build install --record /home/vboxuser/ros2_main_ws/build/webots_ros2_epuck/install.log --single-version-externally-managed install_data
[6.631s] running egg_info
[6.675s] writing ../../../build/webots_ros2_epuck/webots_ros2_epuck.egg-info/PKG-INFO
[6.677s] writing dependency_links to ../../../build/webots_ros2_epuck/webots_ros2_epuck.egg-info/dependency_links.txt
[6.677s] writing entry points to ../../../build/webots_ros2_epuck/webots_ros2_epuck.egg-info/entry_points.txt
[6.677s] writing requirements to ../../../build/webots_ros2_epuck/webots_ros2_epuck.egg-info/requires.txt
[6.678s] writing top-level names to ../../../build/webots_ros2_epuck/webots_ros2_epuck.egg-info/top_level.txt
[6.765s] reading manifest file '../../../build/webots_ros2_epuck/webots_ros2_epuck.egg-info/SOURCES.txt'
[6.773s] writing manifest file '../../../build/webots_ros2_epuck/webots_ros2_epuck.egg-info/SOURCES.txt'
[6.773s] running build
[6.773s] running build_py
[6.773s] running install
[6.795s] running install_lib
[6.854s] running install_data
[6.854s] running install_egg_info
[6.909s] removing '/home/vboxuser/ros2_main_ws/install/webots_ros2_epuck/lib/python3.12/site-packages/webots_ros2_epuck-2023.1.3-py3.12.egg-info' (and everything under it)
[6.914s] Copying ../../../build/webots_ros2_epuck/webots_ros2_epuck.egg-info to /home/vboxuser/ros2_main_ws/install/webots_ros2_epuck/lib/python3.12/site-packages/webots_ros2_epuck-2023.1.3-py3.12.egg-info
[6.916s] running install_scripts
[7.195s] Installing drive_calibrator script to /home/vboxuser/ros2_main_ws/install/webots_ros2_epuck/lib/webots_ros2_epuck
[7.197s] Installing epuck_node script to /home/vboxuser/ros2_main_ws/install/webots_ros2_epuck/lib/webots_ros2_epuck
[7.198s] Installing simple_mapper script to /home/vboxuser/ros2_main_ws/install/webots_ros2_epuck/lib/webots_ros2_epuck
[7.198s] writing list of installed files to '/home/vboxuser/ros2_main_ws/build/webots_ros2_epuck/install.log'
[7.267s] Invoked command in '/home/vboxuser/ros2_main_ws/src/webots_ros2/webots_ros2_epuck' returned '0': AMENT_PREFIX_PATH=/home/vboxuser/ros2_main_ws/install/webots_ros2_importer:/home/vboxuser/ros2_main_ws/install/webots_ros2:/home/vboxuser/ros2_main_ws/install/webots_ros2_universal_robot:/home/vboxuser/ros2_main_ws/install/webots_ros2_turtlebot:/home/vboxuser/ros2_main_ws/install/webots_ros2_tiago:/home/vboxuser/ros2_main_ws/install/webots_ros2_tests:/home/vboxuser/ros2_main_ws/install/webots_ros2_tesla:/home/vboxuser/ros2_main_ws/install/webots_ros2_mavic:/home/vboxuser/ros2_main_ws/install/webots_ros2_epuck:/home/vboxuser/ros2_main_ws/install/webots_ros2_control:/home/vboxuser/ros2_main_ws/install/my_package:/home/vboxuser/ros2_main_ws/install/webots_ros2_driver:/home/vboxuser/ros2_main_ws/install/webots_ros2_msgs:/opt/ros/jazzy DEBUGINFOD_URLS=https://debuginfod.ubuntu.com PYTHONPATH=/home/vboxuser/ros2_main_ws/build/webots_ros2_epuck/prefix_override:/usr/lib/python3/dist-packages/colcon_core/task/python/colcon_distutils_commands:/home/vboxuser/ros2_main_ws/install/webots_ros2_epuck/lib/python3.12/site-packages:/home/vboxuser/ros2_main_ws/install/webots_ros2_driver/lib/python3.12/site-packages:/home/vboxuser/ros2_main_ws/install/webots_ros2_msgs/lib/python3.12/site-packages:/home/vboxuser/ros2_main_ws/install/webots_ros2_importer/lib/python3.12/site-packages:/home/vboxuser/ros2_main_ws/install/webots_ros2/lib/python3.12/site-packages:/home/vboxuser/ros2_main_ws/install/webots_ros2_universal_robot/lib/python3.12/site-packages:/home/vboxuser/ros2_main_ws/install/webots_ros2_turtlebot/lib/python3.12/site-packages:/home/vboxuser/ros2_main_ws/install/webots_ros2_tiago/lib/python3.12/site-packages:/home/vboxuser/ros2_main_ws/install/webots_ros2_tests/lib/python3.12/site-packages:/home/vboxuser/ros2_main_ws/install/webots_ros2_tesla/lib/python3.12/site-packages:/home/vboxuser/ros2_main_ws/install/webots_ros2_mavic/lib/python3.12/site-packages:/home/vboxuser/ros2_main_ws/install/webots_ros2_epuck/lib/python3.12/site-packages:/home/vboxuser/ros2_main_ws/install/my_package/lib/python3.12/site-packages:/opt/ros/jazzy/lib/python3.12/site-packages /usr/bin/python3 -W ignore:setup.py install is deprecated setup.py egg_info --egg-base ../../../build/webots_ros2_epuck build --build-base /home/vboxuser/ros2_main_ws/build/webots_ros2_epuck/build install --record /home/vboxuser/ros2_main_ws/build/webots_ros2_epuck/install.log --single-version-externally-managed install_data
