[3.029s] Invoking command in '/home/vboxuser/ros2_main_ws/src/my_package': AMENT_PREFIX_PATH=/home/vboxuser/ros2_main_ws/install/webots_ros2_driver:/home/vboxuser/ros2_main_ws/install/webots_ros2_msgs:/home/vboxuser/ros2_main_ws/install/webots_ros2_importer:${AMENT_PREFIX_PATH} CMAKE_PREFIX_PATH=/home/vboxuser/ros2_main_ws/install/webots_ros2_driver:/home/vboxuser/ros2_main_ws/install/webots_ros2_msgs:${CMAKE_PREFIX_PATH} DEBUGINFOD_URLS=https://debuginfod.ubuntu.com LD_LIBRARY_PATH=/home/vboxuser/ros2_main_ws/install/webots_ros2_driver/lib:/home/vboxuser/ros2_main_ws/install/webots_ros2_msgs/lib:${LD_LIBRARY_PATH} PYTHONPATH=/home/vboxuser/ros2_main_ws/build/my_package/prefix_override:/usr/lib/python3/dist-packages/colcon_core/task/python/colcon_distutils_commands:/home/vboxuser/ros2_main_ws/install/my_package/lib/python3.12/site-packages:/home/vboxuser/ros2_main_ws/install/webots_ros2_driver/lib/python3.12/site-packages:/home/vboxuser/ros2_main_ws/install/webots_ros2_msgs/lib/python3.12/site-packages:/home/vboxuser/ros2_main_ws/install/webots_ros2_importer/lib/python3.12/site-packages:${PYTHONPATH} /usr/bin/python3 -W ignore:setup.py install is deprecated setup.py egg_info --egg-base ../../build/my_package build --build-base /home/vboxuser/ros2_main_ws/build/my_package/build install --record /home/vboxuser/ros2_main_ws/build/my_package/install.log --single-version-externally-managed install_data
[3.819s] running egg_info
[3.868s] writing ../../build/my_package/my_package.egg-info/PKG-INFO
[3.869s] writing dependency_links to ../../build/my_package/my_package.egg-info/dependency_links.txt
[3.869s] writing entry points to ../../build/my_package/my_package.egg-info/entry_points.txt
[3.872s] writing requirements to ../../build/my_package/my_package.egg-info/requires.txt
[3.874s] writing top-level names to ../../build/my_package/my_package.egg-info/top_level.txt
[3.997s] reading manifest file '../../build/my_package/my_package.egg-info/SOURCES.txt'
[4.003s] adding license file 'LICENSE'
[4.010s] writing manifest file '../../build/my_package/my_package.egg-info/SOURCES.txt'
[4.010s] running build
[4.010s] running build_py
[4.016s] running install
[4.075s] running install_lib
[4.157s] running install_data
[4.161s] running install_egg_info
[4.254s] removing '/home/vboxuser/ros2_main_ws/install/my_package/lib/python3.12/site-packages/my_package-0.0.0-py3.12.egg-info' (and everything under it)
[4.259s] Copying ../../build/my_package/my_package.egg-info to /home/vboxuser/ros2_main_ws/install/my_package/lib/python3.12/site-packages/my_package-0.0.0-py3.12.egg-info
[4.266s] running install_scripts
[4.584s] Installing my_robot_driver script to /home/vboxuser/ros2_main_ws/install/my_package/lib/my_package
[4.587s] writing list of installed files to '/home/vboxuser/ros2_main_ws/build/my_package/install.log'
[4.647s] Invoked command in '/home/vboxuser/ros2_main_ws/src/my_package' returned '0': AMENT_PREFIX_PATH=/home/vboxuser/ros2_main_ws/install/webots_ros2_driver:/home/vboxuser/ros2_main_ws/install/webots_ros2_msgs:/home/vboxuser/ros2_main_ws/install/webots_ros2_importer:${AMENT_PREFIX_PATH} CMAKE_PREFIX_PATH=/home/vboxuser/ros2_main_ws/install/webots_ros2_driver:/home/vboxuser/ros2_main_ws/install/webots_ros2_msgs:${CMAKE_PREFIX_PATH} DEBUGINFOD_URLS=https://debuginfod.ubuntu.com LD_LIBRARY_PATH=/home/vboxuser/ros2_main_ws/install/webots_ros2_driver/lib:/home/vboxuser/ros2_main_ws/install/webots_ros2_msgs/lib:${LD_LIBRARY_PATH} PYTHONPATH=/home/vboxuser/ros2_main_ws/build/my_package/prefix_override:/usr/lib/python3/dist-packages/colcon_core/task/python/colcon_distutils_commands:/home/vboxuser/ros2_main_ws/install/my_package/lib/python3.12/site-packages:/home/vboxuser/ros2_main_ws/install/webots_ros2_driver/lib/python3.12/site-packages:/home/vboxuser/ros2_main_ws/install/webots_ros2_msgs/lib/python3.12/site-packages:/home/vboxuser/ros2_main_ws/install/webots_ros2_importer/lib/python3.12/site-packages:${PYTHONPATH} /usr/bin/python3 -W ignore:setup.py install is deprecated setup.py egg_info --egg-base ../../build/my_package build --build-base /home/vboxuser/ros2_main_ws/build/my_package/build install --record /home/vboxuser/ros2_main_ws/build/my_package/install.log --single-version-externally-managed install_data
