[0.040s] Invoking command in '/home/vboxuser/ros2_main_ws/build/webots_ros2_control': AMENT_PREFIX_PATH=/home/vboxuser/ros2_main_ws/install/webots_ros2_driver:/home/vboxuser/ros2_main_ws/install/webots_ros2_msgs:/home/vboxuser/ros2_main_ws/install/webots_ros2_importer:${AMENT_PREFIX_PATH} CMAKE_PREFIX_PATH=/home/vboxuser/ros2_main_ws/install/webots_ros2_driver:/home/vboxuser/ros2_main_ws/install/webots_ros2_msgs:/opt/ros/jazzy/opt/sdformat_vendor:/opt/ros/jazzy/opt/gz_math_vendor:/opt/ros/jazzy/opt/gz_utils_vendor:/opt/ros/jazzy/opt/gz_tools_vendor:/opt/ros/jazzy/opt/gz_cmake_vendor:/opt/ros/jazzy DEBUGINFOD_URLS=https://debuginfod.ubuntu.com LD_LIBRARY_PATH=/home/vboxuser/ros2_main_ws/install/webots_ros2_driver/lib:/home/vboxuser/ros2_main_ws/install/webots_ros2_msgs/lib:${LD_LIBRARY_PATH} PYTHONPATH=/home/vboxuser/ros2_main_ws/install/webots_ros2_driver/lib/python3.12/site-packages:/home/vboxuser/ros2_main_ws/install/webots_ros2_msgs/lib/python3.12/site-packages:/home/vboxuser/ros2_main_ws/install/webots_ros2_importer/lib/python3.12/site-packages:${PYTHONPATH} /usr/bin/cmake --build /home/vboxuser/ros2_main_ws/build/webots_ros2_control -- -j2 -l2
[0.226s] [ 25%] [32m[1mLinking CXX shared library libwebots_ros2_control_system.so[0m
[0.249s] [ 50%] [32m[1mLinking CXX shared library libwebots_ros2_control.so[0m
[1.542s] [ 75%] Built target webots_ros2_control_system
[1.619s] [100%] Built target webots_ros2_control
[1.638s] Invoked command in '/home/vboxuser/ros2_main_ws/build/webots_ros2_control' returned '0': AMENT_PREFIX_PATH=/home/vboxuser/ros2_main_ws/install/webots_ros2_driver:/home/vboxuser/ros2_main_ws/install/webots_ros2_msgs:/home/vboxuser/ros2_main_ws/install/webots_ros2_importer:${AMENT_PREFIX_PATH} CMAKE_PREFIX_PATH=/home/vboxuser/ros2_main_ws/install/webots_ros2_driver:/home/vboxuser/ros2_main_ws/install/webots_ros2_msgs:/opt/ros/jazzy/opt/sdformat_vendor:/opt/ros/jazzy/opt/gz_math_vendor:/opt/ros/jazzy/opt/gz_utils_vendor:/opt/ros/jazzy/opt/gz_tools_vendor:/opt/ros/jazzy/opt/gz_cmake_vendor:/opt/ros/jazzy DEBUGINFOD_URLS=https://debuginfod.ubuntu.com LD_LIBRARY_PATH=/home/vboxuser/ros2_main_ws/install/webots_ros2_driver/lib:/home/vboxuser/ros2_main_ws/install/webots_ros2_msgs/lib:${LD_LIBRARY_PATH} PYTHONPATH=/home/vboxuser/ros2_main_ws/install/webots_ros2_driver/lib/python3.12/site-packages:/home/vboxuser/ros2_main_ws/install/webots_ros2_msgs/lib/python3.12/site-packages:/home/vboxuser/ros2_main_ws/install/webots_ros2_importer/lib/python3.12/site-packages:${PYTHONPATH} /usr/bin/cmake --build /home/vboxuser/ros2_main_ws/build/webots_ros2_control -- -j2 -l2
[1.676s] Invoking command in '/home/vboxuser/ros2_main_ws/build/webots_ros2_control': AMENT_PREFIX_PATH=/home/vboxuser/ros2_main_ws/install/webots_ros2_driver:/home/vboxuser/ros2_main_ws/install/webots_ros2_msgs:/home/vboxuser/ros2_main_ws/install/webots_ros2_importer:${AMENT_PREFIX_PATH} CMAKE_PREFIX_PATH=/home/vboxuser/ros2_main_ws/install/webots_ros2_driver:/home/vboxuser/ros2_main_ws/install/webots_ros2_msgs:/opt/ros/jazzy/opt/sdformat_vendor:/opt/ros/jazzy/opt/gz_math_vendor:/opt/ros/jazzy/opt/gz_utils_vendor:/opt/ros/jazzy/opt/gz_tools_vendor:/opt/ros/jazzy/opt/gz_cmake_vendor:/opt/ros/jazzy DEBUGINFOD_URLS=https://debuginfod.ubuntu.com LD_LIBRARY_PATH=/home/vboxuser/ros2_main_ws/install/webots_ros2_driver/lib:/home/vboxuser/ros2_main_ws/install/webots_ros2_msgs/lib:${LD_LIBRARY_PATH} PYTHONPATH=/home/vboxuser/ros2_main_ws/install/webots_ros2_driver/lib/python3.12/site-packages:/home/vboxuser/ros2_main_ws/install/webots_ros2_msgs/lib/python3.12/site-packages:/home/vboxuser/ros2_main_ws/install/webots_ros2_importer/lib/python3.12/site-packages:${PYTHONPATH} /usr/bin/cmake --install /home/vboxuser/ros2_main_ws/build/webots_ros2_control
[1.688s] -- Install configuration: ""
[1.688s] -- Up-to-date: /home/vboxuser/ros2_main_ws/install/webots_ros2_control/share/webots_ros2_control/webots_ros2_control.xml
[1.689s] -- Up-to-date: /home/vboxuser/ros2_main_ws/install/webots_ros2_control/share/webots_ros2_control/webots_ros2_control_system.xml
[1.690s] -- Installing: /home/vboxuser/ros2_main_ws/install/webots_ros2_control/lib/libwebots_ros2_control.so
[1.697s] -- Set non-toolchain portion of runtime path of "/home/vboxuser/ros2_main_ws/install/webots_ros2_control/lib/libwebots_ros2_control.so" to ""
[1.699s] -- Installing: /home/vboxuser/ros2_main_ws/install/webots_ros2_control/lib/libwebots_ros2_control_system.so
[1.699s] -- Set non-toolchain portion of runtime path of "/home/vboxuser/ros2_main_ws/install/webots_ros2_control/lib/libwebots_ros2_control_system.so" to ""
[1.700s] -- Up-to-date: /home/vboxuser/ros2_main_ws/install/webots_ros2_control/include
[1.700s] -- Up-to-date: /home/vboxuser/ros2_main_ws/install/webots_ros2_control/include/webots_ros2_control
[1.701s] -- Up-to-date: /home/vboxuser/ros2_main_ws/install/webots_ros2_control/include/webots_ros2_control/Ros2Control.hpp
[1.701s] -- Up-to-date: /home/vboxuser/ros2_main_ws/install/webots_ros2_control/include/webots_ros2_control/Ros2ControlSystemInterface.hpp
[1.701s] -- Up-to-date: /home/vboxuser/ros2_main_ws/install/webots_ros2_control/include/webots_ros2_control/Ros2ControlSystem.hpp
[1.701s] -- Up-to-date: /home/vboxuser/ros2_main_ws/install/webots_ros2_control/share/webots_ros2_control/environment/library_path.sh
[1.702s] -- Up-to-date: /home/vboxuser/ros2_main_ws/install/webots_ros2_control/share/webots_ros2_control/environment/library_path.dsv
[1.703s] -- Up-to-date: /home/vboxuser/ros2_main_ws/install/webots_ros2_control/share/ament_index/resource_index/package_run_dependencies/webots_ros2_control
[1.703s] -- Up-to-date: /home/vboxuser/ros2_main_ws/install/webots_ros2_control/share/ament_index/resource_index/parent_prefix_path/webots_ros2_control
[1.703s] -- Up-to-date: /home/vboxuser/ros2_main_ws/install/webots_ros2_control/share/webots_ros2_control/environment/ament_prefix_path.sh
[1.703s] -- Up-to-date: /home/vboxuser/ros2_main_ws/install/webots_ros2_control/share/webots_ros2_control/environment/ament_prefix_path.dsv
[1.704s] -- Up-to-date: /home/vboxuser/ros2_main_ws/install/webots_ros2_control/share/webots_ros2_control/environment/path.sh
[1.704s] -- Up-to-date: /home/vboxuser/ros2_main_ws/install/webots_ros2_control/share/webots_ros2_control/environment/path.dsv
[1.704s] -- Up-to-date: /home/vboxuser/ros2_main_ws/install/webots_ros2_control/share/webots_ros2_control/local_setup.bash
[1.706s] -- Up-to-date: /home/vboxuser/ros2_main_ws/install/webots_ros2_control/share/webots_ros2_control/local_setup.sh
[1.706s] -- Up-to-date: /home/vboxuser/ros2_main_ws/install/webots_ros2_control/share/webots_ros2_control/local_setup.zsh
[1.706s] -- Up-to-date: /home/vboxuser/ros2_main_ws/install/webots_ros2_control/share/webots_ros2_control/local_setup.dsv
[1.707s] -- Installing: /home/vboxuser/ros2_main_ws/install/webots_ros2_control/share/webots_ros2_control/package.dsv
[1.707s] -- Up-to-date: /home/vboxuser/ros2_main_ws/install/webots_ros2_control/share/ament_index/resource_index/packages/webots_ros2_control
[1.707s] -- Up-to-date: /home/vboxuser/ros2_main_ws/install/webots_ros2_control/share/ament_index/resource_index/webots_ros2_driver__pluginlib__plugin/webots_ros2_control
[1.707s] -- Up-to-date: /home/vboxuser/ros2_main_ws/install/webots_ros2_control/share/ament_index/resource_index/webots_ros2_control__pluginlib__plugin/webots_ros2_control
[1.708s] -- Up-to-date: /home/vboxuser/ros2_main_ws/install/webots_ros2_control/share/webots_ros2_control/cmake/ament_cmake_export_include_directories-extras.cmake
[1.708s] -- Up-to-date: /home/vboxuser/ros2_main_ws/install/webots_ros2_control/share/webots_ros2_control/cmake/ament_cmake_export_dependencies-extras.cmake
[1.708s] -- Up-to-date: /home/vboxuser/ros2_main_ws/install/webots_ros2_control/share/webots_ros2_control/cmake/ament_cmake_export_libraries-extras.cmake
[1.712s] -- Up-to-date: /home/vboxuser/ros2_main_ws/install/webots_ros2_control/share/webots_ros2_control/cmake/webots_ros2_controlConfig.cmake
[1.712s] -- Up-to-date: /home/vboxuser/ros2_main_ws/install/webots_ros2_control/share/webots_ros2_control/cmake/webots_ros2_controlConfig-version.cmake
[1.712s] -- Up-to-date: /home/vboxuser/ros2_main_ws/install/webots_ros2_control/share/webots_ros2_control/package.xml
[1.717s] Invoked command in '/home/vboxuser/ros2_main_ws/build/webots_ros2_control' returned '0': AMENT_PREFIX_PATH=/home/vboxuser/ros2_main_ws/install/webots_ros2_driver:/home/vboxuser/ros2_main_ws/install/webots_ros2_msgs:/home/vboxuser/ros2_main_ws/install/webots_ros2_importer:${AMENT_PREFIX_PATH} CMAKE_PREFIX_PATH=/home/vboxuser/ros2_main_ws/install/webots_ros2_driver:/home/vboxuser/ros2_main_ws/install/webots_ros2_msgs:/opt/ros/jazzy/opt/sdformat_vendor:/opt/ros/jazzy/opt/gz_math_vendor:/opt/ros/jazzy/opt/gz_utils_vendor:/opt/ros/jazzy/opt/gz_tools_vendor:/opt/ros/jazzy/opt/gz_cmake_vendor:/opt/ros/jazzy DEBUGINFOD_URLS=https://debuginfod.ubuntu.com LD_LIBRARY_PATH=/home/vboxuser/ros2_main_ws/install/webots_ros2_driver/lib:/home/vboxuser/ros2_main_ws/install/webots_ros2_msgs/lib:${LD_LIBRARY_PATH} PYTHONPATH=/home/vboxuser/ros2_main_ws/install/webots_ros2_driver/lib/python3.12/site-packages:/home/vboxuser/ros2_main_ws/install/webots_ros2_msgs/lib/python3.12/site-packages:/home/vboxuser/ros2_main_ws/install/webots_ros2_importer/lib/python3.12/site-packages:${PYTHONPATH} /usr/bin/cmake --install /home/vboxuser/ros2_main_ws/build/webots_ros2_control
