[4.453s] Invoking command in '/home/vboxuser/ros2_main_ws/src/webots_ros2/webots_ros2_epuck': AMENT_PREFIX_PATH=/home/vboxuser/ros2_main_ws/install/webots_ros2_control:/home/vboxuser/ros2_main_ws/install/webots_ros2_driver:/home/vboxuser/ros2_main_ws/install/webots_ros2_msgs:/home/vboxuser/ros2_main_ws/install/webots_ros2_importer:${AMENT_PREFIX_PATH} CMAKE_PREFIX_PATH=/home/vboxuser/ros2_main_ws/install/webots_ros2_control:/home/vboxuser/ros2_main_ws/install/webots_ros2_driver:/home/vboxuser/ros2_main_ws/install/webots_ros2_msgs:${CMAKE_PREFIX_PATH} DEBUGINFOD_URLS=https://debuginfod.ubuntu.com LD_LIBRARY_PATH=/home/vboxuser/ros2_main_ws/install/webots_ros2_control/lib:/home/vboxuser/ros2_main_ws/install/webots_ros2_driver/lib:/home/vboxuser/ros2_main_ws/install/webots_ros2_msgs/lib:${LD_LIBRARY_PATH} PYTHONPATH=/home/vboxuser/ros2_main_ws/build/webots_ros2_epuck/prefix_override:/usr/lib/python3/dist-packages/colcon_core/task/python/colcon_distutils_commands:/home/vboxuser/ros2_main_ws/install/webots_ros2_epuck/lib/python3.12/site-packages:/home/vboxuser/ros2_main_ws/install/webots_ros2_driver/lib/python3.12/site-packages:/home/vboxuser/ros2_main_ws/install/webots_ros2_msgs/lib/python3.12/site-packages:/home/vboxuser/ros2_main_ws/install/webots_ros2_importer/lib/python3.12/site-packages:${PYTHONPATH} /usr/bin/python3 -W ignore:setup.py install is deprecated setup.py egg_info --egg-base ../../../build/webots_ros2_epuck build --build-base /home/vboxuser/ros2_main_ws/build/webots_ros2_epuck/build install --record /home/vboxuser/ros2_main_ws/build/webots_ros2_epuck/install.log --single-version-externally-managed install_data
[6.119s] running egg_info
[6.199s] writing ../../../build/webots_ros2_epuck/webots_ros2_epuck.egg-info/PKG-INFO
[6.199s] writing dependency_links to ../../../build/webots_ros2_epuck/webots_ros2_epuck.egg-info/dependency_links.txt
[6.205s] writing entry points to ../../../build/webots_ros2_epuck/webots_ros2_epuck.egg-info/entry_points.txt
[6.205s] writing requirements to ../../../build/webots_ros2_epuck/webots_ros2_epuck.egg-info/requires.txt
[6.206s] writing top-level names to ../../../build/webots_ros2_epuck/webots_ros2_epuck.egg-info/top_level.txt
[6.347s] reading manifest file '../../../build/webots_ros2_epuck/webots_ros2_epuck.egg-info/SOURCES.txt'
[6.360s] writing manifest file '../../../build/webots_ros2_epuck/webots_ros2_epuck.egg-info/SOURCES.txt'
[6.360s] running build
[6.364s] running build_py
[6.366s] running install
[6.437s] running install_lib
[6.498s] running install_data
[6.500s] running install_egg_info
[6.534s] removing '/home/vboxuser/ros2_main_ws/install/webots_ros2_epuck/lib/python3.12/site-packages/webots_ros2_epuck-2023.1.3-py3.12.egg-info' (and everything under it)
[6.537s] Copying ../../../build/webots_ros2_epuck/webots_ros2_epuck.egg-info to /home/vboxuser/ros2_main_ws/install/webots_ros2_epuck/lib/python3.12/site-packages/webots_ros2_epuck-2023.1.3-py3.12.egg-info
[6.538s] running install_scripts
[6.837s] Installing drive_calibrator script to /home/vboxuser/ros2_main_ws/install/webots_ros2_epuck/lib/webots_ros2_epuck
[6.838s] Installing epuck_node script to /home/vboxuser/ros2_main_ws/install/webots_ros2_epuck/lib/webots_ros2_epuck
[6.840s] Installing simple_mapper script to /home/vboxuser/ros2_main_ws/install/webots_ros2_epuck/lib/webots_ros2_epuck
[6.841s] writing list of installed files to '/home/vboxuser/ros2_main_ws/build/webots_ros2_epuck/install.log'
[6.902s] Invoked command in '/home/vboxuser/ros2_main_ws/src/webots_ros2/webots_ros2_epuck' returned '0': AMENT_PREFIX_PATH=/home/vboxuser/ros2_main_ws/install/webots_ros2_control:/home/vboxuser/ros2_main_ws/install/webots_ros2_driver:/home/vboxuser/ros2_main_ws/install/webots_ros2_msgs:/home/vboxuser/ros2_main_ws/install/webots_ros2_importer:${AMENT_PREFIX_PATH} CMAKE_PREFIX_PATH=/home/vboxuser/ros2_main_ws/install/webots_ros2_control:/home/vboxuser/ros2_main_ws/install/webots_ros2_driver:/home/vboxuser/ros2_main_ws/install/webots_ros2_msgs:${CMAKE_PREFIX_PATH} DEBUGINFOD_URLS=https://debuginfod.ubuntu.com LD_LIBRARY_PATH=/home/vboxuser/ros2_main_ws/install/webots_ros2_control/lib:/home/vboxuser/ros2_main_ws/install/webots_ros2_driver/lib:/home/vboxuser/ros2_main_ws/install/webots_ros2_msgs/lib:${LD_LIBRARY_PATH} PYTHONPATH=/home/vboxuser/ros2_main_ws/build/webots_ros2_epuck/prefix_override:/usr/lib/python3/dist-packages/colcon_core/task/python/colcon_distutils_commands:/home/vboxuser/ros2_main_ws/install/webots_ros2_epuck/lib/python3.12/site-packages:/home/vboxuser/ros2_main_ws/install/webots_ros2_driver/lib/python3.12/site-packages:/home/vboxuser/ros2_main_ws/install/webots_ros2_msgs/lib/python3.12/site-packages:/home/vboxuser/ros2_main_ws/install/webots_ros2_importer/lib/python3.12/site-packages:${PYTHONPATH} /usr/bin/python3 -W ignore:setup.py install is deprecated setup.py egg_info --egg-base ../../../build/webots_ros2_epuck build --build-base /home/vboxuser/ros2_main_ws/build/webots_ros2_epuck/build install --record /home/vboxuser/ros2_main_ws/build/webots_ros2_epuck/install.log --single-version-externally-managed install_data
