[7.023s] Invoking command in '/home/vboxuser/ros2_main_ws/src/webots_ros2/webots_ros2_mavic': AMENT_PREFIX_PATH=/home/vboxuser/ros2_main_ws/install/webots_ros2_driver:/home/vboxuser/ros2_main_ws/install/webots_ros2_msgs:/home/vboxuser/ros2_main_ws/install/webots_ros2_importer:${AMENT_PREFIX_PATH} CMAKE_PREFIX_PATH=/home/vboxuser/ros2_main_ws/install/webots_ros2_driver:/home/vboxuser/ros2_main_ws/install/webots_ros2_msgs:${CMAKE_PREFIX_PATH} DEBUGINFOD_URLS=https://debuginfod.ubuntu.com LD_LIBRARY_PATH=/home/vboxuser/ros2_main_ws/install/webots_ros2_driver/lib:/home/vboxuser/ros2_main_ws/install/webots_ros2_msgs/lib:${LD_LIBRARY_PATH} PYTHONPATH=/home/vboxuser/ros2_main_ws/build/webots_ros2_mavic/prefix_override:/usr/lib/python3/dist-packages/colcon_core/task/python/colcon_distutils_commands:/home/vboxuser/ros2_main_ws/install/webots_ros2_mavic/lib/python3.12/site-packages:/home/vboxuser/ros2_main_ws/install/webots_ros2_driver/lib/python3.12/site-packages:/home/vboxuser/ros2_main_ws/install/webots_ros2_msgs/lib/python3.12/site-packages:/home/vboxuser/ros2_main_ws/install/webots_ros2_importer/lib/python3.12/site-packages:${PYTHONPATH} /usr/bin/python3 -W ignore:setup.py install is deprecated setup.py egg_info --egg-base ../../../build/webots_ros2_mavic build --build-base /home/vboxuser/ros2_main_ws/build/webots_ros2_mavic/build install --record /home/vboxuser/ros2_main_ws/build/webots_ros2_mavic/install.log --single-version-externally-managed install_data
[8.587s] running egg_info
[8.800s] writing ../../../build/webots_ros2_mavic/webots_ros2_mavic.egg-info/PKG-INFO
[8.812s] writing dependency_links to ../../../build/webots_ros2_mavic/webots_ros2_mavic.egg-info/dependency_links.txt
[8.812s] writing entry points to ../../../build/webots_ros2_mavic/webots_ros2_mavic.egg-info/entry_points.txt
[8.817s] writing requirements to ../../../build/webots_ros2_mavic/webots_ros2_mavic.egg-info/requires.txt
[8.818s] writing top-level names to ../../../build/webots_ros2_mavic/webots_ros2_mavic.egg-info/top_level.txt
[9.104s] reading manifest file '../../../build/webots_ros2_mavic/webots_ros2_mavic.egg-info/SOURCES.txt'
[9.127s] writing manifest file '../../../build/webots_ros2_mavic/webots_ros2_mavic.egg-info/SOURCES.txt'
[9.147s] running build
[9.150s] running build_py
[9.153s] running install
[9.206s] running install_lib
[9.506s] running install_data
[9.506s] running install_egg_info
[9.831s] removing '/home/vboxuser/ros2_main_ws/install/webots_ros2_mavic/lib/python3.12/site-packages/webots_ros2_mavic-2023.1.3-py3.12.egg-info' (and everything under it)
[9.844s] Copying ../../../build/webots_ros2_mavic/webots_ros2_mavic.egg-info to /home/vboxuser/ros2_main_ws/install/webots_ros2_mavic/lib/python3.12/site-packages/webots_ros2_mavic-2023.1.3-py3.12.egg-info
[9.851s] running install_scripts
[10.584s] writing list of installed files to '/home/vboxuser/ros2_main_ws/build/webots_ros2_mavic/install.log'
[10.801s] Invoked command in '/home/vboxuser/ros2_main_ws/src/webots_ros2/webots_ros2_mavic' returned '0': AMENT_PREFIX_PATH=/home/vboxuser/ros2_main_ws/install/webots_ros2_driver:/home/vboxuser/ros2_main_ws/install/webots_ros2_msgs:/home/vboxuser/ros2_main_ws/install/webots_ros2_importer:${AMENT_PREFIX_PATH} CMAKE_PREFIX_PATH=/home/vboxuser/ros2_main_ws/install/webots_ros2_driver:/home/vboxuser/ros2_main_ws/install/webots_ros2_msgs:${CMAKE_PREFIX_PATH} DEBUGINFOD_URLS=https://debuginfod.ubuntu.com LD_LIBRARY_PATH=/home/vboxuser/ros2_main_ws/install/webots_ros2_driver/lib:/home/vboxuser/ros2_main_ws/install/webots_ros2_msgs/lib:${LD_LIBRARY_PATH} PYTHONPATH=/home/vboxuser/ros2_main_ws/build/webots_ros2_mavic/prefix_override:/usr/lib/python3/dist-packages/colcon_core/task/python/colcon_distutils_commands:/home/vboxuser/ros2_main_ws/install/webots_ros2_mavic/lib/python3.12/site-packages:/home/vboxuser/ros2_main_ws/install/webots_ros2_driver/lib/python3.12/site-packages:/home/vboxuser/ros2_main_ws/install/webots_ros2_msgs/lib/python3.12/site-packages:/home/vboxuser/ros2_main_ws/install/webots_ros2_importer/lib/python3.12/site-packages:${PYTHONPATH} /usr/bin/python3 -W ignore:setup.py install is deprecated setup.py egg_info --egg-base ../../../build/webots_ros2_mavic build --build-base /home/vboxuser/ros2_main_ws/build/webots_ros2_mavic/build install --record /home/vboxuser/ros2_main_ws/build/webots_ros2_mavic/install.log --single-version-externally-managed install_data
