[2.741s] Invoking command in '/home/vboxuser/ros2_main_ws/src/webots_ros2/webots_ros2_mavic': AMENT_PREFIX_PATH=/home/vboxuser/ros2_main_ws/install/webots_ros2_driver:/home/vboxuser/ros2_main_ws/install/webots_ros2_msgs:/home/vboxuser/ros2_main_ws/install/webots_ros2_importer:${AMENT_PREFIX_PATH} CMAKE_PREFIX_PATH=/home/vboxuser/ros2_main_ws/install/webots_ros2_driver:/home/vboxuser/ros2_main_ws/install/webots_ros2_msgs:${CMAKE_PREFIX_PATH} DEBUGINFOD_URLS=https://debuginfod.ubuntu.com LD_LIBRARY_PATH=/home/vboxuser/ros2_main_ws/install/webots_ros2_driver/lib:/home/vboxuser/ros2_main_ws/install/webots_ros2_msgs/lib:${LD_LIBRARY_PATH} PYTHONPATH=/home/vboxuser/ros2_main_ws/build/webots_ros2_mavic/prefix_override:/usr/lib/python3/dist-packages/colcon_core/task/python/colcon_distutils_commands:/home/vboxuser/ros2_main_ws/install/webots_ros2_mavic/lib/python3.12/site-packages:/home/vboxuser/ros2_main_ws/install/webots_ros2_driver/lib/python3.12/site-packages:/home/vboxuser/ros2_main_ws/install/webots_ros2_msgs/lib/python3.12/site-packages:/home/vboxuser/ros2_main_ws/install/webots_ros2_importer/lib/python3.12/site-packages:${PYTHONPATH} /usr/bin/python3 -W ignore:setup.py install is deprecated setup.py egg_info --egg-base ../../../build/webots_ros2_mavic build --build-base /home/vboxuser/ros2_main_ws/build/webots_ros2_mavic/build install --record /home/vboxuser/ros2_main_ws/build/webots_ros2_mavic/install.log --single-version-externally-managed install_data
[3.260s] running egg_info
[3.262s] creating ../../../build/webots_ros2_mavic/webots_ros2_mavic.egg-info
[3.308s] writing ../../../build/webots_ros2_mavic/webots_ros2_mavic.egg-info/PKG-INFO
[3.311s] writing dependency_links to ../../../build/webots_ros2_mavic/webots_ros2_mavic.egg-info/dependency_links.txt
[3.311s] writing entry points to ../../../build/webots_ros2_mavic/webots_ros2_mavic.egg-info/entry_points.txt
[3.311s] writing requirements to ../../../build/webots_ros2_mavic/webots_ros2_mavic.egg-info/requires.txt
[3.311s] writing top-level names to ../../../build/webots_ros2_mavic/webots_ros2_mavic.egg-info/top_level.txt
[3.312s] writing manifest file '../../../build/webots_ros2_mavic/webots_ros2_mavic.egg-info/SOURCES.txt'
[3.380s] reading manifest file '../../../build/webots_ros2_mavic/webots_ros2_mavic.egg-info/SOURCES.txt'
[3.383s] writing manifest file '../../../build/webots_ros2_mavic/webots_ros2_mavic.egg-info/SOURCES.txt'
[3.384s] running build
[3.384s] running build_py
[3.390s] creating /home/vboxuser/ros2_main_ws/build/webots_ros2_mavic/build
[3.390s] creating /home/vboxuser/ros2_main_ws/build/webots_ros2_mavic/build/lib
[3.390s] creating /home/vboxuser/ros2_main_ws/build/webots_ros2_mavic/build/lib/webots_ros2_mavic
[3.390s] copying webots_ros2_mavic/__init__.py -> /home/vboxuser/ros2_main_ws/build/webots_ros2_mavic/build/lib/webots_ros2_mavic
[3.390s] copying webots_ros2_mavic/mavic_driver.py -> /home/vboxuser/ros2_main_ws/build/webots_ros2_mavic/build/lib/webots_ros2_mavic
[3.391s] running install
[3.411s] running install_lib
[3.460s] creating /home/vboxuser/ros2_main_ws/install/webots_ros2_mavic/lib/python3.12/site-packages/webots_ros2_mavic
[3.460s] copying /home/vboxuser/ros2_main_ws/build/webots_ros2_mavic/build/lib/webots_ros2_mavic/__init__.py -> /home/vboxuser/ros2_main_ws/install/webots_ros2_mavic/lib/python3.12/site-packages/webots_ros2_mavic
[3.460s] copying /home/vboxuser/ros2_main_ws/build/webots_ros2_mavic/build/lib/webots_ros2_mavic/mavic_driver.py -> /home/vboxuser/ros2_main_ws/install/webots_ros2_mavic/lib/python3.12/site-packages/webots_ros2_mavic
[3.462s] byte-compiling /home/vboxuser/ros2_main_ws/install/webots_ros2_mavic/lib/python3.12/site-packages/webots_ros2_mavic/__init__.py to __init__.cpython-312.pyc
[3.463s] byte-compiling /home/vboxuser/ros2_main_ws/install/webots_ros2_mavic/lib/python3.12/site-packages/webots_ros2_mavic/mavic_driver.py to mavic_driver.cpython-312.pyc
[3.463s] running install_data
[3.463s] creating /home/vboxuser/ros2_main_ws/install/webots_ros2_mavic/share/ament_index
[3.464s] creating /home/vboxuser/ros2_main_ws/install/webots_ros2_mavic/share/ament_index/resource_index
[3.464s] creating /home/vboxuser/ros2_main_ws/install/webots_ros2_mavic/share/ament_index/resource_index/packages
[3.465s] copying resource/webots_ros2_mavic -> /home/vboxuser/ros2_main_ws/install/webots_ros2_mavic/share/ament_index/resource_index/packages
[3.465s] creating /home/vboxuser/ros2_main_ws/install/webots_ros2_mavic/share/webots_ros2_mavic/launch
[3.466s] copying launch/robot_launch.py -> /home/vboxuser/ros2_main_ws/install/webots_ros2_mavic/share/webots_ros2_mavic/launch
[3.466s] creating /home/vboxuser/ros2_main_ws/install/webots_ros2_mavic/share/webots_ros2_mavic/worlds
[3.466s] copying worlds/mavic_world.wbt -> /home/vboxuser/ros2_main_ws/install/webots_ros2_mavic/share/webots_ros2_mavic/worlds
[3.467s] copying worlds/.mavic_world.wbproj -> /home/vboxuser/ros2_main_ws/install/webots_ros2_mavic/share/webots_ros2_mavic/worlds
[3.468s] creating /home/vboxuser/ros2_main_ws/install/webots_ros2_mavic/share/webots_ros2_mavic/resource
[3.468s] copying resource/mavic_webots.urdf -> /home/vboxuser/ros2_main_ws/install/webots_ros2_mavic/share/webots_ros2_mavic/resource
[3.469s] copying package.xml -> /home/vboxuser/ros2_main_ws/install/webots_ros2_mavic/share/webots_ros2_mavic
[3.470s] running install_egg_info
[3.525s] Copying ../../../build/webots_ros2_mavic/webots_ros2_mavic.egg-info to /home/vboxuser/ros2_main_ws/install/webots_ros2_mavic/lib/python3.12/site-packages/webots_ros2_mavic-2023.1.3-py3.12.egg-info
[3.527s] running install_scripts
[3.774s] writing list of installed files to '/home/vboxuser/ros2_main_ws/build/webots_ros2_mavic/install.log'
[3.831s] Invoked command in '/home/vboxuser/ros2_main_ws/src/webots_ros2/webots_ros2_mavic' returned '0': AMENT_PREFIX_PATH=/home/vboxuser/ros2_main_ws/install/webots_ros2_driver:/home/vboxuser/ros2_main_ws/install/webots_ros2_msgs:/home/vboxuser/ros2_main_ws/install/webots_ros2_importer:${AMENT_PREFIX_PATH} CMAKE_PREFIX_PATH=/home/vboxuser/ros2_main_ws/install/webots_ros2_driver:/home/vboxuser/ros2_main_ws/install/webots_ros2_msgs:${CMAKE_PREFIX_PATH} DEBUGINFOD_URLS=https://debuginfod.ubuntu.com LD_LIBRARY_PATH=/home/vboxuser/ros2_main_ws/install/webots_ros2_driver/lib:/home/vboxuser/ros2_main_ws/install/webots_ros2_msgs/lib:${LD_LIBRARY_PATH} PYTHONPATH=/home/vboxuser/ros2_main_ws/build/webots_ros2_mavic/prefix_override:/usr/lib/python3/dist-packages/colcon_core/task/python/colcon_distutils_commands:/home/vboxuser/ros2_main_ws/install/webots_ros2_mavic/lib/python3.12/site-packages:/home/vboxuser/ros2_main_ws/install/webots_ros2_driver/lib/python3.12/site-packages:/home/vboxuser/ros2_main_ws/install/webots_ros2_msgs/lib/python3.12/site-packages:/home/vboxuser/ros2_main_ws/install/webots_ros2_importer/lib/python3.12/site-packages:${PYTHONPATH} /usr/bin/python3 -W ignore:setup.py install is deprecated setup.py egg_info --egg-base ../../../build/webots_ros2_mavic build --build-base /home/vboxuser/ros2_main_ws/build/webots_ros2_mavic/build install --record /home/vboxuser/ros2_main_ws/build/webots_ros2_mavic/install.log --single-version-externally-managed install_data
