[2.700s] Invoking command in '/home/vboxuser/ros2_main_ws/src/webots_ros2/webots_ros2_tiago': AMENT_PREFIX_PATH=/home/vboxuser/ros2_main_ws/install/webots_ros2_control:/home/vboxuser/ros2_main_ws/install/webots_ros2_driver:/home/vboxuser/ros2_main_ws/install/webots_ros2_msgs:/home/vboxuser/ros2_main_ws/install/webots_ros2_importer:${AMENT_PREFIX_PATH} CMAKE_PREFIX_PATH=/home/vboxuser/ros2_main_ws/install/webots_ros2_control:/home/vboxuser/ros2_main_ws/install/webots_ros2_driver:/home/vboxuser/ros2_main_ws/install/webots_ros2_msgs:${CMAKE_PREFIX_PATH} DEBUGINFOD_URLS=https://debuginfod.ubuntu.com LD_LIBRARY_PATH=/home/vboxuser/ros2_main_ws/install/webots_ros2_control/lib:/home/vboxuser/ros2_main_ws/install/webots_ros2_driver/lib:/home/vboxuser/ros2_main_ws/install/webots_ros2_msgs/lib:${LD_LIBRARY_PATH} PYTHONPATH=/home/vboxuser/ros2_main_ws/build/webots_ros2_tiago/prefix_override:/usr/lib/python3/dist-packages/colcon_core/task/python/colcon_distutils_commands:/home/vboxuser/ros2_main_ws/install/webots_ros2_tiago/lib/python3.12/site-packages:/home/vboxuser/ros2_main_ws/install/webots_ros2_driver/lib/python3.12/site-packages:/home/vboxuser/ros2_main_ws/install/webots_ros2_msgs/lib/python3.12/site-packages:/home/vboxuser/ros2_main_ws/install/webots_ros2_importer/lib/python3.12/site-packages:${PYTHONPATH} /usr/bin/python3 -W ignore:setup.py install is deprecated setup.py egg_info --egg-base ../../../build/webots_ros2_tiago build --build-base /home/vboxuser/ros2_main_ws/build/webots_ros2_tiago/build install --record /home/vboxuser/ros2_main_ws/build/webots_ros2_tiago/install.log --single-version-externally-managed install_data
[3.220s] running egg_info
[3.220s] creating ../../../build/webots_ros2_tiago/webots_ros2_tiago.egg-info
[3.253s] writing ../../../build/webots_ros2_tiago/webots_ros2_tiago.egg-info/PKG-INFO
[3.256s] writing dependency_links to ../../../build/webots_ros2_tiago/webots_ros2_tiago.egg-info/dependency_links.txt
[3.256s] writing entry points to ../../../build/webots_ros2_tiago/webots_ros2_tiago.egg-info/entry_points.txt
[3.256s] writing requirements to ../../../build/webots_ros2_tiago/webots_ros2_tiago.egg-info/requires.txt
[3.256s] writing top-level names to ../../../build/webots_ros2_tiago/webots_ros2_tiago.egg-info/top_level.txt
[3.257s] writing manifest file '../../../build/webots_ros2_tiago/webots_ros2_tiago.egg-info/SOURCES.txt'
[3.296s] reading manifest file '../../../build/webots_ros2_tiago/webots_ros2_tiago.egg-info/SOURCES.txt'
[3.298s] writing manifest file '../../../build/webots_ros2_tiago/webots_ros2_tiago.egg-info/SOURCES.txt'
[3.299s] running build
[3.299s] running install
[3.320s] running install_data
[3.322s] creating /home/vboxuser/ros2_main_ws/install/webots_ros2_tiago/share/ament_index
[3.322s] creating /home/vboxuser/ros2_main_ws/install/webots_ros2_tiago/share/ament_index/resource_index
[3.322s] creating /home/vboxuser/ros2_main_ws/install/webots_ros2_tiago/share/ament_index/resource_index/packages
[3.323s] copying resource/webots_ros2_tiago -> /home/vboxuser/ros2_main_ws/install/webots_ros2_tiago/share/ament_index/resource_index/packages
[3.323s] creating /home/vboxuser/ros2_main_ws/install/webots_ros2_tiago/share/webots_ros2_tiago/launch
[3.331s] copying launch/robot_launch.py -> /home/vboxuser/ros2_main_ws/install/webots_ros2_tiago/share/webots_ros2_tiago/launch
[3.331s] copying launch/robot_bringup_launch.py -> /home/vboxuser/ros2_main_ws/install/webots_ros2_tiago/share/webots_ros2_tiago/launch
[3.331s] creating /home/vboxuser/ros2_main_ws/install/webots_ros2_tiago/share/webots_ros2_tiago/resource
[3.331s] copying resource/tiago_webots.urdf -> /home/vboxuser/ros2_main_ws/install/webots_ros2_tiago/share/webots_ros2_tiago/resource
[3.331s] copying resource/tiago_bringup_webots.urdf -> /home/vboxuser/ros2_main_ws/install/webots_ros2_tiago/share/webots_ros2_tiago/resource
[3.335s] copying resource/ros2_control.yml -> /home/vboxuser/ros2_main_ws/install/webots_ros2_tiago/share/webots_ros2_tiago/resource
[3.335s] copying resource/ros2_control_bringup.yml -> /home/vboxuser/ros2_main_ws/install/webots_ros2_tiago/share/webots_ros2_tiago/resource
[3.335s] copying resource/nav2_params.yaml -> /home/vboxuser/ros2_main_ws/install/webots_ros2_tiago/share/webots_ros2_tiago/resource
[3.335s] copying resource/nav2_params_iron.yaml -> /home/vboxuser/ros2_main_ws/install/webots_ros2_tiago/share/webots_ros2_tiago/resource
[3.335s] copying resource/default.rviz -> /home/vboxuser/ros2_main_ws/install/webots_ros2_tiago/share/webots_ros2_tiago/resource
[3.336s] copying resource/default_bringup.rviz -> /home/vboxuser/ros2_main_ws/install/webots_ros2_tiago/share/webots_ros2_tiago/resource
[3.336s] copying resource/map.pgm -> /home/vboxuser/ros2_main_ws/install/webots_ros2_tiago/share/webots_ros2_tiago/resource
[3.338s] copying resource/map.yaml -> /home/vboxuser/ros2_main_ws/install/webots_ros2_tiago/share/webots_ros2_tiago/resource
[3.338s] copying resource/cartographer.lua -> /home/vboxuser/ros2_main_ws/install/webots_ros2_tiago/share/webots_ros2_tiago/resource
[3.339s] copying resource/slam_toolbox_params.yaml -> /home/vboxuser/ros2_main_ws/install/webots_ros2_tiago/share/webots_ros2_tiago/resource
[3.339s] copying package.xml -> /home/vboxuser/ros2_main_ws/install/webots_ros2_tiago/share/webots_ros2_tiago
[3.340s] creating /home/vboxuser/ros2_main_ws/install/webots_ros2_tiago/share/webots_ros2_tiago/worlds
[3.341s] copying worlds/default.wbt -> /home/vboxuser/ros2_main_ws/install/webots_ros2_tiago/share/webots_ros2_tiago/worlds
[3.345s] copying worlds/.default.wbproj -> /home/vboxuser/ros2_main_ws/install/webots_ros2_tiago/share/webots_ros2_tiago/worlds
[3.345s] copying worlds/default_bringup.wbt -> /home/vboxuser/ros2_main_ws/install/webots_ros2_tiago/share/webots_ros2_tiago/worlds
[3.346s] copying worlds/.default_bringup.wbproj -> /home/vboxuser/ros2_main_ws/install/webots_ros2_tiago/share/webots_ros2_tiago/worlds
[3.346s] running install_egg_info
[3.453s] Copying ../../../build/webots_ros2_tiago/webots_ros2_tiago.egg-info to /home/vboxuser/ros2_main_ws/install/webots_ros2_tiago/lib/python3.12/site-packages/webots_ros2_tiago-2023.1.3-py3.12.egg-info
[3.455s] running install_scripts
[3.751s] writing list of installed files to '/home/vboxuser/ros2_main_ws/build/webots_ros2_tiago/install.log'
[3.824s] Invoked command in '/home/vboxuser/ros2_main_ws/src/webots_ros2/webots_ros2_tiago' returned '0': AMENT_PREFIX_PATH=/home/vboxuser/ros2_main_ws/install/webots_ros2_control:/home/vboxuser/ros2_main_ws/install/webots_ros2_driver:/home/vboxuser/ros2_main_ws/install/webots_ros2_msgs:/home/vboxuser/ros2_main_ws/install/webots_ros2_importer:${AMENT_PREFIX_PATH} CMAKE_PREFIX_PATH=/home/vboxuser/ros2_main_ws/install/webots_ros2_control:/home/vboxuser/ros2_main_ws/install/webots_ros2_driver:/home/vboxuser/ros2_main_ws/install/webots_ros2_msgs:${CMAKE_PREFIX_PATH} DEBUGINFOD_URLS=https://debuginfod.ubuntu.com LD_LIBRARY_PATH=/home/vboxuser/ros2_main_ws/install/webots_ros2_control/lib:/home/vboxuser/ros2_main_ws/install/webots_ros2_driver/lib:/home/vboxuser/ros2_main_ws/install/webots_ros2_msgs/lib:${LD_LIBRARY_PATH} PYTHONPATH=/home/vboxuser/ros2_main_ws/build/webots_ros2_tiago/prefix_override:/usr/lib/python3/dist-packages/colcon_core/task/python/colcon_distutils_commands:/home/vboxuser/ros2_main_ws/install/webots_ros2_tiago/lib/python3.12/site-packages:/home/vboxuser/ros2_main_ws/install/webots_ros2_driver/lib/python3.12/site-packages:/home/vboxuser/ros2_main_ws/install/webots_ros2_msgs/lib/python3.12/site-packages:/home/vboxuser/ros2_main_ws/install/webots_ros2_importer/lib/python3.12/site-packages:${PYTHONPATH} /usr/bin/python3 -W ignore:setup.py install is deprecated setup.py egg_info --egg-base ../../../build/webots_ros2_tiago build --build-base /home/vboxuser/ros2_main_ws/build/webots_ros2_tiago/build install --record /home/vboxuser/ros2_main_ws/build/webots_ros2_tiago/install.log --single-version-externally-managed install_data
