[0.045s] Invoking command in '/home/vboxuser/ros2_main_ws/build/webots_ros2_driver': AMENT_PREFIX_PATH=/home/vboxuser/ros2_main_ws/install/webots_ros2_importer:/home/vboxuser/ros2_main_ws/install/webots_ros2:/home/vboxuser/ros2_main_ws/install/webots_ros2_universal_robot:/home/vboxuser/ros2_main_ws/install/webots_ros2_turtlebot:/home/vboxuser/ros2_main_ws/install/webots_ros2_tiago:/home/vboxuser/ros2_main_ws/install/webots_ros2_tests:/home/vboxuser/ros2_main_ws/install/webots_ros2_tesla:/home/vboxuser/ros2_main_ws/install/webots_ros2_mavic:/home/vboxuser/ros2_main_ws/install/webots_ros2_epuck:/home/vboxuser/ros2_main_ws/install/webots_ros2_control:/home/vboxuser/ros2_main_ws/install/my_package:/home/vboxuser/ros2_main_ws/install/webots_ros2_driver:/home/vboxuser/ros2_main_ws/install/webots_ros2_msgs:/opt/ros/jazzy CMAKE_PREFIX_PATH=/home/vboxuser/ros2_main_ws/install/webots_ros2_msgs:/home/vboxuser/ros2_main_ws/install/webots_ros2_control:/home/vboxuser/ros2_main_ws/install/webots_ros2_driver:/opt/ros/jazzy/opt/sdformat_vendor:/opt/ros/jazzy/opt/gz_math_vendor:/opt/ros/jazzy/opt/gz_utils_vendor:/opt/ros/jazzy/opt/gz_tools_vendor:/opt/ros/jazzy/opt/gz_cmake_vendor:/home/vboxuser/ros2_main_ws/install/webots_ros2:/home/vboxuser/ros2_main_ws/install/webots_ros2_universal_robot:/home/vboxuser/ros2_main_ws/install/webots_ros2_turtlebot:/home/vboxuser/ros2_main_ws/install/webots_ros2_tiago:/home/vboxuser/ros2_main_ws/install/webots_ros2_tests:/home/vboxuser/ros2_main_ws/install/webots_ros2_tesla:/home/vboxuser/ros2_main_ws/install/webots_ros2_mavic:/home/vboxuser/ros2_main_ws/install/webots_ros2_epuck:/home/vboxuser/ros2_main_ws/install/my_package:/home/vboxuser/ros2_main_ws/install/webots_ros2_importer:/opt/ros/jazzy DEBUGINFOD_URLS=https://debuginfod.ubuntu.com LD_LIBRARY_PATH=/home/vboxuser/ros2_main_ws/install/webots_ros2_msgs/lib:/home/vboxuser/ros2_main_ws/install/webots_ros2_control/lib:/home/vboxuser/ros2_main_ws/install/webots_ros2_driver/lib:/opt/ros/jazzy/opt/sdformat_vendor/lib:/opt/ros/jazzy/opt/rviz_ogre_vendor/lib:/opt/ros/jazzy/lib/x86_64-linux-gnu:/opt/ros/jazzy/opt/gz_math_vendor/lib:/opt/ros/jazzy/opt/gz_utils_vendor/lib:/opt/ros/jazzy/opt/gz_tools_vendor/lib:/opt/ros/jazzy/opt/gz_cmake_vendor/lib:/opt/ros/jazzy/lib PYTHONPATH=/home/vboxuser/ros2_main_ws/install/webots_ros2_msgs/lib/python3.12/site-packages:/home/vboxuser/ros2_main_ws/install/webots_ros2_importer/lib/python3.12/site-packages:/home/vboxuser/ros2_main_ws/install/webots_ros2/lib/python3.12/site-packages:/home/vboxuser/ros2_main_ws/install/webots_ros2_universal_robot/lib/python3.12/site-packages:/home/vboxuser/ros2_main_ws/install/webots_ros2_turtlebot/lib/python3.12/site-packages:/home/vboxuser/ros2_main_ws/install/webots_ros2_tiago/lib/python3.12/site-packages:/home/vboxuser/ros2_main_ws/install/webots_ros2_tests/lib/python3.12/site-packages:/home/vboxuser/ros2_main_ws/install/webots_ros2_tesla/lib/python3.12/site-packages:/home/vboxuser/ros2_main_ws/install/webots_ros2_mavic/lib/python3.12/site-packages:/home/vboxuser/ros2_main_ws/install/webots_ros2_epuck/lib/python3.12/site-packages:/home/vboxuser/ros2_main_ws/install/my_package/lib/python3.12/site-packages:/home/vboxuser/ros2_main_ws/install/webots_ros2_driver/lib/python3.12/site-packages:/opt/ros/jazzy/lib/python3.12/site-packages /usr/bin/cmake --build /home/vboxuser/ros2_main_ws/build/webots_ros2_driver -- -j2 -l2
[0.263s] [  0%] Built target ament_cmake_python_copy_controller
[0.365s] [  0%] Built target ament_cmake_python_copy_vehicle
[0.476s] [  0%] Built target ament_cmake_python_copy_webots_ros2_driver
[1.427s] running egg_info
[1.504s] writing controller.egg-info/PKG-INFO
[1.505s] writing dependency_links to controller.egg-info/dependency_links.txt
[1.506s] writing top-level names to controller.egg-info/top_level.txt
[1.817s] reading manifest file 'controller.egg-info/SOURCES.txt'
[1.826s] writing manifest file 'controller.egg-info/SOURCES.txt'
[2.084s] [  0%] Built target ament_cmake_python_build_controller_egg
[2.300s] [  0%] Built target compile-lib-controller
[3.265s] running egg_info
[3.400s] writing webots_ros2_driver.egg-info/PKG-INFO
[3.403s] writing dependency_links to webots_ros2_driver.egg-info/dependency_links.txt
[3.403s] running egg_info
[3.408s] writing top-level names to webots_ros2_driver.egg-info/top_level.txt
[3.473s] writing vehicle.egg-info/PKG-INFO
[3.476s] writing dependency_links to vehicle.egg-info/dependency_links.txt
[3.476s] writing top-level names to vehicle.egg-info/top_level.txt
[3.731s] reading manifest file 'webots_ros2_driver.egg-info/SOURCES.txt'
[3.731s] writing manifest file 'webots_ros2_driver.egg-info/SOURCES.txt'
[3.930s] reading manifest file 'vehicle.egg-info/SOURCES.txt'
[3.933s] writing manifest file 'vehicle.egg-info/SOURCES.txt'
[3.955s] [  0%] Built target ament_cmake_python_build_webots_ros2_driver_egg
[4.070s] [  0%] Built target ament_cmake_python_build_vehicle_egg
[4.283s] [  0%] Built target compile-generic-window
[5.102s] [  0%] Built target compile-lib-vehicle
[5.219s] [ 14%] Built target webots_ros2_driver_imu
[5.332s] [ 29%] Built target webots_ros2_driver_rgbd
[5.338s] [100%] Built target driver
[5.384s] Invoked command in '/home/vboxuser/ros2_main_ws/build/webots_ros2_driver' returned '0': AMENT_PREFIX_PATH=/home/vboxuser/ros2_main_ws/install/webots_ros2_importer:/home/vboxuser/ros2_main_ws/install/webots_ros2:/home/vboxuser/ros2_main_ws/install/webots_ros2_universal_robot:/home/vboxuser/ros2_main_ws/install/webots_ros2_turtlebot:/home/vboxuser/ros2_main_ws/install/webots_ros2_tiago:/home/vboxuser/ros2_main_ws/install/webots_ros2_tests:/home/vboxuser/ros2_main_ws/install/webots_ros2_tesla:/home/vboxuser/ros2_main_ws/install/webots_ros2_mavic:/home/vboxuser/ros2_main_ws/install/webots_ros2_epuck:/home/vboxuser/ros2_main_ws/install/webots_ros2_control:/home/vboxuser/ros2_main_ws/install/my_package:/home/vboxuser/ros2_main_ws/install/webots_ros2_driver:/home/vboxuser/ros2_main_ws/install/webots_ros2_msgs:/opt/ros/jazzy CMAKE_PREFIX_PATH=/home/vboxuser/ros2_main_ws/install/webots_ros2_msgs:/home/vboxuser/ros2_main_ws/install/webots_ros2_control:/home/vboxuser/ros2_main_ws/install/webots_ros2_driver:/opt/ros/jazzy/opt/sdformat_vendor:/opt/ros/jazzy/opt/gz_math_vendor:/opt/ros/jazzy/opt/gz_utils_vendor:/opt/ros/jazzy/opt/gz_tools_vendor:/opt/ros/jazzy/opt/gz_cmake_vendor:/home/vboxuser/ros2_main_ws/install/webots_ros2:/home/vboxuser/ros2_main_ws/install/webots_ros2_universal_robot:/home/vboxuser/ros2_main_ws/install/webots_ros2_turtlebot:/home/vboxuser/ros2_main_ws/install/webots_ros2_tiago:/home/vboxuser/ros2_main_ws/install/webots_ros2_tests:/home/vboxuser/ros2_main_ws/install/webots_ros2_tesla:/home/vboxuser/ros2_main_ws/install/webots_ros2_mavic:/home/vboxuser/ros2_main_ws/install/webots_ros2_epuck:/home/vboxuser/ros2_main_ws/install/my_package:/home/vboxuser/ros2_main_ws/install/webots_ros2_importer:/opt/ros/jazzy DEBUGINFOD_URLS=https://debuginfod.ubuntu.com LD_LIBRARY_PATH=/home/vboxuser/ros2_main_ws/install/webots_ros2_msgs/lib:/home/vboxuser/ros2_main_ws/install/webots_ros2_control/lib:/home/vboxuser/ros2_main_ws/install/webots_ros2_driver/lib:/opt/ros/jazzy/opt/sdformat_vendor/lib:/opt/ros/jazzy/opt/rviz_ogre_vendor/lib:/opt/ros/jazzy/lib/x86_64-linux-gnu:/opt/ros/jazzy/opt/gz_math_vendor/lib:/opt/ros/jazzy/opt/gz_utils_vendor/lib:/opt/ros/jazzy/opt/gz_tools_vendor/lib:/opt/ros/jazzy/opt/gz_cmake_vendor/lib:/opt/ros/jazzy/lib PYTHONPATH=/home/vboxuser/ros2_main_ws/install/webots_ros2_msgs/lib/python3.12/site-packages:/home/vboxuser/ros2_main_ws/install/webots_ros2_importer/lib/python3.12/site-packages:/home/vboxuser/ros2_main_ws/install/webots_ros2/lib/python3.12/site-packages:/home/vboxuser/ros2_main_ws/install/webots_ros2_universal_robot/lib/python3.12/site-packages:/home/vboxuser/ros2_main_ws/install/webots_ros2_turtlebot/lib/python3.12/site-packages:/home/vboxuser/ros2_main_ws/install/webots_ros2_tiago/lib/python3.12/site-packages:/home/vboxuser/ros2_main_ws/install/webots_ros2_tests/lib/python3.12/site-packages:/home/vboxuser/ros2_main_ws/install/webots_ros2_tesla/lib/python3.12/site-packages:/home/vboxuser/ros2_main_ws/install/webots_ros2_mavic/lib/python3.12/site-packages:/home/vboxuser/ros2_main_ws/install/webots_ros2_epuck/lib/python3.12/site-packages:/home/vboxuser/ros2_main_ws/install/my_package/lib/python3.12/site-packages:/home/vboxuser/ros2_main_ws/install/webots_ros2_driver/lib/python3.12/site-packages:/opt/ros/jazzy/lib/python3.12/site-packages /usr/bin/cmake --build /home/vboxuser/ros2_main_ws/build/webots_ros2_driver -- -j2 -l2
[5.651s] Invoking command in '/home/vboxuser/ros2_main_ws/build/webots_ros2_driver': AMENT_PREFIX_PATH=/home/vboxuser/ros2_main_ws/install/webots_ros2_importer:/home/vboxuser/ros2_main_ws/install/webots_ros2:/home/vboxuser/ros2_main_ws/install/webots_ros2_universal_robot:/home/vboxuser/ros2_main_ws/install/webots_ros2_turtlebot:/home/vboxuser/ros2_main_ws/install/webots_ros2_tiago:/home/vboxuser/ros2_main_ws/install/webots_ros2_tests:/home/vboxuser/ros2_main_ws/install/webots_ros2_tesla:/home/vboxuser/ros2_main_ws/install/webots_ros2_mavic:/home/vboxuser/ros2_main_ws/install/webots_ros2_epuck:/home/vboxuser/ros2_main_ws/install/webots_ros2_control:/home/vboxuser/ros2_main_ws/install/my_package:/home/vboxuser/ros2_main_ws/install/webots_ros2_driver:/home/vboxuser/ros2_main_ws/install/webots_ros2_msgs:/opt/ros/jazzy CMAKE_PREFIX_PATH=/home/vboxuser/ros2_main_ws/install/webots_ros2_msgs:/home/vboxuser/ros2_main_ws/install/webots_ros2_control:/home/vboxuser/ros2_main_ws/install/webots_ros2_driver:/opt/ros/jazzy/opt/sdformat_vendor:/opt/ros/jazzy/opt/gz_math_vendor:/opt/ros/jazzy/opt/gz_utils_vendor:/opt/ros/jazzy/opt/gz_tools_vendor:/opt/ros/jazzy/opt/gz_cmake_vendor:/home/vboxuser/ros2_main_ws/install/webots_ros2:/home/vboxuser/ros2_main_ws/install/webots_ros2_universal_robot:/home/vboxuser/ros2_main_ws/install/webots_ros2_turtlebot:/home/vboxuser/ros2_main_ws/install/webots_ros2_tiago:/home/vboxuser/ros2_main_ws/install/webots_ros2_tests:/home/vboxuser/ros2_main_ws/install/webots_ros2_tesla:/home/vboxuser/ros2_main_ws/install/webots_ros2_mavic:/home/vboxuser/ros2_main_ws/install/webots_ros2_epuck:/home/vboxuser/ros2_main_ws/install/my_package:/home/vboxuser/ros2_main_ws/install/webots_ros2_importer:/opt/ros/jazzy DEBUGINFOD_URLS=https://debuginfod.ubuntu.com LD_LIBRARY_PATH=/home/vboxuser/ros2_main_ws/install/webots_ros2_msgs/lib:/home/vboxuser/ros2_main_ws/install/webots_ros2_control/lib:/home/vboxuser/ros2_main_ws/install/webots_ros2_driver/lib:/opt/ros/jazzy/opt/sdformat_vendor/lib:/opt/ros/jazzy/opt/rviz_ogre_vendor/lib:/opt/ros/jazzy/lib/x86_64-linux-gnu:/opt/ros/jazzy/opt/gz_math_vendor/lib:/opt/ros/jazzy/opt/gz_utils_vendor/lib:/opt/ros/jazzy/opt/gz_tools_vendor/lib:/opt/ros/jazzy/opt/gz_cmake_vendor/lib:/opt/ros/jazzy/lib PYTHONPATH=/home/vboxuser/ros2_main_ws/install/webots_ros2_msgs/lib/python3.12/site-packages:/home/vboxuser/ros2_main_ws/install/webots_ros2_importer/lib/python3.12/site-packages:/home/vboxuser/ros2_main_ws/install/webots_ros2/lib/python3.12/site-packages:/home/vboxuser/ros2_main_ws/install/webots_ros2_universal_robot/lib/python3.12/site-packages:/home/vboxuser/ros2_main_ws/install/webots_ros2_turtlebot/lib/python3.12/site-packages:/home/vboxuser/ros2_main_ws/install/webots_ros2_tiago/lib/python3.12/site-packages:/home/vboxuser/ros2_main_ws/install/webots_ros2_tests/lib/python3.12/site-packages:/home/vboxuser/ros2_main_ws/install/webots_ros2_tesla/lib/python3.12/site-packages:/home/vboxuser/ros2_main_ws/install/webots_ros2_mavic/lib/python3.12/site-packages:/home/vboxuser/ros2_main_ws/install/webots_ros2_epuck/lib/python3.12/site-packages:/home/vboxuser/ros2_main_ws/install/my_package/lib/python3.12/site-packages:/home/vboxuser/ros2_main_ws/install/webots_ros2_driver/lib/python3.12/site-packages:/opt/ros/jazzy/lib/python3.12/site-packages /usr/bin/cmake --install /home/vboxuser/ros2_main_ws/build/webots_ros2_driver
[5.697s] -- Install configuration: ""
[5.697s] -- Up-to-date: /home/vboxuser/ros2_main_ws/install/webots_ros2_driver/share/webots_ros2_driver/environment/pythonpath.sh
[5.697s] -- Up-to-date: /home/vboxuser/ros2_main_ws/install/webots_ros2_driver/share/webots_ros2_driver/environment/pythonpath.dsv
[5.697s] -- Up-to-date: /home/vboxuser/ros2_main_ws/install/webots_ros2_driver/lib/python3.12/site-packages/controller-2023.1.3-py3.12.egg-info
[5.697s] -- Installing: /home/vboxuser/ros2_main_ws/install/webots_ros2_driver/lib/python3.12/site-packages/controller-2023.1.3-py3.12.egg-info/PKG-INFO
[5.700s] -- Installing: /home/vboxuser/ros2_main_ws/install/webots_ros2_driver/lib/python3.12/site-packages/controller-2023.1.3-py3.12.egg-info/top_level.txt
[5.701s] -- Installing: /home/vboxuser/ros2_main_ws/install/webots_ros2_driver/lib/python3.12/site-packages/controller-2023.1.3-py3.12.egg-info/dependency_links.txt
[5.701s] -- Installing: /home/vboxuser/ros2_main_ws/install/webots_ros2_driver/lib/python3.12/site-packages/controller-2023.1.3-py3.12.egg-info/SOURCES.txt
[5.705s] -- Up-to-date: /home/vboxuser/ros2_main_ws/install/webots_ros2_driver/lib/python3.12/site-packages/controller
[5.705s] -- Up-to-date: /home/vboxuser/ros2_main_ws/install/webots_ros2_driver/lib/python3.12/site-packages/controller/device.py
[5.705s] -- Up-to-date: /home/vboxuser/ros2_main_ws/install/webots_ros2_driver/lib/python3.12/site-packages/controller/radar.py
[5.705s] -- Up-to-date: /home/vboxuser/ros2_main_ws/install/webots_ros2_driver/lib/python3.12/site-packages/controller/field.py
[5.705s] -- Up-to-date: /home/vboxuser/ros2_main_ws/install/webots_ros2_driver/lib/python3.12/site-packages/controller/touch_sensor.py
[5.706s] -- Up-to-date: /home/vboxuser/ros2_main_ws/install/webots_ros2_driver/lib/python3.12/site-packages/controller/motion.py
[5.706s] -- Up-to-date: /home/vboxuser/ros2_main_ws/install/webots_ros2_driver/lib/python3.12/site-packages/controller/position_sensor.py
[5.706s] -- Up-to-date: /home/vboxuser/ros2_main_ws/install/webots_ros2_driver/lib/python3.12/site-packages/controller/inertial_unit.py
[5.706s] -- Up-to-date: /home/vboxuser/ros2_main_ws/install/webots_ros2_driver/lib/python3.12/site-packages/controller/__init__.py
[5.716s] -- Up-to-date: /home/vboxuser/ros2_main_ws/install/webots_ros2_driver/lib/python3.12/site-packages/controller/joystick.py
[5.716s] -- Up-to-date: /home/vboxuser/ros2_main_ws/install/webots_ros2_driver/lib/python3.12/site-packages/controller/emitter.py
[5.720s] -- Up-to-date: /home/vboxuser/ros2_main_ws/install/webots_ros2_driver/lib/python3.12/site-packages/controller/pen.py
[5.723s] -- Up-to-date: /home/vboxuser/ros2_main_ws/install/webots_ros2_driver/lib/python3.12/site-packages/controller/mouse.py
[5.723s] -- Up-to-date: /home/vboxuser/ros2_main_ws/install/webots_ros2_driver/lib/python3.12/site-packages/controller/display.py
[5.723s] -- Up-to-date: /home/vboxuser/ros2_main_ws/install/webots_ros2_driver/lib/python3.12/site-packages/controller/skin.py
[5.724s] -- Up-to-date: /home/vboxuser/ros2_main_ws/install/webots_ros2_driver/lib/python3.12/site-packages/controller/gyro.py
[5.729s] -- Up-to-date: /home/vboxuser/ros2_main_ws/install/webots_ros2_driver/lib/python3.12/site-packages/controller/speaker.py
[5.729s] -- Up-to-date: /home/vboxuser/ros2_main_ws/install/webots_ros2_driver/lib/python3.12/site-packages/controller/distance_sensor.py
[5.729s] -- Up-to-date: /home/vboxuser/ros2_main_ws/install/webots_ros2_driver/lib/python3.12/site-packages/controller/node.py
[5.729s] -- Up-to-date: /home/vboxuser/ros2_main_ws/install/webots_ros2_driver/lib/python3.12/site-packages/controller/lidar_point.py
[5.729s] -- Up-to-date: /home/vboxuser/ros2_main_ws/install/webots_ros2_driver/lib/python3.12/site-packages/controller/sensor.py
[5.730s] -- Up-to-date: /home/vboxuser/ros2_main_ws/install/webots_ros2_driver/lib/python3.12/site-packages/controller/brake.py
[5.730s] -- Up-to-date: /home/vboxuser/ros2_main_ws/install/webots_ros2_driver/lib/python3.12/site-packages/controller/compass.py
[5.730s] -- Up-to-date: /home/vboxuser/ros2_main_ws/install/webots_ros2_driver/lib/python3.12/site-packages/controller/range_finder.py
[5.730s] -- Up-to-date: /home/vboxuser/ros2_main_ws/install/webots_ros2_driver/lib/python3.12/site-packages/controller/supervisor.py
[5.730s] -- Up-to-date: /home/vboxuser/ros2_main_ws/install/webots_ros2_driver/lib/python3.12/site-packages/controller/gps.py
[5.730s] -- Up-to-date: /home/vboxuser/ros2_main_ws/install/webots_ros2_driver/lib/python3.12/site-packages/controller/led.py
[5.730s] -- Up-to-date: /home/vboxuser/ros2_main_ws/install/webots_ros2_driver/lib/python3.12/site-packages/controller/keyboard.py
[5.730s] -- Up-to-date: /home/vboxuser/ros2_main_ws/install/webots_ros2_driver/lib/python3.12/site-packages/controller/ansi_codes.py
[5.731s] -- Up-to-date: /home/vboxuser/ros2_main_ws/install/webots_ros2_driver/lib/python3.12/site-packages/controller/vacuum_gripper.py
[5.739s] -- Up-to-date: /home/vboxuser/ros2_main_ws/install/webots_ros2_driver/lib/python3.12/site-packages/controller/motor.py
[5.739s] -- Up-to-date: /home/vboxuser/ros2_main_ws/install/webots_ros2_driver/lib/python3.12/site-packages/controller/lidar.py
[5.740s] -- Up-to-date: /home/vboxuser/ros2_main_ws/install/webots_ros2_driver/lib/python3.12/site-packages/controller/receiver.py
[5.740s] -- Up-to-date: /home/vboxuser/ros2_main_ws/install/webots_ros2_driver/lib/python3.12/site-packages/controller/radar_target.py
[5.740s] -- Up-to-date: /home/vboxuser/ros2_main_ws/install/webots_ros2_driver/lib/python3.12/site-packages/controller/light_sensor.py
[5.740s] -- Up-to-date: /home/vboxuser/ros2_main_ws/install/webots_ros2_driver/lib/python3.12/site-packages/controller/accelerometer.py
[5.740s] -- Up-to-date: /home/vboxuser/ros2_main_ws/install/webots_ros2_driver/lib/python3.12/site-packages/controller/altimeter.py
[5.740s] -- Up-to-date: /home/vboxuser/ros2_main_ws/install/webots_ros2_driver/lib/python3.12/site-packages/controller/camera.py
[5.740s] -- Up-to-date: /home/vboxuser/ros2_main_ws/install/webots_ros2_driver/lib/python3.12/site-packages/controller/connector.py
[5.741s] -- Up-to-date: /home/vboxuser/ros2_main_ws/install/webots_ros2_driver/lib/python3.12/site-packages/controller/wb.py
[5.749s] -- Up-to-date: /home/vboxuser/ros2_main_ws/install/webots_ros2_driver/lib/python3.12/site-packages/controller/robot.py
[5.749s] -- Up-to-date: /home/vboxuser/ros2_main_ws/install/webots_ros2_driver/lib/python3.12/site-packages/controller/constants.py
[6.031s] Listing '/home/vboxuser/ros2_main_ws/install/webots_ros2_driver/lib/python3.12/site-packages/controller'...
[6.070s] -- Up-to-date: /home/vboxuser/ros2_main_ws/install/webots_ros2_driver/lib/python3.12/site-packages/vehicle-2023.1.3-py3.12.egg-info
[6.073s] -- Installing: /home/vboxuser/ros2_main_ws/install/webots_ros2_driver/lib/python3.12/site-packages/vehicle-2023.1.3-py3.12.egg-info/PKG-INFO
[6.073s] -- Installing: /home/vboxuser/ros2_main_ws/install/webots_ros2_driver/lib/python3.12/site-packages/vehicle-2023.1.3-py3.12.egg-info/top_level.txt
[6.076s] -- Installing: /home/vboxuser/ros2_main_ws/install/webots_ros2_driver/lib/python3.12/site-packages/vehicle-2023.1.3-py3.12.egg-info/dependency_links.txt
[6.077s] -- Installing: /home/vboxuser/ros2_main_ws/install/webots_ros2_driver/lib/python3.12/site-packages/vehicle-2023.1.3-py3.12.egg-info/SOURCES.txt
[6.078s] -- Up-to-date: /home/vboxuser/ros2_main_ws/install/webots_ros2_driver/lib/python3.12/site-packages/vehicle
[6.079s] -- Up-to-date: /home/vboxuser/ros2_main_ws/install/webots_ros2_driver/lib/python3.12/site-packages/vehicle/car.py
[6.079s] -- Up-to-date: /home/vboxuser/ros2_main_ws/install/webots_ros2_driver/lib/python3.12/site-packages/vehicle/__init__.py
[6.079s] -- Up-to-date: /home/vboxuser/ros2_main_ws/install/webots_ros2_driver/lib/python3.12/site-packages/vehicle/driver.py
[6.254s] Listing '/home/vboxuser/ros2_main_ws/install/webots_ros2_driver/lib/python3.12/site-packages/vehicle'...
[6.271s] -- Up-to-date: /home/vboxuser/ros2_main_ws/install/webots_ros2_driver/lib/python3.12/site-packages/webots_ros2_driver-2023.1.3-py3.12.egg-info
[6.271s] -- Installing: /home/vboxuser/ros2_main_ws/install/webots_ros2_driver/lib/python3.12/site-packages/webots_ros2_driver-2023.1.3-py3.12.egg-info/PKG-INFO
[6.273s] -- Installing: /home/vboxuser/ros2_main_ws/install/webots_ros2_driver/lib/python3.12/site-packages/webots_ros2_driver-2023.1.3-py3.12.egg-info/top_level.txt
[6.276s] -- Installing: /home/vboxuser/ros2_main_ws/install/webots_ros2_driver/lib/python3.12/site-packages/webots_ros2_driver-2023.1.3-py3.12.egg-info/dependency_links.txt
[6.276s] -- Installing: /home/vboxuser/ros2_main_ws/install/webots_ros2_driver/lib/python3.12/site-packages/webots_ros2_driver-2023.1.3-py3.12.egg-info/SOURCES.txt
[6.276s] -- Up-to-date: /home/vboxuser/ros2_main_ws/install/webots_ros2_driver/lib/python3.12/site-packages/webots_ros2_driver
[6.276s] -- Up-to-date: /home/vboxuser/ros2_main_ws/install/webots_ros2_driver/lib/python3.12/site-packages/webots_ros2_driver/webots_controller.py
[6.277s] -- Up-to-date: /home/vboxuser/ros2_main_ws/install/webots_ros2_driver/lib/python3.12/site-packages/webots_ros2_driver/wait_for_controller_connection.py
[6.277s] -- Up-to-date: /home/vboxuser/ros2_main_ws/install/webots_ros2_driver/lib/python3.12/site-packages/webots_ros2_driver/__init__.py
[6.277s] -- Up-to-date: /home/vboxuser/ros2_main_ws/install/webots_ros2_driver/lib/python3.12/site-packages/webots_ros2_driver/ros2_supervisor.py
[6.280s] -- Up-to-date: /home/vboxuser/ros2_main_ws/install/webots_ros2_driver/lib/python3.12/site-packages/webots_ros2_driver/utils.py
[6.280s] -- Up-to-date: /home/vboxuser/ros2_main_ws/install/webots_ros2_driver/lib/python3.12/site-packages/webots_ros2_driver/webots_launcher.py
[6.280s] -- Up-to-date: /home/vboxuser/ros2_main_ws/install/webots_ros2_driver/lib/python3.12/site-packages/webots_ros2_driver/urdf_spawner.py
[6.422s] Listing '/home/vboxuser/ros2_main_ws/install/webots_ros2_driver/lib/python3.12/site-packages/webots_ros2_driver'...
[6.454s] -- Up-to-date: /home/vboxuser/ros2_main_ws/install/webots_ros2_driver/include
[6.456s] -- Up-to-date: /home/vboxuser/ros2_main_ws/install/webots_ros2_driver/include/webots_ros2_driver
[6.456s] -- Up-to-date: /home/vboxuser/ros2_main_ws/install/webots_ros2_driver/include/webots_ros2_driver/WebotsNode.hpp
[6.456s] -- Up-to-date: /home/vboxuser/ros2_main_ws/install/webots_ros2_driver/include/webots_ros2_driver/utils
[6.456s] -- Up-to-date: /home/vboxuser/ros2_main_ws/install/webots_ros2_driver/include/webots_ros2_driver/utils/Utils.hpp
[6.456s] -- Up-to-date: /home/vboxuser/ros2_main_ws/install/webots_ros2_driver/include/webots_ros2_driver/utils/Math.hpp
[6.456s] -- Up-to-date: /home/vboxuser/ros2_main_ws/install/webots_ros2_driver/include/webots_ros2_driver/PluginInterface.hpp
[6.460s] -- Up-to-date: /home/vboxuser/ros2_main_ws/install/webots_ros2_driver/include/webots_ros2_driver/PythonPlugin.hpp
[6.460s] -- Up-to-date: /home/vboxuser/ros2_main_ws/install/webots_ros2_driver/include/webots_ros2_driver/plugins
[6.462s] -- Up-to-date: /home/vboxuser/ros2_main_ws/install/webots_ros2_driver/include/webots_ros2_driver/plugins/Ros2SensorPlugin.hpp
[6.462s] -- Up-to-date: /home/vboxuser/ros2_main_ws/install/webots_ros2_driver/include/webots_ros2_driver/plugins/dynamic
[6.468s] -- Up-to-date: /home/vboxuser/ros2_main_ws/install/webots_ros2_driver/include/webots_ros2_driver/plugins/dynamic/Ros2RGBD.hpp
[6.471s] -- Up-to-date: /home/vboxuser/ros2_main_ws/install/webots_ros2_driver/include/webots_ros2_driver/plugins/dynamic/Ros2IMU.hpp
[6.471s] -- Up-to-date: /home/vboxuser/ros2_main_ws/install/webots_ros2_driver/include/webots_ros2_driver/plugins/static
[6.471s] -- Up-to-date: /home/vboxuser/ros2_main_ws/install/webots_ros2_driver/include/webots_ros2_driver/plugins/static/Ros2Compass.hpp
[6.471s] -- Up-to-date: /home/vboxuser/ros2_main_ws/install/webots_ros2_driver/include/webots_ros2_driver/plugins/static/Ros2LightSensor.hpp
[6.472s] -- Up-to-date: /home/vboxuser/ros2_main_ws/install/webots_ros2_driver/include/webots_ros2_driver/plugins/static/Ros2VacuumGripper.hpp
[6.472s] -- Up-to-date: /home/vboxuser/ros2_main_ws/install/webots_ros2_driver/include/webots_ros2_driver/plugins/static/Ros2Emitter.hpp
[6.472s] -- Up-to-date: /home/vboxuser/ros2_main_ws/install/webots_ros2_driver/include/webots_ros2_driver/plugins/static/Ros2Camera.hpp
[6.472s] -- Up-to-date: /home/vboxuser/ros2_main_ws/install/webots_ros2_driver/include/webots_ros2_driver/plugins/static/Ros2DistanceSensor.hpp
[6.472s] -- Up-to-date: /home/vboxuser/ros2_main_ws/install/webots_ros2_driver/include/webots_ros2_driver/plugins/static/Ros2RangeFinder.hpp
[6.472s] -- Up-to-date: /home/vboxuser/ros2_main_ws/install/webots_ros2_driver/include/webots_ros2_driver/plugins/static/Ros2Pen.hpp
[6.473s] -- Up-to-date: /home/vboxuser/ros2_main_ws/install/webots_ros2_driver/include/webots_ros2_driver/plugins/static/Ros2Lidar.hpp
[6.473s] -- Up-to-date: /home/vboxuser/ros2_main_ws/install/webots_ros2_driver/include/webots_ros2_driver/plugins/static/Ros2GPS.hpp
[6.474s] -- Up-to-date: /home/vboxuser/ros2_main_ws/install/webots_ros2_driver/include/webots_ros2_driver/plugins/static/Ros2Receiver.hpp
[6.474s] -- Up-to-date: /home/vboxuser/ros2_main_ws/install/webots_ros2_driver/include/webots_ros2_driver/plugins/static/Ros2LED.hpp
[6.474s] -- Up-to-date: /home/vboxuser/ros2_main_ws/install/webots_ros2_driver/lib/webots_ros2_driver/driver
[6.478s] -- Up-to-date: /home/vboxuser/ros2_main_ws/install/webots_ros2_driver/lib/libwebots_ros2_driver_imu.so
[6.479s] -- Up-to-date: /home/vboxuser/ros2_main_ws/install/webots_ros2_driver/lib/libwebots_ros2_driver_rgbd.so
[6.479s] -- Up-to-date: /home/vboxuser/ros2_main_ws/install/webots_ros2_driver/include/webots/c
[6.479s] -- Up-to-date: /home/vboxuser/ros2_main_ws/install/webots_ros2_driver/include/webots/c/webots
[6.482s] -- Up-to-date: /home/vboxuser/ros2_main_ws/install/webots_ros2_driver/include/webots/c/webots/gps.h
[6.482s] -- Up-to-date: /home/vboxuser/ros2_main_ws/install/webots_ros2_driver/include/webots/c/webots/mouse_state.h
[6.482s] -- Up-to-date: /home/vboxuser/ros2_main_ws/install/webots_ros2_driver/include/webots/c/webots/distance_sensor.h
[6.482s] -- Up-to-date: /home/vboxuser/ros2_main_ws/install/webots_ros2_driver/include/webots/c/webots/radio.h
[6.483s] -- Up-to-date: /home/vboxuser/ros2_main_ws/install/webots_ros2_driver/include/webots/c/webots/led.h
[6.483s] -- Up-to-date: /home/vboxuser/ros2_main_ws/install/webots_ros2_driver/include/webots/c/webots/joystick.h
[6.483s] -- Up-to-date: /home/vboxuser/ros2_main_ws/install/webots_ros2_driver/include/webots/c/webots/vehicle
[6.483s] -- Up-to-date: /home/vboxuser/ros2_main_ws/install/webots_ros2_driver/include/webots/c/webots/vehicle/driver.h
[6.483s] -- Up-to-date: /home/vboxuser/ros2_main_ws/install/webots_ros2_driver/include/webots/c/webots/vehicle/car.h
[6.484s] -- Up-to-date: /home/vboxuser/ros2_main_ws/install/webots_ros2_driver/include/webots/c/webots/connector.h
[6.486s] -- Up-to-date: /home/vboxuser/ros2_main_ws/install/webots_ros2_driver/include/webots/c/webots/remote_control.h
[6.486s] -- Up-to-date: /home/vboxuser/ros2_main_ws/install/webots_ros2_driver/include/webots/c/webots/lidar_point.h
[6.486s] -- Up-to-date: /home/vboxuser/ros2_main_ws/install/webots_ros2_driver/include/webots/c/webots/keyboard.h
[6.487s] -- Up-to-date: /home/vboxuser/ros2_main_ws/install/webots_ros2_driver/include/webots/c/webots/receiver.h
[6.488s] -- Up-to-date: /home/vboxuser/ros2_main_ws/install/webots_ros2_driver/include/webots/c/webots/radar.h
[6.488s] -- Up-to-date: /home/vboxuser/ros2_main_ws/install/webots_ros2_driver/include/webots/c/webots/speaker.h
[6.488s] -- Up-to-date: /home/vboxuser/ros2_main_ws/install/webots_ros2_driver/include/webots/c/webots/emitter.h
[6.489s] -- Up-to-date: /home/vboxuser/ros2_main_ws/install/webots_ros2_driver/include/webots/c/webots/range_finder.h
[6.489s] -- Up-to-date: /home/vboxuser/ros2_main_ws/install/webots_ros2_driver/include/webots/c/webots/pen.h
[6.489s] -- Up-to-date: /home/vboxuser/ros2_main_ws/install/webots_ros2_driver/include/webots/c/webots/mouse.h
[6.489s] -- Up-to-date: /home/vboxuser/ros2_main_ws/install/webots_ros2_driver/include/webots/c/webots/camera_recognition_object.h
[6.489s] -- Up-to-date: /home/vboxuser/ros2_main_ws/install/webots_ros2_driver/include/webots/c/webots/supervisor.h
[6.497s] -- Up-to-date: /home/vboxuser/ros2_main_ws/install/webots_ros2_driver/include/webots/c/webots/position_sensor.h
[6.497s] -- Up-to-date: /home/vboxuser/ros2_main_ws/install/webots_ros2_driver/include/webots/c/webots/altimeter.h
[6.497s] -- Up-to-date: /home/vboxuser/ros2_main_ws/install/webots_ros2_driver/include/webots/c/webots/console.h
[6.497s] -- Up-to-date: /home/vboxuser/ros2_main_ws/install/webots_ros2_driver/include/webots/c/webots/utils
[6.498s] -- Up-to-date: /home/vboxuser/ros2_main_ws/install/webots_ros2_driver/include/webots/c/webots/utils/system.h
[6.498s] -- Up-to-date: /home/vboxuser/ros2_main_ws/install/webots_ros2_driver/include/webots/c/webots/utils/string.h
[6.498s] -- Up-to-date: /home/vboxuser/ros2_main_ws/install/webots_ros2_driver/include/webots/c/webots/utils/ansi_codes.h
[6.498s] -- Up-to-date: /home/vboxuser/ros2_main_ws/install/webots_ros2_driver/include/webots/c/webots/utils/motion.h
[6.498s] -- Up-to-date: /home/vboxuser/ros2_main_ws/install/webots_ros2_driver/include/webots/c/webots/inertial_unit.h
[6.498s] -- Up-to-date: /home/vboxuser/ros2_main_ws/install/webots_ros2_driver/include/webots/c/webots/touch_sensor.h
[6.500s] -- Up-to-date: /home/vboxuser/ros2_main_ws/install/webots_ros2_driver/include/webots/c/webots/robot.h
[6.500s] -- Up-to-date: /home/vboxuser/ros2_main_ws/install/webots_ros2_driver/include/webots/c/webots/contact_point.h
[6.500s] -- Up-to-date: /home/vboxuser/ros2_main_ws/install/webots_ros2_driver/include/webots/c/webots/nodes.h
[6.500s] -- Up-to-date: /home/vboxuser/ros2_main_ws/install/webots_ros2_driver/include/webots/c/webots/lidar.h
[6.500s] -- Up-to-date: /home/vboxuser/ros2_main_ws/install/webots_ros2_driver/include/webots/c/webots/vacuum_gripper.h
[6.500s] -- Up-to-date: /home/vboxuser/ros2_main_ws/install/webots_ros2_driver/include/webots/c/webots/types.h
[6.502s] -- Up-to-date: /home/vboxuser/ros2_main_ws/install/webots_ros2_driver/include/webots/c/webots/device.h
[6.502s] -- Up-to-date: /home/vboxuser/ros2_main_ws/install/webots_ros2_driver/include/webots/c/webots/gyro.h
[6.502s] -- Up-to-date: /home/vboxuser/ros2_main_ws/install/webots_ros2_driver/include/webots/c/webots/light_sensor.h
[6.502s] -- Up-to-date: /home/vboxuser/ros2_main_ws/install/webots_ros2_driver/include/webots/c/webots/motor.h
[6.502s] -- Up-to-date: /home/vboxuser/ros2_main_ws/install/webots_ros2_driver/include/webots/c/webots/accelerometer.h
[6.502s] -- Up-to-date: /home/vboxuser/ros2_main_ws/install/webots_ros2_driver/include/webots/c/webots/skin.h
[6.502s] -- Up-to-date: /home/vboxuser/ros2_main_ws/install/webots_ros2_driver/include/webots/c/webots/radar_target.h
[6.503s] -- Up-to-date: /home/vboxuser/ros2_main_ws/install/webots_ros2_driver/include/webots/c/webots/compass.h
[6.503s] -- Up-to-date: /home/vboxuser/ros2_main_ws/install/webots_ros2_driver/include/webots/c/webots/display.h
[6.503s] -- Up-to-date: /home/vboxuser/ros2_main_ws/install/webots_ros2_driver/include/webots/c/webots/plugins
[6.503s] -- Up-to-date: /home/vboxuser/ros2_main_ws/install/webots_ros2_driver/include/webots/c/webots/plugins/robot_window
[6.503s] -- Up-to-date: /home/vboxuser/ros2_main_ws/install/webots_ros2_driver/include/webots/c/webots/plugins/robot_window/robot_wwi.h
[6.505s] -- Up-to-date: /home/vboxuser/ros2_main_ws/install/webots_ros2_driver/include/webots/c/webots/plugins/robot_window/generic_robot_window
[6.506s] -- Up-to-date: /home/vboxuser/ros2_main_ws/install/webots_ros2_driver/include/webots/c/webots/plugins/robot_window/generic_robot_window/generic.h
[6.510s] -- Up-to-date: /home/vboxuser/ros2_main_ws/install/webots_ros2_driver/include/webots/c/webots/plugins/robot_window/default.h
[6.510s] -- Up-to-date: /home/vboxuser/ros2_main_ws/install/webots_ros2_driver/include/webots/c/webots/plugins/robot_window/robot_window.h
[6.510s] -- Up-to-date: /home/vboxuser/ros2_main_ws/install/webots_ros2_driver/include/webots/c/webots/camera.h
[6.510s] -- Up-to-date: /home/vboxuser/ros2_main_ws/install/webots_ros2_driver/include/webots/c/webots/brake.h
[6.510s] -- Up-to-date: /home/vboxuser/ros2_main_ws/install/webots_ros2_driver/include/webots/c/webots/microphone.h
[6.511s] -- Up-to-date: /home/vboxuser/ros2_main_ws/install/webots_ros2_driver/include/webots/cpp
[6.511s] -- Up-to-date: /home/vboxuser/ros2_main_ws/install/webots_ros2_driver/include/webots/cpp/webots
[6.511s] -- Up-to-date: /home/vboxuser/ros2_main_ws/install/webots_ros2_driver/include/webots/cpp/webots/Robot.hpp
[6.511s] -- Up-to-date: /home/vboxuser/ros2_main_ws/install/webots_ros2_driver/include/webots/cpp/webots/LED.hpp
[6.511s] -- Up-to-date: /home/vboxuser/ros2_main_ws/install/webots_ros2_driver/include/webots/cpp/webots/vehicle
[6.511s] -- Up-to-date: /home/vboxuser/ros2_main_ws/install/webots_ros2_driver/include/webots/cpp/webots/vehicle/Driver.hpp
[6.516s] -- Up-to-date: /home/vboxuser/ros2_main_ws/install/webots_ros2_driver/include/webots/cpp/webots/vehicle/Car.hpp
[6.516s] -- Up-to-date: /home/vboxuser/ros2_main_ws/install/webots_ros2_driver/include/webots/cpp/webots/Motor.hpp
[6.517s] -- Up-to-date: /home/vboxuser/ros2_main_ws/install/webots_ros2_driver/include/webots/cpp/webots/Field.hpp
[6.517s] -- Up-to-date: /home/vboxuser/ros2_main_ws/install/webots_ros2_driver/include/webots/cpp/webots/Compass.hpp
[6.517s] -- Up-to-date: /home/vboxuser/ros2_main_ws/install/webots_ros2_driver/include/webots/cpp/webots/PositionSensor.hpp
[6.517s] -- Up-to-date: /home/vboxuser/ros2_main_ws/install/webots_ros2_driver/include/webots/cpp/webots/Gyro.hpp
[6.517s] -- Up-to-date: /home/vboxuser/ros2_main_ws/install/webots_ros2_driver/include/webots/cpp/webots/Radar.hpp
[6.517s] -- Up-to-date: /home/vboxuser/ros2_main_ws/install/webots_ros2_driver/include/webots/cpp/webots/LightSensor.hpp
[6.517s] -- Up-to-date: /home/vboxuser/ros2_main_ws/install/webots_ros2_driver/include/webots/cpp/webots/Emitter.hpp
[6.518s] -- Up-to-date: /home/vboxuser/ros2_main_ws/install/webots_ros2_driver/include/webots/cpp/webots/VacuumGripper.hpp
[6.518s] -- Up-to-date: /home/vboxuser/ros2_main_ws/install/webots_ros2_driver/include/webots/cpp/webots/Pen.hpp
[6.518s] -- Up-to-date: /home/vboxuser/ros2_main_ws/install/webots_ros2_driver/include/webots/cpp/webots/Node.hpp
[6.518s] -- Up-to-date: /home/vboxuser/ros2_main_ws/install/webots_ros2_driver/include/webots/cpp/webots/Device.hpp
[6.518s] -- Up-to-date: /home/vboxuser/ros2_main_ws/install/webots_ros2_driver/include/webots/cpp/webots/Camera.hpp
[6.518s] -- Up-to-date: /home/vboxuser/ros2_main_ws/install/webots_ros2_driver/include/webots/cpp/webots/Joystick.hpp
[6.518s] -- Up-to-date: /home/vboxuser/ros2_main_ws/install/webots_ros2_driver/include/webots/cpp/webots/Brake.hpp
[6.518s] -- Up-to-date: /home/vboxuser/ros2_main_ws/install/webots_ros2_driver/include/webots/cpp/webots/Mouse.hpp
[6.519s] -- Up-to-date: /home/vboxuser/ros2_main_ws/install/webots_ros2_driver/include/webots/cpp/webots/TouchSensor.hpp
[6.519s] -- Up-to-date: /home/vboxuser/ros2_main_ws/install/webots_ros2_driver/include/webots/cpp/webots/Receiver.hpp
[6.519s] -- Up-to-date: /home/vboxuser/ros2_main_ws/install/webots_ros2_driver/include/webots/cpp/webots/GPS.hpp
[6.519s] -- Up-to-date: /home/vboxuser/ros2_main_ws/install/webots_ros2_driver/include/webots/cpp/webots/ImageRef.hpp
[6.519s] -- Up-to-date: /home/vboxuser/ros2_main_ws/install/webots_ros2_driver/include/webots/cpp/webots/Lidar.hpp
[6.519s] -- Up-to-date: /home/vboxuser/ros2_main_ws/install/webots_ros2_driver/include/webots/cpp/webots/utils
[6.519s] -- Up-to-date: /home/vboxuser/ros2_main_ws/install/webots_ros2_driver/include/webots/cpp/webots/utils/Motion.hpp
[6.519s] -- Up-to-date: /home/vboxuser/ros2_main_ws/install/webots_ros2_driver/include/webots/cpp/webots/utils/AnsiCodes.hpp
[6.519s] -- Up-to-date: /home/vboxuser/ros2_main_ws/install/webots_ros2_driver/include/webots/cpp/webots/Display.hpp
[6.520s] -- Up-to-date: /home/vboxuser/ros2_main_ws/install/webots_ros2_driver/include/webots/cpp/webots/Keyboard.hpp
[6.522s] -- Up-to-date: /home/vboxuser/ros2_main_ws/install/webots_ros2_driver/include/webots/cpp/webots/Skin.hpp
[6.522s] -- Up-to-date: /home/vboxuser/ros2_main_ws/install/webots_ros2_driver/include/webots/cpp/webots/RangeFinder.hpp
[6.522s] -- Up-to-date: /home/vboxuser/ros2_main_ws/install/webots_ros2_driver/include/webots/cpp/webots/Supervisor.hpp
[6.522s] -- Up-to-date: /home/vboxuser/ros2_main_ws/install/webots_ros2_driver/include/webots/cpp/webots/DistanceSensor.hpp
[6.523s] -- Up-to-date: /home/vboxuser/ros2_main_ws/install/webots_ros2_driver/include/webots/cpp/webots/InertialUnit.hpp
[6.523s] -- Up-to-date: /home/vboxuser/ros2_main_ws/install/webots_ros2_driver/include/webots/cpp/webots/Speaker.hpp
[6.523s] -- Up-to-date: /home/vboxuser/ros2_main_ws/install/webots_ros2_driver/include/webots/cpp/webots/Connector.hpp
[6.523s] -- Up-to-date: /home/vboxuser/ros2_main_ws/install/webots_ros2_driver/include/webots/cpp/webots/Accelerometer.hpp
[6.523s] -- Up-to-date: /home/vboxuser/ros2_main_ws/install/webots_ros2_driver/include/webots/cpp/webots/Altimeter.hpp
[6.523s] -- Up-to-date: /home/vboxuser/ros2_main_ws/install/webots_ros2_driver/lib/controller
[6.526s] -- Installing: /home/vboxuser/ros2_main_ws/install/webots_ros2_driver/lib/controller/libCppCar.so
[6.534s] -- Installing: /home/vboxuser/ros2_main_ws/install/webots_ros2_driver/lib/controller/libgeneric_robot_window.so
[6.534s] -- Up-to-date: /home/vboxuser/ros2_main_ws/install/webots_ros2_driver/lib/controller/libController.so
[6.534s] -- Installing: /home/vboxuser/ros2_main_ws/install/webots_ros2_driver/lib/controller/libdriver.so
[6.534s] -- Installing: /home/vboxuser/ros2_main_ws/install/webots_ros2_driver/lib/controller/libCppDriver.so
[6.535s] -- Up-to-date: /home/vboxuser/ros2_main_ws/install/webots_ros2_driver/lib/controller/libCppController.so
[6.535s] -- Up-to-date: /home/vboxuser/ros2_main_ws/install/webots_ros2_driver/lib/controller/.gitignore
[6.535s] -- Installing: /home/vboxuser/ros2_main_ws/install/webots_ros2_driver/lib/controller/libcar.so
[6.535s] -- Up-to-date: /home/vboxuser/ros2_main_ws/install/webots_ros2_driver/share/webots_ros2_driver/webots_ros2_imu.xml
[6.535s] -- Up-to-date: /home/vboxuser/ros2_main_ws/install/webots_ros2_driver/share/webots_ros2_driver/webots_ros2_rgbd.xml
[6.535s] -- Up-to-date: /home/vboxuser/ros2_main_ws/install/webots_ros2_driver/lib/webots_ros2_driver/ros2_supervisor.py
[6.535s] -- Up-to-date: /home/vboxuser/ros2_main_ws/install/webots_ros2_driver/share/webots_ros2_driver/scripts
[6.535s] -- Up-to-date: /home/vboxuser/ros2_main_ws/install/webots_ros2_driver/share/webots_ros2_driver/scripts/webots_tcp_client.py
[6.536s] -- Up-to-date: /home/vboxuser/ros2_main_ws/install/webots_ros2_driver/share/webots_ros2_driver/scripts/webots-controller
[6.536s] -- Up-to-date: /home/vboxuser/ros2_main_ws/install/webots_ros2_driver/share/webots_ros2_driver/environment/library_path.sh
[6.536s] -- Up-to-date: /home/vboxuser/ros2_main_ws/install/webots_ros2_driver/share/webots_ros2_driver/environment/library_path.dsv
[6.536s] -- Up-to-date: /home/vboxuser/ros2_main_ws/install/webots_ros2_driver/share/ament_index/resource_index/package_run_dependencies/webots_ros2_driver
[6.536s] -- Up-to-date: /home/vboxuser/ros2_main_ws/install/webots_ros2_driver/share/ament_index/resource_index/parent_prefix_path/webots_ros2_driver
[6.536s] -- Up-to-date: /home/vboxuser/ros2_main_ws/install/webots_ros2_driver/share/webots_ros2_driver/environment/ament_prefix_path.sh
[6.537s] -- Up-to-date: /home/vboxuser/ros2_main_ws/install/webots_ros2_driver/share/webots_ros2_driver/environment/ament_prefix_path.dsv
[6.537s] -- Up-to-date: /home/vboxuser/ros2_main_ws/install/webots_ros2_driver/share/webots_ros2_driver/environment/path.sh
[6.537s] -- Up-to-date: /home/vboxuser/ros2_main_ws/install/webots_ros2_driver/share/webots_ros2_driver/environment/path.dsv
[6.537s] -- Up-to-date: /home/vboxuser/ros2_main_ws/install/webots_ros2_driver/share/webots_ros2_driver/local_setup.bash
[6.539s] -- Up-to-date: /home/vboxuser/ros2_main_ws/install/webots_ros2_driver/share/webots_ros2_driver/local_setup.sh
[6.539s] -- Up-to-date: /home/vboxuser/ros2_main_ws/install/webots_ros2_driver/share/webots_ros2_driver/local_setup.zsh
[6.540s] -- Up-to-date: /home/vboxuser/ros2_main_ws/install/webots_ros2_driver/share/webots_ros2_driver/local_setup.dsv
[6.540s] -- Installing: /home/vboxuser/ros2_main_ws/install/webots_ros2_driver/share/webots_ros2_driver/package.dsv
[6.540s] -- Up-to-date: /home/vboxuser/ros2_main_ws/install/webots_ros2_driver/share/ament_index/resource_index/packages/webots_ros2_driver
[6.540s] -- Up-to-date: /home/vboxuser/ros2_main_ws/install/webots_ros2_driver/share/ament_index/resource_index/webots_ros2_driver__pluginlib__plugin/webots_ros2_driver
[6.540s] -- Up-to-date: /home/vboxuser/ros2_main_ws/install/webots_ros2_driver/share/webots_ros2_driver/cmake/ament_cmake_export_include_directories-extras.cmake
[6.540s] -- Up-to-date: /home/vboxuser/ros2_main_ws/install/webots_ros2_driver/share/webots_ros2_driver/cmake/ament_cmake_export_dependencies-extras.cmake
[6.540s] -- Up-to-date: /home/vboxuser/ros2_main_ws/install/webots_ros2_driver/share/webots_ros2_driver/cmake/ament_cmake_export_libraries-extras.cmake
[6.540s] -- Up-to-date: /home/vboxuser/ros2_main_ws/install/webots_ros2_driver/share/webots_ros2_driver/cmake/webots_ros2_driverConfig.cmake
[6.545s] -- Up-to-date: /home/vboxuser/ros2_main_ws/install/webots_ros2_driver/share/webots_ros2_driver/cmake/webots_ros2_driverConfig-version.cmake
[6.546s] -- Up-to-date: /home/vboxuser/ros2_main_ws/install/webots_ros2_driver/share/webots_ros2_driver/package.xml
[6.546s] Invoked command in '/home/vboxuser/ros2_main_ws/build/webots_ros2_driver' returned '0': AMENT_PREFIX_PATH=/home/vboxuser/ros2_main_ws/install/webots_ros2_importer:/home/vboxuser/ros2_main_ws/install/webots_ros2:/home/vboxuser/ros2_main_ws/install/webots_ros2_universal_robot:/home/vboxuser/ros2_main_ws/install/webots_ros2_turtlebot:/home/vboxuser/ros2_main_ws/install/webots_ros2_tiago:/home/vboxuser/ros2_main_ws/install/webots_ros2_tests:/home/vboxuser/ros2_main_ws/install/webots_ros2_tesla:/home/vboxuser/ros2_main_ws/install/webots_ros2_mavic:/home/vboxuser/ros2_main_ws/install/webots_ros2_epuck:/home/vboxuser/ros2_main_ws/install/webots_ros2_control:/home/vboxuser/ros2_main_ws/install/my_package:/home/vboxuser/ros2_main_ws/install/webots_ros2_driver:/home/vboxuser/ros2_main_ws/install/webots_ros2_msgs:/opt/ros/jazzy CMAKE_PREFIX_PATH=/home/vboxuser/ros2_main_ws/install/webots_ros2_msgs:/home/vboxuser/ros2_main_ws/install/webots_ros2_control:/home/vboxuser/ros2_main_ws/install/webots_ros2_driver:/opt/ros/jazzy/opt/sdformat_vendor:/opt/ros/jazzy/opt/gz_math_vendor:/opt/ros/jazzy/opt/gz_utils_vendor:/opt/ros/jazzy/opt/gz_tools_vendor:/opt/ros/jazzy/opt/gz_cmake_vendor:/home/vboxuser/ros2_main_ws/install/webots_ros2:/home/vboxuser/ros2_main_ws/install/webots_ros2_universal_robot:/home/vboxuser/ros2_main_ws/install/webots_ros2_turtlebot:/home/vboxuser/ros2_main_ws/install/webots_ros2_tiago:/home/vboxuser/ros2_main_ws/install/webots_ros2_tests:/home/vboxuser/ros2_main_ws/install/webots_ros2_tesla:/home/vboxuser/ros2_main_ws/install/webots_ros2_mavic:/home/vboxuser/ros2_main_ws/install/webots_ros2_epuck:/home/vboxuser/ros2_main_ws/install/my_package:/home/vboxuser/ros2_main_ws/install/webots_ros2_importer:/opt/ros/jazzy DEBUGINFOD_URLS=https://debuginfod.ubuntu.com LD_LIBRARY_PATH=/home/vboxuser/ros2_main_ws/install/webots_ros2_msgs/lib:/home/vboxuser/ros2_main_ws/install/webots_ros2_control/lib:/home/vboxuser/ros2_main_ws/install/webots_ros2_driver/lib:/opt/ros/jazzy/opt/sdformat_vendor/lib:/opt/ros/jazzy/opt/rviz_ogre_vendor/lib:/opt/ros/jazzy/lib/x86_64-linux-gnu:/opt/ros/jazzy/opt/gz_math_vendor/lib:/opt/ros/jazzy/opt/gz_utils_vendor/lib:/opt/ros/jazzy/opt/gz_tools_vendor/lib:/opt/ros/jazzy/opt/gz_cmake_vendor/lib:/opt/ros/jazzy/lib PYTHONPATH=/home/vboxuser/ros2_main_ws/install/webots_ros2_msgs/lib/python3.12/site-packages:/home/vboxuser/ros2_main_ws/install/webots_ros2_importer/lib/python3.12/site-packages:/home/vboxuser/ros2_main_ws/install/webots_ros2/lib/python3.12/site-packages:/home/vboxuser/ros2_main_ws/install/webots_ros2_universal_robot/lib/python3.12/site-packages:/home/vboxuser/ros2_main_ws/install/webots_ros2_turtlebot/lib/python3.12/site-packages:/home/vboxuser/ros2_main_ws/install/webots_ros2_tiago/lib/python3.12/site-packages:/home/vboxuser/ros2_main_ws/install/webots_ros2_tests/lib/python3.12/site-packages:/home/vboxuser/ros2_main_ws/install/webots_ros2_tesla/lib/python3.12/site-packages:/home/vboxuser/ros2_main_ws/install/webots_ros2_mavic/lib/python3.12/site-packages:/home/vboxuser/ros2_main_ws/install/webots_ros2_epuck/lib/python3.12/site-packages:/home/vboxuser/ros2_main_ws/install/my_package/lib/python3.12/site-packages:/home/vboxuser/ros2_main_ws/install/webots_ros2_driver/lib/python3.12/site-packages:/opt/ros/jazzy/lib/python3.12/site-packages /usr/bin/cmake --install /home/vboxuser/ros2_main_ws/build/webots_ros2_driver
