[0.023s] Invoking command in '/home/vboxuser/ros2_main_ws/build/webots_ros2_driver': AMENT_PREFIX_PATH=/home/vboxuser/ros2_main_ws/install/webots_ros2_importer:/home/vboxuser/ros2_main_ws/install/webots_ros2:/home/vboxuser/ros2_main_ws/install/webots_ros2_universal_robot:/home/vboxuser/ros2_main_ws/install/webots_ros2_turtlebot:/home/vboxuser/ros2_main_ws/install/webots_ros2_tiago:/home/vboxuser/ros2_main_ws/install/webots_ros2_tests:/home/vboxuser/ros2_main_ws/install/webots_ros2_tesla:/home/vboxuser/ros2_main_ws/install/webots_ros2_mavic:/home/vboxuser/ros2_main_ws/install/webots_ros2_epuck:/home/vboxuser/ros2_main_ws/install/webots_ros2_control:/home/vboxuser/ros2_main_ws/install/my_package:/home/vboxuser/ros2_main_ws/install/webots_ros2_driver:/home/vboxuser/ros2_main_ws/install/webots_ros2_msgs:/opt/ros/jazzy CMAKE_PREFIX_PATH=/home/vboxuser/ros2_main_ws/install/webots_ros2_msgs:/home/vboxuser/ros2_main_ws/install/webots_ros2_control:/home/vboxuser/ros2_main_ws/install/webots_ros2_driver:/opt/ros/jazzy/opt/sdformat_vendor:/opt/ros/jazzy/opt/gz_math_vendor:/opt/ros/jazzy/opt/gz_utils_vendor:/opt/ros/jazzy/opt/gz_tools_vendor:/opt/ros/jazzy/opt/gz_cmake_vendor:/home/vboxuser/ros2_main_ws/install/webots_ros2:/home/vboxuser/ros2_main_ws/install/webots_ros2_universal_robot:/home/vboxuser/ros2_main_ws/install/webots_ros2_turtlebot:/home/vboxuser/ros2_main_ws/install/webots_ros2_tiago:/home/vboxuser/ros2_main_ws/install/webots_ros2_tests:/home/vboxuser/ros2_main_ws/install/webots_ros2_tesla:/home/vboxuser/ros2_main_ws/install/webots_ros2_mavic:/home/vboxuser/ros2_main_ws/install/webots_ros2_epuck:/home/vboxuser/ros2_main_ws/install/my_package:/home/vboxuser/ros2_main_ws/install/webots_ros2_importer:/opt/ros/jazzy DEBUGINFOD_URLS=https://debuginfod.ubuntu.com LD_LIBRARY_PATH=/home/vboxuser/ros2_main_ws/install/webots_ros2_msgs/lib:/home/vboxuser/ros2_main_ws/install/webots_ros2_control/lib:/home/vboxuser/ros2_main_ws/install/webots_ros2_driver/lib:/opt/ros/jazzy/opt/sdformat_vendor/lib:/opt/ros/jazzy/opt/rviz_ogre_vendor/lib:/opt/ros/jazzy/lib/x86_64-linux-gnu:/opt/ros/jazzy/opt/gz_math_vendor/lib:/opt/ros/jazzy/opt/gz_utils_vendor/lib:/opt/ros/jazzy/opt/gz_tools_vendor/lib:/opt/ros/jazzy/opt/gz_cmake_vendor/lib:/opt/ros/jazzy/lib PYTHONPATH=/home/vboxuser/ros2_main_ws/install/webots_ros2_msgs/lib/python3.12/site-packages:/home/vboxuser/ros2_main_ws/install/webots_ros2_importer/lib/python3.12/site-packages:/home/vboxuser/ros2_main_ws/install/webots_ros2/lib/python3.12/site-packages:/home/vboxuser/ros2_main_ws/install/webots_ros2_universal_robot/lib/python3.12/site-packages:/home/vboxuser/ros2_main_ws/install/webots_ros2_turtlebot/lib/python3.12/site-packages:/home/vboxuser/ros2_main_ws/install/webots_ros2_tiago/lib/python3.12/site-packages:/home/vboxuser/ros2_main_ws/install/webots_ros2_tests/lib/python3.12/site-packages:/home/vboxuser/ros2_main_ws/install/webots_ros2_tesla/lib/python3.12/site-packages:/home/vboxuser/ros2_main_ws/install/webots_ros2_mavic/lib/python3.12/site-packages:/home/vboxuser/ros2_main_ws/install/webots_ros2_epuck/lib/python3.12/site-packages:/home/vboxuser/ros2_main_ws/install/my_package/lib/python3.12/site-packages:/home/vboxuser/ros2_main_ws/install/webots_ros2_driver/lib/python3.12/site-packages:/opt/ros/jazzy/lib/python3.12/site-packages /usr/bin/cmake --build /home/vboxuser/ros2_main_ws/build/webots_ros2_driver -- -j2 -l2
[0.200s] [  0%] Built target ament_cmake_python_copy_controller
[0.295s] [  0%] Built target ament_cmake_python_copy_vehicle
[0.386s] [  0%] Built target ament_cmake_python_copy_webots_ros2_driver
[0.911s] running egg_info
[0.948s] writing controller.egg-info/PKG-INFO
[0.948s] writing dependency_links to controller.egg-info/dependency_links.txt
[0.948s] writing top-level names to controller.egg-info/top_level.txt
[1.031s] [  0%] Built target compile-lib-controller
[1.059s] reading manifest file 'controller.egg-info/SOURCES.txt'
[1.062s] writing manifest file 'controller.egg-info/SOURCES.txt'
[1.115s] [  0%] Built target ament_cmake_python_build_controller_egg
[1.489s] running egg_info
[1.527s] running egg_info
[1.536s] writing vehicle.egg-info/PKG-INFO
[1.537s] writing dependency_links to vehicle.egg-info/dependency_links.txt
[1.537s] writing top-level names to vehicle.egg-info/top_level.txt
[1.586s] writing webots_ros2_driver.egg-info/PKG-INFO
[1.589s] writing dependency_links to webots_ros2_driver.egg-info/dependency_links.txt
[1.589s] writing top-level names to webots_ros2_driver.egg-info/top_level.txt
[1.684s] reading manifest file 'vehicle.egg-info/SOURCES.txt'
[1.691s] writing manifest file 'vehicle.egg-info/SOURCES.txt'
[1.713s] reading manifest file 'webots_ros2_driver.egg-info/SOURCES.txt'
[1.728s] writing manifest file 'webots_ros2_driver.egg-info/SOURCES.txt'
[1.799s] [  0%] Built target ament_cmake_python_build_webots_ros2_driver_egg
[1.809s] [  0%] Built target ament_cmake_python_build_vehicle_egg
[1.893s] [  0%] Built target compile-generic-window
[2.298s] [  0%] Built target compile-lib-vehicle
[2.354s] [ 14%] Built target webots_ros2_driver_imu
[2.410s] [ 29%] Built target webots_ros2_driver_rgbd
[2.421s] [100%] Built target driver
[2.443s] Invoked command in '/home/vboxuser/ros2_main_ws/build/webots_ros2_driver' returned '0': AMENT_PREFIX_PATH=/home/vboxuser/ros2_main_ws/install/webots_ros2_importer:/home/vboxuser/ros2_main_ws/install/webots_ros2:/home/vboxuser/ros2_main_ws/install/webots_ros2_universal_robot:/home/vboxuser/ros2_main_ws/install/webots_ros2_turtlebot:/home/vboxuser/ros2_main_ws/install/webots_ros2_tiago:/home/vboxuser/ros2_main_ws/install/webots_ros2_tests:/home/vboxuser/ros2_main_ws/install/webots_ros2_tesla:/home/vboxuser/ros2_main_ws/install/webots_ros2_mavic:/home/vboxuser/ros2_main_ws/install/webots_ros2_epuck:/home/vboxuser/ros2_main_ws/install/webots_ros2_control:/home/vboxuser/ros2_main_ws/install/my_package:/home/vboxuser/ros2_main_ws/install/webots_ros2_driver:/home/vboxuser/ros2_main_ws/install/webots_ros2_msgs:/opt/ros/jazzy CMAKE_PREFIX_PATH=/home/vboxuser/ros2_main_ws/install/webots_ros2_msgs:/home/vboxuser/ros2_main_ws/install/webots_ros2_control:/home/vboxuser/ros2_main_ws/install/webots_ros2_driver:/opt/ros/jazzy/opt/sdformat_vendor:/opt/ros/jazzy/opt/gz_math_vendor:/opt/ros/jazzy/opt/gz_utils_vendor:/opt/ros/jazzy/opt/gz_tools_vendor:/opt/ros/jazzy/opt/gz_cmake_vendor:/home/vboxuser/ros2_main_ws/install/webots_ros2:/home/vboxuser/ros2_main_ws/install/webots_ros2_universal_robot:/home/vboxuser/ros2_main_ws/install/webots_ros2_turtlebot:/home/vboxuser/ros2_main_ws/install/webots_ros2_tiago:/home/vboxuser/ros2_main_ws/install/webots_ros2_tests:/home/vboxuser/ros2_main_ws/install/webots_ros2_tesla:/home/vboxuser/ros2_main_ws/install/webots_ros2_mavic:/home/vboxuser/ros2_main_ws/install/webots_ros2_epuck:/home/vboxuser/ros2_main_ws/install/my_package:/home/vboxuser/ros2_main_ws/install/webots_ros2_importer:/opt/ros/jazzy DEBUGINFOD_URLS=https://debuginfod.ubuntu.com LD_LIBRARY_PATH=/home/vboxuser/ros2_main_ws/install/webots_ros2_msgs/lib:/home/vboxuser/ros2_main_ws/install/webots_ros2_control/lib:/home/vboxuser/ros2_main_ws/install/webots_ros2_driver/lib:/opt/ros/jazzy/opt/sdformat_vendor/lib:/opt/ros/jazzy/opt/rviz_ogre_vendor/lib:/opt/ros/jazzy/lib/x86_64-linux-gnu:/opt/ros/jazzy/opt/gz_math_vendor/lib:/opt/ros/jazzy/opt/gz_utils_vendor/lib:/opt/ros/jazzy/opt/gz_tools_vendor/lib:/opt/ros/jazzy/opt/gz_cmake_vendor/lib:/opt/ros/jazzy/lib PYTHONPATH=/home/vboxuser/ros2_main_ws/install/webots_ros2_msgs/lib/python3.12/site-packages:/home/vboxuser/ros2_main_ws/install/webots_ros2_importer/lib/python3.12/site-packages:/home/vboxuser/ros2_main_ws/install/webots_ros2/lib/python3.12/site-packages:/home/vboxuser/ros2_main_ws/install/webots_ros2_universal_robot/lib/python3.12/site-packages:/home/vboxuser/ros2_main_ws/install/webots_ros2_turtlebot/lib/python3.12/site-packages:/home/vboxuser/ros2_main_ws/install/webots_ros2_tiago/lib/python3.12/site-packages:/home/vboxuser/ros2_main_ws/install/webots_ros2_tests/lib/python3.12/site-packages:/home/vboxuser/ros2_main_ws/install/webots_ros2_tesla/lib/python3.12/site-packages:/home/vboxuser/ros2_main_ws/install/webots_ros2_mavic/lib/python3.12/site-packages:/home/vboxuser/ros2_main_ws/install/webots_ros2_epuck/lib/python3.12/site-packages:/home/vboxuser/ros2_main_ws/install/my_package/lib/python3.12/site-packages:/home/vboxuser/ros2_main_ws/install/webots_ros2_driver/lib/python3.12/site-packages:/opt/ros/jazzy/lib/python3.12/site-packages /usr/bin/cmake --build /home/vboxuser/ros2_main_ws/build/webots_ros2_driver -- -j2 -l2
[2.602s] Invoking command in '/home/vboxuser/ros2_main_ws/build/webots_ros2_driver': AMENT_PREFIX_PATH=/home/vboxuser/ros2_main_ws/install/webots_ros2_importer:/home/vboxuser/ros2_main_ws/install/webots_ros2:/home/vboxuser/ros2_main_ws/install/webots_ros2_universal_robot:/home/vboxuser/ros2_main_ws/install/webots_ros2_turtlebot:/home/vboxuser/ros2_main_ws/install/webots_ros2_tiago:/home/vboxuser/ros2_main_ws/install/webots_ros2_tests:/home/vboxuser/ros2_main_ws/install/webots_ros2_tesla:/home/vboxuser/ros2_main_ws/install/webots_ros2_mavic:/home/vboxuser/ros2_main_ws/install/webots_ros2_epuck:/home/vboxuser/ros2_main_ws/install/webots_ros2_control:/home/vboxuser/ros2_main_ws/install/my_package:/home/vboxuser/ros2_main_ws/install/webots_ros2_driver:/home/vboxuser/ros2_main_ws/install/webots_ros2_msgs:/opt/ros/jazzy CMAKE_PREFIX_PATH=/home/vboxuser/ros2_main_ws/install/webots_ros2_msgs:/home/vboxuser/ros2_main_ws/install/webots_ros2_control:/home/vboxuser/ros2_main_ws/install/webots_ros2_driver:/opt/ros/jazzy/opt/sdformat_vendor:/opt/ros/jazzy/opt/gz_math_vendor:/opt/ros/jazzy/opt/gz_utils_vendor:/opt/ros/jazzy/opt/gz_tools_vendor:/opt/ros/jazzy/opt/gz_cmake_vendor:/home/vboxuser/ros2_main_ws/install/webots_ros2:/home/vboxuser/ros2_main_ws/install/webots_ros2_universal_robot:/home/vboxuser/ros2_main_ws/install/webots_ros2_turtlebot:/home/vboxuser/ros2_main_ws/install/webots_ros2_tiago:/home/vboxuser/ros2_main_ws/install/webots_ros2_tests:/home/vboxuser/ros2_main_ws/install/webots_ros2_tesla:/home/vboxuser/ros2_main_ws/install/webots_ros2_mavic:/home/vboxuser/ros2_main_ws/install/webots_ros2_epuck:/home/vboxuser/ros2_main_ws/install/my_package:/home/vboxuser/ros2_main_ws/install/webots_ros2_importer:/opt/ros/jazzy DEBUGINFOD_URLS=https://debuginfod.ubuntu.com LD_LIBRARY_PATH=/home/vboxuser/ros2_main_ws/install/webots_ros2_msgs/lib:/home/vboxuser/ros2_main_ws/install/webots_ros2_control/lib:/home/vboxuser/ros2_main_ws/install/webots_ros2_driver/lib:/opt/ros/jazzy/opt/sdformat_vendor/lib:/opt/ros/jazzy/opt/rviz_ogre_vendor/lib:/opt/ros/jazzy/lib/x86_64-linux-gnu:/opt/ros/jazzy/opt/gz_math_vendor/lib:/opt/ros/jazzy/opt/gz_utils_vendor/lib:/opt/ros/jazzy/opt/gz_tools_vendor/lib:/opt/ros/jazzy/opt/gz_cmake_vendor/lib:/opt/ros/jazzy/lib PYTHONPATH=/home/vboxuser/ros2_main_ws/install/webots_ros2_msgs/lib/python3.12/site-packages:/home/vboxuser/ros2_main_ws/install/webots_ros2_importer/lib/python3.12/site-packages:/home/vboxuser/ros2_main_ws/install/webots_ros2/lib/python3.12/site-packages:/home/vboxuser/ros2_main_ws/install/webots_ros2_universal_robot/lib/python3.12/site-packages:/home/vboxuser/ros2_main_ws/install/webots_ros2_turtlebot/lib/python3.12/site-packages:/home/vboxuser/ros2_main_ws/install/webots_ros2_tiago/lib/python3.12/site-packages:/home/vboxuser/ros2_main_ws/install/webots_ros2_tests/lib/python3.12/site-packages:/home/vboxuser/ros2_main_ws/install/webots_ros2_tesla/lib/python3.12/site-packages:/home/vboxuser/ros2_main_ws/install/webots_ros2_mavic/lib/python3.12/site-packages:/home/vboxuser/ros2_main_ws/install/webots_ros2_epuck/lib/python3.12/site-packages:/home/vboxuser/ros2_main_ws/install/my_package/lib/python3.12/site-packages:/home/vboxuser/ros2_main_ws/install/webots_ros2_driver/lib/python3.12/site-packages:/opt/ros/jazzy/lib/python3.12/site-packages /usr/bin/cmake --install /home/vboxuser/ros2_main_ws/build/webots_ros2_driver
[2.637s] -- Install configuration: ""
[2.638s] -- Up-to-date: /home/vboxuser/ros2_main_ws/install/webots_ros2_driver/share/webots_ros2_driver/environment/pythonpath.sh
[2.638s] -- Up-to-date: /home/vboxuser/ros2_main_ws/install/webots_ros2_driver/share/webots_ros2_driver/environment/pythonpath.dsv
[2.638s] -- Up-to-date: /home/vboxuser/ros2_main_ws/install/webots_ros2_driver/lib/python3.12/site-packages/controller-2023.1.3-py3.12.egg-info
[2.639s] -- Installing: /home/vboxuser/ros2_main_ws/install/webots_ros2_driver/lib/python3.12/site-packages/controller-2023.1.3-py3.12.egg-info/PKG-INFO
[2.639s] -- Installing: /home/vboxuser/ros2_main_ws/install/webots_ros2_driver/lib/python3.12/site-packages/controller-2023.1.3-py3.12.egg-info/top_level.txt
[2.639s] -- Installing: /home/vboxuser/ros2_main_ws/install/webots_ros2_driver/lib/python3.12/site-packages/controller-2023.1.3-py3.12.egg-info/dependency_links.txt
[2.640s] -- Installing: /home/vboxuser/ros2_main_ws/install/webots_ros2_driver/lib/python3.12/site-packages/controller-2023.1.3-py3.12.egg-info/SOURCES.txt
[2.640s] -- Up-to-date: /home/vboxuser/ros2_main_ws/install/webots_ros2_driver/lib/python3.12/site-packages/controller
[2.640s] -- Up-to-date: /home/vboxuser/ros2_main_ws/install/webots_ros2_driver/lib/python3.12/site-packages/controller/device.py
[2.641s] -- Up-to-date: /home/vboxuser/ros2_main_ws/install/webots_ros2_driver/lib/python3.12/site-packages/controller/radar.py
[2.641s] -- Up-to-date: /home/vboxuser/ros2_main_ws/install/webots_ros2_driver/lib/python3.12/site-packages/controller/field.py
[2.641s] -- Up-to-date: /home/vboxuser/ros2_main_ws/install/webots_ros2_driver/lib/python3.12/site-packages/controller/touch_sensor.py
[2.641s] -- Up-to-date: /home/vboxuser/ros2_main_ws/install/webots_ros2_driver/lib/python3.12/site-packages/controller/motion.py
[2.642s] -- Up-to-date: /home/vboxuser/ros2_main_ws/install/webots_ros2_driver/lib/python3.12/site-packages/controller/position_sensor.py
[2.642s] -- Up-to-date: /home/vboxuser/ros2_main_ws/install/webots_ros2_driver/lib/python3.12/site-packages/controller/inertial_unit.py
[2.642s] -- Up-to-date: /home/vboxuser/ros2_main_ws/install/webots_ros2_driver/lib/python3.12/site-packages/controller/__init__.py
[2.643s] -- Up-to-date: /home/vboxuser/ros2_main_ws/install/webots_ros2_driver/lib/python3.12/site-packages/controller/joystick.py
[2.643s] -- Up-to-date: /home/vboxuser/ros2_main_ws/install/webots_ros2_driver/lib/python3.12/site-packages/controller/emitter.py
[2.643s] -- Up-to-date: /home/vboxuser/ros2_main_ws/install/webots_ros2_driver/lib/python3.12/site-packages/controller/pen.py
[2.643s] -- Up-to-date: /home/vboxuser/ros2_main_ws/install/webots_ros2_driver/lib/python3.12/site-packages/controller/mouse.py
[2.644s] -- Up-to-date: /home/vboxuser/ros2_main_ws/install/webots_ros2_driver/lib/python3.12/site-packages/controller/display.py
[2.644s] -- Up-to-date: /home/vboxuser/ros2_main_ws/install/webots_ros2_driver/lib/python3.12/site-packages/controller/skin.py
[2.645s] -- Up-to-date: /home/vboxuser/ros2_main_ws/install/webots_ros2_driver/lib/python3.12/site-packages/controller/gyro.py
[2.645s] -- Up-to-date: /home/vboxuser/ros2_main_ws/install/webots_ros2_driver/lib/python3.12/site-packages/controller/speaker.py
[2.646s] -- Up-to-date: /home/vboxuser/ros2_main_ws/install/webots_ros2_driver/lib/python3.12/site-packages/controller/distance_sensor.py
[2.646s] -- Up-to-date: /home/vboxuser/ros2_main_ws/install/webots_ros2_driver/lib/python3.12/site-packages/controller/node.py
[2.646s] -- Up-to-date: /home/vboxuser/ros2_main_ws/install/webots_ros2_driver/lib/python3.12/site-packages/controller/lidar_point.py
[2.647s] -- Up-to-date: /home/vboxuser/ros2_main_ws/install/webots_ros2_driver/lib/python3.12/site-packages/controller/sensor.py
[2.647s] -- Up-to-date: /home/vboxuser/ros2_main_ws/install/webots_ros2_driver/lib/python3.12/site-packages/controller/brake.py
[2.647s] -- Up-to-date: /home/vboxuser/ros2_main_ws/install/webots_ros2_driver/lib/python3.12/site-packages/controller/compass.py
[2.648s] -- Up-to-date: /home/vboxuser/ros2_main_ws/install/webots_ros2_driver/lib/python3.12/site-packages/controller/range_finder.py
[2.648s] -- Up-to-date: /home/vboxuser/ros2_main_ws/install/webots_ros2_driver/lib/python3.12/site-packages/controller/supervisor.py
[2.648s] -- Up-to-date: /home/vboxuser/ros2_main_ws/install/webots_ros2_driver/lib/python3.12/site-packages/controller/gps.py
[2.649s] -- Up-to-date: /home/vboxuser/ros2_main_ws/install/webots_ros2_driver/lib/python3.12/site-packages/controller/led.py
[2.649s] -- Up-to-date: /home/vboxuser/ros2_main_ws/install/webots_ros2_driver/lib/python3.12/site-packages/controller/keyboard.py
[2.650s] -- Up-to-date: /home/vboxuser/ros2_main_ws/install/webots_ros2_driver/lib/python3.12/site-packages/controller/ansi_codes.py
[2.650s] -- Up-to-date: /home/vboxuser/ros2_main_ws/install/webots_ros2_driver/lib/python3.12/site-packages/controller/vacuum_gripper.py
[2.650s] -- Up-to-date: /home/vboxuser/ros2_main_ws/install/webots_ros2_driver/lib/python3.12/site-packages/controller/motor.py
[2.650s] -- Up-to-date: /home/vboxuser/ros2_main_ws/install/webots_ros2_driver/lib/python3.12/site-packages/controller/lidar.py
[2.651s] -- Up-to-date: /home/vboxuser/ros2_main_ws/install/webots_ros2_driver/lib/python3.12/site-packages/controller/receiver.py
[2.651s] -- Up-to-date: /home/vboxuser/ros2_main_ws/install/webots_ros2_driver/lib/python3.12/site-packages/controller/radar_target.py
[2.651s] -- Up-to-date: /home/vboxuser/ros2_main_ws/install/webots_ros2_driver/lib/python3.12/site-packages/controller/light_sensor.py
[2.651s] -- Up-to-date: /home/vboxuser/ros2_main_ws/install/webots_ros2_driver/lib/python3.12/site-packages/controller/accelerometer.py
[2.651s] -- Up-to-date: /home/vboxuser/ros2_main_ws/install/webots_ros2_driver/lib/python3.12/site-packages/controller/altimeter.py
[2.651s] -- Up-to-date: /home/vboxuser/ros2_main_ws/install/webots_ros2_driver/lib/python3.12/site-packages/controller/camera.py
[2.654s] -- Up-to-date: /home/vboxuser/ros2_main_ws/install/webots_ros2_driver/lib/python3.12/site-packages/controller/connector.py
[2.654s] -- Up-to-date: /home/vboxuser/ros2_main_ws/install/webots_ros2_driver/lib/python3.12/site-packages/controller/wb.py
[2.654s] -- Up-to-date: /home/vboxuser/ros2_main_ws/install/webots_ros2_driver/lib/python3.12/site-packages/controller/robot.py
[2.654s] -- Up-to-date: /home/vboxuser/ros2_main_ws/install/webots_ros2_driver/lib/python3.12/site-packages/controller/constants.py
[2.760s] Listing '/home/vboxuser/ros2_main_ws/install/webots_ros2_driver/lib/python3.12/site-packages/controller'...
[2.777s] -- Up-to-date: /home/vboxuser/ros2_main_ws/install/webots_ros2_driver/lib/python3.12/site-packages/vehicle-2023.1.3-py3.12.egg-info
[2.778s] -- Installing: /home/vboxuser/ros2_main_ws/install/webots_ros2_driver/lib/python3.12/site-packages/vehicle-2023.1.3-py3.12.egg-info/PKG-INFO
[2.778s] -- Installing: /home/vboxuser/ros2_main_ws/install/webots_ros2_driver/lib/python3.12/site-packages/vehicle-2023.1.3-py3.12.egg-info/top_level.txt
[2.779s] -- Installing: /home/vboxuser/ros2_main_ws/install/webots_ros2_driver/lib/python3.12/site-packages/vehicle-2023.1.3-py3.12.egg-info/dependency_links.txt
[2.779s] -- Installing: /home/vboxuser/ros2_main_ws/install/webots_ros2_driver/lib/python3.12/site-packages/vehicle-2023.1.3-py3.12.egg-info/SOURCES.txt
[2.779s] -- Up-to-date: /home/vboxuser/ros2_main_ws/install/webots_ros2_driver/lib/python3.12/site-packages/vehicle
[2.780s] -- Up-to-date: /home/vboxuser/ros2_main_ws/install/webots_ros2_driver/lib/python3.12/site-packages/vehicle/car.py
[2.780s] -- Up-to-date: /home/vboxuser/ros2_main_ws/install/webots_ros2_driver/lib/python3.12/site-packages/vehicle/__init__.py
[2.780s] -- Up-to-date: /home/vboxuser/ros2_main_ws/install/webots_ros2_driver/lib/python3.12/site-packages/vehicle/driver.py
[2.901s] Listing '/home/vboxuser/ros2_main_ws/install/webots_ros2_driver/lib/python3.12/site-packages/vehicle'...
[2.912s] -- Up-to-date: /home/vboxuser/ros2_main_ws/install/webots_ros2_driver/lib/python3.12/site-packages/webots_ros2_driver-2023.1.3-py3.12.egg-info
[2.912s] -- Installing: /home/vboxuser/ros2_main_ws/install/webots_ros2_driver/lib/python3.12/site-packages/webots_ros2_driver-2023.1.3-py3.12.egg-info/PKG-INFO
[2.913s] -- Installing: /home/vboxuser/ros2_main_ws/install/webots_ros2_driver/lib/python3.12/site-packages/webots_ros2_driver-2023.1.3-py3.12.egg-info/top_level.txt
[2.913s] -- Installing: /home/vboxuser/ros2_main_ws/install/webots_ros2_driver/lib/python3.12/site-packages/webots_ros2_driver-2023.1.3-py3.12.egg-info/dependency_links.txt
[2.913s] -- Installing: /home/vboxuser/ros2_main_ws/install/webots_ros2_driver/lib/python3.12/site-packages/webots_ros2_driver-2023.1.3-py3.12.egg-info/SOURCES.txt
[2.913s] -- Up-to-date: /home/vboxuser/ros2_main_ws/install/webots_ros2_driver/lib/python3.12/site-packages/webots_ros2_driver
[2.913s] -- Up-to-date: /home/vboxuser/ros2_main_ws/install/webots_ros2_driver/lib/python3.12/site-packages/webots_ros2_driver/webots_controller.py
[2.913s] -- Up-to-date: /home/vboxuser/ros2_main_ws/install/webots_ros2_driver/lib/python3.12/site-packages/webots_ros2_driver/wait_for_controller_connection.py
[2.913s] -- Up-to-date: /home/vboxuser/ros2_main_ws/install/webots_ros2_driver/lib/python3.12/site-packages/webots_ros2_driver/__init__.py
[2.913s] -- Up-to-date: /home/vboxuser/ros2_main_ws/install/webots_ros2_driver/lib/python3.12/site-packages/webots_ros2_driver/ros2_supervisor.py
[2.914s] -- Up-to-date: /home/vboxuser/ros2_main_ws/install/webots_ros2_driver/lib/python3.12/site-packages/webots_ros2_driver/utils.py
[2.914s] -- Up-to-date: /home/vboxuser/ros2_main_ws/install/webots_ros2_driver/lib/python3.12/site-packages/webots_ros2_driver/webots_launcher.py
[2.914s] -- Up-to-date: /home/vboxuser/ros2_main_ws/install/webots_ros2_driver/lib/python3.12/site-packages/webots_ros2_driver/urdf_spawner.py
[3.054s] Listing '/home/vboxuser/ros2_main_ws/install/webots_ros2_driver/lib/python3.12/site-packages/webots_ros2_driver'...
[3.081s] -- Up-to-date: /home/vboxuser/ros2_main_ws/install/webots_ros2_driver/include
[3.081s] -- Up-to-date: /home/vboxuser/ros2_main_ws/install/webots_ros2_driver/include/webots_ros2_driver
[3.082s] -- Up-to-date: /home/vboxuser/ros2_main_ws/install/webots_ros2_driver/include/webots_ros2_driver/WebotsNode.hpp
[3.082s] -- Up-to-date: /home/vboxuser/ros2_main_ws/install/webots_ros2_driver/include/webots_ros2_driver/utils
[3.082s] -- Up-to-date: /home/vboxuser/ros2_main_ws/install/webots_ros2_driver/include/webots_ros2_driver/utils/Utils.hpp
[3.082s] -- Up-to-date: /home/vboxuser/ros2_main_ws/install/webots_ros2_driver/include/webots_ros2_driver/utils/Math.hpp
[3.082s] -- Up-to-date: /home/vboxuser/ros2_main_ws/install/webots_ros2_driver/include/webots_ros2_driver/PluginInterface.hpp
[3.082s] -- Up-to-date: /home/vboxuser/ros2_main_ws/install/webots_ros2_driver/include/webots_ros2_driver/PythonPlugin.hpp
[3.083s] -- Up-to-date: /home/vboxuser/ros2_main_ws/install/webots_ros2_driver/include/webots_ros2_driver/plugins
[3.083s] -- Up-to-date: /home/vboxuser/ros2_main_ws/install/webots_ros2_driver/include/webots_ros2_driver/plugins/Ros2SensorPlugin.hpp
[3.093s] -- Up-to-date: /home/vboxuser/ros2_main_ws/install/webots_ros2_driver/include/webots_ros2_driver/plugins/dynamic
[3.093s] -- Up-to-date: /home/vboxuser/ros2_main_ws/install/webots_ros2_driver/include/webots_ros2_driver/plugins/dynamic/Ros2RGBD.hpp
[3.093s] -- Up-to-date: /home/vboxuser/ros2_main_ws/install/webots_ros2_driver/include/webots_ros2_driver/plugins/dynamic/Ros2IMU.hpp
[3.094s] -- Up-to-date: /home/vboxuser/ros2_main_ws/install/webots_ros2_driver/include/webots_ros2_driver/plugins/static
[3.094s] -- Up-to-date: /home/vboxuser/ros2_main_ws/install/webots_ros2_driver/include/webots_ros2_driver/plugins/static/Ros2Compass.hpp
[3.094s] -- Up-to-date: /home/vboxuser/ros2_main_ws/install/webots_ros2_driver/include/webots_ros2_driver/plugins/static/Ros2LightSensor.hpp
[3.094s] -- Up-to-date: /home/vboxuser/ros2_main_ws/install/webots_ros2_driver/include/webots_ros2_driver/plugins/static/Ros2VacuumGripper.hpp
[3.094s] -- Up-to-date: /home/vboxuser/ros2_main_ws/install/webots_ros2_driver/include/webots_ros2_driver/plugins/static/Ros2Emitter.hpp
[3.094s] -- Up-to-date: /home/vboxuser/ros2_main_ws/install/webots_ros2_driver/include/webots_ros2_driver/plugins/static/Ros2Camera.hpp
[3.094s] -- Up-to-date: /home/vboxuser/ros2_main_ws/install/webots_ros2_driver/include/webots_ros2_driver/plugins/static/Ros2DistanceSensor.hpp
[3.094s] -- Up-to-date: /home/vboxuser/ros2_main_ws/install/webots_ros2_driver/include/webots_ros2_driver/plugins/static/Ros2RangeFinder.hpp
[3.095s] -- Up-to-date: /home/vboxuser/ros2_main_ws/install/webots_ros2_driver/include/webots_ros2_driver/plugins/static/Ros2Pen.hpp
[3.095s] -- Up-to-date: /home/vboxuser/ros2_main_ws/install/webots_ros2_driver/include/webots_ros2_driver/plugins/static/Ros2Lidar.hpp
[3.099s] -- Up-to-date: /home/vboxuser/ros2_main_ws/install/webots_ros2_driver/include/webots_ros2_driver/plugins/static/Ros2GPS.hpp
[3.099s] -- Up-to-date: /home/vboxuser/ros2_main_ws/install/webots_ros2_driver/include/webots_ros2_driver/plugins/static/Ros2Receiver.hpp
[3.099s] -- Up-to-date: /home/vboxuser/ros2_main_ws/install/webots_ros2_driver/include/webots_ros2_driver/plugins/static/Ros2LED.hpp
[3.100s] -- Up-to-date: /home/vboxuser/ros2_main_ws/install/webots_ros2_driver/lib/webots_ros2_driver/driver
[3.100s] -- Up-to-date: /home/vboxuser/ros2_main_ws/install/webots_ros2_driver/lib/libwebots_ros2_driver_imu.so
[3.100s] -- Up-to-date: /home/vboxuser/ros2_main_ws/install/webots_ros2_driver/lib/libwebots_ros2_driver_rgbd.so
[3.100s] -- Up-to-date: /home/vboxuser/ros2_main_ws/install/webots_ros2_driver/include/webots/c
[3.100s] -- Up-to-date: /home/vboxuser/ros2_main_ws/install/webots_ros2_driver/include/webots/c/webots
[3.100s] -- Up-to-date: /home/vboxuser/ros2_main_ws/install/webots_ros2_driver/include/webots/c/webots/gps.h
[3.101s] -- Up-to-date: /home/vboxuser/ros2_main_ws/install/webots_ros2_driver/include/webots/c/webots/mouse_state.h
[3.105s] -- Up-to-date: /home/vboxuser/ros2_main_ws/install/webots_ros2_driver/include/webots/c/webots/distance_sensor.h
[3.105s] -- Up-to-date: /home/vboxuser/ros2_main_ws/install/webots_ros2_driver/include/webots/c/webots/radio.h
[3.105s] -- Up-to-date: /home/vboxuser/ros2_main_ws/install/webots_ros2_driver/include/webots/c/webots/led.h
[3.106s] -- Up-to-date: /home/vboxuser/ros2_main_ws/install/webots_ros2_driver/include/webots/c/webots/joystick.h
[3.106s] -- Up-to-date: /home/vboxuser/ros2_main_ws/install/webots_ros2_driver/include/webots/c/webots/vehicle
[3.106s] -- Up-to-date: /home/vboxuser/ros2_main_ws/install/webots_ros2_driver/include/webots/c/webots/vehicle/driver.h
[3.106s] -- Up-to-date: /home/vboxuser/ros2_main_ws/install/webots_ros2_driver/include/webots/c/webots/vehicle/car.h
[3.106s] -- Up-to-date: /home/vboxuser/ros2_main_ws/install/webots_ros2_driver/include/webots/c/webots/connector.h
[3.107s] -- Up-to-date: /home/vboxuser/ros2_main_ws/install/webots_ros2_driver/include/webots/c/webots/remote_control.h
[3.111s] -- Up-to-date: /home/vboxuser/ros2_main_ws/install/webots_ros2_driver/include/webots/c/webots/lidar_point.h
[3.111s] -- Up-to-date: /home/vboxuser/ros2_main_ws/install/webots_ros2_driver/include/webots/c/webots/keyboard.h
[3.112s] -- Up-to-date: /home/vboxuser/ros2_main_ws/install/webots_ros2_driver/include/webots/c/webots/receiver.h
[3.112s] -- Up-to-date: /home/vboxuser/ros2_main_ws/install/webots_ros2_driver/include/webots/c/webots/radar.h
[3.114s] -- Up-to-date: /home/vboxuser/ros2_main_ws/install/webots_ros2_driver/include/webots/c/webots/speaker.h
[3.115s] -- Up-to-date: /home/vboxuser/ros2_main_ws/install/webots_ros2_driver/include/webots/c/webots/emitter.h
[3.115s] -- Up-to-date: /home/vboxuser/ros2_main_ws/install/webots_ros2_driver/include/webots/c/webots/range_finder.h
[3.115s] -- Up-to-date: /home/vboxuser/ros2_main_ws/install/webots_ros2_driver/include/webots/c/webots/pen.h
[3.115s] -- Up-to-date: /home/vboxuser/ros2_main_ws/install/webots_ros2_driver/include/webots/c/webots/mouse.h
[3.115s] -- Up-to-date: /home/vboxuser/ros2_main_ws/install/webots_ros2_driver/include/webots/c/webots/camera_recognition_object.h
[3.115s] -- Up-to-date: /home/vboxuser/ros2_main_ws/install/webots_ros2_driver/include/webots/c/webots/supervisor.h
[3.116s] -- Up-to-date: /home/vboxuser/ros2_main_ws/install/webots_ros2_driver/include/webots/c/webots/position_sensor.h
[3.132s] -- Up-to-date: /home/vboxuser/ros2_main_ws/install/webots_ros2_driver/include/webots/c/webots/altimeter.h
[3.132s] -- Up-to-date: /home/vboxuser/ros2_main_ws/install/webots_ros2_driver/include/webots/c/webots/console.h
[3.132s] -- Up-to-date: /home/vboxuser/ros2_main_ws/install/webots_ros2_driver/include/webots/c/webots/utils
[3.133s] -- Up-to-date: /home/vboxuser/ros2_main_ws/install/webots_ros2_driver/include/webots/c/webots/utils/system.h
[3.133s] -- Up-to-date: /home/vboxuser/ros2_main_ws/install/webots_ros2_driver/include/webots/c/webots/utils/string.h
[3.133s] -- Up-to-date: /home/vboxuser/ros2_main_ws/install/webots_ros2_driver/include/webots/c/webots/utils/ansi_codes.h
[3.133s] -- Up-to-date: /home/vboxuser/ros2_main_ws/install/webots_ros2_driver/include/webots/c/webots/utils/motion.h
[3.133s] -- Up-to-date: /home/vboxuser/ros2_main_ws/install/webots_ros2_driver/include/webots/c/webots/inertial_unit.h
[3.133s] -- Up-to-date: /home/vboxuser/ros2_main_ws/install/webots_ros2_driver/include/webots/c/webots/touch_sensor.h
[3.133s] -- Up-to-date: /home/vboxuser/ros2_main_ws/install/webots_ros2_driver/include/webots/c/webots/robot.h
[3.134s] -- Up-to-date: /home/vboxuser/ros2_main_ws/install/webots_ros2_driver/include/webots/c/webots/contact_point.h
[3.134s] -- Up-to-date: /home/vboxuser/ros2_main_ws/install/webots_ros2_driver/include/webots/c/webots/nodes.h
[3.137s] -- Up-to-date: /home/vboxuser/ros2_main_ws/install/webots_ros2_driver/include/webots/c/webots/lidar.h
[3.137s] -- Up-to-date: /home/vboxuser/ros2_main_ws/install/webots_ros2_driver/include/webots/c/webots/vacuum_gripper.h
[3.137s] -- Up-to-date: /home/vboxuser/ros2_main_ws/install/webots_ros2_driver/include/webots/c/webots/types.h
[3.137s] -- Up-to-date: /home/vboxuser/ros2_main_ws/install/webots_ros2_driver/include/webots/c/webots/device.h
[3.138s] -- Up-to-date: /home/vboxuser/ros2_main_ws/install/webots_ros2_driver/include/webots/c/webots/gyro.h
[3.138s] -- Up-to-date: /home/vboxuser/ros2_main_ws/install/webots_ros2_driver/include/webots/c/webots/light_sensor.h
[3.138s] -- Up-to-date: /home/vboxuser/ros2_main_ws/install/webots_ros2_driver/include/webots/c/webots/motor.h
[3.138s] -- Up-to-date: /home/vboxuser/ros2_main_ws/install/webots_ros2_driver/include/webots/c/webots/accelerometer.h
[3.138s] -- Up-to-date: /home/vboxuser/ros2_main_ws/install/webots_ros2_driver/include/webots/c/webots/skin.h
[3.138s] -- Up-to-date: /home/vboxuser/ros2_main_ws/install/webots_ros2_driver/include/webots/c/webots/radar_target.h
[3.139s] -- Up-to-date: /home/vboxuser/ros2_main_ws/install/webots_ros2_driver/include/webots/c/webots/compass.h
[3.139s] -- Up-to-date: /home/vboxuser/ros2_main_ws/install/webots_ros2_driver/include/webots/c/webots/display.h
[3.145s] -- Up-to-date: /home/vboxuser/ros2_main_ws/install/webots_ros2_driver/include/webots/c/webots/plugins
[3.145s] -- Up-to-date: /home/vboxuser/ros2_main_ws/install/webots_ros2_driver/include/webots/c/webots/plugins/robot_window
[3.145s] -- Up-to-date: /home/vboxuser/ros2_main_ws/install/webots_ros2_driver/include/webots/c/webots/plugins/robot_window/robot_wwi.h
[3.146s] -- Up-to-date: /home/vboxuser/ros2_main_ws/install/webots_ros2_driver/include/webots/c/webots/plugins/robot_window/generic_robot_window
[3.146s] -- Up-to-date: /home/vboxuser/ros2_main_ws/install/webots_ros2_driver/include/webots/c/webots/plugins/robot_window/generic_robot_window/generic.h
[3.146s] -- Up-to-date: /home/vboxuser/ros2_main_ws/install/webots_ros2_driver/include/webots/c/webots/plugins/robot_window/default.h
[3.146s] -- Up-to-date: /home/vboxuser/ros2_main_ws/install/webots_ros2_driver/include/webots/c/webots/plugins/robot_window/robot_window.h
[3.146s] -- Up-to-date: /home/vboxuser/ros2_main_ws/install/webots_ros2_driver/include/webots/c/webots/camera.h
[3.147s] -- Up-to-date: /home/vboxuser/ros2_main_ws/install/webots_ros2_driver/include/webots/c/webots/brake.h
[3.151s] -- Up-to-date: /home/vboxuser/ros2_main_ws/install/webots_ros2_driver/include/webots/c/webots/microphone.h
[3.151s] -- Up-to-date: /home/vboxuser/ros2_main_ws/install/webots_ros2_driver/include/webots/cpp
[3.151s] -- Up-to-date: /home/vboxuser/ros2_main_ws/install/webots_ros2_driver/include/webots/cpp/webots
[3.151s] -- Up-to-date: /home/vboxuser/ros2_main_ws/install/webots_ros2_driver/include/webots/cpp/webots/Robot.hpp
[3.151s] -- Up-to-date: /home/vboxuser/ros2_main_ws/install/webots_ros2_driver/include/webots/cpp/webots/LED.hpp
[3.151s] -- Up-to-date: /home/vboxuser/ros2_main_ws/install/webots_ros2_driver/include/webots/cpp/webots/vehicle
[3.152s] -- Up-to-date: /home/vboxuser/ros2_main_ws/install/webots_ros2_driver/include/webots/cpp/webots/vehicle/Driver.hpp
[3.152s] -- Up-to-date: /home/vboxuser/ros2_main_ws/install/webots_ros2_driver/include/webots/cpp/webots/vehicle/Car.hpp
[3.152s] -- Up-to-date: /home/vboxuser/ros2_main_ws/install/webots_ros2_driver/include/webots/cpp/webots/Motor.hpp
[3.152s] -- Up-to-date: /home/vboxuser/ros2_main_ws/install/webots_ros2_driver/include/webots/cpp/webots/Field.hpp
[3.152s] -- Up-to-date: /home/vboxuser/ros2_main_ws/install/webots_ros2_driver/include/webots/cpp/webots/Compass.hpp
[3.152s] -- Up-to-date: /home/vboxuser/ros2_main_ws/install/webots_ros2_driver/include/webots/cpp/webots/PositionSensor.hpp
[3.153s] -- Up-to-date: /home/vboxuser/ros2_main_ws/install/webots_ros2_driver/include/webots/cpp/webots/Gyro.hpp
[3.153s] -- Up-to-date: /home/vboxuser/ros2_main_ws/install/webots_ros2_driver/include/webots/cpp/webots/Radar.hpp
[3.153s] -- Up-to-date: /home/vboxuser/ros2_main_ws/install/webots_ros2_driver/include/webots/cpp/webots/LightSensor.hpp
[3.157s] -- Up-to-date: /home/vboxuser/ros2_main_ws/install/webots_ros2_driver/include/webots/cpp/webots/Emitter.hpp
[3.157s] -- Up-to-date: /home/vboxuser/ros2_main_ws/install/webots_ros2_driver/include/webots/cpp/webots/VacuumGripper.hpp
[3.158s] -- Up-to-date: /home/vboxuser/ros2_main_ws/install/webots_ros2_driver/include/webots/cpp/webots/Pen.hpp
[3.158s] -- Up-to-date: /home/vboxuser/ros2_main_ws/install/webots_ros2_driver/include/webots/cpp/webots/Node.hpp
[3.158s] -- Up-to-date: /home/vboxuser/ros2_main_ws/install/webots_ros2_driver/include/webots/cpp/webots/Device.hpp
[3.158s] -- Up-to-date: /home/vboxuser/ros2_main_ws/install/webots_ros2_driver/include/webots/cpp/webots/Camera.hpp
[3.158s] -- Up-to-date: /home/vboxuser/ros2_main_ws/install/webots_ros2_driver/include/webots/cpp/webots/Joystick.hpp
[3.158s] -- Up-to-date: /home/vboxuser/ros2_main_ws/install/webots_ros2_driver/include/webots/cpp/webots/Brake.hpp
[3.158s] -- Up-to-date: /home/vboxuser/ros2_main_ws/install/webots_ros2_driver/include/webots/cpp/webots/Mouse.hpp
[3.163s] -- Up-to-date: /home/vboxuser/ros2_main_ws/install/webots_ros2_driver/include/webots/cpp/webots/TouchSensor.hpp
[3.163s] -- Up-to-date: /home/vboxuser/ros2_main_ws/install/webots_ros2_driver/include/webots/cpp/webots/Receiver.hpp
[3.164s] -- Up-to-date: /home/vboxuser/ros2_main_ws/install/webots_ros2_driver/include/webots/cpp/webots/GPS.hpp
[3.164s] -- Up-to-date: /home/vboxuser/ros2_main_ws/install/webots_ros2_driver/include/webots/cpp/webots/ImageRef.hpp
[3.164s] -- Up-to-date: /home/vboxuser/ros2_main_ws/install/webots_ros2_driver/include/webots/cpp/webots/Lidar.hpp
[3.164s] -- Up-to-date: /home/vboxuser/ros2_main_ws/install/webots_ros2_driver/include/webots/cpp/webots/utils
[3.164s] -- Up-to-date: /home/vboxuser/ros2_main_ws/install/webots_ros2_driver/include/webots/cpp/webots/utils/Motion.hpp
[3.164s] -- Up-to-date: /home/vboxuser/ros2_main_ws/install/webots_ros2_driver/include/webots/cpp/webots/utils/AnsiCodes.hpp
[3.164s] -- Up-to-date: /home/vboxuser/ros2_main_ws/install/webots_ros2_driver/include/webots/cpp/webots/Display.hpp
[3.165s] -- Up-to-date: /home/vboxuser/ros2_main_ws/install/webots_ros2_driver/include/webots/cpp/webots/Keyboard.hpp
[3.165s] -- Up-to-date: /home/vboxuser/ros2_main_ws/install/webots_ros2_driver/include/webots/cpp/webots/Skin.hpp
[3.169s] -- Up-to-date: /home/vboxuser/ros2_main_ws/install/webots_ros2_driver/include/webots/cpp/webots/RangeFinder.hpp
[3.169s] -- Up-to-date: /home/vboxuser/ros2_main_ws/install/webots_ros2_driver/include/webots/cpp/webots/Supervisor.hpp
[3.169s] -- Up-to-date: /home/vboxuser/ros2_main_ws/install/webots_ros2_driver/include/webots/cpp/webots/DistanceSensor.hpp
[3.169s] -- Up-to-date: /home/vboxuser/ros2_main_ws/install/webots_ros2_driver/include/webots/cpp/webots/InertialUnit.hpp
[3.170s] -- Up-to-date: /home/vboxuser/ros2_main_ws/install/webots_ros2_driver/include/webots/cpp/webots/Speaker.hpp
[3.170s] -- Up-to-date: /home/vboxuser/ros2_main_ws/install/webots_ros2_driver/include/webots/cpp/webots/Connector.hpp
[3.170s] -- Up-to-date: /home/vboxuser/ros2_main_ws/install/webots_ros2_driver/include/webots/cpp/webots/Accelerometer.hpp
[3.170s] -- Up-to-date: /home/vboxuser/ros2_main_ws/install/webots_ros2_driver/include/webots/cpp/webots/Altimeter.hpp
[3.170s] -- Up-to-date: /home/vboxuser/ros2_main_ws/install/webots_ros2_driver/lib/controller
[3.170s] -- Installing: /home/vboxuser/ros2_main_ws/install/webots_ros2_driver/lib/controller/libCppCar.so
[3.170s] -- Installing: /home/vboxuser/ros2_main_ws/install/webots_ros2_driver/lib/controller/libgeneric_robot_window.so
[3.170s] -- Up-to-date: /home/vboxuser/ros2_main_ws/install/webots_ros2_driver/lib/controller/libController.so
[3.171s] -- Installing: /home/vboxuser/ros2_main_ws/install/webots_ros2_driver/lib/controller/libdriver.so
[3.171s] -- Installing: /home/vboxuser/ros2_main_ws/install/webots_ros2_driver/lib/controller/libCppDriver.so
[3.171s] -- Up-to-date: /home/vboxuser/ros2_main_ws/install/webots_ros2_driver/lib/controller/libCppController.so
[3.180s] -- Up-to-date: /home/vboxuser/ros2_main_ws/install/webots_ros2_driver/lib/controller/.gitignore
[3.181s] -- Installing: /home/vboxuser/ros2_main_ws/install/webots_ros2_driver/lib/controller/libcar.so
[3.181s] -- Up-to-date: /home/vboxuser/ros2_main_ws/install/webots_ros2_driver/share/webots_ros2_driver/webots_ros2_imu.xml
[3.181s] -- Up-to-date: /home/vboxuser/ros2_main_ws/install/webots_ros2_driver/share/webots_ros2_driver/webots_ros2_rgbd.xml
[3.181s] -- Up-to-date: /home/vboxuser/ros2_main_ws/install/webots_ros2_driver/lib/webots_ros2_driver/ros2_supervisor.py
[3.181s] -- Up-to-date: /home/vboxuser/ros2_main_ws/install/webots_ros2_driver/share/webots_ros2_driver/scripts
[3.181s] -- Up-to-date: /home/vboxuser/ros2_main_ws/install/webots_ros2_driver/share/webots_ros2_driver/scripts/webots_tcp_client.py
[3.181s] -- Up-to-date: /home/vboxuser/ros2_main_ws/install/webots_ros2_driver/share/webots_ros2_driver/scripts/webots-controller
[3.181s] -- Up-to-date: /home/vboxuser/ros2_main_ws/install/webots_ros2_driver/share/webots_ros2_driver/environment/library_path.sh
[3.182s] -- Up-to-date: /home/vboxuser/ros2_main_ws/install/webots_ros2_driver/share/webots_ros2_driver/environment/library_path.dsv
[3.182s] -- Up-to-date: /home/vboxuser/ros2_main_ws/install/webots_ros2_driver/share/ament_index/resource_index/package_run_dependencies/webots_ros2_driver
[3.182s] -- Up-to-date: /home/vboxuser/ros2_main_ws/install/webots_ros2_driver/share/ament_index/resource_index/parent_prefix_path/webots_ros2_driver
[3.196s] -- Up-to-date: /home/vboxuser/ros2_main_ws/install/webots_ros2_driver/share/webots_ros2_driver/environment/ament_prefix_path.sh
[3.196s] -- Up-to-date: /home/vboxuser/ros2_main_ws/install/webots_ros2_driver/share/webots_ros2_driver/environment/ament_prefix_path.dsv
[3.196s] -- Up-to-date: /home/vboxuser/ros2_main_ws/install/webots_ros2_driver/share/webots_ros2_driver/environment/path.sh
[3.196s] -- Up-to-date: /home/vboxuser/ros2_main_ws/install/webots_ros2_driver/share/webots_ros2_driver/environment/path.dsv
[3.197s] -- Up-to-date: /home/vboxuser/ros2_main_ws/install/webots_ros2_driver/share/webots_ros2_driver/local_setup.bash
[3.197s] -- Up-to-date: /home/vboxuser/ros2_main_ws/install/webots_ros2_driver/share/webots_ros2_driver/local_setup.sh
[3.197s] -- Up-to-date: /home/vboxuser/ros2_main_ws/install/webots_ros2_driver/share/webots_ros2_driver/local_setup.zsh
[3.197s] -- Up-to-date: /home/vboxuser/ros2_main_ws/install/webots_ros2_driver/share/webots_ros2_driver/local_setup.dsv
[3.197s] -- Installing: /home/vboxuser/ros2_main_ws/install/webots_ros2_driver/share/webots_ros2_driver/package.dsv
[3.197s] -- Up-to-date: /home/vboxuser/ros2_main_ws/install/webots_ros2_driver/share/ament_index/resource_index/packages/webots_ros2_driver
[3.197s] -- Up-to-date: /home/vboxuser/ros2_main_ws/install/webots_ros2_driver/share/ament_index/resource_index/webots_ros2_driver__pluginlib__plugin/webots_ros2_driver
[3.197s] -- Up-to-date: /home/vboxuser/ros2_main_ws/install/webots_ros2_driver/share/webots_ros2_driver/cmake/ament_cmake_export_include_directories-extras.cmake
[3.198s] -- Up-to-date: /home/vboxuser/ros2_main_ws/install/webots_ros2_driver/share/webots_ros2_driver/cmake/ament_cmake_export_dependencies-extras.cmake
[3.198s] -- Up-to-date: /home/vboxuser/ros2_main_ws/install/webots_ros2_driver/share/webots_ros2_driver/cmake/ament_cmake_export_libraries-extras.cmake
[3.211s] -- Up-to-date: /home/vboxuser/ros2_main_ws/install/webots_ros2_driver/share/webots_ros2_driver/cmake/webots_ros2_driverConfig.cmake
[3.211s] -- Up-to-date: /home/vboxuser/ros2_main_ws/install/webots_ros2_driver/share/webots_ros2_driver/cmake/webots_ros2_driverConfig-version.cmake
[3.211s] -- Up-to-date: /home/vboxuser/ros2_main_ws/install/webots_ros2_driver/share/webots_ros2_driver/package.xml
[3.211s] Invoked command in '/home/vboxuser/ros2_main_ws/build/webots_ros2_driver' returned '0': AMENT_PREFIX_PATH=/home/vboxuser/ros2_main_ws/install/webots_ros2_importer:/home/vboxuser/ros2_main_ws/install/webots_ros2:/home/vboxuser/ros2_main_ws/install/webots_ros2_universal_robot:/home/vboxuser/ros2_main_ws/install/webots_ros2_turtlebot:/home/vboxuser/ros2_main_ws/install/webots_ros2_tiago:/home/vboxuser/ros2_main_ws/install/webots_ros2_tests:/home/vboxuser/ros2_main_ws/install/webots_ros2_tesla:/home/vboxuser/ros2_main_ws/install/webots_ros2_mavic:/home/vboxuser/ros2_main_ws/install/webots_ros2_epuck:/home/vboxuser/ros2_main_ws/install/webots_ros2_control:/home/vboxuser/ros2_main_ws/install/my_package:/home/vboxuser/ros2_main_ws/install/webots_ros2_driver:/home/vboxuser/ros2_main_ws/install/webots_ros2_msgs:/opt/ros/jazzy CMAKE_PREFIX_PATH=/home/vboxuser/ros2_main_ws/install/webots_ros2_msgs:/home/vboxuser/ros2_main_ws/install/webots_ros2_control:/home/vboxuser/ros2_main_ws/install/webots_ros2_driver:/opt/ros/jazzy/opt/sdformat_vendor:/opt/ros/jazzy/opt/gz_math_vendor:/opt/ros/jazzy/opt/gz_utils_vendor:/opt/ros/jazzy/opt/gz_tools_vendor:/opt/ros/jazzy/opt/gz_cmake_vendor:/home/vboxuser/ros2_main_ws/install/webots_ros2:/home/vboxuser/ros2_main_ws/install/webots_ros2_universal_robot:/home/vboxuser/ros2_main_ws/install/webots_ros2_turtlebot:/home/vboxuser/ros2_main_ws/install/webots_ros2_tiago:/home/vboxuser/ros2_main_ws/install/webots_ros2_tests:/home/vboxuser/ros2_main_ws/install/webots_ros2_tesla:/home/vboxuser/ros2_main_ws/install/webots_ros2_mavic:/home/vboxuser/ros2_main_ws/install/webots_ros2_epuck:/home/vboxuser/ros2_main_ws/install/my_package:/home/vboxuser/ros2_main_ws/install/webots_ros2_importer:/opt/ros/jazzy DEBUGINFOD_URLS=https://debuginfod.ubuntu.com LD_LIBRARY_PATH=/home/vboxuser/ros2_main_ws/install/webots_ros2_msgs/lib:/home/vboxuser/ros2_main_ws/install/webots_ros2_control/lib:/home/vboxuser/ros2_main_ws/install/webots_ros2_driver/lib:/opt/ros/jazzy/opt/sdformat_vendor/lib:/opt/ros/jazzy/opt/rviz_ogre_vendor/lib:/opt/ros/jazzy/lib/x86_64-linux-gnu:/opt/ros/jazzy/opt/gz_math_vendor/lib:/opt/ros/jazzy/opt/gz_utils_vendor/lib:/opt/ros/jazzy/opt/gz_tools_vendor/lib:/opt/ros/jazzy/opt/gz_cmake_vendor/lib:/opt/ros/jazzy/lib PYTHONPATH=/home/vboxuser/ros2_main_ws/install/webots_ros2_msgs/lib/python3.12/site-packages:/home/vboxuser/ros2_main_ws/install/webots_ros2_importer/lib/python3.12/site-packages:/home/vboxuser/ros2_main_ws/install/webots_ros2/lib/python3.12/site-packages:/home/vboxuser/ros2_main_ws/install/webots_ros2_universal_robot/lib/python3.12/site-packages:/home/vboxuser/ros2_main_ws/install/webots_ros2_turtlebot/lib/python3.12/site-packages:/home/vboxuser/ros2_main_ws/install/webots_ros2_tiago/lib/python3.12/site-packages:/home/vboxuser/ros2_main_ws/install/webots_ros2_tests/lib/python3.12/site-packages:/home/vboxuser/ros2_main_ws/install/webots_ros2_tesla/lib/python3.12/site-packages:/home/vboxuser/ros2_main_ws/install/webots_ros2_mavic/lib/python3.12/site-packages:/home/vboxuser/ros2_main_ws/install/webots_ros2_epuck/lib/python3.12/site-packages:/home/vboxuser/ros2_main_ws/install/my_package/lib/python3.12/site-packages:/home/vboxuser/ros2_main_ws/install/webots_ros2_driver/lib/python3.12/site-packages:/opt/ros/jazzy/lib/python3.12/site-packages /usr/bin/cmake --install /home/vboxuser/ros2_main_ws/build/webots_ros2_driver
