[0.574s] Invoking command in '/home/vboxuser/ros2_main_ws/build/webots_ros2_msgs': CMAKE_PREFIX_PATH=${CMAKE_PREFIX_PATH}:/opt/ros/jazzy DEBUGINFOD_URLS=https://debuginfod.ubuntu.com /usr/bin/cmake --build /home/vboxuser/ros2_main_ws/build/webots_ros2_msgs -- -j2 -l2
[0.864s] [  1%] Built target webots_ros2_msgs__rosidl_generator_type_description
[0.944s] [  1%] Built target ament_cmake_python_copy_webots_ros2_msgs
[0.970s] [  1%] Built target webots_ros2_msgs__cpp
[1.081s] [ 27%] Built target webots_ros2_msgs__rosidl_generator_c
[1.192s] [ 36%] Built target webots_ros2_msgs__rosidl_typesupport_cpp
[1.348s] [ 46%] Built target webots_ros2_msgs__rosidl_typesupport_fastrtps_c
[1.454s] [ 56%] Built target webots_ros2_msgs__rosidl_typesupport_fastrtps_cpp
[1.565s] [ 66%] Built target webots_ros2_msgs__rosidl_typesupport_introspection_c
[1.712s] [ 76%] Built target webots_ros2_msgs__rosidl_typesupport_c
[1.787s] running egg_info
[1.860s] [ 85%] Built target webots_ros2_msgs__rosidl_typesupport_introspection_cpp
[1.917s] writing webots_ros2_msgs.egg-info/PKG-INFO
[1.923s] writing dependency_links to webots_ros2_msgs.egg-info/dependency_links.txt
[1.926s] writing top-level names to webots_ros2_msgs.egg-info/top_level.txt
[1.926s] [ 85%] Built target webots_ros2_msgs
[1.965s] [ 86%] Built target webots_ros2_msgs__py
[2.016s] [ 95%] Built target webots_ros2_msgs__rosidl_generator_py
[2.053s] [ 96%] Built target webots_ros2_msgs_s__rosidl_typesupport_fastrtps_c
[2.082s] [ 98%] Built target webots_ros2_msgs_s__rosidl_typesupport_introspection_c
[2.119s] [100%] Built target webots_ros2_msgs_s__rosidl_typesupport_c
[2.142s] reading manifest file 'webots_ros2_msgs.egg-info/SOURCES.txt'
[2.144s] writing manifest file 'webots_ros2_msgs.egg-info/SOURCES.txt'
[2.187s] [100%] Built target ament_cmake_python_build_webots_ros2_msgs_egg
[2.211s] Invoked command in '/home/vboxuser/ros2_main_ws/build/webots_ros2_msgs' returned '0': CMAKE_PREFIX_PATH=${CMAKE_PREFIX_PATH}:/opt/ros/jazzy DEBUGINFOD_URLS=https://debuginfod.ubuntu.com /usr/bin/cmake --build /home/vboxuser/ros2_main_ws/build/webots_ros2_msgs -- -j2 -l2
[2.651s] Invoking command in '/home/vboxuser/ros2_main_ws/build/webots_ros2_msgs': CMAKE_PREFIX_PATH=${CMAKE_PREFIX_PATH}:/opt/ros/jazzy DEBUGINFOD_URLS=https://debuginfod.ubuntu.com /usr/bin/cmake --install /home/vboxuser/ros2_main_ws/build/webots_ros2_msgs
[2.663s] -- Install configuration: ""
[2.664s] -- Up-to-date: /home/vboxuser/ros2_main_ws/install/webots_ros2_msgs/share/ament_index/resource_index/rosidl_interfaces/webots_ros2_msgs
[2.665s] -- Up-to-date: /home/vboxuser/ros2_main_ws/install/webots_ros2_msgs/share/webots_ros2_msgs/msg/BoolStamped.json
[2.665s] -- Up-to-date: /home/vboxuser/ros2_main_ws/install/webots_ros2_msgs/share/webots_ros2_msgs/msg/FloatStamped.json
[2.665s] -- Up-to-date: /home/vboxuser/ros2_main_ws/install/webots_ros2_msgs/share/webots_ros2_msgs/msg/StringStamped.json
[2.665s] -- Up-to-date: /home/vboxuser/ros2_main_ws/install/webots_ros2_msgs/share/webots_ros2_msgs/msg/CameraRecognitionObject.json
[2.667s] -- Up-to-date: /home/vboxuser/ros2_main_ws/install/webots_ros2_msgs/share/webots_ros2_msgs/msg/CameraRecognitionObjects.json
[2.667s] -- Up-to-date: /home/vboxuser/ros2_main_ws/install/webots_ros2_msgs/share/webots_ros2_msgs/msg/UrdfRobot.json
[2.667s] -- Up-to-date: /home/vboxuser/ros2_main_ws/install/webots_ros2_msgs/share/webots_ros2_msgs/msg/PenInkProperties.json
[2.667s] -- Up-to-date: /home/vboxuser/ros2_main_ws/install/webots_ros2_msgs/share/webots_ros2_msgs/srv/EmitterSendString.json
[2.668s] -- Up-to-date: /home/vboxuser/ros2_main_ws/install/webots_ros2_msgs/share/webots_ros2_msgs/srv/GetBool.json
[2.668s] -- Up-to-date: /home/vboxuser/ros2_main_ws/install/webots_ros2_msgs/share/webots_ros2_msgs/srv/SetString.json
[2.669s] -- Up-to-date: /home/vboxuser/ros2_main_ws/install/webots_ros2_msgs/share/webots_ros2_msgs/srv/SpawnNodeFromString.json
[2.669s] -- Up-to-date: /home/vboxuser/ros2_main_ws/install/webots_ros2_msgs/share/webots_ros2_msgs/srv/SpawnUrdfRobot.json
[2.669s] -- Up-to-date: /home/vboxuser/ros2_main_ws/install/webots_ros2_msgs/include/webots_ros2_msgs/webots_ros2_msgs
[2.669s] -- Up-to-date: /home/vboxuser/ros2_main_ws/install/webots_ros2_msgs/include/webots_ros2_msgs/webots_ros2_msgs/msg
[2.670s] -- Up-to-date: /home/vboxuser/ros2_main_ws/install/webots_ros2_msgs/include/webots_ros2_msgs/webots_ros2_msgs/msg/string_stamped.h
[2.670s] -- Up-to-date: /home/vboxuser/ros2_main_ws/install/webots_ros2_msgs/include/webots_ros2_msgs/webots_ros2_msgs/msg/camera_recognition_object.h
[2.670s] -- Up-to-date: /home/vboxuser/ros2_main_ws/install/webots_ros2_msgs/include/webots_ros2_msgs/webots_ros2_msgs/msg/float_stamped.h
[2.670s] -- Up-to-date: /home/vboxuser/ros2_main_ws/install/webots_ros2_msgs/include/webots_ros2_msgs/webots_ros2_msgs/msg/rosidl_generator_c__visibility_control.h
[2.670s] -- Up-to-date: /home/vboxuser/ros2_main_ws/install/webots_ros2_msgs/include/webots_ros2_msgs/webots_ros2_msgs/msg/bool_stamped.h
[2.671s] -- Up-to-date: /home/vboxuser/ros2_main_ws/install/webots_ros2_msgs/include/webots_ros2_msgs/webots_ros2_msgs/msg/camera_recognition_objects.h
[2.672s] -- Up-to-date: /home/vboxuser/ros2_main_ws/install/webots_ros2_msgs/include/webots_ros2_msgs/webots_ros2_msgs/msg/pen_ink_properties.h
[2.672s] -- Up-to-date: /home/vboxuser/ros2_main_ws/install/webots_ros2_msgs/include/webots_ros2_msgs/webots_ros2_msgs/msg/urdf_robot.h
[2.673s] -- Up-to-date: /home/vboxuser/ros2_main_ws/install/webots_ros2_msgs/include/webots_ros2_msgs/webots_ros2_msgs/msg/detail
[2.674s] -- Up-to-date: /home/vboxuser/ros2_main_ws/install/webots_ros2_msgs/include/webots_ros2_msgs/webots_ros2_msgs/msg/detail/pen_ink_properties__functions.h
[2.674s] -- Installing: /home/vboxuser/ros2_main_ws/install/webots_ros2_msgs/include/webots_ros2_msgs/webots_ros2_msgs/msg/detail/bool_stamped__type_support.c
[2.675s] -- Up-to-date: /home/vboxuser/ros2_main_ws/install/webots_ros2_msgs/include/webots_ros2_msgs/webots_ros2_msgs/msg/detail/camera_recognition_objects__functions.c
[2.675s] -- Up-to-date: /home/vboxuser/ros2_main_ws/install/webots_ros2_msgs/include/webots_ros2_msgs/webots_ros2_msgs/msg/detail/string_stamped__type_support.h
[2.675s] -- Up-to-date: /home/vboxuser/ros2_main_ws/install/webots_ros2_msgs/include/webots_ros2_msgs/webots_ros2_msgs/msg/detail/bool_stamped__functions.c
[2.675s] -- Up-to-date: /home/vboxuser/ros2_main_ws/install/webots_ros2_msgs/include/webots_ros2_msgs/webots_ros2_msgs/msg/detail/pen_ink_properties__struct.h
[2.676s] -- Up-to-date: /home/vboxuser/ros2_main_ws/install/webots_ros2_msgs/include/webots_ros2_msgs/webots_ros2_msgs/msg/detail/bool_stamped__description.c
[2.676s] -- Up-to-date: /home/vboxuser/ros2_main_ws/install/webots_ros2_msgs/include/webots_ros2_msgs/webots_ros2_msgs/msg/detail/bool_stamped__functions.h
[2.676s] -- Up-to-date: /home/vboxuser/ros2_main_ws/install/webots_ros2_msgs/include/webots_ros2_msgs/webots_ros2_msgs/msg/detail/urdf_robot__functions.c
[2.676s] -- Up-to-date: /home/vboxuser/ros2_main_ws/install/webots_ros2_msgs/include/webots_ros2_msgs/webots_ros2_msgs/msg/detail/string_stamped__functions.h
[2.676s] -- Up-to-date: /home/vboxuser/ros2_main_ws/install/webots_ros2_msgs/include/webots_ros2_msgs/webots_ros2_msgs/msg/detail/float_stamped__functions.c
[2.676s] -- Up-to-date: /home/vboxuser/ros2_main_ws/install/webots_ros2_msgs/include/webots_ros2_msgs/webots_ros2_msgs/msg/detail/string_stamped__functions.c
[2.677s] -- Up-to-date: /home/vboxuser/ros2_main_ws/install/webots_ros2_msgs/include/webots_ros2_msgs/webots_ros2_msgs/msg/detail/pen_ink_properties__type_support.h
[2.677s] -- Up-to-date: /home/vboxuser/ros2_main_ws/install/webots_ros2_msgs/include/webots_ros2_msgs/webots_ros2_msgs/msg/detail/string_stamped__description.c
[2.678s] -- Up-to-date: /home/vboxuser/ros2_main_ws/install/webots_ros2_msgs/include/webots_ros2_msgs/webots_ros2_msgs/msg/detail/camera_recognition_objects__functions.h
[2.679s] -- Up-to-date: /home/vboxuser/ros2_main_ws/install/webots_ros2_msgs/include/webots_ros2_msgs/webots_ros2_msgs/msg/detail/camera_recognition_objects__struct.h
[2.680s] -- Installing: /home/vboxuser/ros2_main_ws/install/webots_ros2_msgs/include/webots_ros2_msgs/webots_ros2_msgs/msg/detail/urdf_robot__type_support.c
[2.680s] -- Up-to-date: /home/vboxuser/ros2_main_ws/install/webots_ros2_msgs/include/webots_ros2_msgs/webots_ros2_msgs/msg/detail/urdf_robot__functions.h
[2.680s] -- Up-to-date: /home/vboxuser/ros2_main_ws/install/webots_ros2_msgs/include/webots_ros2_msgs/webots_ros2_msgs/msg/detail/pen_ink_properties__functions.c
[2.680s] -- Up-to-date: /home/vboxuser/ros2_main_ws/install/webots_ros2_msgs/include/webots_ros2_msgs/webots_ros2_msgs/msg/detail/camera_recognition_object__description.c
[2.680s] -- Up-to-date: /home/vboxuser/ros2_main_ws/install/webots_ros2_msgs/include/webots_ros2_msgs/webots_ros2_msgs/msg/detail/urdf_robot__description.c
[2.681s] -- Up-to-date: /home/vboxuser/ros2_main_ws/install/webots_ros2_msgs/include/webots_ros2_msgs/webots_ros2_msgs/msg/detail/bool_stamped__type_support.h
[2.681s] -- Up-to-date: /home/vboxuser/ros2_main_ws/install/webots_ros2_msgs/include/webots_ros2_msgs/webots_ros2_msgs/msg/detail/camera_recognition_object__struct.h
[2.682s] -- Up-to-date: /home/vboxuser/ros2_main_ws/install/webots_ros2_msgs/include/webots_ros2_msgs/webots_ros2_msgs/msg/detail/camera_recognition_object__functions.h
[2.683s] -- Up-to-date: /home/vboxuser/ros2_main_ws/install/webots_ros2_msgs/include/webots_ros2_msgs/webots_ros2_msgs/msg/detail/float_stamped__type_support.h
[2.683s] -- Installing: /home/vboxuser/ros2_main_ws/install/webots_ros2_msgs/include/webots_ros2_msgs/webots_ros2_msgs/msg/detail/float_stamped__type_support.c
[2.683s] -- Up-to-date: /home/vboxuser/ros2_main_ws/install/webots_ros2_msgs/include/webots_ros2_msgs/webots_ros2_msgs/msg/detail/urdf_robot__type_support.h
[2.683s] -- Installing: /home/vboxuser/ros2_main_ws/install/webots_ros2_msgs/include/webots_ros2_msgs/webots_ros2_msgs/msg/detail/camera_recognition_objects__type_support.c
[2.683s] -- Installing: /home/vboxuser/ros2_main_ws/install/webots_ros2_msgs/include/webots_ros2_msgs/webots_ros2_msgs/msg/detail/pen_ink_properties__type_support.c
[2.684s] -- Up-to-date: /home/vboxuser/ros2_main_ws/install/webots_ros2_msgs/include/webots_ros2_msgs/webots_ros2_msgs/msg/detail/float_stamped__description.c
[2.684s] -- Up-to-date: /home/vboxuser/ros2_main_ws/install/webots_ros2_msgs/include/webots_ros2_msgs/webots_ros2_msgs/msg/detail/camera_recognition_object__type_support.h
[2.685s] -- Up-to-date: /home/vboxuser/ros2_main_ws/install/webots_ros2_msgs/include/webots_ros2_msgs/webots_ros2_msgs/msg/detail/camera_recognition_objects__type_support.h
[2.685s] -- Up-to-date: /home/vboxuser/ros2_main_ws/install/webots_ros2_msgs/include/webots_ros2_msgs/webots_ros2_msgs/msg/detail/pen_ink_properties__description.c
[2.685s] -- Up-to-date: /home/vboxuser/ros2_main_ws/install/webots_ros2_msgs/include/webots_ros2_msgs/webots_ros2_msgs/msg/detail/string_stamped__struct.h
[2.685s] -- Installing: /home/vboxuser/ros2_main_ws/install/webots_ros2_msgs/include/webots_ros2_msgs/webots_ros2_msgs/msg/detail/string_stamped__type_support.c
[2.686s] -- Up-to-date: /home/vboxuser/ros2_main_ws/install/webots_ros2_msgs/include/webots_ros2_msgs/webots_ros2_msgs/msg/detail/bool_stamped__struct.h
[2.686s] -- Installing: /home/vboxuser/ros2_main_ws/install/webots_ros2_msgs/include/webots_ros2_msgs/webots_ros2_msgs/msg/detail/camera_recognition_object__type_support.c
[2.686s] -- Up-to-date: /home/vboxuser/ros2_main_ws/install/webots_ros2_msgs/include/webots_ros2_msgs/webots_ros2_msgs/msg/detail/float_stamped__struct.h
[2.686s] -- Up-to-date: /home/vboxuser/ros2_main_ws/install/webots_ros2_msgs/include/webots_ros2_msgs/webots_ros2_msgs/msg/detail/urdf_robot__struct.h
[2.687s] -- Up-to-date: /home/vboxuser/ros2_main_ws/install/webots_ros2_msgs/include/webots_ros2_msgs/webots_ros2_msgs/msg/detail/camera_recognition_objects__description.c
[2.687s] -- Up-to-date: /home/vboxuser/ros2_main_ws/install/webots_ros2_msgs/include/webots_ros2_msgs/webots_ros2_msgs/msg/detail/float_stamped__functions.h
[2.687s] -- Up-to-date: /home/vboxuser/ros2_main_ws/install/webots_ros2_msgs/include/webots_ros2_msgs/webots_ros2_msgs/msg/detail/camera_recognition_object__functions.c
[2.687s] -- Up-to-date: /home/vboxuser/ros2_main_ws/install/webots_ros2_msgs/include/webots_ros2_msgs/webots_ros2_msgs/srv
[2.687s] -- Up-to-date: /home/vboxuser/ros2_main_ws/install/webots_ros2_msgs/include/webots_ros2_msgs/webots_ros2_msgs/srv/set_string.h
[2.687s] -- Up-to-date: /home/vboxuser/ros2_main_ws/install/webots_ros2_msgs/include/webots_ros2_msgs/webots_ros2_msgs/srv/spawn_urdf_robot.h
[2.687s] -- Up-to-date: /home/vboxuser/ros2_main_ws/install/webots_ros2_msgs/include/webots_ros2_msgs/webots_ros2_msgs/srv/spawn_node_from_string.h
[2.687s] -- Up-to-date: /home/vboxuser/ros2_main_ws/install/webots_ros2_msgs/include/webots_ros2_msgs/webots_ros2_msgs/srv/get_bool.h
[2.687s] -- Up-to-date: /home/vboxuser/ros2_main_ws/install/webots_ros2_msgs/include/webots_ros2_msgs/webots_ros2_msgs/srv/detail
[2.688s] -- Up-to-date: /home/vboxuser/ros2_main_ws/install/webots_ros2_msgs/include/webots_ros2_msgs/webots_ros2_msgs/srv/detail/emitter_send_string__functions.c
[2.689s] -- Up-to-date: /home/vboxuser/ros2_main_ws/install/webots_ros2_msgs/include/webots_ros2_msgs/webots_ros2_msgs/srv/detail/spawn_node_from_string__functions.h
[2.689s] -- Installing: /home/vboxuser/ros2_main_ws/install/webots_ros2_msgs/include/webots_ros2_msgs/webots_ros2_msgs/srv/detail/get_bool__type_support.c
[2.689s] -- Up-to-date: /home/vboxuser/ros2_main_ws/install/webots_ros2_msgs/include/webots_ros2_msgs/webots_ros2_msgs/srv/detail/spawn_urdf_robot__description.c
[2.690s] -- Up-to-date: /home/vboxuser/ros2_main_ws/install/webots_ros2_msgs/include/webots_ros2_msgs/webots_ros2_msgs/srv/detail/emitter_send_string__type_support.h
[2.690s] -- Up-to-date: /home/vboxuser/ros2_main_ws/install/webots_ros2_msgs/include/webots_ros2_msgs/webots_ros2_msgs/srv/detail/spawn_node_from_string__type_support.h
[2.690s] -- Installing: /home/vboxuser/ros2_main_ws/install/webots_ros2_msgs/include/webots_ros2_msgs/webots_ros2_msgs/srv/detail/set_string__type_support.c
[2.690s] -- Up-to-date: /home/vboxuser/ros2_main_ws/install/webots_ros2_msgs/include/webots_ros2_msgs/webots_ros2_msgs/srv/detail/spawn_urdf_robot__functions.h
[2.691s] -- Up-to-date: /home/vboxuser/ros2_main_ws/install/webots_ros2_msgs/include/webots_ros2_msgs/webots_ros2_msgs/srv/detail/spawn_node_from_string__description.c
[2.691s] -- Up-to-date: /home/vboxuser/ros2_main_ws/install/webots_ros2_msgs/include/webots_ros2_msgs/webots_ros2_msgs/srv/detail/spawn_node_from_string__functions.c
[2.691s] -- Up-to-date: /home/vboxuser/ros2_main_ws/install/webots_ros2_msgs/include/webots_ros2_msgs/webots_ros2_msgs/srv/detail/emitter_send_string__functions.h
[2.691s] -- Up-to-date: /home/vboxuser/ros2_main_ws/install/webots_ros2_msgs/include/webots_ros2_msgs/webots_ros2_msgs/srv/detail/spawn_urdf_robot__functions.c
[2.691s] -- Installing: /home/vboxuser/ros2_main_ws/install/webots_ros2_msgs/include/webots_ros2_msgs/webots_ros2_msgs/srv/detail/spawn_urdf_robot__type_support.c
[2.691s] -- Up-to-date: /home/vboxuser/ros2_main_ws/install/webots_ros2_msgs/include/webots_ros2_msgs/webots_ros2_msgs/srv/detail/set_string__functions.h
[2.691s] -- Up-to-date: /home/vboxuser/ros2_main_ws/install/webots_ros2_msgs/include/webots_ros2_msgs/webots_ros2_msgs/srv/detail/get_bool__type_support.h
[2.691s] -- Up-to-date: /home/vboxuser/ros2_main_ws/install/webots_ros2_msgs/include/webots_ros2_msgs/webots_ros2_msgs/srv/detail/spawn_urdf_robot__type_support.h
[2.693s] -- Up-to-date: /home/vboxuser/ros2_main_ws/install/webots_ros2_msgs/include/webots_ros2_msgs/webots_ros2_msgs/srv/detail/spawn_urdf_robot__struct.h
[2.694s] -- Up-to-date: /home/vboxuser/ros2_main_ws/install/webots_ros2_msgs/include/webots_ros2_msgs/webots_ros2_msgs/srv/detail/set_string__functions.c
[2.694s] -- Up-to-date: /home/vboxuser/ros2_main_ws/install/webots_ros2_msgs/include/webots_ros2_msgs/webots_ros2_msgs/srv/detail/get_bool__functions.c
[2.694s] -- Installing: /home/vboxuser/ros2_main_ws/install/webots_ros2_msgs/include/webots_ros2_msgs/webots_ros2_msgs/srv/detail/spawn_node_from_string__type_support.c
[2.694s] -- Installing: /home/vboxuser/ros2_main_ws/install/webots_ros2_msgs/include/webots_ros2_msgs/webots_ros2_msgs/srv/detail/emitter_send_string__type_support.c
[2.695s] -- Up-to-date: /home/vboxuser/ros2_main_ws/install/webots_ros2_msgs/include/webots_ros2_msgs/webots_ros2_msgs/srv/detail/set_string__description.c
[2.695s] -- Up-to-date: /home/vboxuser/ros2_main_ws/install/webots_ros2_msgs/include/webots_ros2_msgs/webots_ros2_msgs/srv/detail/emitter_send_string__description.c
[2.695s] -- Up-to-date: /home/vboxuser/ros2_main_ws/install/webots_ros2_msgs/include/webots_ros2_msgs/webots_ros2_msgs/srv/detail/get_bool__description.c
[2.695s] -- Up-to-date: /home/vboxuser/ros2_main_ws/install/webots_ros2_msgs/include/webots_ros2_msgs/webots_ros2_msgs/srv/detail/spawn_node_from_string__struct.h
[2.695s] -- Up-to-date: /home/vboxuser/ros2_main_ws/install/webots_ros2_msgs/include/webots_ros2_msgs/webots_ros2_msgs/srv/detail/set_string__struct.h
[2.695s] -- Up-to-date: /home/vboxuser/ros2_main_ws/install/webots_ros2_msgs/include/webots_ros2_msgs/webots_ros2_msgs/srv/detail/set_string__type_support.h
[2.695s] -- Up-to-date: /home/vboxuser/ros2_main_ws/install/webots_ros2_msgs/include/webots_ros2_msgs/webots_ros2_msgs/srv/detail/emitter_send_string__struct.h
[2.695s] -- Up-to-date: /home/vboxuser/ros2_main_ws/install/webots_ros2_msgs/include/webots_ros2_msgs/webots_ros2_msgs/srv/detail/get_bool__functions.h
[2.696s] -- Up-to-date: /home/vboxuser/ros2_main_ws/install/webots_ros2_msgs/include/webots_ros2_msgs/webots_ros2_msgs/srv/detail/get_bool__struct.h
[2.697s] -- Up-to-date: /home/vboxuser/ros2_main_ws/install/webots_ros2_msgs/include/webots_ros2_msgs/webots_ros2_msgs/srv/emitter_send_string.h
[2.697s] -- Up-to-date: /home/vboxuser/ros2_main_ws/install/webots_ros2_msgs/share/webots_ros2_msgs/environment/library_path.sh
[2.698s] -- Up-to-date: /home/vboxuser/ros2_main_ws/install/webots_ros2_msgs/share/webots_ros2_msgs/environment/library_path.dsv
[2.698s] -- Up-to-date: /home/vboxuser/ros2_main_ws/install/webots_ros2_msgs/lib/libwebots_ros2_msgs__rosidl_generator_c.so
[2.698s] -- Up-to-date: /home/vboxuser/ros2_main_ws/install/webots_ros2_msgs/include/webots_ros2_msgs/webots_ros2_msgs
[2.698s] -- Up-to-date: /home/vboxuser/ros2_main_ws/install/webots_ros2_msgs/include/webots_ros2_msgs/webots_ros2_msgs/msg
[2.699s] -- Up-to-date: /home/vboxuser/ros2_main_ws/install/webots_ros2_msgs/include/webots_ros2_msgs/webots_ros2_msgs/msg/detail
[2.699s] -- Up-to-date: /home/vboxuser/ros2_main_ws/install/webots_ros2_msgs/include/webots_ros2_msgs/webots_ros2_msgs/msg/detail/bool_stamped__rosidl_typesupport_fastrtps_c.h
[2.700s] -- Up-to-date: /home/vboxuser/ros2_main_ws/install/webots_ros2_msgs/include/webots_ros2_msgs/webots_ros2_msgs/msg/detail/camera_recognition_object__rosidl_typesupport_fastrtps_c.h
[2.700s] -- Up-to-date: /home/vboxuser/ros2_main_ws/install/webots_ros2_msgs/include/webots_ros2_msgs/webots_ros2_msgs/msg/detail/urdf_robot__rosidl_typesupport_fastrtps_c.h
[2.700s] -- Up-to-date: /home/vboxuser/ros2_main_ws/install/webots_ros2_msgs/include/webots_ros2_msgs/webots_ros2_msgs/msg/detail/camera_recognition_objects__rosidl_typesupport_fastrtps_c.h
[2.700s] -- Up-to-date: /home/vboxuser/ros2_main_ws/install/webots_ros2_msgs/include/webots_ros2_msgs/webots_ros2_msgs/msg/detail/string_stamped__rosidl_typesupport_fastrtps_c.h
[2.700s] -- Up-to-date: /home/vboxuser/ros2_main_ws/install/webots_ros2_msgs/include/webots_ros2_msgs/webots_ros2_msgs/msg/detail/pen_ink_properties__rosidl_typesupport_fastrtps_c.h
[2.701s] -- Up-to-date: /home/vboxuser/ros2_main_ws/install/webots_ros2_msgs/include/webots_ros2_msgs/webots_ros2_msgs/msg/detail/float_stamped__rosidl_typesupport_fastrtps_c.h
[2.701s] -- Up-to-date: /home/vboxuser/ros2_main_ws/install/webots_ros2_msgs/include/webots_ros2_msgs/webots_ros2_msgs/msg/rosidl_typesupport_fastrtps_c__visibility_control.h
[2.702s] -- Up-to-date: /home/vboxuser/ros2_main_ws/install/webots_ros2_msgs/include/webots_ros2_msgs/webots_ros2_msgs/srv
[2.702s] -- Up-to-date: /home/vboxuser/ros2_main_ws/install/webots_ros2_msgs/include/webots_ros2_msgs/webots_ros2_msgs/srv/detail
[2.703s] -- Up-to-date: /home/vboxuser/ros2_main_ws/install/webots_ros2_msgs/include/webots_ros2_msgs/webots_ros2_msgs/srv/detail/spawn_urdf_robot__rosidl_typesupport_fastrtps_c.h
[2.704s] -- Up-to-date: /home/vboxuser/ros2_main_ws/install/webots_ros2_msgs/include/webots_ros2_msgs/webots_ros2_msgs/srv/detail/set_string__rosidl_typesupport_fastrtps_c.h
[2.707s] -- Up-to-date: /home/vboxuser/ros2_main_ws/install/webots_ros2_msgs/include/webots_ros2_msgs/webots_ros2_msgs/srv/detail/emitter_send_string__rosidl_typesupport_fastrtps_c.h
[2.707s] -- Up-to-date: /home/vboxuser/ros2_main_ws/install/webots_ros2_msgs/include/webots_ros2_msgs/webots_ros2_msgs/srv/detail/get_bool__rosidl_typesupport_fastrtps_c.h
[2.707s] -- Up-to-date: /home/vboxuser/ros2_main_ws/install/webots_ros2_msgs/include/webots_ros2_msgs/webots_ros2_msgs/srv/detail/spawn_node_from_string__rosidl_typesupport_fastrtps_c.h
[2.708s] -- Up-to-date: /home/vboxuser/ros2_main_ws/install/webots_ros2_msgs/lib/libwebots_ros2_msgs__rosidl_typesupport_fastrtps_c.so
[2.709s] -- Up-to-date: /home/vboxuser/ros2_main_ws/install/webots_ros2_msgs/include/webots_ros2_msgs/webots_ros2_msgs
[2.709s] -- Up-to-date: /home/vboxuser/ros2_main_ws/install/webots_ros2_msgs/include/webots_ros2_msgs/webots_ros2_msgs/msg
[2.709s] -- Up-to-date: /home/vboxuser/ros2_main_ws/install/webots_ros2_msgs/include/webots_ros2_msgs/webots_ros2_msgs/msg/float_stamped.hpp
[2.709s] -- Up-to-date: /home/vboxuser/ros2_main_ws/install/webots_ros2_msgs/include/webots_ros2_msgs/webots_ros2_msgs/msg/string_stamped.hpp
[2.710s] -- Up-to-date: /home/vboxuser/ros2_main_ws/install/webots_ros2_msgs/include/webots_ros2_msgs/webots_ros2_msgs/msg/camera_recognition_object.hpp
[2.710s] -- Up-to-date: /home/vboxuser/ros2_main_ws/install/webots_ros2_msgs/include/webots_ros2_msgs/webots_ros2_msgs/msg/bool_stamped.hpp
[2.710s] -- Up-to-date: /home/vboxuser/ros2_main_ws/install/webots_ros2_msgs/include/webots_ros2_msgs/webots_ros2_msgs/msg/rosidl_generator_cpp__visibility_control.hpp
[2.710s] -- Up-to-date: /home/vboxuser/ros2_main_ws/install/webots_ros2_msgs/include/webots_ros2_msgs/webots_ros2_msgs/msg/detail
[2.710s] -- Up-to-date: /home/vboxuser/ros2_main_ws/install/webots_ros2_msgs/include/webots_ros2_msgs/webots_ros2_msgs/msg/detail/camera_recognition_objects__builder.hpp
[2.711s] -- Up-to-date: /home/vboxuser/ros2_main_ws/install/webots_ros2_msgs/include/webots_ros2_msgs/webots_ros2_msgs/msg/detail/pen_ink_properties__type_support.hpp
[2.712s] -- Up-to-date: /home/vboxuser/ros2_main_ws/install/webots_ros2_msgs/include/webots_ros2_msgs/webots_ros2_msgs/msg/detail/camera_recognition_object__builder.hpp
[2.712s] -- Up-to-date: /home/vboxuser/ros2_main_ws/install/webots_ros2_msgs/include/webots_ros2_msgs/webots_ros2_msgs/msg/detail/float_stamped__type_support.hpp
[2.712s] -- Up-to-date: /home/vboxuser/ros2_main_ws/install/webots_ros2_msgs/include/webots_ros2_msgs/webots_ros2_msgs/msg/detail/string_stamped__type_support.hpp
[2.713s] -- Up-to-date: /home/vboxuser/ros2_main_ws/install/webots_ros2_msgs/include/webots_ros2_msgs/webots_ros2_msgs/msg/detail/pen_ink_properties__struct.hpp
[2.713s] -- Up-to-date: /home/vboxuser/ros2_main_ws/install/webots_ros2_msgs/include/webots_ros2_msgs/webots_ros2_msgs/msg/detail/bool_stamped__builder.hpp
[2.713s] -- Up-to-date: /home/vboxuser/ros2_main_ws/install/webots_ros2_msgs/include/webots_ros2_msgs/webots_ros2_msgs/msg/detail/float_stamped__builder.hpp
[2.713s] -- Up-to-date: /home/vboxuser/ros2_main_ws/install/webots_ros2_msgs/include/webots_ros2_msgs/webots_ros2_msgs/msg/detail/bool_stamped__type_support.hpp
[2.714s] -- Up-to-date: /home/vboxuser/ros2_main_ws/install/webots_ros2_msgs/include/webots_ros2_msgs/webots_ros2_msgs/msg/detail/camera_recognition_object__type_support.hpp
[2.714s] -- Up-to-date: /home/vboxuser/ros2_main_ws/install/webots_ros2_msgs/include/webots_ros2_msgs/webots_ros2_msgs/msg/detail/string_stamped__traits.hpp
[2.714s] -- Up-to-date: /home/vboxuser/ros2_main_ws/install/webots_ros2_msgs/include/webots_ros2_msgs/webots_ros2_msgs/msg/detail/camera_recognition_objects__traits.hpp
[2.715s] -- Up-to-date: /home/vboxuser/ros2_main_ws/install/webots_ros2_msgs/include/webots_ros2_msgs/webots_ros2_msgs/msg/detail/urdf_robot__type_support.hpp
[2.716s] -- Up-to-date: /home/vboxuser/ros2_main_ws/install/webots_ros2_msgs/include/webots_ros2_msgs/webots_ros2_msgs/msg/detail/string_stamped__builder.hpp
[2.717s] -- Up-to-date: /home/vboxuser/ros2_main_ws/install/webots_ros2_msgs/include/webots_ros2_msgs/webots_ros2_msgs/msg/detail/urdf_robot__struct.hpp
[2.717s] -- Up-to-date: /home/vboxuser/ros2_main_ws/install/webots_ros2_msgs/include/webots_ros2_msgs/webots_ros2_msgs/msg/detail/bool_stamped__traits.hpp
[2.717s] -- Up-to-date: /home/vboxuser/ros2_main_ws/install/webots_ros2_msgs/include/webots_ros2_msgs/webots_ros2_msgs/msg/detail/urdf_robot__traits.hpp
[2.717s] -- Up-to-date: /home/vboxuser/ros2_main_ws/install/webots_ros2_msgs/include/webots_ros2_msgs/webots_ros2_msgs/msg/detail/float_stamped__traits.hpp
[2.717s] -- Up-to-date: /home/vboxuser/ros2_main_ws/install/webots_ros2_msgs/include/webots_ros2_msgs/webots_ros2_msgs/msg/detail/bool_stamped__struct.hpp
[2.717s] -- Up-to-date: /home/vboxuser/ros2_main_ws/install/webots_ros2_msgs/include/webots_ros2_msgs/webots_ros2_msgs/msg/detail/camera_recognition_object__traits.hpp
[2.717s] -- Up-to-date: /home/vboxuser/ros2_main_ws/install/webots_ros2_msgs/include/webots_ros2_msgs/webots_ros2_msgs/msg/detail/string_stamped__struct.hpp
[2.717s] -- Up-to-date: /home/vboxuser/ros2_main_ws/install/webots_ros2_msgs/include/webots_ros2_msgs/webots_ros2_msgs/msg/detail/float_stamped__struct.hpp
[2.717s] -- Up-to-date: /home/vboxuser/ros2_main_ws/install/webots_ros2_msgs/include/webots_ros2_msgs/webots_ros2_msgs/msg/detail/pen_ink_properties__builder.hpp
[2.718s] -- Up-to-date: /home/vboxuser/ros2_main_ws/install/webots_ros2_msgs/include/webots_ros2_msgs/webots_ros2_msgs/msg/detail/camera_recognition_objects__struct.hpp
[2.719s] -- Up-to-date: /home/vboxuser/ros2_main_ws/install/webots_ros2_msgs/include/webots_ros2_msgs/webots_ros2_msgs/msg/detail/camera_recognition_objects__type_support.hpp
[2.720s] -- Up-to-date: /home/vboxuser/ros2_main_ws/install/webots_ros2_msgs/include/webots_ros2_msgs/webots_ros2_msgs/msg/detail/urdf_robot__builder.hpp
[2.720s] -- Up-to-date: /home/vboxuser/ros2_main_ws/install/webots_ros2_msgs/include/webots_ros2_msgs/webots_ros2_msgs/msg/detail/camera_recognition_object__struct.hpp
[2.720s] -- Up-to-date: /home/vboxuser/ros2_main_ws/install/webots_ros2_msgs/include/webots_ros2_msgs/webots_ros2_msgs/msg/detail/pen_ink_properties__traits.hpp
[2.722s] -- Up-to-date: /home/vboxuser/ros2_main_ws/install/webots_ros2_msgs/include/webots_ros2_msgs/webots_ros2_msgs/msg/pen_ink_properties.hpp
[2.722s] -- Up-to-date: /home/vboxuser/ros2_main_ws/install/webots_ros2_msgs/include/webots_ros2_msgs/webots_ros2_msgs/msg/camera_recognition_objects.hpp
[2.722s] -- Up-to-date: /home/vboxuser/ros2_main_ws/install/webots_ros2_msgs/include/webots_ros2_msgs/webots_ros2_msgs/msg/urdf_robot.hpp
[2.722s] -- Up-to-date: /home/vboxuser/ros2_main_ws/install/webots_ros2_msgs/include/webots_ros2_msgs/webots_ros2_msgs/srv
[2.723s] -- Up-to-date: /home/vboxuser/ros2_main_ws/install/webots_ros2_msgs/include/webots_ros2_msgs/webots_ros2_msgs/srv/spawn_node_from_string.hpp
[2.723s] -- Up-to-date: /home/vboxuser/ros2_main_ws/install/webots_ros2_msgs/include/webots_ros2_msgs/webots_ros2_msgs/srv/set_string.hpp
[2.724s] -- Up-to-date: /home/vboxuser/ros2_main_ws/install/webots_ros2_msgs/include/webots_ros2_msgs/webots_ros2_msgs/srv/spawn_urdf_robot.hpp
[2.724s] -- Up-to-date: /home/vboxuser/ros2_main_ws/install/webots_ros2_msgs/include/webots_ros2_msgs/webots_ros2_msgs/srv/emitter_send_string.hpp
[2.724s] -- Up-to-date: /home/vboxuser/ros2_main_ws/install/webots_ros2_msgs/include/webots_ros2_msgs/webots_ros2_msgs/srv/get_bool.hpp
[2.724s] -- Up-to-date: /home/vboxuser/ros2_main_ws/install/webots_ros2_msgs/include/webots_ros2_msgs/webots_ros2_msgs/srv/detail
[2.725s] -- Up-to-date: /home/vboxuser/ros2_main_ws/install/webots_ros2_msgs/include/webots_ros2_msgs/webots_ros2_msgs/srv/detail/spawn_node_from_string__traits.hpp
[2.726s] -- Up-to-date: /home/vboxuser/ros2_main_ws/install/webots_ros2_msgs/include/webots_ros2_msgs/webots_ros2_msgs/srv/detail/spawn_urdf_robot__traits.hpp
[2.726s] -- Up-to-date: /home/vboxuser/ros2_main_ws/install/webots_ros2_msgs/include/webots_ros2_msgs/webots_ros2_msgs/srv/detail/set_string__builder.hpp
[2.726s] -- Up-to-date: /home/vboxuser/ros2_main_ws/install/webots_ros2_msgs/include/webots_ros2_msgs/webots_ros2_msgs/srv/detail/get_bool__builder.hpp
[2.726s] -- Up-to-date: /home/vboxuser/ros2_main_ws/install/webots_ros2_msgs/include/webots_ros2_msgs/webots_ros2_msgs/srv/detail/get_bool__type_support.hpp
[2.727s] -- Up-to-date: /home/vboxuser/ros2_main_ws/install/webots_ros2_msgs/include/webots_ros2_msgs/webots_ros2_msgs/srv/detail/set_string__traits.hpp
[2.728s] -- Up-to-date: /home/vboxuser/ros2_main_ws/install/webots_ros2_msgs/include/webots_ros2_msgs/webots_ros2_msgs/srv/detail/emitter_send_string__struct.hpp
[2.728s] -- Up-to-date: /home/vboxuser/ros2_main_ws/install/webots_ros2_msgs/include/webots_ros2_msgs/webots_ros2_msgs/srv/detail/set_string__type_support.hpp
[2.728s] -- Up-to-date: /home/vboxuser/ros2_main_ws/install/webots_ros2_msgs/include/webots_ros2_msgs/webots_ros2_msgs/srv/detail/get_bool__traits.hpp
[2.728s] -- Up-to-date: /home/vboxuser/ros2_main_ws/install/webots_ros2_msgs/include/webots_ros2_msgs/webots_ros2_msgs/srv/detail/spawn_urdf_robot__struct.hpp
[2.728s] -- Up-to-date: /home/vboxuser/ros2_main_ws/install/webots_ros2_msgs/include/webots_ros2_msgs/webots_ros2_msgs/srv/detail/spawn_node_from_string__builder.hpp
[2.729s] -- Up-to-date: /home/vboxuser/ros2_main_ws/install/webots_ros2_msgs/include/webots_ros2_msgs/webots_ros2_msgs/srv/detail/get_bool__struct.hpp
[2.729s] -- Up-to-date: /home/vboxuser/ros2_main_ws/install/webots_ros2_msgs/include/webots_ros2_msgs/webots_ros2_msgs/srv/detail/spawn_urdf_robot__type_support.hpp
[2.729s] -- Up-to-date: /home/vboxuser/ros2_main_ws/install/webots_ros2_msgs/include/webots_ros2_msgs/webots_ros2_msgs/srv/detail/set_string__struct.hpp
[2.729s] -- Up-to-date: /home/vboxuser/ros2_main_ws/install/webots_ros2_msgs/include/webots_ros2_msgs/webots_ros2_msgs/srv/detail/emitter_send_string__type_support.hpp
[2.730s] -- Up-to-date: /home/vboxuser/ros2_main_ws/install/webots_ros2_msgs/include/webots_ros2_msgs/webots_ros2_msgs/srv/detail/spawn_node_from_string__struct.hpp
[2.730s] -- Up-to-date: /home/vboxuser/ros2_main_ws/install/webots_ros2_msgs/include/webots_ros2_msgs/webots_ros2_msgs/srv/detail/emitter_send_string__builder.hpp
[2.730s] -- Up-to-date: /home/vboxuser/ros2_main_ws/install/webots_ros2_msgs/include/webots_ros2_msgs/webots_ros2_msgs/srv/detail/spawn_urdf_robot__builder.hpp
[2.730s] -- Up-to-date: /home/vboxuser/ros2_main_ws/install/webots_ros2_msgs/include/webots_ros2_msgs/webots_ros2_msgs/srv/detail/spawn_node_from_string__type_support.hpp
[2.730s] -- Up-to-date: /home/vboxuser/ros2_main_ws/install/webots_ros2_msgs/include/webots_ros2_msgs/webots_ros2_msgs/srv/detail/emitter_send_string__traits.hpp
[2.730s] -- Up-to-date: /home/vboxuser/ros2_main_ws/install/webots_ros2_msgs/include/webots_ros2_msgs/webots_ros2_msgs
[2.730s] -- Up-to-date: /home/vboxuser/ros2_main_ws/install/webots_ros2_msgs/include/webots_ros2_msgs/webots_ros2_msgs/msg
[2.730s] -- Up-to-date: /home/vboxuser/ros2_main_ws/install/webots_ros2_msgs/include/webots_ros2_msgs/webots_ros2_msgs/msg/rosidl_typesupport_fastrtps_cpp__visibility_control.h
[2.731s] -- Up-to-date: /home/vboxuser/ros2_main_ws/install/webots_ros2_msgs/include/webots_ros2_msgs/webots_ros2_msgs/msg/detail
[2.731s] -- Up-to-date: /home/vboxuser/ros2_main_ws/install/webots_ros2_msgs/include/webots_ros2_msgs/webots_ros2_msgs/msg/detail/urdf_robot__rosidl_typesupport_fastrtps_cpp.hpp
[2.731s] -- Up-to-date: /home/vboxuser/ros2_main_ws/install/webots_ros2_msgs/include/webots_ros2_msgs/webots_ros2_msgs/msg/detail/dds_fastrtps
[2.731s] -- Up-to-date: /home/vboxuser/ros2_main_ws/install/webots_ros2_msgs/include/webots_ros2_msgs/webots_ros2_msgs/msg/detail/bool_stamped__rosidl_typesupport_fastrtps_cpp.hpp
[2.732s] -- Up-to-date: /home/vboxuser/ros2_main_ws/install/webots_ros2_msgs/include/webots_ros2_msgs/webots_ros2_msgs/msg/detail/camera_recognition_object__rosidl_typesupport_fastrtps_cpp.hpp
[2.732s] -- Up-to-date: /home/vboxuser/ros2_main_ws/install/webots_ros2_msgs/include/webots_ros2_msgs/webots_ros2_msgs/msg/detail/camera_recognition_objects__rosidl_typesupport_fastrtps_cpp.hpp
[2.732s] -- Up-to-date: /home/vboxuser/ros2_main_ws/install/webots_ros2_msgs/include/webots_ros2_msgs/webots_ros2_msgs/msg/detail/string_stamped__rosidl_typesupport_fastrtps_cpp.hpp
[2.732s] -- Up-to-date: /home/vboxuser/ros2_main_ws/install/webots_ros2_msgs/include/webots_ros2_msgs/webots_ros2_msgs/msg/detail/float_stamped__rosidl_typesupport_fastrtps_cpp.hpp
[2.733s] -- Up-to-date: /home/vboxuser/ros2_main_ws/install/webots_ros2_msgs/include/webots_ros2_msgs/webots_ros2_msgs/msg/detail/pen_ink_properties__rosidl_typesupport_fastrtps_cpp.hpp
[2.734s] -- Up-to-date: /home/vboxuser/ros2_main_ws/install/webots_ros2_msgs/include/webots_ros2_msgs/webots_ros2_msgs/srv
[2.734s] -- Up-to-date: /home/vboxuser/ros2_main_ws/install/webots_ros2_msgs/include/webots_ros2_msgs/webots_ros2_msgs/srv/detail
[2.734s] -- Up-to-date: /home/vboxuser/ros2_main_ws/install/webots_ros2_msgs/include/webots_ros2_msgs/webots_ros2_msgs/srv/detail/emitter_send_string__rosidl_typesupport_fastrtps_cpp.hpp
[2.734s] -- Up-to-date: /home/vboxuser/ros2_main_ws/install/webots_ros2_msgs/include/webots_ros2_msgs/webots_ros2_msgs/srv/detail/dds_fastrtps
[2.734s] -- Up-to-date: /home/vboxuser/ros2_main_ws/install/webots_ros2_msgs/include/webots_ros2_msgs/webots_ros2_msgs/srv/detail/set_string__rosidl_typesupport_fastrtps_cpp.hpp
[2.735s] -- Up-to-date: /home/vboxuser/ros2_main_ws/install/webots_ros2_msgs/include/webots_ros2_msgs/webots_ros2_msgs/srv/detail/spawn_node_from_string__rosidl_typesupport_fastrtps_cpp.hpp
[2.736s] -- Up-to-date: /home/vboxuser/ros2_main_ws/install/webots_ros2_msgs/include/webots_ros2_msgs/webots_ros2_msgs/srv/detail/get_bool__rosidl_typesupport_fastrtps_cpp.hpp
[2.736s] -- Up-to-date: /home/vboxuser/ros2_main_ws/install/webots_ros2_msgs/include/webots_ros2_msgs/webots_ros2_msgs/srv/detail/spawn_urdf_robot__rosidl_typesupport_fastrtps_cpp.hpp
[2.736s] -- Up-to-date: /home/vboxuser/ros2_main_ws/install/webots_ros2_msgs/lib/libwebots_ros2_msgs__rosidl_typesupport_fastrtps_cpp.so
[2.736s] -- Up-to-date: /home/vboxuser/ros2_main_ws/install/webots_ros2_msgs/include/webots_ros2_msgs/webots_ros2_msgs
[2.736s] -- Up-to-date: /home/vboxuser/ros2_main_ws/install/webots_ros2_msgs/include/webots_ros2_msgs/webots_ros2_msgs/msg
[2.737s] -- Up-to-date: /home/vboxuser/ros2_main_ws/install/webots_ros2_msgs/include/webots_ros2_msgs/webots_ros2_msgs/msg/rosidl_typesupport_introspection_c__visibility_control.h
[2.739s] -- Up-to-date: /home/vboxuser/ros2_main_ws/install/webots_ros2_msgs/include/webots_ros2_msgs/webots_ros2_msgs/msg/detail
[2.740s] -- Up-to-date: /home/vboxuser/ros2_main_ws/install/webots_ros2_msgs/include/webots_ros2_msgs/webots_ros2_msgs/msg/detail/urdf_robot__rosidl_typesupport_introspection_c.h
[2.740s] -- Installing: /home/vboxuser/ros2_main_ws/install/webots_ros2_msgs/include/webots_ros2_msgs/webots_ros2_msgs/msg/detail/bool_stamped__type_support.c
[2.740s] -- Up-to-date: /home/vboxuser/ros2_main_ws/install/webots_ros2_msgs/include/webots_ros2_msgs/webots_ros2_msgs/msg/detail/pen_ink_properties__rosidl_typesupport_introspection_c.h
[2.740s] -- Installing: /home/vboxuser/ros2_main_ws/install/webots_ros2_msgs/include/webots_ros2_msgs/webots_ros2_msgs/msg/detail/urdf_robot__type_support.c
[2.740s] -- Up-to-date: /home/vboxuser/ros2_main_ws/install/webots_ros2_msgs/include/webots_ros2_msgs/webots_ros2_msgs/msg/detail/float_stamped__rosidl_typesupport_introspection_c.h
[2.740s] -- Up-to-date: /home/vboxuser/ros2_main_ws/install/webots_ros2_msgs/include/webots_ros2_msgs/webots_ros2_msgs/msg/detail/camera_recognition_objects__rosidl_typesupport_introspection_c.h
[2.740s] -- Installing: /home/vboxuser/ros2_main_ws/install/webots_ros2_msgs/include/webots_ros2_msgs/webots_ros2_msgs/msg/detail/float_stamped__type_support.c
[2.740s] -- Up-to-date: /home/vboxuser/ros2_main_ws/install/webots_ros2_msgs/include/webots_ros2_msgs/webots_ros2_msgs/msg/detail/string_stamped__rosidl_typesupport_introspection_c.h
[2.741s] -- Installing: /home/vboxuser/ros2_main_ws/install/webots_ros2_msgs/include/webots_ros2_msgs/webots_ros2_msgs/msg/detail/camera_recognition_objects__type_support.c
[2.741s] -- Installing: /home/vboxuser/ros2_main_ws/install/webots_ros2_msgs/include/webots_ros2_msgs/webots_ros2_msgs/msg/detail/pen_ink_properties__type_support.c
[2.743s] -- Installing: /home/vboxuser/ros2_main_ws/install/webots_ros2_msgs/include/webots_ros2_msgs/webots_ros2_msgs/msg/detail/string_stamped__type_support.c
[2.743s] -- Installing: /home/vboxuser/ros2_main_ws/install/webots_ros2_msgs/include/webots_ros2_msgs/webots_ros2_msgs/msg/detail/camera_recognition_object__type_support.c
[2.743s] -- Up-to-date: /home/vboxuser/ros2_main_ws/install/webots_ros2_msgs/include/webots_ros2_msgs/webots_ros2_msgs/msg/detail/camera_recognition_object__rosidl_typesupport_introspection_c.h
[2.743s] -- Up-to-date: /home/vboxuser/ros2_main_ws/install/webots_ros2_msgs/include/webots_ros2_msgs/webots_ros2_msgs/msg/detail/bool_stamped__rosidl_typesupport_introspection_c.h
[2.743s] -- Up-to-date: /home/vboxuser/ros2_main_ws/install/webots_ros2_msgs/include/webots_ros2_msgs/webots_ros2_msgs/srv
[2.743s] -- Up-to-date: /home/vboxuser/ros2_main_ws/install/webots_ros2_msgs/include/webots_ros2_msgs/webots_ros2_msgs/srv/detail
[2.743s] -- Installing: /home/vboxuser/ros2_main_ws/install/webots_ros2_msgs/include/webots_ros2_msgs/webots_ros2_msgs/srv/detail/get_bool__type_support.c
[2.744s] -- Installing: /home/vboxuser/ros2_main_ws/install/webots_ros2_msgs/include/webots_ros2_msgs/webots_ros2_msgs/srv/detail/set_string__type_support.c
[2.744s] -- Installing: /home/vboxuser/ros2_main_ws/install/webots_ros2_msgs/include/webots_ros2_msgs/webots_ros2_msgs/srv/detail/spawn_urdf_robot__type_support.c
[2.744s] -- Up-to-date: /home/vboxuser/ros2_main_ws/install/webots_ros2_msgs/include/webots_ros2_msgs/webots_ros2_msgs/srv/detail/set_string__rosidl_typesupport_introspection_c.h
[2.744s] -- Up-to-date: /home/vboxuser/ros2_main_ws/install/webots_ros2_msgs/include/webots_ros2_msgs/webots_ros2_msgs/srv/detail/emitter_send_string__rosidl_typesupport_introspection_c.h
[2.744s] -- Up-to-date: /home/vboxuser/ros2_main_ws/install/webots_ros2_msgs/include/webots_ros2_msgs/webots_ros2_msgs/srv/detail/spawn_node_from_string__rosidl_typesupport_introspection_c.h
[2.744s] -- Up-to-date: /home/vboxuser/ros2_main_ws/install/webots_ros2_msgs/include/webots_ros2_msgs/webots_ros2_msgs/srv/detail/get_bool__rosidl_typesupport_introspection_c.h
[2.744s] -- Installing: /home/vboxuser/ros2_main_ws/install/webots_ros2_msgs/include/webots_ros2_msgs/webots_ros2_msgs/srv/detail/spawn_node_from_string__type_support.c
[2.745s] -- Installing: /home/vboxuser/ros2_main_ws/install/webots_ros2_msgs/include/webots_ros2_msgs/webots_ros2_msgs/srv/detail/emitter_send_string__type_support.c
[2.745s] -- Up-to-date: /home/vboxuser/ros2_main_ws/install/webots_ros2_msgs/include/webots_ros2_msgs/webots_ros2_msgs/srv/detail/spawn_urdf_robot__rosidl_typesupport_introspection_c.h
[2.745s] -- Up-to-date: /home/vboxuser/ros2_main_ws/install/webots_ros2_msgs/lib/libwebots_ros2_msgs__rosidl_typesupport_introspection_c.so
[2.745s] -- Up-to-date: /home/vboxuser/ros2_main_ws/install/webots_ros2_msgs/lib/libwebots_ros2_msgs__rosidl_typesupport_c.so
[2.745s] -- Up-to-date: /home/vboxuser/ros2_main_ws/install/webots_ros2_msgs/include/webots_ros2_msgs/webots_ros2_msgs
[2.745s] -- Up-to-date: /home/vboxuser/ros2_main_ws/install/webots_ros2_msgs/include/webots_ros2_msgs/webots_ros2_msgs/msg
[2.745s] -- Up-to-date: /home/vboxuser/ros2_main_ws/install/webots_ros2_msgs/include/webots_ros2_msgs/webots_ros2_msgs/msg/detail
[2.745s] -- Up-to-date: /home/vboxuser/ros2_main_ws/install/webots_ros2_msgs/include/webots_ros2_msgs/webots_ros2_msgs/msg/detail/string_stamped__type_support.cpp
[2.745s] -- Up-to-date: /home/vboxuser/ros2_main_ws/install/webots_ros2_msgs/include/webots_ros2_msgs/webots_ros2_msgs/msg/detail/camera_recognition_object__type_support.cpp
[2.746s] -- Up-to-date: /home/vboxuser/ros2_main_ws/install/webots_ros2_msgs/include/webots_ros2_msgs/webots_ros2_msgs/msg/detail/camera_recognition_object__rosidl_typesupport_introspection_cpp.hpp
[2.748s] -- Up-to-date: /home/vboxuser/ros2_main_ws/install/webots_ros2_msgs/include/webots_ros2_msgs/webots_ros2_msgs/msg/detail/float_stamped__type_support.cpp
[2.748s] -- Up-to-date: /home/vboxuser/ros2_main_ws/install/webots_ros2_msgs/include/webots_ros2_msgs/webots_ros2_msgs/msg/detail/pen_ink_properties__type_support.cpp
[2.748s] -- Up-to-date: /home/vboxuser/ros2_main_ws/install/webots_ros2_msgs/include/webots_ros2_msgs/webots_ros2_msgs/msg/detail/urdf_robot__rosidl_typesupport_introspection_cpp.hpp
[2.748s] -- Up-to-date: /home/vboxuser/ros2_main_ws/install/webots_ros2_msgs/include/webots_ros2_msgs/webots_ros2_msgs/msg/detail/pen_ink_properties__rosidl_typesupport_introspection_cpp.hpp
[2.748s] -- Up-to-date: /home/vboxuser/ros2_main_ws/install/webots_ros2_msgs/include/webots_ros2_msgs/webots_ros2_msgs/msg/detail/camera_recognition_objects__rosidl_typesupport_introspection_cpp.hpp
[2.749s] -- Up-to-date: /home/vboxuser/ros2_main_ws/install/webots_ros2_msgs/include/webots_ros2_msgs/webots_ros2_msgs/msg/detail/string_stamped__rosidl_typesupport_introspection_cpp.hpp
[2.749s] -- Up-to-date: /home/vboxuser/ros2_main_ws/install/webots_ros2_msgs/include/webots_ros2_msgs/webots_ros2_msgs/msg/detail/bool_stamped__rosidl_typesupport_introspection_cpp.hpp
[2.749s] -- Up-to-date: /home/vboxuser/ros2_main_ws/install/webots_ros2_msgs/include/webots_ros2_msgs/webots_ros2_msgs/msg/detail/camera_recognition_objects__type_support.cpp
[2.749s] -- Up-to-date: /home/vboxuser/ros2_main_ws/install/webots_ros2_msgs/include/webots_ros2_msgs/webots_ros2_msgs/msg/detail/bool_stamped__type_support.cpp
[2.749s] -- Up-to-date: /home/vboxuser/ros2_main_ws/install/webots_ros2_msgs/include/webots_ros2_msgs/webots_ros2_msgs/msg/detail/float_stamped__rosidl_typesupport_introspection_cpp.hpp
[2.749s] -- Up-to-date: /home/vboxuser/ros2_main_ws/install/webots_ros2_msgs/include/webots_ros2_msgs/webots_ros2_msgs/msg/detail/urdf_robot__type_support.cpp
[2.749s] -- Up-to-date: /home/vboxuser/ros2_main_ws/install/webots_ros2_msgs/include/webots_ros2_msgs/webots_ros2_msgs/srv
[2.749s] -- Up-to-date: /home/vboxuser/ros2_main_ws/install/webots_ros2_msgs/include/webots_ros2_msgs/webots_ros2_msgs/srv/detail
[2.750s] -- Up-to-date: /home/vboxuser/ros2_main_ws/install/webots_ros2_msgs/include/webots_ros2_msgs/webots_ros2_msgs/srv/detail/get_bool__rosidl_typesupport_introspection_cpp.hpp
[2.752s] -- Up-to-date: /home/vboxuser/ros2_main_ws/install/webots_ros2_msgs/include/webots_ros2_msgs/webots_ros2_msgs/srv/detail/emitter_send_string__type_support.cpp
[2.752s] -- Up-to-date: /home/vboxuser/ros2_main_ws/install/webots_ros2_msgs/include/webots_ros2_msgs/webots_ros2_msgs/srv/detail/spawn_urdf_robot__type_support.cpp
[2.752s] -- Up-to-date: /home/vboxuser/ros2_main_ws/install/webots_ros2_msgs/include/webots_ros2_msgs/webots_ros2_msgs/srv/detail/get_bool__type_support.cpp
[2.752s] -- Up-to-date: /home/vboxuser/ros2_main_ws/install/webots_ros2_msgs/include/webots_ros2_msgs/webots_ros2_msgs/srv/detail/set_string__type_support.cpp
[2.752s] -- Up-to-date: /home/vboxuser/ros2_main_ws/install/webots_ros2_msgs/include/webots_ros2_msgs/webots_ros2_msgs/srv/detail/emitter_send_string__rosidl_typesupport_introspection_cpp.hpp
[2.752s] -- Up-to-date: /home/vboxuser/ros2_main_ws/install/webots_ros2_msgs/include/webots_ros2_msgs/webots_ros2_msgs/srv/detail/spawn_urdf_robot__rosidl_typesupport_introspection_cpp.hpp
[2.752s] -- Up-to-date: /home/vboxuser/ros2_main_ws/install/webots_ros2_msgs/include/webots_ros2_msgs/webots_ros2_msgs/srv/detail/set_string__rosidl_typesupport_introspection_cpp.hpp
[2.753s] -- Up-to-date: /home/vboxuser/ros2_main_ws/install/webots_ros2_msgs/include/webots_ros2_msgs/webots_ros2_msgs/srv/detail/spawn_node_from_string__type_support.cpp
[2.753s] -- Up-to-date: /home/vboxuser/ros2_main_ws/install/webots_ros2_msgs/include/webots_ros2_msgs/webots_ros2_msgs/srv/detail/spawn_node_from_string__rosidl_typesupport_introspection_cpp.hpp
[2.753s] -- Up-to-date: /home/vboxuser/ros2_main_ws/install/webots_ros2_msgs/lib/libwebots_ros2_msgs__rosidl_typesupport_introspection_cpp.so
[2.753s] -- Up-to-date: /home/vboxuser/ros2_main_ws/install/webots_ros2_msgs/lib/libwebots_ros2_msgs__rosidl_typesupport_cpp.so
[2.753s] -- Up-to-date: /home/vboxuser/ros2_main_ws/install/webots_ros2_msgs/share/webots_ros2_msgs/environment/pythonpath.sh
[2.753s] -- Up-to-date: /home/vboxuser/ros2_main_ws/install/webots_ros2_msgs/share/webots_ros2_msgs/environment/pythonpath.dsv
[2.753s] -- Up-to-date: /home/vboxuser/ros2_main_ws/install/webots_ros2_msgs/lib/python3.12/site-packages/webots_ros2_msgs-2023.1.3-py3.12.egg-info
[2.753s] -- Installing: /home/vboxuser/ros2_main_ws/install/webots_ros2_msgs/lib/python3.12/site-packages/webots_ros2_msgs-2023.1.3-py3.12.egg-info/PKG-INFO
[2.753s] -- Installing: /home/vboxuser/ros2_main_ws/install/webots_ros2_msgs/lib/python3.12/site-packages/webots_ros2_msgs-2023.1.3-py3.12.egg-info/top_level.txt
[2.754s] -- Installing: /home/vboxuser/ros2_main_ws/install/webots_ros2_msgs/lib/python3.12/site-packages/webots_ros2_msgs-2023.1.3-py3.12.egg-info/dependency_links.txt
[2.756s] -- Installing: /home/vboxuser/ros2_main_ws/install/webots_ros2_msgs/lib/python3.12/site-packages/webots_ros2_msgs-2023.1.3-py3.12.egg-info/SOURCES.txt
[2.756s] -- Up-to-date: /home/vboxuser/ros2_main_ws/install/webots_ros2_msgs/lib/python3.12/site-packages/webots_ros2_msgs
[2.756s] -- Up-to-date: /home/vboxuser/ros2_main_ws/install/webots_ros2_msgs/lib/python3.12/site-packages/webots_ros2_msgs/__init__.py
[2.756s] -- Up-to-date: /home/vboxuser/ros2_main_ws/install/webots_ros2_msgs/lib/python3.12/site-packages/webots_ros2_msgs/_webots_ros2_msgs_s.ep.rosidl_typesupport_introspection_c.c
[2.756s] -- Up-to-date: /home/vboxuser/ros2_main_ws/install/webots_ros2_msgs/lib/python3.12/site-packages/webots_ros2_msgs/webots_ros2_msgs_s__rosidl_typesupport_c.so
[2.756s] -- Up-to-date: /home/vboxuser/ros2_main_ws/install/webots_ros2_msgs/lib/python3.12/site-packages/webots_ros2_msgs/webots_ros2_msgs_s__rosidl_typesupport_introspection_c.so
[2.757s] -- Up-to-date: /home/vboxuser/ros2_main_ws/install/webots_ros2_msgs/lib/python3.12/site-packages/webots_ros2_msgs/_webots_ros2_msgs_s.ep.rosidl_typesupport_fastrtps_c.c
[2.757s] -- Up-to-date: /home/vboxuser/ros2_main_ws/install/webots_ros2_msgs/lib/python3.12/site-packages/webots_ros2_msgs/msg
[2.757s] -- Up-to-date: /home/vboxuser/ros2_main_ws/install/webots_ros2_msgs/lib/python3.12/site-packages/webots_ros2_msgs/msg/_float_stamped.py
[2.757s] -- Up-to-date: /home/vboxuser/ros2_main_ws/install/webots_ros2_msgs/lib/python3.12/site-packages/webots_ros2_msgs/msg/__init__.py
[2.757s] -- Up-to-date: /home/vboxuser/ros2_main_ws/install/webots_ros2_msgs/lib/python3.12/site-packages/webots_ros2_msgs/msg/_camera_recognition_object_s.c
[2.757s] -- Up-to-date: /home/vboxuser/ros2_main_ws/install/webots_ros2_msgs/lib/python3.12/site-packages/webots_ros2_msgs/msg/_pen_ink_properties_s.c
[2.757s] -- Up-to-date: /home/vboxuser/ros2_main_ws/install/webots_ros2_msgs/lib/python3.12/site-packages/webots_ros2_msgs/msg/_camera_recognition_object.py
[2.757s] -- Up-to-date: /home/vboxuser/ros2_main_ws/install/webots_ros2_msgs/lib/python3.12/site-packages/webots_ros2_msgs/msg/_camera_recognition_objects.py
[2.760s] -- Up-to-date: /home/vboxuser/ros2_main_ws/install/webots_ros2_msgs/lib/python3.12/site-packages/webots_ros2_msgs/msg/_string_stamped.py
[2.760s] -- Up-to-date: /home/vboxuser/ros2_main_ws/install/webots_ros2_msgs/lib/python3.12/site-packages/webots_ros2_msgs/msg/_urdf_robot.py
[2.760s] -- Up-to-date: /home/vboxuser/ros2_main_ws/install/webots_ros2_msgs/lib/python3.12/site-packages/webots_ros2_msgs/msg/_string_stamped_s.c
[2.760s] -- Up-to-date: /home/vboxuser/ros2_main_ws/install/webots_ros2_msgs/lib/python3.12/site-packages/webots_ros2_msgs/msg/_urdf_robot_s.c
[2.760s] -- Up-to-date: /home/vboxuser/ros2_main_ws/install/webots_ros2_msgs/lib/python3.12/site-packages/webots_ros2_msgs/msg/_camera_recognition_objects_s.c
[2.760s] -- Up-to-date: /home/vboxuser/ros2_main_ws/install/webots_ros2_msgs/lib/python3.12/site-packages/webots_ros2_msgs/msg/_pen_ink_properties.py
[2.760s] -- Up-to-date: /home/vboxuser/ros2_main_ws/install/webots_ros2_msgs/lib/python3.12/site-packages/webots_ros2_msgs/msg/_float_stamped_s.c
[2.761s] -- Up-to-date: /home/vboxuser/ros2_main_ws/install/webots_ros2_msgs/lib/python3.12/site-packages/webots_ros2_msgs/msg/_bool_stamped.py
[2.761s] -- Up-to-date: /home/vboxuser/ros2_main_ws/install/webots_ros2_msgs/lib/python3.12/site-packages/webots_ros2_msgs/msg/_bool_stamped_s.c
[2.761s] -- Up-to-date: /home/vboxuser/ros2_main_ws/install/webots_ros2_msgs/lib/python3.12/site-packages/webots_ros2_msgs/srv
[2.761s] -- Up-to-date: /home/vboxuser/ros2_main_ws/install/webots_ros2_msgs/lib/python3.12/site-packages/webots_ros2_msgs/srv/_spawn_node_from_string_s.c
[2.761s] -- Up-to-date: /home/vboxuser/ros2_main_ws/install/webots_ros2_msgs/lib/python3.12/site-packages/webots_ros2_msgs/srv/_emitter_send_string_s.c
[2.761s] -- Up-to-date: /home/vboxuser/ros2_main_ws/install/webots_ros2_msgs/lib/python3.12/site-packages/webots_ros2_msgs/srv/__init__.py
[2.761s] -- Up-to-date: /home/vboxuser/ros2_main_ws/install/webots_ros2_msgs/lib/python3.12/site-packages/webots_ros2_msgs/srv/_spawn_node_from_string.py
[2.761s] -- Up-to-date: /home/vboxuser/ros2_main_ws/install/webots_ros2_msgs/lib/python3.12/site-packages/webots_ros2_msgs/srv/_emitter_send_string.py
[2.761s] -- Up-to-date: /home/vboxuser/ros2_main_ws/install/webots_ros2_msgs/lib/python3.12/site-packages/webots_ros2_msgs/srv/_get_bool.py
[2.762s] -- Up-to-date: /home/vboxuser/ros2_main_ws/install/webots_ros2_msgs/lib/python3.12/site-packages/webots_ros2_msgs/srv/_get_bool_s.c
[2.764s] -- Up-to-date: /home/vboxuser/ros2_main_ws/install/webots_ros2_msgs/lib/python3.12/site-packages/webots_ros2_msgs/srv/_spawn_urdf_robot.py
[2.764s] -- Up-to-date: /home/vboxuser/ros2_main_ws/install/webots_ros2_msgs/lib/python3.12/site-packages/webots_ros2_msgs/srv/_set_string_s.c
[2.764s] -- Up-to-date: /home/vboxuser/ros2_main_ws/install/webots_ros2_msgs/lib/python3.12/site-packages/webots_ros2_msgs/srv/_set_string.py
[2.764s] -- Up-to-date: /home/vboxuser/ros2_main_ws/install/webots_ros2_msgs/lib/python3.12/site-packages/webots_ros2_msgs/srv/_spawn_urdf_robot_s.c
[2.764s] -- Up-to-date: /home/vboxuser/ros2_main_ws/install/webots_ros2_msgs/lib/python3.12/site-packages/webots_ros2_msgs/webots_ros2_msgs_s__rosidl_typesupport_fastrtps_c.so
[2.764s] -- Up-to-date: /home/vboxuser/ros2_main_ws/install/webots_ros2_msgs/lib/python3.12/site-packages/webots_ros2_msgs/_webots_ros2_msgs_s.ep.rosidl_typesupport_c.c
[2.818s] Listing '/home/vboxuser/ros2_main_ws/install/webots_ros2_msgs/lib/python3.12/site-packages/webots_ros2_msgs'...
[2.818s] Listing '/home/vboxuser/ros2_main_ws/install/webots_ros2_msgs/lib/python3.12/site-packages/webots_ros2_msgs/msg'...
[2.819s] Listing '/home/vboxuser/ros2_main_ws/install/webots_ros2_msgs/lib/python3.12/site-packages/webots_ros2_msgs/srv'...
[2.836s] -- Up-to-date: /home/vboxuser/ros2_main_ws/install/webots_ros2_msgs/lib/python3.12/site-packages/webots_ros2_msgs/webots_ros2_msgs_s__rosidl_typesupport_fastrtps_c.so
[2.838s] -- Up-to-date: /home/vboxuser/ros2_main_ws/install/webots_ros2_msgs/lib/python3.12/site-packages/webots_ros2_msgs/webots_ros2_msgs_s__rosidl_typesupport_introspection_c.so
[2.839s] -- Up-to-date: /home/vboxuser/ros2_main_ws/install/webots_ros2_msgs/lib/python3.12/site-packages/webots_ros2_msgs/webots_ros2_msgs_s__rosidl_typesupport_c.so
[2.843s] -- Up-to-date: /home/vboxuser/ros2_main_ws/install/webots_ros2_msgs/lib/libwebots_ros2_msgs__rosidl_generator_py.so
[2.843s] -- Up-to-date: /home/vboxuser/ros2_main_ws/install/webots_ros2_msgs/share/webots_ros2_msgs/msg/BoolStamped.idl
[2.843s] -- Up-to-date: /home/vboxuser/ros2_main_ws/install/webots_ros2_msgs/share/webots_ros2_msgs/msg/FloatStamped.idl
[2.844s] -- Up-to-date: /home/vboxuser/ros2_main_ws/install/webots_ros2_msgs/share/webots_ros2_msgs/msg/StringStamped.idl
[2.844s] -- Up-to-date: /home/vboxuser/ros2_main_ws/install/webots_ros2_msgs/share/webots_ros2_msgs/msg/CameraRecognitionObject.idl
[2.847s] -- Up-to-date: /home/vboxuser/ros2_main_ws/install/webots_ros2_msgs/share/webots_ros2_msgs/msg/CameraRecognitionObjects.idl
[2.847s] -- Up-to-date: /home/vboxuser/ros2_main_ws/install/webots_ros2_msgs/share/webots_ros2_msgs/msg/UrdfRobot.idl
[2.847s] -- Up-to-date: /home/vboxuser/ros2_main_ws/install/webots_ros2_msgs/share/webots_ros2_msgs/msg/PenInkProperties.idl
[2.847s] -- Up-to-date: /home/vboxuser/ros2_main_ws/install/webots_ros2_msgs/share/webots_ros2_msgs/srv/EmitterSendString.idl
[2.847s] -- Up-to-date: /home/vboxuser/ros2_main_ws/install/webots_ros2_msgs/share/webots_ros2_msgs/srv/GetBool.idl
[2.847s] -- Up-to-date: /home/vboxuser/ros2_main_ws/install/webots_ros2_msgs/share/webots_ros2_msgs/srv/SetString.idl
[2.848s] -- Up-to-date: /home/vboxuser/ros2_main_ws/install/webots_ros2_msgs/share/webots_ros2_msgs/srv/SpawnNodeFromString.idl
[2.848s] -- Up-to-date: /home/vboxuser/ros2_main_ws/install/webots_ros2_msgs/share/webots_ros2_msgs/srv/SpawnUrdfRobot.idl
[2.848s] -- Up-to-date: /home/vboxuser/ros2_main_ws/install/webots_ros2_msgs/share/webots_ros2_msgs/msg/BoolStamped.msg
[2.848s] -- Up-to-date: /home/vboxuser/ros2_main_ws/install/webots_ros2_msgs/share/webots_ros2_msgs/msg/FloatStamped.msg
[2.848s] -- Up-to-date: /home/vboxuser/ros2_main_ws/install/webots_ros2_msgs/share/webots_ros2_msgs/msg/StringStamped.msg
[2.848s] -- Up-to-date: /home/vboxuser/ros2_main_ws/install/webots_ros2_msgs/share/webots_ros2_msgs/msg/CameraRecognitionObject.msg
[2.853s] -- Up-to-date: /home/vboxuser/ros2_main_ws/install/webots_ros2_msgs/share/webots_ros2_msgs/msg/CameraRecognitionObjects.msg
[2.853s] -- Up-to-date: /home/vboxuser/ros2_main_ws/install/webots_ros2_msgs/share/webots_ros2_msgs/msg/UrdfRobot.msg
[2.853s] -- Up-to-date: /home/vboxuser/ros2_main_ws/install/webots_ros2_msgs/share/webots_ros2_msgs/msg/PenInkProperties.msg
[2.853s] -- Up-to-date: /home/vboxuser/ros2_main_ws/install/webots_ros2_msgs/share/webots_ros2_msgs/srv/EmitterSendString.srv
[2.853s] -- Up-to-date: /home/vboxuser/ros2_main_ws/install/webots_ros2_msgs/share/webots_ros2_msgs/srv/GetBool.srv
[2.854s] -- Up-to-date: /home/vboxuser/ros2_main_ws/install/webots_ros2_msgs/share/webots_ros2_msgs/srv/SetString.srv
[2.854s] -- Up-to-date: /home/vboxuser/ros2_main_ws/install/webots_ros2_msgs/share/webots_ros2_msgs/srv/SpawnNodeFromString.srv
[2.854s] -- Up-to-date: /home/vboxuser/ros2_main_ws/install/webots_ros2_msgs/share/webots_ros2_msgs/srv/SpawnUrdfRobot.srv
[2.854s] -- Up-to-date: /home/vboxuser/ros2_main_ws/install/webots_ros2_msgs/share/ament_index/resource_index/package_run_dependencies/webots_ros2_msgs
[2.854s] -- Up-to-date: /home/vboxuser/ros2_main_ws/install/webots_ros2_msgs/share/ament_index/resource_index/parent_prefix_path/webots_ros2_msgs
[2.854s] -- Up-to-date: /home/vboxuser/ros2_main_ws/install/webots_ros2_msgs/share/webots_ros2_msgs/environment/ament_prefix_path.sh
[2.854s] -- Up-to-date: /home/vboxuser/ros2_main_ws/install/webots_ros2_msgs/share/webots_ros2_msgs/environment/ament_prefix_path.dsv
[2.854s] -- Up-to-date: /home/vboxuser/ros2_main_ws/install/webots_ros2_msgs/share/webots_ros2_msgs/environment/path.sh
[2.855s] -- Up-to-date: /home/vboxuser/ros2_main_ws/install/webots_ros2_msgs/share/webots_ros2_msgs/environment/path.dsv
[2.856s] -- Up-to-date: /home/vboxuser/ros2_main_ws/install/webots_ros2_msgs/share/webots_ros2_msgs/local_setup.bash
[2.857s] -- Up-to-date: /home/vboxuser/ros2_main_ws/install/webots_ros2_msgs/share/webots_ros2_msgs/local_setup.sh
[2.857s] -- Up-to-date: /home/vboxuser/ros2_main_ws/install/webots_ros2_msgs/share/webots_ros2_msgs/local_setup.zsh
[2.857s] -- Up-to-date: /home/vboxuser/ros2_main_ws/install/webots_ros2_msgs/share/webots_ros2_msgs/local_setup.dsv
[2.857s] -- Installing: /home/vboxuser/ros2_main_ws/install/webots_ros2_msgs/share/webots_ros2_msgs/package.dsv
[2.858s] -- Up-to-date: /home/vboxuser/ros2_main_ws/install/webots_ros2_msgs/share/ament_index/resource_index/packages/webots_ros2_msgs
[2.858s] -- Up-to-date: /home/vboxuser/ros2_main_ws/install/webots_ros2_msgs/share/webots_ros2_msgs/cmake/export_webots_ros2_msgs__rosidl_generator_cExport.cmake
[2.858s] -- Up-to-date: /home/vboxuser/ros2_main_ws/install/webots_ros2_msgs/share/webots_ros2_msgs/cmake/export_webots_ros2_msgs__rosidl_generator_cExport-noconfig.cmake
[2.858s] -- Up-to-date: /home/vboxuser/ros2_main_ws/install/webots_ros2_msgs/share/webots_ros2_msgs/cmake/export_webots_ros2_msgs__rosidl_typesupport_fastrtps_cExport.cmake
[2.858s] -- Up-to-date: /home/vboxuser/ros2_main_ws/install/webots_ros2_msgs/share/webots_ros2_msgs/cmake/export_webots_ros2_msgs__rosidl_typesupport_fastrtps_cExport-noconfig.cmake
[2.861s] -- Up-to-date: /home/vboxuser/ros2_main_ws/install/webots_ros2_msgs/share/webots_ros2_msgs/cmake/export_webots_ros2_msgs__rosidl_generator_cppExport.cmake
[2.862s] -- Up-to-date: /home/vboxuser/ros2_main_ws/install/webots_ros2_msgs/share/webots_ros2_msgs/cmake/export_webots_ros2_msgs__rosidl_typesupport_fastrtps_cppExport.cmake
[2.863s] -- Up-to-date: /home/vboxuser/ros2_main_ws/install/webots_ros2_msgs/share/webots_ros2_msgs/cmake/export_webots_ros2_msgs__rosidl_typesupport_fastrtps_cppExport-noconfig.cmake
[2.864s] -- Up-to-date: /home/vboxuser/ros2_main_ws/install/webots_ros2_msgs/share/webots_ros2_msgs/cmake/webots_ros2_msgs__rosidl_typesupport_introspection_cExport.cmake
[2.864s] -- Up-to-date: /home/vboxuser/ros2_main_ws/install/webots_ros2_msgs/share/webots_ros2_msgs/cmake/webots_ros2_msgs__rosidl_typesupport_introspection_cExport-noconfig.cmake
[2.864s] -- Up-to-date: /home/vboxuser/ros2_main_ws/install/webots_ros2_msgs/share/webots_ros2_msgs/cmake/webots_ros2_msgs__rosidl_typesupport_cExport.cmake
[2.865s] -- Up-to-date: /home/vboxuser/ros2_main_ws/install/webots_ros2_msgs/share/webots_ros2_msgs/cmake/webots_ros2_msgs__rosidl_typesupport_cExport-noconfig.cmake
[2.865s] -- Up-to-date: /home/vboxuser/ros2_main_ws/install/webots_ros2_msgs/share/webots_ros2_msgs/cmake/webots_ros2_msgs__rosidl_typesupport_introspection_cppExport.cmake
[2.867s] -- Up-to-date: /home/vboxuser/ros2_main_ws/install/webots_ros2_msgs/share/webots_ros2_msgs/cmake/webots_ros2_msgs__rosidl_typesupport_introspection_cppExport-noconfig.cmake
[2.868s] -- Up-to-date: /home/vboxuser/ros2_main_ws/install/webots_ros2_msgs/share/webots_ros2_msgs/cmake/webots_ros2_msgs__rosidl_typesupport_cppExport.cmake
[2.869s] -- Up-to-date: /home/vboxuser/ros2_main_ws/install/webots_ros2_msgs/share/webots_ros2_msgs/cmake/webots_ros2_msgs__rosidl_typesupport_cppExport-noconfig.cmake
[2.869s] -- Up-to-date: /home/vboxuser/ros2_main_ws/install/webots_ros2_msgs/share/webots_ros2_msgs/cmake/export_webots_ros2_msgs__rosidl_generator_pyExport.cmake
[2.872s] -- Up-to-date: /home/vboxuser/ros2_main_ws/install/webots_ros2_msgs/share/webots_ros2_msgs/cmake/export_webots_ros2_msgs__rosidl_generator_pyExport-noconfig.cmake
[2.872s] -- Up-to-date: /home/vboxuser/ros2_main_ws/install/webots_ros2_msgs/share/webots_ros2_msgs/cmake/rosidl_cmake-extras.cmake
[2.872s] -- Up-to-date: /home/vboxuser/ros2_main_ws/install/webots_ros2_msgs/share/webots_ros2_msgs/cmake/ament_cmake_export_dependencies-extras.cmake
[2.872s] -- Up-to-date: /home/vboxuser/ros2_main_ws/install/webots_ros2_msgs/share/webots_ros2_msgs/cmake/ament_cmake_export_include_directories-extras.cmake
[2.873s] -- Up-to-date: /home/vboxuser/ros2_main_ws/install/webots_ros2_msgs/share/webots_ros2_msgs/cmake/ament_cmake_export_libraries-extras.cmake
[2.873s] -- Up-to-date: /home/vboxuser/ros2_main_ws/install/webots_ros2_msgs/share/webots_ros2_msgs/cmake/ament_cmake_export_targets-extras.cmake
[2.873s] -- Up-to-date: /home/vboxuser/ros2_main_ws/install/webots_ros2_msgs/share/webots_ros2_msgs/cmake/rosidl_cmake_export_typesupport_targets-extras.cmake
[2.873s] -- Up-to-date: /home/vboxuser/ros2_main_ws/install/webots_ros2_msgs/share/webots_ros2_msgs/cmake/rosidl_cmake_export_typesupport_libraries-extras.cmake
[2.873s] -- Up-to-date: /home/vboxuser/ros2_main_ws/install/webots_ros2_msgs/share/webots_ros2_msgs/cmake/webots_ros2_msgsConfig.cmake
[2.874s] -- Up-to-date: /home/vboxuser/ros2_main_ws/install/webots_ros2_msgs/share/webots_ros2_msgs/cmake/webots_ros2_msgsConfig-version.cmake
[2.875s] -- Up-to-date: /home/vboxuser/ros2_main_ws/install/webots_ros2_msgs/share/webots_ros2_msgs/package.xml
[2.875s] Invoked command in '/home/vboxuser/ros2_main_ws/build/webots_ros2_msgs' returned '0': CMAKE_PREFIX_PATH=${CMAKE_PREFIX_PATH}:/opt/ros/jazzy DEBUGINFOD_URLS=https://debuginfod.ubuntu.com /usr/bin/cmake --install /home/vboxuser/ros2_main_ws/build/webots_ros2_msgs
