[1.796s] Invoking command in '/home/vboxuser/ros2_main_ws/src/my_package': AMENT_PREFIX_PATH=/home/vboxuser/ros2_main_ws/install/webots_ros2_driver:/home/vboxuser/ros2_main_ws/install/webots_ros2_msgs:/home/vboxuser/ros2_main_ws/install/webots_ros2_importer:${AMENT_PREFIX_PATH} CMAKE_PREFIX_PATH=/home/vboxuser/ros2_main_ws/install/webots_ros2_driver:/home/vboxuser/ros2_main_ws/install/webots_ros2_msgs:${CMAKE_PREFIX_PATH} DEBUGINFOD_URLS=https://debuginfod.ubuntu.com LD_LIBRARY_PATH=/home/vboxuser/ros2_main_ws/install/webots_ros2_driver/lib:/home/vboxuser/ros2_main_ws/install/webots_ros2_msgs/lib:${LD_LIBRARY_PATH} PYTHONPATH=/home/vboxuser/ros2_main_ws/build/my_package/prefix_override:/usr/lib/python3/dist-packages/colcon_core/task/python/colcon_distutils_commands:/home/vboxuser/ros2_main_ws/install/my_package/lib/python3.12/site-packages:/home/vboxuser/ros2_main_ws/install/webots_ros2_driver/lib/python3.12/site-packages:/home/vboxuser/ros2_main_ws/install/webots_ros2_msgs/lib/python3.12/site-packages:/home/vboxuser/ros2_main_ws/install/webots_ros2_importer/lib/python3.12/site-packages:${PYTHONPATH} /usr/bin/python3 -W ignore:setup.py install is deprecated setup.py egg_info --egg-base ../../build/my_package build --build-base /home/vboxuser/ros2_main_ws/build/my_package/build install --record /home/vboxuser/ros2_main_ws/build/my_package/install.log --single-version-externally-managed install_data
[2.408s] running egg_info
[2.453s] writing ../../build/my_package/my_package.egg-info/PKG-INFO
[2.455s] writing dependency_links to ../../build/my_package/my_package.egg-info/dependency_links.txt
[2.456s] writing entry points to ../../build/my_package/my_package.egg-info/entry_points.txt
[2.456s] writing requirements to ../../build/my_package/my_package.egg-info/requires.txt
[2.457s] writing top-level names to ../../build/my_package/my_package.egg-info/top_level.txt
[2.540s] reading manifest file '../../build/my_package/my_package.egg-info/SOURCES.txt'
[2.541s] adding license file 'LICENSE'
[2.543s] writing manifest file '../../build/my_package/my_package.egg-info/SOURCES.txt'
[2.543s] running build
[2.544s] running build_py
[2.546s] copying my_package/my_robot_driver.py -> /home/vboxuser/ros2_main_ws/build/my_package/build/lib/my_package
[2.547s] running install
[2.567s] running install_lib
[2.603s] copying /home/vboxuser/ros2_main_ws/build/my_package/build/lib/my_package/my_robot_driver.py -> /home/vboxuser/ros2_main_ws/install/my_package/lib/python3.12/site-packages/my_package
[2.607s] byte-compiling /home/vboxuser/ros2_main_ws/install/my_package/lib/python3.12/site-packages/my_package/my_robot_driver.py to my_robot_driver.cpython-312.pyc
[2.614s] running install_data
[2.615s] copying launch/robot_launch.py -> /home/vboxuser/ros2_main_ws/install/my_package/share/my_package/launch
[2.615s] running install_egg_info
[2.666s] removing '/home/vboxuser/ros2_main_ws/install/my_package/lib/python3.12/site-packages/my_package-0.0.0-py3.12.egg-info' (and everything under it)
[2.671s] Copying ../../build/my_package/my_package.egg-info to /home/vboxuser/ros2_main_ws/install/my_package/lib/python3.12/site-packages/my_package-0.0.0-py3.12.egg-info
[2.673s] running install_scripts
[2.960s] Installing my_robot_driver script to /home/vboxuser/ros2_main_ws/install/my_package/lib/my_package
[2.961s] Installing obstacle_avoider script to /home/vboxuser/ros2_main_ws/install/my_package/lib/my_package
[2.962s] writing list of installed files to '/home/vboxuser/ros2_main_ws/build/my_package/install.log'
[3.022s] Invoked command in '/home/vboxuser/ros2_main_ws/src/my_package' returned '0': AMENT_PREFIX_PATH=/home/vboxuser/ros2_main_ws/install/webots_ros2_driver:/home/vboxuser/ros2_main_ws/install/webots_ros2_msgs:/home/vboxuser/ros2_main_ws/install/webots_ros2_importer:${AMENT_PREFIX_PATH} CMAKE_PREFIX_PATH=/home/vboxuser/ros2_main_ws/install/webots_ros2_driver:/home/vboxuser/ros2_main_ws/install/webots_ros2_msgs:${CMAKE_PREFIX_PATH} DEBUGINFOD_URLS=https://debuginfod.ubuntu.com LD_LIBRARY_PATH=/home/vboxuser/ros2_main_ws/install/webots_ros2_driver/lib:/home/vboxuser/ros2_main_ws/install/webots_ros2_msgs/lib:${LD_LIBRARY_PATH} PYTHONPATH=/home/vboxuser/ros2_main_ws/build/my_package/prefix_override:/usr/lib/python3/dist-packages/colcon_core/task/python/colcon_distutils_commands:/home/vboxuser/ros2_main_ws/install/my_package/lib/python3.12/site-packages:/home/vboxuser/ros2_main_ws/install/webots_ros2_driver/lib/python3.12/site-packages:/home/vboxuser/ros2_main_ws/install/webots_ros2_msgs/lib/python3.12/site-packages:/home/vboxuser/ros2_main_ws/install/webots_ros2_importer/lib/python3.12/site-packages:${PYTHONPATH} /usr/bin/python3 -W ignore:setup.py install is deprecated setup.py egg_info --egg-base ../../build/my_package build --build-base /home/vboxuser/ros2_main_ws/build/my_package/build install --record /home/vboxuser/ros2_main_ws/build/my_package/install.log --single-version-externally-managed install_data
