[1.916s] Invoking command in '/home/vboxuser/ros2_main_ws/src/my_package': DEBUGINFOD_URLS=https://debuginfod.ubuntu.com PYTHONPATH=/home/vboxuser/ros2_main_ws/build/my_package/prefix_override:/usr/lib/python3/dist-packages/colcon_core/task/python/colcon_distutils_commands:/home/vboxuser/ros2_main_ws/install/my_package/lib/python3.12/site-packages:${PYTHONPATH} /usr/bin/python3 -W ignore:setup.py install is deprecated setup.py egg_info --egg-base ../../build/my_package build --build-base /home/vboxuser/ros2_main_ws/build/my_package/build install --record /home/vboxuser/ros2_main_ws/build/my_package/install.log --single-version-externally-managed install_data
[2.451s] running egg_info
[2.451s] creating ../../build/my_package/my_package.egg-info
[2.487s] writing ../../build/my_package/my_package.egg-info/PKG-INFO
[2.488s] writing dependency_links to ../../build/my_package/my_package.egg-info/dependency_links.txt
[2.488s] writing entry points to ../../build/my_package/my_package.egg-info/entry_points.txt
[2.489s] writing requirements to ../../build/my_package/my_package.egg-info/requires.txt
[2.489s] writing top-level names to ../../build/my_package/my_package.egg-info/top_level.txt
[2.489s] writing manifest file '../../build/my_package/my_package.egg-info/SOURCES.txt'
[2.562s] reading manifest file '../../build/my_package/my_package.egg-info/SOURCES.txt'
[2.562s] adding license file 'LICENSE'
[2.563s] writing manifest file '../../build/my_package/my_package.egg-info/SOURCES.txt'
[2.564s] running build
[2.564s] running build_py
[2.564s] creating /home/vboxuser/ros2_main_ws/build/my_package/build
[2.565s] creating /home/vboxuser/ros2_main_ws/build/my_package/build/lib
[2.565s] creating /home/vboxuser/ros2_main_ws/build/my_package/build/lib/my_package
[2.565s] copying my_package/__init__.py -> /home/vboxuser/ros2_main_ws/build/my_package/build/lib/my_package
[2.565s] copying my_package/my_robot_driver.py -> /home/vboxuser/ros2_main_ws/build/my_package/build/lib/my_package
[2.565s] running install
[2.581s] running install_lib
[2.615s] creating /home/vboxuser/ros2_main_ws/install/my_package/lib/python3.12/site-packages/my_package
[2.615s] copying /home/vboxuser/ros2_main_ws/build/my_package/build/lib/my_package/__init__.py -> /home/vboxuser/ros2_main_ws/install/my_package/lib/python3.12/site-packages/my_package
[2.615s] copying /home/vboxuser/ros2_main_ws/build/my_package/build/lib/my_package/my_robot_driver.py -> /home/vboxuser/ros2_main_ws/install/my_package/lib/python3.12/site-packages/my_package
[2.616s] byte-compiling /home/vboxuser/ros2_main_ws/install/my_package/lib/python3.12/site-packages/my_package/__init__.py to __init__.cpython-312.pyc
[2.616s] byte-compiling /home/vboxuser/ros2_main_ws/install/my_package/lib/python3.12/site-packages/my_package/my_robot_driver.py to my_robot_driver.cpython-312.pyc
[2.619s] running install_data
[2.620s] creating /home/vboxuser/ros2_main_ws/install/my_package/share/ament_index
[2.620s] creating /home/vboxuser/ros2_main_ws/install/my_package/share/ament_index/resource_index
[2.620s] creating /home/vboxuser/ros2_main_ws/install/my_package/share/ament_index/resource_index/packages
[2.620s] copying resource/my_package -> /home/vboxuser/ros2_main_ws/install/my_package/share/ament_index/resource_index/packages
[2.620s] creating /home/vboxuser/ros2_main_ws/install/my_package/share/my_package/launch
[2.621s] copying launch/robot_launch.py -> /home/vboxuser/ros2_main_ws/install/my_package/share/my_package/launch
[2.621s] creating /home/vboxuser/ros2_main_ws/install/my_package/share/my_package/worlds
[2.621s] copying worlds/my_world.wbt -> /home/vboxuser/ros2_main_ws/install/my_package/share/my_package/worlds
[2.621s] creating /home/vboxuser/ros2_main_ws/install/my_package/share/my_package/resource
[2.621s] copying resource/my_robot.urdf -> /home/vboxuser/ros2_main_ws/install/my_package/share/my_package/resource
[2.621s] copying package.xml -> /home/vboxuser/ros2_main_ws/install/my_package/share/my_package
[2.621s] running install_egg_info
[2.670s] Copying ../../build/my_package/my_package.egg-info to /home/vboxuser/ros2_main_ws/install/my_package/lib/python3.12/site-packages/my_package-0.0.0-py3.12.egg-info
[2.672s] running install_scripts
[2.900s] Installing my_robot_driver script to /home/vboxuser/ros2_main_ws/install/my_package/lib/my_package
[2.901s] writing list of installed files to '/home/vboxuser/ros2_main_ws/build/my_package/install.log'
[2.948s] Invoked command in '/home/vboxuser/ros2_main_ws/src/my_package' returned '0': DEBUGINFOD_URLS=https://debuginfod.ubuntu.com PYTHONPATH=/home/vboxuser/ros2_main_ws/build/my_package/prefix_override:/usr/lib/python3/dist-packages/colcon_core/task/python/colcon_distutils_commands:/home/vboxuser/ros2_main_ws/install/my_package/lib/python3.12/site-packages:${PYTHONPATH} /usr/bin/python3 -W ignore:setup.py install is deprecated setup.py egg_info --egg-base ../../build/my_package build --build-base /home/vboxuser/ros2_main_ws/build/my_package/build install --record /home/vboxuser/ros2_main_ws/build/my_package/install.log --single-version-externally-managed install_data
