[2.029s] Invoking command in '/home/vboxuser/ros2_main_ws/src/webots_ros2/webots_ros2_epuck': AMENT_PREFIX_PATH=/home/vboxuser/ros2_main_ws/install/webots_ros2_importer:/home/vboxuser/ros2_main_ws/install/webots_ros2:/home/vboxuser/ros2_main_ws/install/webots_ros2_universal_robot:/home/vboxuser/ros2_main_ws/install/webots_ros2_turtlebot:/home/vboxuser/ros2_main_ws/install/webots_ros2_tiago:/home/vboxuser/ros2_main_ws/install/webots_ros2_tests:/home/vboxuser/ros2_main_ws/install/webots_ros2_tesla:/home/vboxuser/ros2_main_ws/install/webots_ros2_mavic:/home/vboxuser/ros2_main_ws/install/webots_ros2_epuck:/home/vboxuser/ros2_main_ws/install/webots_ros2_control:/home/vboxuser/ros2_main_ws/install/webots_ros2_driver:/home/vboxuser/ros2_main_ws/install/webots_ros2_msgs:/home/vboxuser/ros2_main_ws/install/my_package:/opt/ros/jazzy DEBUGINFOD_URLS=https://debuginfod.ubuntu.com PYTHONPATH=/home/vboxuser/ros2_main_ws/build/webots_ros2_epuck/prefix_override:/usr/lib/python3/dist-packages/colcon_core/task/python/colcon_distutils_commands:/home/vboxuser/ros2_main_ws/install/webots_ros2_epuck/lib/python3.12/site-packages:/home/vboxuser/ros2_main_ws/install/webots_ros2_driver/lib/python3.12/site-packages:/home/vboxuser/ros2_main_ws/install/webots_ros2_msgs/lib/python3.12/site-packages:/home/vboxuser/ros2_main_ws/install/webots_ros2_importer/lib/python3.12/site-packages:/home/vboxuser/ros2_main_ws/install/webots_ros2/lib/python3.12/site-packages:/home/vboxuser/ros2_main_ws/install/webots_ros2_universal_robot/lib/python3.12/site-packages:/home/vboxuser/ros2_main_ws/install/webots_ros2_turtlebot/lib/python3.12/site-packages:/home/vboxuser/ros2_main_ws/install/webots_ros2_tiago/lib/python3.12/site-packages:/home/vboxuser/ros2_main_ws/install/webots_ros2_tests/lib/python3.12/site-packages:/home/vboxuser/ros2_main_ws/install/webots_ros2_tesla/lib/python3.12/site-packages:/home/vboxuser/ros2_main_ws/install/webots_ros2_mavic/lib/python3.12/site-packages:/home/vboxuser/ros2_main_ws/install/webots_ros2_epuck/lib/python3.12/site-packages:/home/vboxuser/ros2_main_ws/install/my_package/lib/python3.12/site-packages:/opt/ros/jazzy/lib/python3.12/site-packages /usr/bin/python3 -W ignore:setup.py install is deprecated setup.py egg_info --egg-base ../../../build/webots_ros2_epuck build --build-base /home/vboxuser/ros2_main_ws/build/webots_ros2_epuck/build install --record /home/vboxuser/ros2_main_ws/build/webots_ros2_epuck/install.log --single-version-externally-managed install_data
[2.752s] running egg_info
[2.802s] writing ../../../build/webots_ros2_epuck/webots_ros2_epuck.egg-info/PKG-INFO
[2.803s] writing dependency_links to ../../../build/webots_ros2_epuck/webots_ros2_epuck.egg-info/dependency_links.txt
[2.803s] writing entry points to ../../../build/webots_ros2_epuck/webots_ros2_epuck.egg-info/entry_points.txt
[2.804s] writing requirements to ../../../build/webots_ros2_epuck/webots_ros2_epuck.egg-info/requires.txt
[2.806s] writing top-level names to ../../../build/webots_ros2_epuck/webots_ros2_epuck.egg-info/top_level.txt
[2.897s] reading manifest file '../../../build/webots_ros2_epuck/webots_ros2_epuck.egg-info/SOURCES.txt'
[2.899s] writing manifest file '../../../build/webots_ros2_epuck/webots_ros2_epuck.egg-info/SOURCES.txt'
[2.900s] running build
[2.901s] running build_py
[2.901s] running install
[2.921s] running install_lib
[2.965s] running install_data
[2.969s] running install_egg_info
[3.024s] removing '/home/vboxuser/ros2_main_ws/install/webots_ros2_epuck/lib/python3.12/site-packages/webots_ros2_epuck-2023.1.3-py3.12.egg-info' (and everything under it)
[3.025s] Copying ../../../build/webots_ros2_epuck/webots_ros2_epuck.egg-info to /home/vboxuser/ros2_main_ws/install/webots_ros2_epuck/lib/python3.12/site-packages/webots_ros2_epuck-2023.1.3-py3.12.egg-info
[3.028s] running install_scripts
[3.332s] Installing drive_calibrator script to /home/vboxuser/ros2_main_ws/install/webots_ros2_epuck/lib/webots_ros2_epuck
[3.333s] Installing epuck_node script to /home/vboxuser/ros2_main_ws/install/webots_ros2_epuck/lib/webots_ros2_epuck
[3.333s] Installing simple_mapper script to /home/vboxuser/ros2_main_ws/install/webots_ros2_epuck/lib/webots_ros2_epuck
[3.334s] writing list of installed files to '/home/vboxuser/ros2_main_ws/build/webots_ros2_epuck/install.log'
[3.415s] Invoked command in '/home/vboxuser/ros2_main_ws/src/webots_ros2/webots_ros2_epuck' returned '0': AMENT_PREFIX_PATH=/home/vboxuser/ros2_main_ws/install/webots_ros2_importer:/home/vboxuser/ros2_main_ws/install/webots_ros2:/home/vboxuser/ros2_main_ws/install/webots_ros2_universal_robot:/home/vboxuser/ros2_main_ws/install/webots_ros2_turtlebot:/home/vboxuser/ros2_main_ws/install/webots_ros2_tiago:/home/vboxuser/ros2_main_ws/install/webots_ros2_tests:/home/vboxuser/ros2_main_ws/install/webots_ros2_tesla:/home/vboxuser/ros2_main_ws/install/webots_ros2_mavic:/home/vboxuser/ros2_main_ws/install/webots_ros2_epuck:/home/vboxuser/ros2_main_ws/install/webots_ros2_control:/home/vboxuser/ros2_main_ws/install/webots_ros2_driver:/home/vboxuser/ros2_main_ws/install/webots_ros2_msgs:/home/vboxuser/ros2_main_ws/install/my_package:/opt/ros/jazzy DEBUGINFOD_URLS=https://debuginfod.ubuntu.com PYTHONPATH=/home/vboxuser/ros2_main_ws/build/webots_ros2_epuck/prefix_override:/usr/lib/python3/dist-packages/colcon_core/task/python/colcon_distutils_commands:/home/vboxuser/ros2_main_ws/install/webots_ros2_epuck/lib/python3.12/site-packages:/home/vboxuser/ros2_main_ws/install/webots_ros2_driver/lib/python3.12/site-packages:/home/vboxuser/ros2_main_ws/install/webots_ros2_msgs/lib/python3.12/site-packages:/home/vboxuser/ros2_main_ws/install/webots_ros2_importer/lib/python3.12/site-packages:/home/vboxuser/ros2_main_ws/install/webots_ros2/lib/python3.12/site-packages:/home/vboxuser/ros2_main_ws/install/webots_ros2_universal_robot/lib/python3.12/site-packages:/home/vboxuser/ros2_main_ws/install/webots_ros2_turtlebot/lib/python3.12/site-packages:/home/vboxuser/ros2_main_ws/install/webots_ros2_tiago/lib/python3.12/site-packages:/home/vboxuser/ros2_main_ws/install/webots_ros2_tests/lib/python3.12/site-packages:/home/vboxuser/ros2_main_ws/install/webots_ros2_tesla/lib/python3.12/site-packages:/home/vboxuser/ros2_main_ws/install/webots_ros2_mavic/lib/python3.12/site-packages:/home/vboxuser/ros2_main_ws/install/webots_ros2_epuck/lib/python3.12/site-packages:/home/vboxuser/ros2_main_ws/install/my_package/lib/python3.12/site-packages:/opt/ros/jazzy/lib/python3.12/site-packages /usr/bin/python3 -W ignore:setup.py install is deprecated setup.py egg_info --egg-base ../../../build/webots_ros2_epuck build --build-base /home/vboxuser/ros2_main_ws/build/webots_ros2_epuck/build install --record /home/vboxuser/ros2_main_ws/build/webots_ros2_epuck/install.log --single-version-externally-managed install_data
