[3.229s] Invoking command in '/home/vboxuser/ros2_main_ws/src/webots_ros2/webots_ros2_importer': DEBUGINFOD_URLS=https://debuginfod.ubuntu.com PYTHONPATH=/home/vboxuser/ros2_main_ws/build/webots_ros2_importer/prefix_override:/usr/lib/python3/dist-packages/colcon_core/task/python/colcon_distutils_commands:/home/vboxuser/ros2_main_ws/install/webots_ros2_importer/lib/python3.12/site-packages:${PYTHONPATH} /usr/bin/python3 -W ignore:setup.py install is deprecated setup.py egg_info --egg-base ../../../build/webots_ros2_importer build --build-base /home/vboxuser/ros2_main_ws/build/webots_ros2_importer/build install --record /home/vboxuser/ros2_main_ws/build/webots_ros2_importer/install.log --single-version-externally-managed install_data
[3.869s] running egg_info
[3.905s] writing ../../../build/webots_ros2_importer/webots_ros2_importer.egg-info/PKG-INFO
[3.907s] writing dependency_links to ../../../build/webots_ros2_importer/webots_ros2_importer.egg-info/dependency_links.txt
[3.907s] writing entry points to ../../../build/webots_ros2_importer/webots_ros2_importer.egg-info/entry_points.txt
[3.907s] writing requirements to ../../../build/webots_ros2_importer/webots_ros2_importer.egg-info/requires.txt
[3.908s] writing top-level names to ../../../build/webots_ros2_importer/webots_ros2_importer.egg-info/top_level.txt
[3.976s] reading manifest file '../../../build/webots_ros2_importer/webots_ros2_importer.egg-info/SOURCES.txt'
[3.982s] writing manifest file '../../../build/webots_ros2_importer/webots_ros2_importer.egg-info/SOURCES.txt'
[3.983s] running build
[3.983s] running build_py
[3.984s] running install
[4.000s] running install_lib
[4.036s] running install_data
[4.036s] running install_egg_info
[4.086s] removing '/home/vboxuser/ros2_main_ws/install/webots_ros2_importer/lib/python3.12/site-packages/webots_ros2_importer-2023.1.3-py3.12.egg-info' (and everything under it)
[4.088s] Copying ../../../build/webots_ros2_importer/webots_ros2_importer.egg-info to /home/vboxuser/ros2_main_ws/install/webots_ros2_importer/lib/python3.12/site-packages/webots_ros2_importer-2023.1.3-py3.12.egg-info
[4.089s] running install_scripts
[4.308s] Installing urdf2proto script to /home/vboxuser/ros2_main_ws/install/webots_ros2_importer/lib/webots_ros2_importer
[4.310s] Installing xacro2proto script to /home/vboxuser/ros2_main_ws/install/webots_ros2_importer/lib/webots_ros2_importer
[4.311s] writing list of installed files to '/home/vboxuser/ros2_main_ws/build/webots_ros2_importer/install.log'
[4.365s] Invoked command in '/home/vboxuser/ros2_main_ws/src/webots_ros2/webots_ros2_importer' returned '0': DEBUGINFOD_URLS=https://debuginfod.ubuntu.com PYTHONPATH=/home/vboxuser/ros2_main_ws/build/webots_ros2_importer/prefix_override:/usr/lib/python3/dist-packages/colcon_core/task/python/colcon_distutils_commands:/home/vboxuser/ros2_main_ws/install/webots_ros2_importer/lib/python3.12/site-packages:${PYTHONPATH} /usr/bin/python3 -W ignore:setup.py install is deprecated setup.py egg_info --egg-base ../../../build/webots_ros2_importer build --build-base /home/vboxuser/ros2_main_ws/build/webots_ros2_importer/build install --record /home/vboxuser/ros2_main_ws/build/webots_ros2_importer/install.log --single-version-externally-managed install_data
