[1.797s] Invoking command in '/home/vboxuser/ros2_main_ws/src/webots_ros2/webots_ros2_universal_robot': AMENT_PREFIX_PATH=/home/vboxuser/ros2_main_ws/install/webots_ros2_control:/home/vboxuser/ros2_main_ws/install/webots_ros2_driver:/home/vboxuser/ros2_main_ws/install/webots_ros2_msgs:/home/vboxuser/ros2_main_ws/install/webots_ros2_importer:${AMENT_PREFIX_PATH} CMAKE_PREFIX_PATH=/home/vboxuser/ros2_main_ws/install/webots_ros2_control:/home/vboxuser/ros2_main_ws/install/webots_ros2_driver:/home/vboxuser/ros2_main_ws/install/webots_ros2_msgs:${CMAKE_PREFIX_PATH} DEBUGINFOD_URLS=https://debuginfod.ubuntu.com LD_LIBRARY_PATH=/home/vboxuser/ros2_main_ws/install/webots_ros2_control/lib:/home/vboxuser/ros2_main_ws/install/webots_ros2_driver/lib:/home/vboxuser/ros2_main_ws/install/webots_ros2_msgs/lib:${LD_LIBRARY_PATH} PYTHONPATH=/home/vboxuser/ros2_main_ws/build/webots_ros2_universal_robot/prefix_override:/usr/lib/python3/dist-packages/colcon_core/task/python/colcon_distutils_commands:/home/vboxuser/ros2_main_ws/install/webots_ros2_universal_robot/lib/python3.12/site-packages:/home/vboxuser/ros2_main_ws/install/webots_ros2_driver/lib/python3.12/site-packages:/home/vboxuser/ros2_main_ws/install/webots_ros2_msgs/lib/python3.12/site-packages:/home/vboxuser/ros2_main_ws/install/webots_ros2_importer/lib/python3.12/site-packages:${PYTHONPATH} /usr/bin/python3 -W ignore:setup.py install is deprecated setup.py egg_info --egg-base ../../../build/webots_ros2_universal_robot build --build-base /home/vboxuser/ros2_main_ws/build/webots_ros2_universal_robot/build install --record /home/vboxuser/ros2_main_ws/build/webots_ros2_universal_robot/install.log --single-version-externally-managed install_data
[2.368s] running egg_info
[2.408s] writing ../../../build/webots_ros2_universal_robot/webots_ros2_universal_robot.egg-info/PKG-INFO
[2.410s] writing dependency_links to ../../../build/webots_ros2_universal_robot/webots_ros2_universal_robot.egg-info/dependency_links.txt
[2.411s] writing entry points to ../../../build/webots_ros2_universal_robot/webots_ros2_universal_robot.egg-info/entry_points.txt
[2.411s] writing requirements to ../../../build/webots_ros2_universal_robot/webots_ros2_universal_robot.egg-info/requires.txt
[2.415s] writing top-level names to ../../../build/webots_ros2_universal_robot/webots_ros2_universal_robot.egg-info/top_level.txt
[2.507s] reading manifest file '../../../build/webots_ros2_universal_robot/webots_ros2_universal_robot.egg-info/SOURCES.txt'
[2.515s] writing manifest file '../../../build/webots_ros2_universal_robot/webots_ros2_universal_robot.egg-info/SOURCES.txt'
[2.516s] running build
[2.517s] running build_py
[2.517s] running install
[2.538s] running install_lib
[2.598s] running install_data
[2.601s] running install_egg_info
[2.653s] removing '/home/vboxuser/ros2_main_ws/install/webots_ros2_universal_robot/lib/python3.12/site-packages/webots_ros2_universal_robot-2023.1.3-py3.12.egg-info' (and everything under it)
[2.657s] Copying ../../../build/webots_ros2_universal_robot/webots_ros2_universal_robot.egg-info to /home/vboxuser/ros2_main_ws/install/webots_ros2_universal_robot/lib/python3.12/site-packages/webots_ros2_universal_robot-2023.1.3-py3.12.egg-info
[2.662s] running install_scripts
[2.978s] Installing abb_controller script to /home/vboxuser/ros2_main_ws/install/webots_ros2_universal_robot/lib/webots_ros2_universal_robot
[2.979s] Installing ur5e_controller script to /home/vboxuser/ros2_main_ws/install/webots_ros2_universal_robot/lib/webots_ros2_universal_robot
[2.980s] writing list of installed files to '/home/vboxuser/ros2_main_ws/build/webots_ros2_universal_robot/install.log'
[3.034s] Invoked command in '/home/vboxuser/ros2_main_ws/src/webots_ros2/webots_ros2_universal_robot' returned '0': AMENT_PREFIX_PATH=/home/vboxuser/ros2_main_ws/install/webots_ros2_control:/home/vboxuser/ros2_main_ws/install/webots_ros2_driver:/home/vboxuser/ros2_main_ws/install/webots_ros2_msgs:/home/vboxuser/ros2_main_ws/install/webots_ros2_importer:${AMENT_PREFIX_PATH} CMAKE_PREFIX_PATH=/home/vboxuser/ros2_main_ws/install/webots_ros2_control:/home/vboxuser/ros2_main_ws/install/webots_ros2_driver:/home/vboxuser/ros2_main_ws/install/webots_ros2_msgs:${CMAKE_PREFIX_PATH} DEBUGINFOD_URLS=https://debuginfod.ubuntu.com LD_LIBRARY_PATH=/home/vboxuser/ros2_main_ws/install/webots_ros2_control/lib:/home/vboxuser/ros2_main_ws/install/webots_ros2_driver/lib:/home/vboxuser/ros2_main_ws/install/webots_ros2_msgs/lib:${LD_LIBRARY_PATH} PYTHONPATH=/home/vboxuser/ros2_main_ws/build/webots_ros2_universal_robot/prefix_override:/usr/lib/python3/dist-packages/colcon_core/task/python/colcon_distutils_commands:/home/vboxuser/ros2_main_ws/install/webots_ros2_universal_robot/lib/python3.12/site-packages:/home/vboxuser/ros2_main_ws/install/webots_ros2_driver/lib/python3.12/site-packages:/home/vboxuser/ros2_main_ws/install/webots_ros2_msgs/lib/python3.12/site-packages:/home/vboxuser/ros2_main_ws/install/webots_ros2_importer/lib/python3.12/site-packages:${PYTHONPATH} /usr/bin/python3 -W ignore:setup.py install is deprecated setup.py egg_info --egg-base ../../../build/webots_ros2_universal_robot build --build-base /home/vboxuser/ros2_main_ws/build/webots_ros2_universal_robot/build install --record /home/vboxuser/ros2_main_ws/build/webots_ros2_universal_robot/install.log --single-version-externally-managed install_data
