[0.459s] Invoking command in '/home/vboxuser/ros2_main_ws/build/webots_ros2_msgs': CMAKE_PREFIX_PATH=${CMAKE_PREFIX_PATH}:/home/vboxuser/ros2_main_ws/install/webots_ros2:/home/vboxuser/ros2_main_ws/install/webots_ros2_universal_robot:/home/vboxuser/ros2_main_ws/install/webots_ros2_turtlebot:/home/vboxuser/ros2_main_ws/install/webots_ros2_tiago:/home/vboxuser/ros2_main_ws/install/webots_ros2_tests:/home/vboxuser/ros2_main_ws/install/webots_ros2_tesla:/home/vboxuser/ros2_main_ws/install/webots_ros2_mavic:/home/vboxuser/ros2_main_ws/install/webots_ros2_epuck:/home/vboxuser/ros2_main_ws/install/webots_ros2_importer:/home/vboxuser/ros2_main_ws/install/my_package:/opt/ros/jazzy DEBUGINFOD_URLS=https://debuginfod.ubuntu.com /usr/bin/cmake --build /home/vboxuser/ros2_main_ws/build/webots_ros2_msgs -- -j2 -l2
[0.640s] [  1%] Built target webots_ros2_msgs__rosidl_generator_type_description
[0.663s] [  1%] Built target ament_cmake_python_copy_webots_ros2_msgs
[0.690s] [  1%] Built target webots_ros2_msgs__cpp
[0.841s] [ 27%] Built target webots_ros2_msgs__rosidl_generator_c
[1.030s] [ 36%] Built target webots_ros2_msgs__rosidl_typesupport_cpp
[1.167s] [ 46%] Built target webots_ros2_msgs__rosidl_typesupport_fastrtps_c
[1.330s] [ 56%] Built target webots_ros2_msgs__rosidl_typesupport_fastrtps_cpp
[1.433s] [ 66%] Built target webots_ros2_msgs__rosidl_typesupport_introspection_c
[1.548s] running egg_info
[1.566s] [ 76%] Built target webots_ros2_msgs__rosidl_typesupport_c
[1.614s] writing webots_ros2_msgs.egg-info/PKG-INFO
[1.617s] writing dependency_links to webots_ros2_msgs.egg-info/dependency_links.txt
[1.619s] writing top-level names to webots_ros2_msgs.egg-info/top_level.txt
[1.714s] [ 85%] Built target webots_ros2_msgs__rosidl_typesupport_introspection_cpp
[1.798s] [ 85%] Built target webots_ros2_msgs
[1.851s] reading manifest file 'webots_ros2_msgs.egg-info/SOURCES.txt'
[1.853s] writing manifest file 'webots_ros2_msgs.egg-info/SOURCES.txt'
[1.880s] [ 86%] Built target webots_ros2_msgs__py
[1.943s] [ 86%] Built target ament_cmake_python_build_webots_ros2_msgs_egg
[2.003s] [ 95%] Built target webots_ros2_msgs__rosidl_generator_py
[2.063s] [ 97%] Built target webots_ros2_msgs_s__rosidl_typesupport_introspection_c
[2.077s] [ 98%] Built target webots_ros2_msgs_s__rosidl_typesupport_fastrtps_c
[2.130s] [100%] Built target webots_ros2_msgs_s__rosidl_typesupport_c
[2.157s] Invoked command in '/home/vboxuser/ros2_main_ws/build/webots_ros2_msgs' returned '0': CMAKE_PREFIX_PATH=${CMAKE_PREFIX_PATH}:/home/vboxuser/ros2_main_ws/install/webots_ros2:/home/vboxuser/ros2_main_ws/install/webots_ros2_universal_robot:/home/vboxuser/ros2_main_ws/install/webots_ros2_turtlebot:/home/vboxuser/ros2_main_ws/install/webots_ros2_tiago:/home/vboxuser/ros2_main_ws/install/webots_ros2_tests:/home/vboxuser/ros2_main_ws/install/webots_ros2_tesla:/home/vboxuser/ros2_main_ws/install/webots_ros2_mavic:/home/vboxuser/ros2_main_ws/install/webots_ros2_epuck:/home/vboxuser/ros2_main_ws/install/webots_ros2_importer:/home/vboxuser/ros2_main_ws/install/my_package:/opt/ros/jazzy DEBUGINFOD_URLS=https://debuginfod.ubuntu.com /usr/bin/cmake --build /home/vboxuser/ros2_main_ws/build/webots_ros2_msgs -- -j2 -l2
[2.707s] Invoking command in '/home/vboxuser/ros2_main_ws/build/webots_ros2_msgs': CMAKE_PREFIX_PATH=${CMAKE_PREFIX_PATH}:/home/vboxuser/ros2_main_ws/install/webots_ros2:/home/vboxuser/ros2_main_ws/install/webots_ros2_universal_robot:/home/vboxuser/ros2_main_ws/install/webots_ros2_turtlebot:/home/vboxuser/ros2_main_ws/install/webots_ros2_tiago:/home/vboxuser/ros2_main_ws/install/webots_ros2_tests:/home/vboxuser/ros2_main_ws/install/webots_ros2_tesla:/home/vboxuser/ros2_main_ws/install/webots_ros2_mavic:/home/vboxuser/ros2_main_ws/install/webots_ros2_epuck:/home/vboxuser/ros2_main_ws/install/webots_ros2_importer:/home/vboxuser/ros2_main_ws/install/my_package:/opt/ros/jazzy DEBUGINFOD_URLS=https://debuginfod.ubuntu.com /usr/bin/cmake --install /home/vboxuser/ros2_main_ws/build/webots_ros2_msgs
[2.726s] -- Install configuration: ""
[2.727s] -- Up-to-date: /home/vboxuser/ros2_main_ws/install/webots_ros2_msgs/share/ament_index/resource_index/rosidl_interfaces/webots_ros2_msgs
[2.733s] -- Up-to-date: /home/vboxuser/ros2_main_ws/install/webots_ros2_msgs/share/webots_ros2_msgs/msg/BoolStamped.json
[2.733s] -- Up-to-date: /home/vboxuser/ros2_main_ws/install/webots_ros2_msgs/share/webots_ros2_msgs/msg/FloatStamped.json
[2.734s] -- Up-to-date: /home/vboxuser/ros2_main_ws/install/webots_ros2_msgs/share/webots_ros2_msgs/msg/StringStamped.json
[2.734s] -- Up-to-date: /home/vboxuser/ros2_main_ws/install/webots_ros2_msgs/share/webots_ros2_msgs/msg/CameraRecognitionObject.json
[2.734s] -- Up-to-date: /home/vboxuser/ros2_main_ws/install/webots_ros2_msgs/share/webots_ros2_msgs/msg/CameraRecognitionObjects.json
[2.734s] -- Up-to-date: /home/vboxuser/ros2_main_ws/install/webots_ros2_msgs/share/webots_ros2_msgs/msg/UrdfRobot.json
[2.734s] -- Up-to-date: /home/vboxuser/ros2_main_ws/install/webots_ros2_msgs/share/webots_ros2_msgs/msg/PenInkProperties.json
[2.735s] -- Up-to-date: /home/vboxuser/ros2_main_ws/install/webots_ros2_msgs/share/webots_ros2_msgs/srv/EmitterSendString.json
[2.735s] -- Up-to-date: /home/vboxuser/ros2_main_ws/install/webots_ros2_msgs/share/webots_ros2_msgs/srv/GetBool.json
[2.742s] -- Up-to-date: /home/vboxuser/ros2_main_ws/install/webots_ros2_msgs/share/webots_ros2_msgs/srv/SetString.json
[2.742s] -- Up-to-date: /home/vboxuser/ros2_main_ws/install/webots_ros2_msgs/share/webots_ros2_msgs/srv/SpawnNodeFromString.json
[2.742s] -- Up-to-date: /home/vboxuser/ros2_main_ws/install/webots_ros2_msgs/share/webots_ros2_msgs/srv/SpawnUrdfRobot.json
[2.743s] -- Up-to-date: /home/vboxuser/ros2_main_ws/install/webots_ros2_msgs/include/webots_ros2_msgs/webots_ros2_msgs
[2.743s] -- Up-to-date: /home/vboxuser/ros2_main_ws/install/webots_ros2_msgs/include/webots_ros2_msgs/webots_ros2_msgs/msg
[2.743s] -- Up-to-date: /home/vboxuser/ros2_main_ws/install/webots_ros2_msgs/include/webots_ros2_msgs/webots_ros2_msgs/msg/string_stamped.h
[2.747s] -- Up-to-date: /home/vboxuser/ros2_main_ws/install/webots_ros2_msgs/include/webots_ros2_msgs/webots_ros2_msgs/msg/camera_recognition_object.h
[2.747s] -- Up-to-date: /home/vboxuser/ros2_main_ws/install/webots_ros2_msgs/include/webots_ros2_msgs/webots_ros2_msgs/msg/float_stamped.h
[2.748s] -- Up-to-date: /home/vboxuser/ros2_main_ws/install/webots_ros2_msgs/include/webots_ros2_msgs/webots_ros2_msgs/msg/rosidl_generator_c__visibility_control.h
[2.748s] -- Up-to-date: /home/vboxuser/ros2_main_ws/install/webots_ros2_msgs/include/webots_ros2_msgs/webots_ros2_msgs/msg/bool_stamped.h
[2.748s] -- Up-to-date: /home/vboxuser/ros2_main_ws/install/webots_ros2_msgs/include/webots_ros2_msgs/webots_ros2_msgs/msg/camera_recognition_objects.h
[2.748s] -- Up-to-date: /home/vboxuser/ros2_main_ws/install/webots_ros2_msgs/include/webots_ros2_msgs/webots_ros2_msgs/msg/pen_ink_properties.h
[2.749s] -- Up-to-date: /home/vboxuser/ros2_main_ws/install/webots_ros2_msgs/include/webots_ros2_msgs/webots_ros2_msgs/msg/urdf_robot.h
[2.749s] -- Up-to-date: /home/vboxuser/ros2_main_ws/install/webots_ros2_msgs/include/webots_ros2_msgs/webots_ros2_msgs/msg/detail
[2.752s] -- Up-to-date: /home/vboxuser/ros2_main_ws/install/webots_ros2_msgs/include/webots_ros2_msgs/webots_ros2_msgs/msg/detail/pen_ink_properties__functions.h
[2.755s] -- Installing: /home/vboxuser/ros2_main_ws/install/webots_ros2_msgs/include/webots_ros2_msgs/webots_ros2_msgs/msg/detail/bool_stamped__type_support.c
[2.755s] -- Up-to-date: /home/vboxuser/ros2_main_ws/install/webots_ros2_msgs/include/webots_ros2_msgs/webots_ros2_msgs/msg/detail/camera_recognition_objects__functions.c
[2.755s] -- Up-to-date: /home/vboxuser/ros2_main_ws/install/webots_ros2_msgs/include/webots_ros2_msgs/webots_ros2_msgs/msg/detail/string_stamped__type_support.h
[2.755s] -- Up-to-date: /home/vboxuser/ros2_main_ws/install/webots_ros2_msgs/include/webots_ros2_msgs/webots_ros2_msgs/msg/detail/bool_stamped__functions.c
[2.755s] -- Up-to-date: /home/vboxuser/ros2_main_ws/install/webots_ros2_msgs/include/webots_ros2_msgs/webots_ros2_msgs/msg/detail/pen_ink_properties__struct.h
[2.756s] -- Up-to-date: /home/vboxuser/ros2_main_ws/install/webots_ros2_msgs/include/webots_ros2_msgs/webots_ros2_msgs/msg/detail/bool_stamped__description.c
[2.756s] -- Up-to-date: /home/vboxuser/ros2_main_ws/install/webots_ros2_msgs/include/webots_ros2_msgs/webots_ros2_msgs/msg/detail/bool_stamped__functions.h
[2.756s] -- Up-to-date: /home/vboxuser/ros2_main_ws/install/webots_ros2_msgs/include/webots_ros2_msgs/webots_ros2_msgs/msg/detail/urdf_robot__functions.c
[2.757s] -- Up-to-date: /home/vboxuser/ros2_main_ws/install/webots_ros2_msgs/include/webots_ros2_msgs/webots_ros2_msgs/msg/detail/string_stamped__functions.h
[2.757s] -- Up-to-date: /home/vboxuser/ros2_main_ws/install/webots_ros2_msgs/include/webots_ros2_msgs/webots_ros2_msgs/msg/detail/float_stamped__functions.c
[2.757s] -- Up-to-date: /home/vboxuser/ros2_main_ws/install/webots_ros2_msgs/include/webots_ros2_msgs/webots_ros2_msgs/msg/detail/string_stamped__functions.c
[2.758s] -- Up-to-date: /home/vboxuser/ros2_main_ws/install/webots_ros2_msgs/include/webots_ros2_msgs/webots_ros2_msgs/msg/detail/pen_ink_properties__type_support.h
[2.758s] -- Up-to-date: /home/vboxuser/ros2_main_ws/install/webots_ros2_msgs/include/webots_ros2_msgs/webots_ros2_msgs/msg/detail/string_stamped__description.c
[2.758s] -- Up-to-date: /home/vboxuser/ros2_main_ws/install/webots_ros2_msgs/include/webots_ros2_msgs/webots_ros2_msgs/msg/detail/camera_recognition_objects__functions.h
[2.758s] -- Up-to-date: /home/vboxuser/ros2_main_ws/install/webots_ros2_msgs/include/webots_ros2_msgs/webots_ros2_msgs/msg/detail/camera_recognition_objects__struct.h
[2.758s] -- Installing: /home/vboxuser/ros2_main_ws/install/webots_ros2_msgs/include/webots_ros2_msgs/webots_ros2_msgs/msg/detail/urdf_robot__type_support.c
[2.758s] -- Up-to-date: /home/vboxuser/ros2_main_ws/install/webots_ros2_msgs/include/webots_ros2_msgs/webots_ros2_msgs/msg/detail/urdf_robot__functions.h
[2.759s] -- Up-to-date: /home/vboxuser/ros2_main_ws/install/webots_ros2_msgs/include/webots_ros2_msgs/webots_ros2_msgs/msg/detail/pen_ink_properties__functions.c
[2.759s] -- Up-to-date: /home/vboxuser/ros2_main_ws/install/webots_ros2_msgs/include/webots_ros2_msgs/webots_ros2_msgs/msg/detail/camera_recognition_object__description.c
[2.759s] -- Up-to-date: /home/vboxuser/ros2_main_ws/install/webots_ros2_msgs/include/webots_ros2_msgs/webots_ros2_msgs/msg/detail/urdf_robot__description.c
[2.764s] -- Up-to-date: /home/vboxuser/ros2_main_ws/install/webots_ros2_msgs/include/webots_ros2_msgs/webots_ros2_msgs/msg/detail/bool_stamped__type_support.h
[2.764s] -- Up-to-date: /home/vboxuser/ros2_main_ws/install/webots_ros2_msgs/include/webots_ros2_msgs/webots_ros2_msgs/msg/detail/camera_recognition_object__struct.h
[2.765s] -- Up-to-date: /home/vboxuser/ros2_main_ws/install/webots_ros2_msgs/include/webots_ros2_msgs/webots_ros2_msgs/msg/detail/camera_recognition_object__functions.h
[2.765s] -- Up-to-date: /home/vboxuser/ros2_main_ws/install/webots_ros2_msgs/include/webots_ros2_msgs/webots_ros2_msgs/msg/detail/float_stamped__type_support.h
[2.765s] -- Installing: /home/vboxuser/ros2_main_ws/install/webots_ros2_msgs/include/webots_ros2_msgs/webots_ros2_msgs/msg/detail/float_stamped__type_support.c
[2.765s] -- Up-to-date: /home/vboxuser/ros2_main_ws/install/webots_ros2_msgs/include/webots_ros2_msgs/webots_ros2_msgs/msg/detail/urdf_robot__type_support.h
[2.765s] -- Installing: /home/vboxuser/ros2_main_ws/install/webots_ros2_msgs/include/webots_ros2_msgs/webots_ros2_msgs/msg/detail/camera_recognition_objects__type_support.c
[2.765s] -- Installing: /home/vboxuser/ros2_main_ws/install/webots_ros2_msgs/include/webots_ros2_msgs/webots_ros2_msgs/msg/detail/pen_ink_properties__type_support.c
[2.766s] -- Up-to-date: /home/vboxuser/ros2_main_ws/install/webots_ros2_msgs/include/webots_ros2_msgs/webots_ros2_msgs/msg/detail/float_stamped__description.c
[2.766s] -- Up-to-date: /home/vboxuser/ros2_main_ws/install/webots_ros2_msgs/include/webots_ros2_msgs/webots_ros2_msgs/msg/detail/camera_recognition_object__type_support.h
[2.766s] -- Up-to-date: /home/vboxuser/ros2_main_ws/install/webots_ros2_msgs/include/webots_ros2_msgs/webots_ros2_msgs/msg/detail/camera_recognition_objects__type_support.h
[2.768s] -- Up-to-date: /home/vboxuser/ros2_main_ws/install/webots_ros2_msgs/include/webots_ros2_msgs/webots_ros2_msgs/msg/detail/pen_ink_properties__description.c
[2.768s] -- Up-to-date: /home/vboxuser/ros2_main_ws/install/webots_ros2_msgs/include/webots_ros2_msgs/webots_ros2_msgs/msg/detail/string_stamped__struct.h
[2.768s] -- Installing: /home/vboxuser/ros2_main_ws/install/webots_ros2_msgs/include/webots_ros2_msgs/webots_ros2_msgs/msg/detail/string_stamped__type_support.c
[2.769s] -- Up-to-date: /home/vboxuser/ros2_main_ws/install/webots_ros2_msgs/include/webots_ros2_msgs/webots_ros2_msgs/msg/detail/bool_stamped__struct.h
[2.769s] -- Installing: /home/vboxuser/ros2_main_ws/install/webots_ros2_msgs/include/webots_ros2_msgs/webots_ros2_msgs/msg/detail/camera_recognition_object__type_support.c
[2.769s] -- Up-to-date: /home/vboxuser/ros2_main_ws/install/webots_ros2_msgs/include/webots_ros2_msgs/webots_ros2_msgs/msg/detail/float_stamped__struct.h
[2.769s] -- Up-to-date: /home/vboxuser/ros2_main_ws/install/webots_ros2_msgs/include/webots_ros2_msgs/webots_ros2_msgs/msg/detail/urdf_robot__struct.h
[2.769s] -- Up-to-date: /home/vboxuser/ros2_main_ws/install/webots_ros2_msgs/include/webots_ros2_msgs/webots_ros2_msgs/msg/detail/camera_recognition_objects__description.c
[2.770s] -- Up-to-date: /home/vboxuser/ros2_main_ws/install/webots_ros2_msgs/include/webots_ros2_msgs/webots_ros2_msgs/msg/detail/float_stamped__functions.h
[2.770s] -- Up-to-date: /home/vboxuser/ros2_main_ws/install/webots_ros2_msgs/include/webots_ros2_msgs/webots_ros2_msgs/msg/detail/camera_recognition_object__functions.c
[2.770s] -- Up-to-date: /home/vboxuser/ros2_main_ws/install/webots_ros2_msgs/include/webots_ros2_msgs/webots_ros2_msgs/srv
[2.770s] -- Up-to-date: /home/vboxuser/ros2_main_ws/install/webots_ros2_msgs/include/webots_ros2_msgs/webots_ros2_msgs/srv/set_string.h
[2.770s] -- Up-to-date: /home/vboxuser/ros2_main_ws/install/webots_ros2_msgs/include/webots_ros2_msgs/webots_ros2_msgs/srv/spawn_urdf_robot.h
[2.770s] -- Up-to-date: /home/vboxuser/ros2_main_ws/install/webots_ros2_msgs/include/webots_ros2_msgs/webots_ros2_msgs/srv/spawn_node_from_string.h
[2.770s] -- Up-to-date: /home/vboxuser/ros2_main_ws/install/webots_ros2_msgs/include/webots_ros2_msgs/webots_ros2_msgs/srv/get_bool.h
[2.770s] -- Up-to-date: /home/vboxuser/ros2_main_ws/install/webots_ros2_msgs/include/webots_ros2_msgs/webots_ros2_msgs/srv/detail
[2.770s] -- Up-to-date: /home/vboxuser/ros2_main_ws/install/webots_ros2_msgs/include/webots_ros2_msgs/webots_ros2_msgs/srv/detail/emitter_send_string__functions.c
[2.771s] -- Up-to-date: /home/vboxuser/ros2_main_ws/install/webots_ros2_msgs/include/webots_ros2_msgs/webots_ros2_msgs/srv/detail/spawn_node_from_string__functions.h
[2.771s] -- Installing: /home/vboxuser/ros2_main_ws/install/webots_ros2_msgs/include/webots_ros2_msgs/webots_ros2_msgs/srv/detail/get_bool__type_support.c
[2.771s] -- Up-to-date: /home/vboxuser/ros2_main_ws/install/webots_ros2_msgs/include/webots_ros2_msgs/webots_ros2_msgs/srv/detail/spawn_urdf_robot__description.c
[2.771s] -- Up-to-date: /home/vboxuser/ros2_main_ws/install/webots_ros2_msgs/include/webots_ros2_msgs/webots_ros2_msgs/srv/detail/emitter_send_string__type_support.h
[2.773s] -- Up-to-date: /home/vboxuser/ros2_main_ws/install/webots_ros2_msgs/include/webots_ros2_msgs/webots_ros2_msgs/srv/detail/spawn_node_from_string__type_support.h
[2.773s] -- Installing: /home/vboxuser/ros2_main_ws/install/webots_ros2_msgs/include/webots_ros2_msgs/webots_ros2_msgs/srv/detail/set_string__type_support.c
[2.773s] -- Up-to-date: /home/vboxuser/ros2_main_ws/install/webots_ros2_msgs/include/webots_ros2_msgs/webots_ros2_msgs/srv/detail/spawn_urdf_robot__functions.h
[2.774s] -- Up-to-date: /home/vboxuser/ros2_main_ws/install/webots_ros2_msgs/include/webots_ros2_msgs/webots_ros2_msgs/srv/detail/spawn_node_from_string__description.c
[2.774s] -- Up-to-date: /home/vboxuser/ros2_main_ws/install/webots_ros2_msgs/include/webots_ros2_msgs/webots_ros2_msgs/srv/detail/spawn_node_from_string__functions.c
[2.774s] -- Up-to-date: /home/vboxuser/ros2_main_ws/install/webots_ros2_msgs/include/webots_ros2_msgs/webots_ros2_msgs/srv/detail/emitter_send_string__functions.h
[2.776s] -- Up-to-date: /home/vboxuser/ros2_main_ws/install/webots_ros2_msgs/include/webots_ros2_msgs/webots_ros2_msgs/srv/detail/spawn_urdf_robot__functions.c
[2.776s] -- Installing: /home/vboxuser/ros2_main_ws/install/webots_ros2_msgs/include/webots_ros2_msgs/webots_ros2_msgs/srv/detail/spawn_urdf_robot__type_support.c
[2.776s] -- Up-to-date: /home/vboxuser/ros2_main_ws/install/webots_ros2_msgs/include/webots_ros2_msgs/webots_ros2_msgs/srv/detail/set_string__functions.h
[2.776s] -- Up-to-date: /home/vboxuser/ros2_main_ws/install/webots_ros2_msgs/include/webots_ros2_msgs/webots_ros2_msgs/srv/detail/get_bool__type_support.h
[2.777s] -- Up-to-date: /home/vboxuser/ros2_main_ws/install/webots_ros2_msgs/include/webots_ros2_msgs/webots_ros2_msgs/srv/detail/spawn_urdf_robot__type_support.h
[2.777s] -- Up-to-date: /home/vboxuser/ros2_main_ws/install/webots_ros2_msgs/include/webots_ros2_msgs/webots_ros2_msgs/srv/detail/spawn_urdf_robot__struct.h
[2.777s] -- Up-to-date: /home/vboxuser/ros2_main_ws/install/webots_ros2_msgs/include/webots_ros2_msgs/webots_ros2_msgs/srv/detail/set_string__functions.c
[2.777s] -- Up-to-date: /home/vboxuser/ros2_main_ws/install/webots_ros2_msgs/include/webots_ros2_msgs/webots_ros2_msgs/srv/detail/get_bool__functions.c
[2.777s] -- Installing: /home/vboxuser/ros2_main_ws/install/webots_ros2_msgs/include/webots_ros2_msgs/webots_ros2_msgs/srv/detail/spawn_node_from_string__type_support.c
[2.777s] -- Installing: /home/vboxuser/ros2_main_ws/install/webots_ros2_msgs/include/webots_ros2_msgs/webots_ros2_msgs/srv/detail/emitter_send_string__type_support.c
[2.778s] -- Up-to-date: /home/vboxuser/ros2_main_ws/install/webots_ros2_msgs/include/webots_ros2_msgs/webots_ros2_msgs/srv/detail/set_string__description.c
[2.778s] -- Up-to-date: /home/vboxuser/ros2_main_ws/install/webots_ros2_msgs/include/webots_ros2_msgs/webots_ros2_msgs/srv/detail/emitter_send_string__description.c
[2.780s] -- Up-to-date: /home/vboxuser/ros2_main_ws/install/webots_ros2_msgs/include/webots_ros2_msgs/webots_ros2_msgs/srv/detail/get_bool__description.c
[2.780s] -- Up-to-date: /home/vboxuser/ros2_main_ws/install/webots_ros2_msgs/include/webots_ros2_msgs/webots_ros2_msgs/srv/detail/spawn_node_from_string__struct.h
[2.780s] -- Up-to-date: /home/vboxuser/ros2_main_ws/install/webots_ros2_msgs/include/webots_ros2_msgs/webots_ros2_msgs/srv/detail/set_string__struct.h
[2.780s] -- Up-to-date: /home/vboxuser/ros2_main_ws/install/webots_ros2_msgs/include/webots_ros2_msgs/webots_ros2_msgs/srv/detail/set_string__type_support.h
[2.781s] -- Up-to-date: /home/vboxuser/ros2_main_ws/install/webots_ros2_msgs/include/webots_ros2_msgs/webots_ros2_msgs/srv/detail/emitter_send_string__struct.h
[2.781s] -- Up-to-date: /home/vboxuser/ros2_main_ws/install/webots_ros2_msgs/include/webots_ros2_msgs/webots_ros2_msgs/srv/detail/get_bool__functions.h
[2.781s] -- Up-to-date: /home/vboxuser/ros2_main_ws/install/webots_ros2_msgs/include/webots_ros2_msgs/webots_ros2_msgs/srv/detail/get_bool__struct.h
[2.781s] -- Up-to-date: /home/vboxuser/ros2_main_ws/install/webots_ros2_msgs/include/webots_ros2_msgs/webots_ros2_msgs/srv/emitter_send_string.h
[2.781s] -- Up-to-date: /home/vboxuser/ros2_main_ws/install/webots_ros2_msgs/share/webots_ros2_msgs/environment/library_path.sh
[2.782s] -- Up-to-date: /home/vboxuser/ros2_main_ws/install/webots_ros2_msgs/share/webots_ros2_msgs/environment/library_path.dsv
[2.782s] -- Up-to-date: /home/vboxuser/ros2_main_ws/install/webots_ros2_msgs/lib/libwebots_ros2_msgs__rosidl_generator_c.so
[2.782s] -- Up-to-date: /home/vboxuser/ros2_main_ws/install/webots_ros2_msgs/include/webots_ros2_msgs/webots_ros2_msgs
[2.782s] -- Up-to-date: /home/vboxuser/ros2_main_ws/install/webots_ros2_msgs/include/webots_ros2_msgs/webots_ros2_msgs/msg
[2.784s] -- Up-to-date: /home/vboxuser/ros2_main_ws/install/webots_ros2_msgs/include/webots_ros2_msgs/webots_ros2_msgs/msg/detail
[2.784s] -- Up-to-date: /home/vboxuser/ros2_main_ws/install/webots_ros2_msgs/include/webots_ros2_msgs/webots_ros2_msgs/msg/detail/bool_stamped__rosidl_typesupport_fastrtps_c.h
[2.784s] -- Up-to-date: /home/vboxuser/ros2_main_ws/install/webots_ros2_msgs/include/webots_ros2_msgs/webots_ros2_msgs/msg/detail/camera_recognition_object__rosidl_typesupport_fastrtps_c.h
[2.784s] -- Up-to-date: /home/vboxuser/ros2_main_ws/install/webots_ros2_msgs/include/webots_ros2_msgs/webots_ros2_msgs/msg/detail/urdf_robot__rosidl_typesupport_fastrtps_c.h
[2.785s] -- Up-to-date: /home/vboxuser/ros2_main_ws/install/webots_ros2_msgs/include/webots_ros2_msgs/webots_ros2_msgs/msg/detail/camera_recognition_objects__rosidl_typesupport_fastrtps_c.h
[2.785s] -- Up-to-date: /home/vboxuser/ros2_main_ws/install/webots_ros2_msgs/include/webots_ros2_msgs/webots_ros2_msgs/msg/detail/string_stamped__rosidl_typesupport_fastrtps_c.h
[2.785s] -- Up-to-date: /home/vboxuser/ros2_main_ws/install/webots_ros2_msgs/include/webots_ros2_msgs/webots_ros2_msgs/msg/detail/pen_ink_properties__rosidl_typesupport_fastrtps_c.h
[2.785s] -- Up-to-date: /home/vboxuser/ros2_main_ws/install/webots_ros2_msgs/include/webots_ros2_msgs/webots_ros2_msgs/msg/detail/float_stamped__rosidl_typesupport_fastrtps_c.h
[2.785s] -- Up-to-date: /home/vboxuser/ros2_main_ws/install/webots_ros2_msgs/include/webots_ros2_msgs/webots_ros2_msgs/msg/rosidl_typesupport_fastrtps_c__visibility_control.h
[2.785s] -- Up-to-date: /home/vboxuser/ros2_main_ws/install/webots_ros2_msgs/include/webots_ros2_msgs/webots_ros2_msgs/srv
[2.785s] -- Up-to-date: /home/vboxuser/ros2_main_ws/install/webots_ros2_msgs/include/webots_ros2_msgs/webots_ros2_msgs/srv/detail
[2.785s] -- Up-to-date: /home/vboxuser/ros2_main_ws/install/webots_ros2_msgs/include/webots_ros2_msgs/webots_ros2_msgs/srv/detail/spawn_urdf_robot__rosidl_typesupport_fastrtps_c.h
[2.786s] -- Up-to-date: /home/vboxuser/ros2_main_ws/install/webots_ros2_msgs/include/webots_ros2_msgs/webots_ros2_msgs/srv/detail/set_string__rosidl_typesupport_fastrtps_c.h
[2.786s] -- Up-to-date: /home/vboxuser/ros2_main_ws/install/webots_ros2_msgs/include/webots_ros2_msgs/webots_ros2_msgs/srv/detail/emitter_send_string__rosidl_typesupport_fastrtps_c.h
[2.786s] -- Up-to-date: /home/vboxuser/ros2_main_ws/install/webots_ros2_msgs/include/webots_ros2_msgs/webots_ros2_msgs/srv/detail/get_bool__rosidl_typesupport_fastrtps_c.h
[2.786s] -- Up-to-date: /home/vboxuser/ros2_main_ws/install/webots_ros2_msgs/include/webots_ros2_msgs/webots_ros2_msgs/srv/detail/spawn_node_from_string__rosidl_typesupport_fastrtps_c.h
[2.786s] -- Up-to-date: /home/vboxuser/ros2_main_ws/install/webots_ros2_msgs/lib/libwebots_ros2_msgs__rosidl_typesupport_fastrtps_c.so
[2.786s] -- Up-to-date: /home/vboxuser/ros2_main_ws/install/webots_ros2_msgs/include/webots_ros2_msgs/webots_ros2_msgs
[2.786s] -- Up-to-date: /home/vboxuser/ros2_main_ws/install/webots_ros2_msgs/include/webots_ros2_msgs/webots_ros2_msgs/msg
[2.787s] -- Up-to-date: /home/vboxuser/ros2_main_ws/install/webots_ros2_msgs/include/webots_ros2_msgs/webots_ros2_msgs/msg/float_stamped.hpp
[2.787s] -- Up-to-date: /home/vboxuser/ros2_main_ws/install/webots_ros2_msgs/include/webots_ros2_msgs/webots_ros2_msgs/msg/string_stamped.hpp
[2.789s] -- Up-to-date: /home/vboxuser/ros2_main_ws/install/webots_ros2_msgs/include/webots_ros2_msgs/webots_ros2_msgs/msg/camera_recognition_object.hpp
[2.789s] -- Up-to-date: /home/vboxuser/ros2_main_ws/install/webots_ros2_msgs/include/webots_ros2_msgs/webots_ros2_msgs/msg/bool_stamped.hpp
[2.790s] -- Up-to-date: /home/vboxuser/ros2_main_ws/install/webots_ros2_msgs/include/webots_ros2_msgs/webots_ros2_msgs/msg/rosidl_generator_cpp__visibility_control.hpp
[2.792s] -- Up-to-date: /home/vboxuser/ros2_main_ws/install/webots_ros2_msgs/include/webots_ros2_msgs/webots_ros2_msgs/msg/detail
[2.792s] -- Up-to-date: /home/vboxuser/ros2_main_ws/install/webots_ros2_msgs/include/webots_ros2_msgs/webots_ros2_msgs/msg/detail/camera_recognition_objects__builder.hpp
[2.793s] -- Up-to-date: /home/vboxuser/ros2_main_ws/install/webots_ros2_msgs/include/webots_ros2_msgs/webots_ros2_msgs/msg/detail/pen_ink_properties__type_support.hpp
[2.793s] -- Up-to-date: /home/vboxuser/ros2_main_ws/install/webots_ros2_msgs/include/webots_ros2_msgs/webots_ros2_msgs/msg/detail/camera_recognition_object__builder.hpp
[2.793s] -- Up-to-date: /home/vboxuser/ros2_main_ws/install/webots_ros2_msgs/include/webots_ros2_msgs/webots_ros2_msgs/msg/detail/float_stamped__type_support.hpp
[2.793s] -- Up-to-date: /home/vboxuser/ros2_main_ws/install/webots_ros2_msgs/include/webots_ros2_msgs/webots_ros2_msgs/msg/detail/string_stamped__type_support.hpp
[2.793s] -- Up-to-date: /home/vboxuser/ros2_main_ws/install/webots_ros2_msgs/include/webots_ros2_msgs/webots_ros2_msgs/msg/detail/pen_ink_properties__struct.hpp
[2.793s] -- Up-to-date: /home/vboxuser/ros2_main_ws/install/webots_ros2_msgs/include/webots_ros2_msgs/webots_ros2_msgs/msg/detail/bool_stamped__builder.hpp
[2.793s] -- Up-to-date: /home/vboxuser/ros2_main_ws/install/webots_ros2_msgs/include/webots_ros2_msgs/webots_ros2_msgs/msg/detail/float_stamped__builder.hpp
[2.794s] -- Up-to-date: /home/vboxuser/ros2_main_ws/install/webots_ros2_msgs/include/webots_ros2_msgs/webots_ros2_msgs/msg/detail/bool_stamped__type_support.hpp
[2.794s] -- Up-to-date: /home/vboxuser/ros2_main_ws/install/webots_ros2_msgs/include/webots_ros2_msgs/webots_ros2_msgs/msg/detail/camera_recognition_object__type_support.hpp
[2.794s] -- Up-to-date: /home/vboxuser/ros2_main_ws/install/webots_ros2_msgs/include/webots_ros2_msgs/webots_ros2_msgs/msg/detail/string_stamped__traits.hpp
[2.794s] -- Up-to-date: /home/vboxuser/ros2_main_ws/install/webots_ros2_msgs/include/webots_ros2_msgs/webots_ros2_msgs/msg/detail/camera_recognition_objects__traits.hpp
[2.794s] -- Up-to-date: /home/vboxuser/ros2_main_ws/install/webots_ros2_msgs/include/webots_ros2_msgs/webots_ros2_msgs/msg/detail/urdf_robot__type_support.hpp
[2.795s] -- Up-to-date: /home/vboxuser/ros2_main_ws/install/webots_ros2_msgs/include/webots_ros2_msgs/webots_ros2_msgs/msg/detail/string_stamped__builder.hpp
[2.795s] -- Up-to-date: /home/vboxuser/ros2_main_ws/install/webots_ros2_msgs/include/webots_ros2_msgs/webots_ros2_msgs/msg/detail/urdf_robot__struct.hpp
[2.795s] -- Up-to-date: /home/vboxuser/ros2_main_ws/install/webots_ros2_msgs/include/webots_ros2_msgs/webots_ros2_msgs/msg/detail/bool_stamped__traits.hpp
[2.795s] -- Up-to-date: /home/vboxuser/ros2_main_ws/install/webots_ros2_msgs/include/webots_ros2_msgs/webots_ros2_msgs/msg/detail/urdf_robot__traits.hpp
[2.795s] -- Up-to-date: /home/vboxuser/ros2_main_ws/install/webots_ros2_msgs/include/webots_ros2_msgs/webots_ros2_msgs/msg/detail/float_stamped__traits.hpp
[2.795s] -- Up-to-date: /home/vboxuser/ros2_main_ws/install/webots_ros2_msgs/include/webots_ros2_msgs/webots_ros2_msgs/msg/detail/bool_stamped__struct.hpp
[2.795s] -- Up-to-date: /home/vboxuser/ros2_main_ws/install/webots_ros2_msgs/include/webots_ros2_msgs/webots_ros2_msgs/msg/detail/camera_recognition_object__traits.hpp
[2.798s] -- Up-to-date: /home/vboxuser/ros2_main_ws/install/webots_ros2_msgs/include/webots_ros2_msgs/webots_ros2_msgs/msg/detail/string_stamped__struct.hpp
[2.798s] -- Up-to-date: /home/vboxuser/ros2_main_ws/install/webots_ros2_msgs/include/webots_ros2_msgs/webots_ros2_msgs/msg/detail/float_stamped__struct.hpp
[2.798s] -- Up-to-date: /home/vboxuser/ros2_main_ws/install/webots_ros2_msgs/include/webots_ros2_msgs/webots_ros2_msgs/msg/detail/pen_ink_properties__builder.hpp
[2.799s] -- Up-to-date: /home/vboxuser/ros2_main_ws/install/webots_ros2_msgs/include/webots_ros2_msgs/webots_ros2_msgs/msg/detail/camera_recognition_objects__struct.hpp
[2.799s] -- Up-to-date: /home/vboxuser/ros2_main_ws/install/webots_ros2_msgs/include/webots_ros2_msgs/webots_ros2_msgs/msg/detail/camera_recognition_objects__type_support.hpp
[2.799s] -- Up-to-date: /home/vboxuser/ros2_main_ws/install/webots_ros2_msgs/include/webots_ros2_msgs/webots_ros2_msgs/msg/detail/urdf_robot__builder.hpp
[2.799s] -- Up-to-date: /home/vboxuser/ros2_main_ws/install/webots_ros2_msgs/include/webots_ros2_msgs/webots_ros2_msgs/msg/detail/camera_recognition_object__struct.hpp
[2.799s] -- Up-to-date: /home/vboxuser/ros2_main_ws/install/webots_ros2_msgs/include/webots_ros2_msgs/webots_ros2_msgs/msg/detail/pen_ink_properties__traits.hpp
[2.799s] -- Up-to-date: /home/vboxuser/ros2_main_ws/install/webots_ros2_msgs/include/webots_ros2_msgs/webots_ros2_msgs/msg/pen_ink_properties.hpp
[2.800s] -- Up-to-date: /home/vboxuser/ros2_main_ws/install/webots_ros2_msgs/include/webots_ros2_msgs/webots_ros2_msgs/msg/camera_recognition_objects.hpp
[2.800s] -- Up-to-date: /home/vboxuser/ros2_main_ws/install/webots_ros2_msgs/include/webots_ros2_msgs/webots_ros2_msgs/msg/urdf_robot.hpp
[2.800s] -- Up-to-date: /home/vboxuser/ros2_main_ws/install/webots_ros2_msgs/include/webots_ros2_msgs/webots_ros2_msgs/srv
[2.806s] -- Up-to-date: /home/vboxuser/ros2_main_ws/install/webots_ros2_msgs/include/webots_ros2_msgs/webots_ros2_msgs/srv/spawn_node_from_string.hpp
[2.806s] -- Up-to-date: /home/vboxuser/ros2_main_ws/install/webots_ros2_msgs/include/webots_ros2_msgs/webots_ros2_msgs/srv/set_string.hpp
[2.806s] -- Up-to-date: /home/vboxuser/ros2_main_ws/install/webots_ros2_msgs/include/webots_ros2_msgs/webots_ros2_msgs/srv/spawn_urdf_robot.hpp
[2.807s] -- Up-to-date: /home/vboxuser/ros2_main_ws/install/webots_ros2_msgs/include/webots_ros2_msgs/webots_ros2_msgs/srv/emitter_send_string.hpp
[2.807s] -- Up-to-date: /home/vboxuser/ros2_main_ws/install/webots_ros2_msgs/include/webots_ros2_msgs/webots_ros2_msgs/srv/get_bool.hpp
[2.807s] -- Up-to-date: /home/vboxuser/ros2_main_ws/install/webots_ros2_msgs/include/webots_ros2_msgs/webots_ros2_msgs/srv/detail
[2.810s] -- Up-to-date: /home/vboxuser/ros2_main_ws/install/webots_ros2_msgs/include/webots_ros2_msgs/webots_ros2_msgs/srv/detail/spawn_node_from_string__traits.hpp
[2.810s] -- Up-to-date: /home/vboxuser/ros2_main_ws/install/webots_ros2_msgs/include/webots_ros2_msgs/webots_ros2_msgs/srv/detail/spawn_urdf_robot__traits.hpp
[2.811s] -- Up-to-date: /home/vboxuser/ros2_main_ws/install/webots_ros2_msgs/include/webots_ros2_msgs/webots_ros2_msgs/srv/detail/set_string__builder.hpp
[2.811s] -- Up-to-date: /home/vboxuser/ros2_main_ws/install/webots_ros2_msgs/include/webots_ros2_msgs/webots_ros2_msgs/srv/detail/get_bool__builder.hpp
[2.811s] -- Up-to-date: /home/vboxuser/ros2_main_ws/install/webots_ros2_msgs/include/webots_ros2_msgs/webots_ros2_msgs/srv/detail/get_bool__type_support.hpp
[2.811s] -- Up-to-date: /home/vboxuser/ros2_main_ws/install/webots_ros2_msgs/include/webots_ros2_msgs/webots_ros2_msgs/srv/detail/set_string__traits.hpp
[2.811s] -- Up-to-date: /home/vboxuser/ros2_main_ws/install/webots_ros2_msgs/include/webots_ros2_msgs/webots_ros2_msgs/srv/detail/emitter_send_string__struct.hpp
[2.811s] -- Up-to-date: /home/vboxuser/ros2_main_ws/install/webots_ros2_msgs/include/webots_ros2_msgs/webots_ros2_msgs/srv/detail/set_string__type_support.hpp
[2.811s] -- Up-to-date: /home/vboxuser/ros2_main_ws/install/webots_ros2_msgs/include/webots_ros2_msgs/webots_ros2_msgs/srv/detail/get_bool__traits.hpp
[2.812s] -- Up-to-date: /home/vboxuser/ros2_main_ws/install/webots_ros2_msgs/include/webots_ros2_msgs/webots_ros2_msgs/srv/detail/spawn_urdf_robot__struct.hpp
[2.812s] -- Up-to-date: /home/vboxuser/ros2_main_ws/install/webots_ros2_msgs/include/webots_ros2_msgs/webots_ros2_msgs/srv/detail/spawn_node_from_string__builder.hpp
[2.812s] -- Up-to-date: /home/vboxuser/ros2_main_ws/install/webots_ros2_msgs/include/webots_ros2_msgs/webots_ros2_msgs/srv/detail/get_bool__struct.hpp
[2.812s] -- Up-to-date: /home/vboxuser/ros2_main_ws/install/webots_ros2_msgs/include/webots_ros2_msgs/webots_ros2_msgs/srv/detail/spawn_urdf_robot__type_support.hpp
[2.814s] -- Up-to-date: /home/vboxuser/ros2_main_ws/install/webots_ros2_msgs/include/webots_ros2_msgs/webots_ros2_msgs/srv/detail/set_string__struct.hpp
[2.814s] -- Up-to-date: /home/vboxuser/ros2_main_ws/install/webots_ros2_msgs/include/webots_ros2_msgs/webots_ros2_msgs/srv/detail/emitter_send_string__type_support.hpp
[2.815s] -- Up-to-date: /home/vboxuser/ros2_main_ws/install/webots_ros2_msgs/include/webots_ros2_msgs/webots_ros2_msgs/srv/detail/spawn_node_from_string__struct.hpp
[2.815s] -- Up-to-date: /home/vboxuser/ros2_main_ws/install/webots_ros2_msgs/include/webots_ros2_msgs/webots_ros2_msgs/srv/detail/emitter_send_string__builder.hpp
[2.815s] -- Up-to-date: /home/vboxuser/ros2_main_ws/install/webots_ros2_msgs/include/webots_ros2_msgs/webots_ros2_msgs/srv/detail/spawn_urdf_robot__builder.hpp
[2.815s] -- Up-to-date: /home/vboxuser/ros2_main_ws/install/webots_ros2_msgs/include/webots_ros2_msgs/webots_ros2_msgs/srv/detail/spawn_node_from_string__type_support.hpp
[2.815s] -- Up-to-date: /home/vboxuser/ros2_main_ws/install/webots_ros2_msgs/include/webots_ros2_msgs/webots_ros2_msgs/srv/detail/emitter_send_string__traits.hpp
[2.815s] -- Up-to-date: /home/vboxuser/ros2_main_ws/install/webots_ros2_msgs/include/webots_ros2_msgs/webots_ros2_msgs
[2.815s] -- Up-to-date: /home/vboxuser/ros2_main_ws/install/webots_ros2_msgs/include/webots_ros2_msgs/webots_ros2_msgs/msg
[2.815s] -- Up-to-date: /home/vboxuser/ros2_main_ws/install/webots_ros2_msgs/include/webots_ros2_msgs/webots_ros2_msgs/msg/rosidl_typesupport_fastrtps_cpp__visibility_control.h
[2.816s] -- Up-to-date: /home/vboxuser/ros2_main_ws/install/webots_ros2_msgs/include/webots_ros2_msgs/webots_ros2_msgs/msg/detail
[2.816s] -- Up-to-date: /home/vboxuser/ros2_main_ws/install/webots_ros2_msgs/include/webots_ros2_msgs/webots_ros2_msgs/msg/detail/urdf_robot__rosidl_typesupport_fastrtps_cpp.hpp
[2.816s] -- Up-to-date: /home/vboxuser/ros2_main_ws/install/webots_ros2_msgs/include/webots_ros2_msgs/webots_ros2_msgs/msg/detail/dds_fastrtps
[2.818s] -- Up-to-date: /home/vboxuser/ros2_main_ws/install/webots_ros2_msgs/include/webots_ros2_msgs/webots_ros2_msgs/msg/detail/bool_stamped__rosidl_typesupport_fastrtps_cpp.hpp
[2.818s] -- Up-to-date: /home/vboxuser/ros2_main_ws/install/webots_ros2_msgs/include/webots_ros2_msgs/webots_ros2_msgs/msg/detail/camera_recognition_object__rosidl_typesupport_fastrtps_cpp.hpp
[2.818s] -- Up-to-date: /home/vboxuser/ros2_main_ws/install/webots_ros2_msgs/include/webots_ros2_msgs/webots_ros2_msgs/msg/detail/camera_recognition_objects__rosidl_typesupport_fastrtps_cpp.hpp
[2.818s] -- Up-to-date: /home/vboxuser/ros2_main_ws/install/webots_ros2_msgs/include/webots_ros2_msgs/webots_ros2_msgs/msg/detail/string_stamped__rosidl_typesupport_fastrtps_cpp.hpp
[2.819s] -- Up-to-date: /home/vboxuser/ros2_main_ws/install/webots_ros2_msgs/include/webots_ros2_msgs/webots_ros2_msgs/msg/detail/float_stamped__rosidl_typesupport_fastrtps_cpp.hpp
[2.819s] -- Up-to-date: /home/vboxuser/ros2_main_ws/install/webots_ros2_msgs/include/webots_ros2_msgs/webots_ros2_msgs/msg/detail/pen_ink_properties__rosidl_typesupport_fastrtps_cpp.hpp
[2.819s] -- Up-to-date: /home/vboxuser/ros2_main_ws/install/webots_ros2_msgs/include/webots_ros2_msgs/webots_ros2_msgs/srv
[2.819s] -- Up-to-date: /home/vboxuser/ros2_main_ws/install/webots_ros2_msgs/include/webots_ros2_msgs/webots_ros2_msgs/srv/detail
[2.819s] -- Up-to-date: /home/vboxuser/ros2_main_ws/install/webots_ros2_msgs/include/webots_ros2_msgs/webots_ros2_msgs/srv/detail/emitter_send_string__rosidl_typesupport_fastrtps_cpp.hpp
[2.819s] -- Up-to-date: /home/vboxuser/ros2_main_ws/install/webots_ros2_msgs/include/webots_ros2_msgs/webots_ros2_msgs/srv/detail/dds_fastrtps
[2.819s] -- Up-to-date: /home/vboxuser/ros2_main_ws/install/webots_ros2_msgs/include/webots_ros2_msgs/webots_ros2_msgs/srv/detail/set_string__rosidl_typesupport_fastrtps_cpp.hpp
[2.819s] -- Up-to-date: /home/vboxuser/ros2_main_ws/install/webots_ros2_msgs/include/webots_ros2_msgs/webots_ros2_msgs/srv/detail/spawn_node_from_string__rosidl_typesupport_fastrtps_cpp.hpp
[2.820s] -- Up-to-date: /home/vboxuser/ros2_main_ws/install/webots_ros2_msgs/include/webots_ros2_msgs/webots_ros2_msgs/srv/detail/get_bool__rosidl_typesupport_fastrtps_cpp.hpp
[2.820s] -- Up-to-date: /home/vboxuser/ros2_main_ws/install/webots_ros2_msgs/include/webots_ros2_msgs/webots_ros2_msgs/srv/detail/spawn_urdf_robot__rosidl_typesupport_fastrtps_cpp.hpp
[2.820s] -- Up-to-date: /home/vboxuser/ros2_main_ws/install/webots_ros2_msgs/lib/libwebots_ros2_msgs__rosidl_typesupport_fastrtps_cpp.so
[2.820s] -- Up-to-date: /home/vboxuser/ros2_main_ws/install/webots_ros2_msgs/include/webots_ros2_msgs/webots_ros2_msgs
[2.822s] -- Up-to-date: /home/vboxuser/ros2_main_ws/install/webots_ros2_msgs/include/webots_ros2_msgs/webots_ros2_msgs/msg
[2.822s] -- Up-to-date: /home/vboxuser/ros2_main_ws/install/webots_ros2_msgs/include/webots_ros2_msgs/webots_ros2_msgs/msg/rosidl_typesupport_introspection_c__visibility_control.h
[2.822s] -- Up-to-date: /home/vboxuser/ros2_main_ws/install/webots_ros2_msgs/include/webots_ros2_msgs/webots_ros2_msgs/msg/detail
[2.823s] -- Up-to-date: /home/vboxuser/ros2_main_ws/install/webots_ros2_msgs/include/webots_ros2_msgs/webots_ros2_msgs/msg/detail/urdf_robot__rosidl_typesupport_introspection_c.h
[2.823s] -- Installing: /home/vboxuser/ros2_main_ws/install/webots_ros2_msgs/include/webots_ros2_msgs/webots_ros2_msgs/msg/detail/bool_stamped__type_support.c
[2.823s] -- Up-to-date: /home/vboxuser/ros2_main_ws/install/webots_ros2_msgs/include/webots_ros2_msgs/webots_ros2_msgs/msg/detail/pen_ink_properties__rosidl_typesupport_introspection_c.h
[2.823s] -- Installing: /home/vboxuser/ros2_main_ws/install/webots_ros2_msgs/include/webots_ros2_msgs/webots_ros2_msgs/msg/detail/urdf_robot__type_support.c
[2.823s] -- Up-to-date: /home/vboxuser/ros2_main_ws/install/webots_ros2_msgs/include/webots_ros2_msgs/webots_ros2_msgs/msg/detail/float_stamped__rosidl_typesupport_introspection_c.h
[2.823s] -- Up-to-date: /home/vboxuser/ros2_main_ws/install/webots_ros2_msgs/include/webots_ros2_msgs/webots_ros2_msgs/msg/detail/camera_recognition_objects__rosidl_typesupport_introspection_c.h
[2.823s] -- Installing: /home/vboxuser/ros2_main_ws/install/webots_ros2_msgs/include/webots_ros2_msgs/webots_ros2_msgs/msg/detail/float_stamped__type_support.c
[2.823s] -- Up-to-date: /home/vboxuser/ros2_main_ws/install/webots_ros2_msgs/include/webots_ros2_msgs/webots_ros2_msgs/msg/detail/string_stamped__rosidl_typesupport_introspection_c.h
[2.824s] -- Installing: /home/vboxuser/ros2_main_ws/install/webots_ros2_msgs/include/webots_ros2_msgs/webots_ros2_msgs/msg/detail/camera_recognition_objects__type_support.c
[2.824s] -- Installing: /home/vboxuser/ros2_main_ws/install/webots_ros2_msgs/include/webots_ros2_msgs/webots_ros2_msgs/msg/detail/pen_ink_properties__type_support.c
[2.824s] -- Installing: /home/vboxuser/ros2_main_ws/install/webots_ros2_msgs/include/webots_ros2_msgs/webots_ros2_msgs/msg/detail/string_stamped__type_support.c
[2.824s] -- Installing: /home/vboxuser/ros2_main_ws/install/webots_ros2_msgs/include/webots_ros2_msgs/webots_ros2_msgs/msg/detail/camera_recognition_object__type_support.c
[2.826s] -- Up-to-date: /home/vboxuser/ros2_main_ws/install/webots_ros2_msgs/include/webots_ros2_msgs/webots_ros2_msgs/msg/detail/camera_recognition_object__rosidl_typesupport_introspection_c.h
[2.826s] -- Up-to-date: /home/vboxuser/ros2_main_ws/install/webots_ros2_msgs/include/webots_ros2_msgs/webots_ros2_msgs/msg/detail/bool_stamped__rosidl_typesupport_introspection_c.h
[2.826s] -- Up-to-date: /home/vboxuser/ros2_main_ws/install/webots_ros2_msgs/include/webots_ros2_msgs/webots_ros2_msgs/srv
[2.826s] -- Up-to-date: /home/vboxuser/ros2_main_ws/install/webots_ros2_msgs/include/webots_ros2_msgs/webots_ros2_msgs/srv/detail
[2.827s] -- Installing: /home/vboxuser/ros2_main_ws/install/webots_ros2_msgs/include/webots_ros2_msgs/webots_ros2_msgs/srv/detail/get_bool__type_support.c
[2.827s] -- Installing: /home/vboxuser/ros2_main_ws/install/webots_ros2_msgs/include/webots_ros2_msgs/webots_ros2_msgs/srv/detail/set_string__type_support.c
[2.827s] -- Installing: /home/vboxuser/ros2_main_ws/install/webots_ros2_msgs/include/webots_ros2_msgs/webots_ros2_msgs/srv/detail/spawn_urdf_robot__type_support.c
[2.827s] -- Up-to-date: /home/vboxuser/ros2_main_ws/install/webots_ros2_msgs/include/webots_ros2_msgs/webots_ros2_msgs/srv/detail/set_string__rosidl_typesupport_introspection_c.h
[2.827s] -- Up-to-date: /home/vboxuser/ros2_main_ws/install/webots_ros2_msgs/include/webots_ros2_msgs/webots_ros2_msgs/srv/detail/emitter_send_string__rosidl_typesupport_introspection_c.h
[2.828s] -- Up-to-date: /home/vboxuser/ros2_main_ws/install/webots_ros2_msgs/include/webots_ros2_msgs/webots_ros2_msgs/srv/detail/spawn_node_from_string__rosidl_typesupport_introspection_c.h
[2.828s] -- Up-to-date: /home/vboxuser/ros2_main_ws/install/webots_ros2_msgs/include/webots_ros2_msgs/webots_ros2_msgs/srv/detail/get_bool__rosidl_typesupport_introspection_c.h
[2.828s] -- Installing: /home/vboxuser/ros2_main_ws/install/webots_ros2_msgs/include/webots_ros2_msgs/webots_ros2_msgs/srv/detail/spawn_node_from_string__type_support.c
[2.833s] -- Installing: /home/vboxuser/ros2_main_ws/install/webots_ros2_msgs/include/webots_ros2_msgs/webots_ros2_msgs/srv/detail/emitter_send_string__type_support.c
[2.833s] -- Up-to-date: /home/vboxuser/ros2_main_ws/install/webots_ros2_msgs/include/webots_ros2_msgs/webots_ros2_msgs/srv/detail/spawn_urdf_robot__rosidl_typesupport_introspection_c.h
[2.834s] -- Up-to-date: /home/vboxuser/ros2_main_ws/install/webots_ros2_msgs/lib/libwebots_ros2_msgs__rosidl_typesupport_introspection_c.so
[2.834s] -- Up-to-date: /home/vboxuser/ros2_main_ws/install/webots_ros2_msgs/lib/libwebots_ros2_msgs__rosidl_typesupport_c.so
[2.834s] -- Up-to-date: /home/vboxuser/ros2_main_ws/install/webots_ros2_msgs/include/webots_ros2_msgs/webots_ros2_msgs
[2.834s] -- Up-to-date: /home/vboxuser/ros2_main_ws/install/webots_ros2_msgs/include/webots_ros2_msgs/webots_ros2_msgs/msg
[2.834s] -- Up-to-date: /home/vboxuser/ros2_main_ws/install/webots_ros2_msgs/include/webots_ros2_msgs/webots_ros2_msgs/msg/detail
[2.834s] -- Up-to-date: /home/vboxuser/ros2_main_ws/install/webots_ros2_msgs/include/webots_ros2_msgs/webots_ros2_msgs/msg/detail/string_stamped__type_support.cpp
[2.834s] -- Up-to-date: /home/vboxuser/ros2_main_ws/install/webots_ros2_msgs/include/webots_ros2_msgs/webots_ros2_msgs/msg/detail/camera_recognition_object__type_support.cpp
[2.834s] -- Up-to-date: /home/vboxuser/ros2_main_ws/install/webots_ros2_msgs/include/webots_ros2_msgs/webots_ros2_msgs/msg/detail/camera_recognition_object__rosidl_typesupport_introspection_cpp.hpp
[2.835s] -- Up-to-date: /home/vboxuser/ros2_main_ws/install/webots_ros2_msgs/include/webots_ros2_msgs/webots_ros2_msgs/msg/detail/float_stamped__type_support.cpp
[2.835s] -- Up-to-date: /home/vboxuser/ros2_main_ws/install/webots_ros2_msgs/include/webots_ros2_msgs/webots_ros2_msgs/msg/detail/pen_ink_properties__type_support.cpp
[2.835s] -- Up-to-date: /home/vboxuser/ros2_main_ws/install/webots_ros2_msgs/include/webots_ros2_msgs/webots_ros2_msgs/msg/detail/urdf_robot__rosidl_typesupport_introspection_cpp.hpp
[2.835s] -- Up-to-date: /home/vboxuser/ros2_main_ws/install/webots_ros2_msgs/include/webots_ros2_msgs/webots_ros2_msgs/msg/detail/pen_ink_properties__rosidl_typesupport_introspection_cpp.hpp
[2.838s] -- Up-to-date: /home/vboxuser/ros2_main_ws/install/webots_ros2_msgs/include/webots_ros2_msgs/webots_ros2_msgs/msg/detail/camera_recognition_objects__rosidl_typesupport_introspection_cpp.hpp
[2.838s] -- Up-to-date: /home/vboxuser/ros2_main_ws/install/webots_ros2_msgs/include/webots_ros2_msgs/webots_ros2_msgs/msg/detail/string_stamped__rosidl_typesupport_introspection_cpp.hpp
[2.839s] -- Up-to-date: /home/vboxuser/ros2_main_ws/install/webots_ros2_msgs/include/webots_ros2_msgs/webots_ros2_msgs/msg/detail/bool_stamped__rosidl_typesupport_introspection_cpp.hpp
[2.839s] -- Up-to-date: /home/vboxuser/ros2_main_ws/install/webots_ros2_msgs/include/webots_ros2_msgs/webots_ros2_msgs/msg/detail/camera_recognition_objects__type_support.cpp
[2.839s] -- Up-to-date: /home/vboxuser/ros2_main_ws/install/webots_ros2_msgs/include/webots_ros2_msgs/webots_ros2_msgs/msg/detail/bool_stamped__type_support.cpp
[2.839s] -- Up-to-date: /home/vboxuser/ros2_main_ws/install/webots_ros2_msgs/include/webots_ros2_msgs/webots_ros2_msgs/msg/detail/float_stamped__rosidl_typesupport_introspection_cpp.hpp
[2.839s] -- Up-to-date: /home/vboxuser/ros2_main_ws/install/webots_ros2_msgs/include/webots_ros2_msgs/webots_ros2_msgs/msg/detail/urdf_robot__type_support.cpp
[2.840s] -- Up-to-date: /home/vboxuser/ros2_main_ws/install/webots_ros2_msgs/include/webots_ros2_msgs/webots_ros2_msgs/srv
[2.840s] -- Up-to-date: /home/vboxuser/ros2_main_ws/install/webots_ros2_msgs/include/webots_ros2_msgs/webots_ros2_msgs/srv/detail
[2.842s] -- Up-to-date: /home/vboxuser/ros2_main_ws/install/webots_ros2_msgs/include/webots_ros2_msgs/webots_ros2_msgs/srv/detail/get_bool__rosidl_typesupport_introspection_cpp.hpp
[2.842s] -- Up-to-date: /home/vboxuser/ros2_main_ws/install/webots_ros2_msgs/include/webots_ros2_msgs/webots_ros2_msgs/srv/detail/emitter_send_string__type_support.cpp
[2.843s] -- Up-to-date: /home/vboxuser/ros2_main_ws/install/webots_ros2_msgs/include/webots_ros2_msgs/webots_ros2_msgs/srv/detail/spawn_urdf_robot__type_support.cpp
[2.843s] -- Up-to-date: /home/vboxuser/ros2_main_ws/install/webots_ros2_msgs/include/webots_ros2_msgs/webots_ros2_msgs/srv/detail/get_bool__type_support.cpp
[2.843s] -- Up-to-date: /home/vboxuser/ros2_main_ws/install/webots_ros2_msgs/include/webots_ros2_msgs/webots_ros2_msgs/srv/detail/set_string__type_support.cpp
[2.843s] -- Up-to-date: /home/vboxuser/ros2_main_ws/install/webots_ros2_msgs/include/webots_ros2_msgs/webots_ros2_msgs/srv/detail/emitter_send_string__rosidl_typesupport_introspection_cpp.hpp
[2.843s] -- Up-to-date: /home/vboxuser/ros2_main_ws/install/webots_ros2_msgs/include/webots_ros2_msgs/webots_ros2_msgs/srv/detail/spawn_urdf_robot__rosidl_typesupport_introspection_cpp.hpp
[2.843s] -- Up-to-date: /home/vboxuser/ros2_main_ws/install/webots_ros2_msgs/include/webots_ros2_msgs/webots_ros2_msgs/srv/detail/set_string__rosidl_typesupport_introspection_cpp.hpp
[2.843s] -- Up-to-date: /home/vboxuser/ros2_main_ws/install/webots_ros2_msgs/include/webots_ros2_msgs/webots_ros2_msgs/srv/detail/spawn_node_from_string__type_support.cpp
[2.844s] -- Up-to-date: /home/vboxuser/ros2_main_ws/install/webots_ros2_msgs/include/webots_ros2_msgs/webots_ros2_msgs/srv/detail/spawn_node_from_string__rosidl_typesupport_introspection_cpp.hpp
[2.844s] -- Up-to-date: /home/vboxuser/ros2_main_ws/install/webots_ros2_msgs/lib/libwebots_ros2_msgs__rosidl_typesupport_introspection_cpp.so
[2.844s] -- Up-to-date: /home/vboxuser/ros2_main_ws/install/webots_ros2_msgs/lib/libwebots_ros2_msgs__rosidl_typesupport_cpp.so
[2.844s] -- Up-to-date: /home/vboxuser/ros2_main_ws/install/webots_ros2_msgs/share/webots_ros2_msgs/environment/pythonpath.sh
[2.846s] -- Up-to-date: /home/vboxuser/ros2_main_ws/install/webots_ros2_msgs/share/webots_ros2_msgs/environment/pythonpath.dsv
[2.846s] -- Up-to-date: /home/vboxuser/ros2_main_ws/install/webots_ros2_msgs/lib/python3.12/site-packages/webots_ros2_msgs-2023.1.3-py3.12.egg-info
[2.846s] -- Installing: /home/vboxuser/ros2_main_ws/install/webots_ros2_msgs/lib/python3.12/site-packages/webots_ros2_msgs-2023.1.3-py3.12.egg-info/PKG-INFO
[2.847s] -- Installing: /home/vboxuser/ros2_main_ws/install/webots_ros2_msgs/lib/python3.12/site-packages/webots_ros2_msgs-2023.1.3-py3.12.egg-info/top_level.txt
[2.847s] -- Installing: /home/vboxuser/ros2_main_ws/install/webots_ros2_msgs/lib/python3.12/site-packages/webots_ros2_msgs-2023.1.3-py3.12.egg-info/dependency_links.txt
[2.847s] -- Installing: /home/vboxuser/ros2_main_ws/install/webots_ros2_msgs/lib/python3.12/site-packages/webots_ros2_msgs-2023.1.3-py3.12.egg-info/SOURCES.txt
[2.847s] -- Up-to-date: /home/vboxuser/ros2_main_ws/install/webots_ros2_msgs/lib/python3.12/site-packages/webots_ros2_msgs
[2.847s] -- Up-to-date: /home/vboxuser/ros2_main_ws/install/webots_ros2_msgs/lib/python3.12/site-packages/webots_ros2_msgs/__init__.py
[2.847s] -- Up-to-date: /home/vboxuser/ros2_main_ws/install/webots_ros2_msgs/lib/python3.12/site-packages/webots_ros2_msgs/_webots_ros2_msgs_s.ep.rosidl_typesupport_introspection_c.c
[2.847s] -- Up-to-date: /home/vboxuser/ros2_main_ws/install/webots_ros2_msgs/lib/python3.12/site-packages/webots_ros2_msgs/webots_ros2_msgs_s__rosidl_typesupport_c.so
[2.848s] -- Up-to-date: /home/vboxuser/ros2_main_ws/install/webots_ros2_msgs/lib/python3.12/site-packages/webots_ros2_msgs/webots_ros2_msgs_s__rosidl_typesupport_introspection_c.so
[2.848s] -- Up-to-date: /home/vboxuser/ros2_main_ws/install/webots_ros2_msgs/lib/python3.12/site-packages/webots_ros2_msgs/_webots_ros2_msgs_s.ep.rosidl_typesupport_fastrtps_c.c
[2.850s] -- Up-to-date: /home/vboxuser/ros2_main_ws/install/webots_ros2_msgs/lib/python3.12/site-packages/webots_ros2_msgs/msg
[2.850s] -- Up-to-date: /home/vboxuser/ros2_main_ws/install/webots_ros2_msgs/lib/python3.12/site-packages/webots_ros2_msgs/msg/_float_stamped.py
[2.851s] -- Up-to-date: /home/vboxuser/ros2_main_ws/install/webots_ros2_msgs/lib/python3.12/site-packages/webots_ros2_msgs/msg/__init__.py
[2.851s] -- Up-to-date: /home/vboxuser/ros2_main_ws/install/webots_ros2_msgs/lib/python3.12/site-packages/webots_ros2_msgs/msg/_camera_recognition_object_s.c
[2.851s] -- Up-to-date: /home/vboxuser/ros2_main_ws/install/webots_ros2_msgs/lib/python3.12/site-packages/webots_ros2_msgs/msg/_pen_ink_properties_s.c
[2.851s] -- Up-to-date: /home/vboxuser/ros2_main_ws/install/webots_ros2_msgs/lib/python3.12/site-packages/webots_ros2_msgs/msg/_camera_recognition_object.py
[2.851s] -- Up-to-date: /home/vboxuser/ros2_main_ws/install/webots_ros2_msgs/lib/python3.12/site-packages/webots_ros2_msgs/msg/_camera_recognition_objects.py
[2.851s] -- Up-to-date: /home/vboxuser/ros2_main_ws/install/webots_ros2_msgs/lib/python3.12/site-packages/webots_ros2_msgs/msg/_string_stamped.py
[2.851s] -- Up-to-date: /home/vboxuser/ros2_main_ws/install/webots_ros2_msgs/lib/python3.12/site-packages/webots_ros2_msgs/msg/_urdf_robot.py
[2.852s] -- Up-to-date: /home/vboxuser/ros2_main_ws/install/webots_ros2_msgs/lib/python3.12/site-packages/webots_ros2_msgs/msg/_string_stamped_s.c
[2.852s] -- Up-to-date: /home/vboxuser/ros2_main_ws/install/webots_ros2_msgs/lib/python3.12/site-packages/webots_ros2_msgs/msg/_urdf_robot_s.c
[2.852s] -- Up-to-date: /home/vboxuser/ros2_main_ws/install/webots_ros2_msgs/lib/python3.12/site-packages/webots_ros2_msgs/msg/_camera_recognition_objects_s.c
[2.852s] -- Up-to-date: /home/vboxuser/ros2_main_ws/install/webots_ros2_msgs/lib/python3.12/site-packages/webots_ros2_msgs/msg/_pen_ink_properties.py
[2.854s] -- Up-to-date: /home/vboxuser/ros2_main_ws/install/webots_ros2_msgs/lib/python3.12/site-packages/webots_ros2_msgs/msg/_float_stamped_s.c
[2.854s] -- Up-to-date: /home/vboxuser/ros2_main_ws/install/webots_ros2_msgs/lib/python3.12/site-packages/webots_ros2_msgs/msg/_bool_stamped.py
[2.854s] -- Up-to-date: /home/vboxuser/ros2_main_ws/install/webots_ros2_msgs/lib/python3.12/site-packages/webots_ros2_msgs/msg/_bool_stamped_s.c
[2.855s] -- Up-to-date: /home/vboxuser/ros2_main_ws/install/webots_ros2_msgs/lib/python3.12/site-packages/webots_ros2_msgs/srv
[2.855s] -- Up-to-date: /home/vboxuser/ros2_main_ws/install/webots_ros2_msgs/lib/python3.12/site-packages/webots_ros2_msgs/srv/_spawn_node_from_string_s.c
[2.855s] -- Up-to-date: /home/vboxuser/ros2_main_ws/install/webots_ros2_msgs/lib/python3.12/site-packages/webots_ros2_msgs/srv/_emitter_send_string_s.c
[2.855s] -- Up-to-date: /home/vboxuser/ros2_main_ws/install/webots_ros2_msgs/lib/python3.12/site-packages/webots_ros2_msgs/srv/__init__.py
[2.855s] -- Up-to-date: /home/vboxuser/ros2_main_ws/install/webots_ros2_msgs/lib/python3.12/site-packages/webots_ros2_msgs/srv/_spawn_node_from_string.py
[2.855s] -- Up-to-date: /home/vboxuser/ros2_main_ws/install/webots_ros2_msgs/lib/python3.12/site-packages/webots_ros2_msgs/srv/_emitter_send_string.py
[2.856s] -- Up-to-date: /home/vboxuser/ros2_main_ws/install/webots_ros2_msgs/lib/python3.12/site-packages/webots_ros2_msgs/srv/_get_bool.py
[2.856s] -- Up-to-date: /home/vboxuser/ros2_main_ws/install/webots_ros2_msgs/lib/python3.12/site-packages/webots_ros2_msgs/srv/_get_bool_s.c
[2.856s] -- Up-to-date: /home/vboxuser/ros2_main_ws/install/webots_ros2_msgs/lib/python3.12/site-packages/webots_ros2_msgs/srv/_spawn_urdf_robot.py
[2.858s] -- Up-to-date: /home/vboxuser/ros2_main_ws/install/webots_ros2_msgs/lib/python3.12/site-packages/webots_ros2_msgs/srv/_set_string_s.c
[2.858s] -- Up-to-date: /home/vboxuser/ros2_main_ws/install/webots_ros2_msgs/lib/python3.12/site-packages/webots_ros2_msgs/srv/_set_string.py
[2.858s] -- Up-to-date: /home/vboxuser/ros2_main_ws/install/webots_ros2_msgs/lib/python3.12/site-packages/webots_ros2_msgs/srv/_spawn_urdf_robot_s.c
[2.859s] -- Up-to-date: /home/vboxuser/ros2_main_ws/install/webots_ros2_msgs/lib/python3.12/site-packages/webots_ros2_msgs/webots_ros2_msgs_s__rosidl_typesupport_fastrtps_c.so
[2.859s] -- Up-to-date: /home/vboxuser/ros2_main_ws/install/webots_ros2_msgs/lib/python3.12/site-packages/webots_ros2_msgs/_webots_ros2_msgs_s.ep.rosidl_typesupport_c.c
[2.988s] Listing '/home/vboxuser/ros2_main_ws/install/webots_ros2_msgs/lib/python3.12/site-packages/webots_ros2_msgs'...
[2.988s] Listing '/home/vboxuser/ros2_main_ws/install/webots_ros2_msgs/lib/python3.12/site-packages/webots_ros2_msgs/msg'...
[2.988s] Listing '/home/vboxuser/ros2_main_ws/install/webots_ros2_msgs/lib/python3.12/site-packages/webots_ros2_msgs/srv'...
[3.016s] -- Up-to-date: /home/vboxuser/ros2_main_ws/install/webots_ros2_msgs/lib/python3.12/site-packages/webots_ros2_msgs/webots_ros2_msgs_s__rosidl_typesupport_fastrtps_c.so
[3.018s] -- Up-to-date: /home/vboxuser/ros2_main_ws/install/webots_ros2_msgs/lib/python3.12/site-packages/webots_ros2_msgs/webots_ros2_msgs_s__rosidl_typesupport_introspection_c.so
[3.024s] -- Up-to-date: /home/vboxuser/ros2_main_ws/install/webots_ros2_msgs/lib/python3.12/site-packages/webots_ros2_msgs/webots_ros2_msgs_s__rosidl_typesupport_c.so
[3.025s] -- Up-to-date: /home/vboxuser/ros2_main_ws/install/webots_ros2_msgs/lib/libwebots_ros2_msgs__rosidl_generator_py.so
[3.025s] -- Up-to-date: /home/vboxuser/ros2_main_ws/install/webots_ros2_msgs/share/webots_ros2_msgs/msg/BoolStamped.idl
[3.028s] -- Up-to-date: /home/vboxuser/ros2_main_ws/install/webots_ros2_msgs/share/webots_ros2_msgs/msg/FloatStamped.idl
[3.028s] -- Up-to-date: /home/vboxuser/ros2_main_ws/install/webots_ros2_msgs/share/webots_ros2_msgs/msg/StringStamped.idl
[3.029s] -- Up-to-date: /home/vboxuser/ros2_main_ws/install/webots_ros2_msgs/share/webots_ros2_msgs/msg/CameraRecognitionObject.idl
[3.029s] -- Up-to-date: /home/vboxuser/ros2_main_ws/install/webots_ros2_msgs/share/webots_ros2_msgs/msg/CameraRecognitionObjects.idl
[3.030s] -- Up-to-date: /home/vboxuser/ros2_main_ws/install/webots_ros2_msgs/share/webots_ros2_msgs/msg/UrdfRobot.idl
[3.030s] -- Up-to-date: /home/vboxuser/ros2_main_ws/install/webots_ros2_msgs/share/webots_ros2_msgs/msg/PenInkProperties.idl
[3.031s] -- Up-to-date: /home/vboxuser/ros2_main_ws/install/webots_ros2_msgs/share/webots_ros2_msgs/srv/EmitterSendString.idl
[3.031s] -- Up-to-date: /home/vboxuser/ros2_main_ws/install/webots_ros2_msgs/share/webots_ros2_msgs/srv/GetBool.idl
[3.031s] -- Up-to-date: /home/vboxuser/ros2_main_ws/install/webots_ros2_msgs/share/webots_ros2_msgs/srv/SetString.idl
[3.031s] -- Up-to-date: /home/vboxuser/ros2_main_ws/install/webots_ros2_msgs/share/webots_ros2_msgs/srv/SpawnNodeFromString.idl
[3.031s] -- Up-to-date: /home/vboxuser/ros2_main_ws/install/webots_ros2_msgs/share/webots_ros2_msgs/srv/SpawnUrdfRobot.idl
[3.031s] -- Up-to-date: /home/vboxuser/ros2_main_ws/install/webots_ros2_msgs/share/webots_ros2_msgs/msg/BoolStamped.msg
[3.033s] -- Up-to-date: /home/vboxuser/ros2_main_ws/install/webots_ros2_msgs/share/webots_ros2_msgs/msg/FloatStamped.msg
[3.034s] -- Up-to-date: /home/vboxuser/ros2_main_ws/install/webots_ros2_msgs/share/webots_ros2_msgs/msg/StringStamped.msg
[3.034s] -- Up-to-date: /home/vboxuser/ros2_main_ws/install/webots_ros2_msgs/share/webots_ros2_msgs/msg/CameraRecognitionObject.msg
[3.034s] -- Up-to-date: /home/vboxuser/ros2_main_ws/install/webots_ros2_msgs/share/webots_ros2_msgs/msg/CameraRecognitionObjects.msg
[3.034s] -- Up-to-date: /home/vboxuser/ros2_main_ws/install/webots_ros2_msgs/share/webots_ros2_msgs/msg/UrdfRobot.msg
[3.034s] -- Up-to-date: /home/vboxuser/ros2_main_ws/install/webots_ros2_msgs/share/webots_ros2_msgs/msg/PenInkProperties.msg
[3.035s] -- Up-to-date: /home/vboxuser/ros2_main_ws/install/webots_ros2_msgs/share/webots_ros2_msgs/srv/EmitterSendString.srv
[3.035s] -- Up-to-date: /home/vboxuser/ros2_main_ws/install/webots_ros2_msgs/share/webots_ros2_msgs/srv/GetBool.srv
[3.037s] -- Up-to-date: /home/vboxuser/ros2_main_ws/install/webots_ros2_msgs/share/webots_ros2_msgs/srv/SetString.srv
[3.037s] -- Up-to-date: /home/vboxuser/ros2_main_ws/install/webots_ros2_msgs/share/webots_ros2_msgs/srv/SpawnNodeFromString.srv
[3.038s] -- Up-to-date: /home/vboxuser/ros2_main_ws/install/webots_ros2_msgs/share/webots_ros2_msgs/srv/SpawnUrdfRobot.srv
[3.038s] -- Up-to-date: /home/vboxuser/ros2_main_ws/install/webots_ros2_msgs/share/ament_index/resource_index/package_run_dependencies/webots_ros2_msgs
[3.038s] -- Up-to-date: /home/vboxuser/ros2_main_ws/install/webots_ros2_msgs/share/ament_index/resource_index/parent_prefix_path/webots_ros2_msgs
[3.038s] -- Up-to-date: /home/vboxuser/ros2_main_ws/install/webots_ros2_msgs/share/webots_ros2_msgs/environment/ament_prefix_path.sh
[3.039s] -- Up-to-date: /home/vboxuser/ros2_main_ws/install/webots_ros2_msgs/share/webots_ros2_msgs/environment/ament_prefix_path.dsv
[3.039s] -- Up-to-date: /home/vboxuser/ros2_main_ws/install/webots_ros2_msgs/share/webots_ros2_msgs/environment/path.sh
[3.039s] -- Up-to-date: /home/vboxuser/ros2_main_ws/install/webots_ros2_msgs/share/webots_ros2_msgs/environment/path.dsv
[3.039s] -- Up-to-date: /home/vboxuser/ros2_main_ws/install/webots_ros2_msgs/share/webots_ros2_msgs/local_setup.bash
[3.039s] -- Up-to-date: /home/vboxuser/ros2_main_ws/install/webots_ros2_msgs/share/webots_ros2_msgs/local_setup.sh
[3.040s] -- Up-to-date: /home/vboxuser/ros2_main_ws/install/webots_ros2_msgs/share/webots_ros2_msgs/local_setup.zsh
[3.043s] -- Up-to-date: /home/vboxuser/ros2_main_ws/install/webots_ros2_msgs/share/webots_ros2_msgs/local_setup.dsv
[3.044s] -- Installing: /home/vboxuser/ros2_main_ws/install/webots_ros2_msgs/share/webots_ros2_msgs/package.dsv
[3.044s] -- Up-to-date: /home/vboxuser/ros2_main_ws/install/webots_ros2_msgs/share/ament_index/resource_index/packages/webots_ros2_msgs
[3.044s] -- Up-to-date: /home/vboxuser/ros2_main_ws/install/webots_ros2_msgs/share/webots_ros2_msgs/cmake/export_webots_ros2_msgs__rosidl_generator_cExport.cmake
[3.044s] -- Up-to-date: /home/vboxuser/ros2_main_ws/install/webots_ros2_msgs/share/webots_ros2_msgs/cmake/export_webots_ros2_msgs__rosidl_generator_cExport-noconfig.cmake
[3.044s] -- Up-to-date: /home/vboxuser/ros2_main_ws/install/webots_ros2_msgs/share/webots_ros2_msgs/cmake/export_webots_ros2_msgs__rosidl_typesupport_fastrtps_cExport.cmake
[3.045s] -- Up-to-date: /home/vboxuser/ros2_main_ws/install/webots_ros2_msgs/share/webots_ros2_msgs/cmake/export_webots_ros2_msgs__rosidl_typesupport_fastrtps_cExport-noconfig.cmake
[3.046s] -- Up-to-date: /home/vboxuser/ros2_main_ws/install/webots_ros2_msgs/share/webots_ros2_msgs/cmake/export_webots_ros2_msgs__rosidl_generator_cppExport.cmake
[3.051s] -- Up-to-date: /home/vboxuser/ros2_main_ws/install/webots_ros2_msgs/share/webots_ros2_msgs/cmake/export_webots_ros2_msgs__rosidl_typesupport_fastrtps_cppExport.cmake
[3.052s] -- Up-to-date: /home/vboxuser/ros2_main_ws/install/webots_ros2_msgs/share/webots_ros2_msgs/cmake/export_webots_ros2_msgs__rosidl_typesupport_fastrtps_cppExport-noconfig.cmake
[3.052s] -- Up-to-date: /home/vboxuser/ros2_main_ws/install/webots_ros2_msgs/share/webots_ros2_msgs/cmake/webots_ros2_msgs__rosidl_typesupport_introspection_cExport.cmake
[3.053s] -- Up-to-date: /home/vboxuser/ros2_main_ws/install/webots_ros2_msgs/share/webots_ros2_msgs/cmake/webots_ros2_msgs__rosidl_typesupport_introspection_cExport-noconfig.cmake
[3.053s] -- Up-to-date: /home/vboxuser/ros2_main_ws/install/webots_ros2_msgs/share/webots_ros2_msgs/cmake/webots_ros2_msgs__rosidl_typesupport_cExport.cmake
[3.053s] -- Up-to-date: /home/vboxuser/ros2_main_ws/install/webots_ros2_msgs/share/webots_ros2_msgs/cmake/webots_ros2_msgs__rosidl_typesupport_cExport-noconfig.cmake
[3.056s] -- Up-to-date: /home/vboxuser/ros2_main_ws/install/webots_ros2_msgs/share/webots_ros2_msgs/cmake/webots_ros2_msgs__rosidl_typesupport_introspection_cppExport.cmake
[3.056s] -- Up-to-date: /home/vboxuser/ros2_main_ws/install/webots_ros2_msgs/share/webots_ros2_msgs/cmake/webots_ros2_msgs__rosidl_typesupport_introspection_cppExport-noconfig.cmake
[3.059s] -- Up-to-date: /home/vboxuser/ros2_main_ws/install/webots_ros2_msgs/share/webots_ros2_msgs/cmake/webots_ros2_msgs__rosidl_typesupport_cppExport.cmake
[3.059s] -- Up-to-date: /home/vboxuser/ros2_main_ws/install/webots_ros2_msgs/share/webots_ros2_msgs/cmake/webots_ros2_msgs__rosidl_typesupport_cppExport-noconfig.cmake
[3.063s] -- Up-to-date: /home/vboxuser/ros2_main_ws/install/webots_ros2_msgs/share/webots_ros2_msgs/cmake/export_webots_ros2_msgs__rosidl_generator_pyExport.cmake
[3.063s] -- Up-to-date: /home/vboxuser/ros2_main_ws/install/webots_ros2_msgs/share/webots_ros2_msgs/cmake/export_webots_ros2_msgs__rosidl_generator_pyExport-noconfig.cmake
[3.064s] -- Up-to-date: /home/vboxuser/ros2_main_ws/install/webots_ros2_msgs/share/webots_ros2_msgs/cmake/rosidl_cmake-extras.cmake
[3.064s] -- Up-to-date: /home/vboxuser/ros2_main_ws/install/webots_ros2_msgs/share/webots_ros2_msgs/cmake/ament_cmake_export_dependencies-extras.cmake
[3.065s] -- Up-to-date: /home/vboxuser/ros2_main_ws/install/webots_ros2_msgs/share/webots_ros2_msgs/cmake/ament_cmake_export_include_directories-extras.cmake
[3.065s] -- Up-to-date: /home/vboxuser/ros2_main_ws/install/webots_ros2_msgs/share/webots_ros2_msgs/cmake/ament_cmake_export_libraries-extras.cmake
[3.067s] -- Up-to-date: /home/vboxuser/ros2_main_ws/install/webots_ros2_msgs/share/webots_ros2_msgs/cmake/ament_cmake_export_targets-extras.cmake
[3.068s] -- Up-to-date: /home/vboxuser/ros2_main_ws/install/webots_ros2_msgs/share/webots_ros2_msgs/cmake/rosidl_cmake_export_typesupport_targets-extras.cmake
[3.068s] -- Up-to-date: /home/vboxuser/ros2_main_ws/install/webots_ros2_msgs/share/webots_ros2_msgs/cmake/rosidl_cmake_export_typesupport_libraries-extras.cmake
[3.068s] -- Up-to-date: /home/vboxuser/ros2_main_ws/install/webots_ros2_msgs/share/webots_ros2_msgs/cmake/webots_ros2_msgsConfig.cmake
[3.070s] -- Up-to-date: /home/vboxuser/ros2_main_ws/install/webots_ros2_msgs/share/webots_ros2_msgs/cmake/webots_ros2_msgsConfig-version.cmake
[3.070s] -- Up-to-date: /home/vboxuser/ros2_main_ws/install/webots_ros2_msgs/share/webots_ros2_msgs/package.xml
[3.072s] Invoked command in '/home/vboxuser/ros2_main_ws/build/webots_ros2_msgs' returned '0': CMAKE_PREFIX_PATH=${CMAKE_PREFIX_PATH}:/home/vboxuser/ros2_main_ws/install/webots_ros2:/home/vboxuser/ros2_main_ws/install/webots_ros2_universal_robot:/home/vboxuser/ros2_main_ws/install/webots_ros2_turtlebot:/home/vboxuser/ros2_main_ws/install/webots_ros2_tiago:/home/vboxuser/ros2_main_ws/install/webots_ros2_tests:/home/vboxuser/ros2_main_ws/install/webots_ros2_tesla:/home/vboxuser/ros2_main_ws/install/webots_ros2_mavic:/home/vboxuser/ros2_main_ws/install/webots_ros2_epuck:/home/vboxuser/ros2_main_ws/install/webots_ros2_importer:/home/vboxuser/ros2_main_ws/install/my_package:/opt/ros/jazzy DEBUGINFOD_URLS=https://debuginfod.ubuntu.com /usr/bin/cmake --install /home/vboxuser/ros2_main_ws/build/webots_ros2_msgs
