[1.780s] Invoking command in '/home/vboxuser/ros2_main_ws/src/webots_ros2/webots_ros2_universal_robot': AMENT_PREFIX_PATH=/home/vboxuser/ros2_main_ws/install/webots_ros2_control:/home/vboxuser/ros2_main_ws/install/webots_ros2_driver:/home/vboxuser/ros2_main_ws/install/webots_ros2_msgs:/home/vboxuser/ros2_main_ws/install/webots_ros2_importer:${AMENT_PREFIX_PATH} CMAKE_PREFIX_PATH=/home/vboxuser/ros2_main_ws/install/webots_ros2_control:/home/vboxuser/ros2_main_ws/install/webots_ros2_driver:/home/vboxuser/ros2_main_ws/install/webots_ros2_msgs:${CMAKE_PREFIX_PATH} DEBUGINFOD_URLS=https://debuginfod.ubuntu.com LD_LIBRARY_PATH=/home/vboxuser/ros2_main_ws/install/webots_ros2_control/lib:/home/vboxuser/ros2_main_ws/install/webots_ros2_driver/lib:/home/vboxuser/ros2_main_ws/install/webots_ros2_msgs/lib:${LD_LIBRARY_PATH} PYTHONPATH=/home/vboxuser/ros2_main_ws/build/webots_ros2_universal_robot/prefix_override:/usr/lib/python3/dist-packages/colcon_core/task/python/colcon_distutils_commands:/home/vboxuser/ros2_main_ws/install/webots_ros2_universal_robot/lib/python3.12/site-packages:/home/vboxuser/ros2_main_ws/install/webots_ros2_driver/lib/python3.12/site-packages:/home/vboxuser/ros2_main_ws/install/webots_ros2_msgs/lib/python3.12/site-packages:/home/vboxuser/ros2_main_ws/install/webots_ros2_importer/lib/python3.12/site-packages:${PYTHONPATH} /usr/bin/python3 -W ignore:setup.py install is deprecated setup.py egg_info --egg-base ../../../build/webots_ros2_universal_robot build --build-base /home/vboxuser/ros2_main_ws/build/webots_ros2_universal_robot/build install --record /home/vboxuser/ros2_main_ws/build/webots_ros2_universal_robot/install.log --single-version-externally-managed install_data
[2.403s] running egg_info
[2.404s] creating ../../../build/webots_ros2_universal_robot/webots_ros2_universal_robot.egg-info
[2.440s] writing ../../../build/webots_ros2_universal_robot/webots_ros2_universal_robot.egg-info/PKG-INFO
[2.441s] writing dependency_links to ../../../build/webots_ros2_universal_robot/webots_ros2_universal_robot.egg-info/dependency_links.txt
[2.441s] writing entry points to ../../../build/webots_ros2_universal_robot/webots_ros2_universal_robot.egg-info/entry_points.txt
[2.441s] writing requirements to ../../../build/webots_ros2_universal_robot/webots_ros2_universal_robot.egg-info/requires.txt
[2.441s] writing top-level names to ../../../build/webots_ros2_universal_robot/webots_ros2_universal_robot.egg-info/top_level.txt
[2.441s] writing manifest file '../../../build/webots_ros2_universal_robot/webots_ros2_universal_robot.egg-info/SOURCES.txt'
[2.525s] reading manifest file '../../../build/webots_ros2_universal_robot/webots_ros2_universal_robot.egg-info/SOURCES.txt'
[2.530s] writing manifest file '../../../build/webots_ros2_universal_robot/webots_ros2_universal_robot.egg-info/SOURCES.txt'
[2.530s] running build
[2.530s] running build_py
[2.531s] creating /home/vboxuser/ros2_main_ws/build/webots_ros2_universal_robot/build
[2.538s] creating /home/vboxuser/ros2_main_ws/build/webots_ros2_universal_robot/build/lib
[2.538s] creating /home/vboxuser/ros2_main_ws/build/webots_ros2_universal_robot/build/lib/webots_ros2_universal_robot
[2.538s] copying webots_ros2_universal_robot/__init__.py -> /home/vboxuser/ros2_main_ws/build/webots_ros2_universal_robot/build/lib/webots_ros2_universal_robot
[2.538s] copying webots_ros2_universal_robot/abb_controller.py -> /home/vboxuser/ros2_main_ws/build/webots_ros2_universal_robot/build/lib/webots_ros2_universal_robot
[2.539s] copying webots_ros2_universal_robot/ur5e_controller.py -> /home/vboxuser/ros2_main_ws/build/webots_ros2_universal_robot/build/lib/webots_ros2_universal_robot
[2.539s] copying webots_ros2_universal_robot/follow_joint_trajectory_client.py -> /home/vboxuser/ros2_main_ws/build/webots_ros2_universal_robot/build/lib/webots_ros2_universal_robot
[2.539s] running install
[2.585s] running install_lib
[2.637s] creating /home/vboxuser/ros2_main_ws/install/webots_ros2_universal_robot/lib/python3.12/site-packages/webots_ros2_universal_robot
[2.638s] copying /home/vboxuser/ros2_main_ws/build/webots_ros2_universal_robot/build/lib/webots_ros2_universal_robot/__init__.py -> /home/vboxuser/ros2_main_ws/install/webots_ros2_universal_robot/lib/python3.12/site-packages/webots_ros2_universal_robot
[2.638s] copying /home/vboxuser/ros2_main_ws/build/webots_ros2_universal_robot/build/lib/webots_ros2_universal_robot/abb_controller.py -> /home/vboxuser/ros2_main_ws/install/webots_ros2_universal_robot/lib/python3.12/site-packages/webots_ros2_universal_robot
[2.639s] copying /home/vboxuser/ros2_main_ws/build/webots_ros2_universal_robot/build/lib/webots_ros2_universal_robot/ur5e_controller.py -> /home/vboxuser/ros2_main_ws/install/webots_ros2_universal_robot/lib/python3.12/site-packages/webots_ros2_universal_robot
[2.639s] copying /home/vboxuser/ros2_main_ws/build/webots_ros2_universal_robot/build/lib/webots_ros2_universal_robot/follow_joint_trajectory_client.py -> /home/vboxuser/ros2_main_ws/install/webots_ros2_universal_robot/lib/python3.12/site-packages/webots_ros2_universal_robot
[2.639s] byte-compiling /home/vboxuser/ros2_main_ws/install/webots_ros2_universal_robot/lib/python3.12/site-packages/webots_ros2_universal_robot/__init__.py to __init__.cpython-312.pyc
[2.640s] byte-compiling /home/vboxuser/ros2_main_ws/install/webots_ros2_universal_robot/lib/python3.12/site-packages/webots_ros2_universal_robot/abb_controller.py to abb_controller.cpython-312.pyc
[2.641s] byte-compiling /home/vboxuser/ros2_main_ws/install/webots_ros2_universal_robot/lib/python3.12/site-packages/webots_ros2_universal_robot/ur5e_controller.py to ur5e_controller.cpython-312.pyc
[2.642s] byte-compiling /home/vboxuser/ros2_main_ws/install/webots_ros2_universal_robot/lib/python3.12/site-packages/webots_ros2_universal_robot/follow_joint_trajectory_client.py to follow_joint_trajectory_client.cpython-312.pyc
[2.644s] running install_data
[2.645s] creating /home/vboxuser/ros2_main_ws/install/webots_ros2_universal_robot/share/ament_index
[2.645s] creating /home/vboxuser/ros2_main_ws/install/webots_ros2_universal_robot/share/ament_index/resource_index
[2.645s] creating /home/vboxuser/ros2_main_ws/install/webots_ros2_universal_robot/share/ament_index/resource_index/packages
[2.646s] copying resource/webots_ros2_universal_robot -> /home/vboxuser/ros2_main_ws/install/webots_ros2_universal_robot/share/ament_index/resource_index/packages
[2.646s] creating /home/vboxuser/ros2_main_ws/install/webots_ros2_universal_robot/share/webots_ros2_universal_robot/launch
[2.646s] copying launch/robot_launch/robot_nodes_launch.py -> /home/vboxuser/ros2_main_ws/install/webots_ros2_universal_robot/share/webots_ros2_universal_robot/launch
[2.646s] copying launch/robot_launch/robot_world_launch.py -> /home/vboxuser/ros2_main_ws/install/webots_ros2_universal_robot/share/webots_ros2_universal_robot/launch
[2.647s] copying launch/robot_launch/robot_moveit_nodes_launch.py -> /home/vboxuser/ros2_main_ws/install/webots_ros2_universal_robot/share/webots_ros2_universal_robot/launch
[2.648s] copying launch/multirobot_launch.py -> /home/vboxuser/ros2_main_ws/install/webots_ros2_universal_robot/share/webots_ros2_universal_robot/launch
[2.648s] creating /home/vboxuser/ros2_main_ws/install/webots_ros2_universal_robot/share/webots_ros2_universal_robot/worlds
[2.649s] copying worlds/universal_robot.wbt -> /home/vboxuser/ros2_main_ws/install/webots_ros2_universal_robot/share/webots_ros2_universal_robot/worlds
[2.649s] copying worlds/.universal_robot.wbproj -> /home/vboxuser/ros2_main_ws/install/webots_ros2_universal_robot/share/webots_ros2_universal_robot/worlds
[2.650s] copying worlds/robotic_arms.wbt -> /home/vboxuser/ros2_main_ws/install/webots_ros2_universal_robot/share/webots_ros2_universal_robot/worlds
[2.651s] copying worlds/.robotic_arms.wbproj -> /home/vboxuser/ros2_main_ws/install/webots_ros2_universal_robot/share/webots_ros2_universal_robot/worlds
[2.651s] copying package.xml -> /home/vboxuser/ros2_main_ws/install/webots_ros2_universal_robot/share/webots_ros2_universal_robot
[2.652s] creating /home/vboxuser/ros2_main_ws/install/webots_ros2_universal_robot/share/webots_ros2_universal_robot/resource
[2.652s] copying resource/ur5e_with_gripper.urdf -> /home/vboxuser/ros2_main_ws/install/webots_ros2_universal_robot/share/webots_ros2_universal_robot/resource
[2.653s] copying resource/moveit_controllers.yaml -> /home/vboxuser/ros2_main_ws/install/webots_ros2_universal_robot/share/webots_ros2_universal_robot/resource
[2.654s] copying resource/ur5e_with_gripper.urdf.xacro -> /home/vboxuser/ros2_main_ws/install/webots_ros2_universal_robot/share/webots_ros2_universal_robot/resource
[2.654s] copying resource/moveit_kinematics.yaml -> /home/vboxuser/ros2_main_ws/install/webots_ros2_universal_robot/share/webots_ros2_universal_robot/resource
[2.655s] copying resource/moveit_ur5e.srdf -> /home/vboxuser/ros2_main_ws/install/webots_ros2_universal_robot/share/webots_ros2_universal_robot/resource
[2.657s] copying resource/webots_abb_description.urdf -> /home/vboxuser/ros2_main_ws/install/webots_ros2_universal_robot/share/webots_ros2_universal_robot/resource
[2.658s] copying resource/moveit_movegroup.yaml -> /home/vboxuser/ros2_main_ws/install/webots_ros2_universal_robot/share/webots_ros2_universal_robot/resource
[2.658s] copying resource/moveit_visualization.rviz -> /home/vboxuser/ros2_main_ws/install/webots_ros2_universal_robot/share/webots_ros2_universal_robot/resource
[2.659s] copying resource/ros2_control_abb_config.yaml -> /home/vboxuser/ros2_main_ws/install/webots_ros2_universal_robot/share/webots_ros2_universal_robot/resource
[2.660s] copying resource/ros2_control_config.yaml -> /home/vboxuser/ros2_main_ws/install/webots_ros2_universal_robot/share/webots_ros2_universal_robot/resource
[2.661s] creating /home/vboxuser/ros2_main_ws/install/webots_ros2_universal_robot/share/webots_ros2_universal_robot/resource/Universal_Robots_ROS2_Driver
[2.663s] creating /home/vboxuser/ros2_main_ws/install/webots_ros2_universal_robot/share/webots_ros2_universal_robot/resource/Universal_Robots_ROS2_Driver/ur_description
[2.663s] creating /home/vboxuser/ros2_main_ws/install/webots_ros2_universal_robot/share/webots_ros2_universal_robot/resource/Universal_Robots_ROS2_Driver/ur_description/config
[2.663s] copying resource/Universal_Robots_ROS2_Driver/ur_description/config/initial_positions.yaml -> /home/vboxuser/ros2_main_ws/install/webots_ros2_universal_robot/share/webots_ros2_universal_robot/resource/Universal_Robots_ROS2_Driver/ur_description/config
[2.664s] creating /home/vboxuser/ros2_main_ws/install/webots_ros2_universal_robot/share/webots_ros2_universal_robot/resource/Universal_Robots_ROS2_Driver/ur_description/config/ur5e
[2.664s] copying resource/Universal_Robots_ROS2_Driver/ur_description/config/ur5e/joint_limits.yaml -> /home/vboxuser/ros2_main_ws/install/webots_ros2_universal_robot/share/webots_ros2_universal_robot/resource/Universal_Robots_ROS2_Driver/ur_description/config/ur5e
[2.664s] copying resource/Universal_Robots_ROS2_Driver/ur_description/config/ur5e/default_kinematics.yaml -> /home/vboxuser/ros2_main_ws/install/webots_ros2_universal_robot/share/webots_ros2_universal_robot/resource/Universal_Robots_ROS2_Driver/ur_description/config/ur5e
[2.666s] copying resource/Universal_Robots_ROS2_Driver/ur_description/config/ur5e/visual_parameters.yaml -> /home/vboxuser/ros2_main_ws/install/webots_ros2_universal_robot/share/webots_ros2_universal_robot/resource/Universal_Robots_ROS2_Driver/ur_description/config/ur5e
[2.667s] copying resource/Universal_Robots_ROS2_Driver/ur_description/config/ur5e/physical_parameters.yaml -> /home/vboxuser/ros2_main_ws/install/webots_ros2_universal_robot/share/webots_ros2_universal_robot/resource/Universal_Robots_ROS2_Driver/ur_description/config/ur5e
[2.670s] creating /home/vboxuser/ros2_main_ws/install/webots_ros2_universal_robot/share/webots_ros2_universal_robot/resource/Universal_Robots_ROS2_Driver/ur_description/urdf
[2.670s] copying resource/Universal_Robots_ROS2_Driver/ur_description/urdf/ur_macro.xacro -> /home/vboxuser/ros2_main_ws/install/webots_ros2_universal_robot/share/webots_ros2_universal_robot/resource/Universal_Robots_ROS2_Driver/ur_description/urdf
[2.671s] copying resource/Universal_Robots_ROS2_Driver/ur_description/urdf/ur.urdf.xacro -> /home/vboxuser/ros2_main_ws/install/webots_ros2_universal_robot/share/webots_ros2_universal_robot/resource/Universal_Robots_ROS2_Driver/ur_description/urdf
[2.672s] copying resource/Universal_Robots_ROS2_Driver/ur_description/urdf/ur.ros2_control.xacro -> /home/vboxuser/ros2_main_ws/install/webots_ros2_universal_robot/share/webots_ros2_universal_robot/resource/Universal_Robots_ROS2_Driver/ur_description/urdf
[2.675s] creating /home/vboxuser/ros2_main_ws/install/webots_ros2_universal_robot/share/webots_ros2_universal_robot/resource/Universal_Robots_ROS2_Driver/ur_description/urdf/inc
[2.675s] copying resource/Universal_Robots_ROS2_Driver/ur_description/urdf/inc/ur_transmissions.xacro -> /home/vboxuser/ros2_main_ws/install/webots_ros2_universal_robot/share/webots_ros2_universal_robot/resource/Universal_Robots_ROS2_Driver/ur_description/urdf/inc
[2.676s] copying resource/Universal_Robots_ROS2_Driver/ur_description/urdf/inc/ur_common.xacro -> /home/vboxuser/ros2_main_ws/install/webots_ros2_universal_robot/share/webots_ros2_universal_robot/resource/Universal_Robots_ROS2_Driver/ur_description/urdf/inc
[2.676s] creating /home/vboxuser/ros2_main_ws/install/webots_ros2_universal_robot/share/webots_ros2_universal_robot/resource/Universal_Robots_ROS2_Driver/ur_description/meshes
[2.676s] creating /home/vboxuser/ros2_main_ws/install/webots_ros2_universal_robot/share/webots_ros2_universal_robot/resource/Universal_Robots_ROS2_Driver/ur_description/meshes/ur5e
[2.676s] creating /home/vboxuser/ros2_main_ws/install/webots_ros2_universal_robot/share/webots_ros2_universal_robot/resource/Universal_Robots_ROS2_Driver/ur_description/meshes/ur5e/collision
[2.679s] copying resource/Universal_Robots_ROS2_Driver/ur_description/meshes/ur5e/collision/wrist2.stl -> /home/vboxuser/ros2_main_ws/install/webots_ros2_universal_robot/share/webots_ros2_universal_robot/resource/Universal_Robots_ROS2_Driver/ur_description/meshes/ur5e/collision
[2.679s] copying resource/Universal_Robots_ROS2_Driver/ur_description/meshes/ur5e/collision/shoulder.stl -> /home/vboxuser/ros2_main_ws/install/webots_ros2_universal_robot/share/webots_ros2_universal_robot/resource/Universal_Robots_ROS2_Driver/ur_description/meshes/ur5e/collision
[2.680s] copying resource/Universal_Robots_ROS2_Driver/ur_description/meshes/ur5e/collision/forearm.stl -> /home/vboxuser/ros2_main_ws/install/webots_ros2_universal_robot/share/webots_ros2_universal_robot/resource/Universal_Robots_ROS2_Driver/ur_description/meshes/ur5e/collision
[2.681s] copying resource/Universal_Robots_ROS2_Driver/ur_description/meshes/ur5e/collision/upperarm.stl -> /home/vboxuser/ros2_main_ws/install/webots_ros2_universal_robot/share/webots_ros2_universal_robot/resource/Universal_Robots_ROS2_Driver/ur_description/meshes/ur5e/collision
[2.682s] copying resource/Universal_Robots_ROS2_Driver/ur_description/meshes/ur5e/collision/wrist1.stl -> /home/vboxuser/ros2_main_ws/install/webots_ros2_universal_robot/share/webots_ros2_universal_robot/resource/Universal_Robots_ROS2_Driver/ur_description/meshes/ur5e/collision
[2.684s] copying resource/Universal_Robots_ROS2_Driver/ur_description/meshes/ur5e/collision/wrist3.stl -> /home/vboxuser/ros2_main_ws/install/webots_ros2_universal_robot/share/webots_ros2_universal_robot/resource/Universal_Robots_ROS2_Driver/ur_description/meshes/ur5e/collision
[2.684s] copying resource/Universal_Robots_ROS2_Driver/ur_description/meshes/ur5e/collision/base.stl -> /home/vboxuser/ros2_main_ws/install/webots_ros2_universal_robot/share/webots_ros2_universal_robot/resource/Universal_Robots_ROS2_Driver/ur_description/meshes/ur5e/collision
[2.685s] creating /home/vboxuser/ros2_main_ws/install/webots_ros2_universal_robot/share/webots_ros2_universal_robot/resource/Universal_Robots_ROS2_Driver/ur_description/meshes/ur5e/visual
[2.685s] copying resource/Universal_Robots_ROS2_Driver/ur_description/meshes/ur5e/visual/forearm.dae -> /home/vboxuser/ros2_main_ws/install/webots_ros2_universal_robot/share/webots_ros2_universal_robot/resource/Universal_Robots_ROS2_Driver/ur_description/meshes/ur5e/visual
[2.691s] copying resource/Universal_Robots_ROS2_Driver/ur_description/meshes/ur5e/visual/shoulder.dae -> /home/vboxuser/ros2_main_ws/install/webots_ros2_universal_robot/share/webots_ros2_universal_robot/resource/Universal_Robots_ROS2_Driver/ur_description/meshes/ur5e/visual
[2.699s] copying resource/Universal_Robots_ROS2_Driver/ur_description/meshes/ur5e/visual/wrist3.dae -> /home/vboxuser/ros2_main_ws/install/webots_ros2_universal_robot/share/webots_ros2_universal_robot/resource/Universal_Robots_ROS2_Driver/ur_description/meshes/ur5e/visual
[2.700s] copying resource/Universal_Robots_ROS2_Driver/ur_description/meshes/ur5e/visual/wrist2.dae -> /home/vboxuser/ros2_main_ws/install/webots_ros2_universal_robot/share/webots_ros2_universal_robot/resource/Universal_Robots_ROS2_Driver/ur_description/meshes/ur5e/visual
[2.706s] copying resource/Universal_Robots_ROS2_Driver/ur_description/meshes/ur5e/visual/wrist1.dae -> /home/vboxuser/ros2_main_ws/install/webots_ros2_universal_robot/share/webots_ros2_universal_robot/resource/Universal_Robots_ROS2_Driver/ur_description/meshes/ur5e/visual
[2.711s] copying resource/Universal_Robots_ROS2_Driver/ur_description/meshes/ur5e/visual/base.dae -> /home/vboxuser/ros2_main_ws/install/webots_ros2_universal_robot/share/webots_ros2_universal_robot/resource/Universal_Robots_ROS2_Driver/ur_description/meshes/ur5e/visual
[2.713s] copying resource/Universal_Robots_ROS2_Driver/ur_description/meshes/ur5e/visual/upperarm.dae -> /home/vboxuser/ros2_main_ws/install/webots_ros2_universal_robot/share/webots_ros2_universal_robot/resource/Universal_Robots_ROS2_Driver/ur_description/meshes/ur5e/visual
[2.721s] creating /home/vboxuser/ros2_main_ws/install/webots_ros2_universal_robot/share/webots_ros2_universal_robot/resource/robotiq
[2.721s] creating /home/vboxuser/ros2_main_ws/install/webots_ros2_universal_robot/share/webots_ros2_universal_robot/resource/robotiq/robotiq_3f_gripper_visualization
[2.722s] creating /home/vboxuser/ros2_main_ws/install/webots_ros2_universal_robot/share/webots_ros2_universal_robot/resource/robotiq/robotiq_3f_gripper_visualization/cfg
[2.722s] copying resource/robotiq/robotiq_3f_gripper_visualization/cfg/robotiq-3f-gripper_articulated_macro.xacro -> /home/vboxuser/ros2_main_ws/install/webots_ros2_universal_robot/share/webots_ros2_universal_robot/resource/robotiq/robotiq_3f_gripper_visualization/cfg
[2.723s] copying resource/robotiq/robotiq_3f_gripper_visualization/cfg/robotiq-3f-gripper_finger_articulated_macro.xacro -> /home/vboxuser/ros2_main_ws/install/webots_ros2_universal_robot/share/webots_ros2_universal_robot/resource/robotiq/robotiq_3f_gripper_visualization/cfg
[2.723s] creating /home/vboxuser/ros2_main_ws/install/webots_ros2_universal_robot/share/webots_ros2_universal_robot/resource/robotiq/robotiq_3f_gripper_visualization/meshes
[2.723s] creating /home/vboxuser/ros2_main_ws/install/webots_ros2_universal_robot/share/webots_ros2_universal_robot/resource/robotiq/robotiq_3f_gripper_visualization/meshes/robotiq-3f-gripper_articulated
[2.724s] creating /home/vboxuser/ros2_main_ws/install/webots_ros2_universal_robot/share/webots_ros2_universal_robot/resource/robotiq/robotiq_3f_gripper_visualization/meshes/robotiq-3f-gripper_articulated/collision
[2.724s] copying resource/robotiq/robotiq_3f_gripper_visualization/meshes/robotiq-3f-gripper_articulated/collision/link_3.STL -> /home/vboxuser/ros2_main_ws/install/webots_ros2_universal_robot/share/webots_ros2_universal_robot/resource/robotiq/robotiq_3f_gripper_visualization/meshes/robotiq-3f-gripper_articulated/collision
[2.725s] copying resource/robotiq/robotiq_3f_gripper_visualization/meshes/robotiq-3f-gripper_articulated/collision/link_2.STL -> /home/vboxuser/ros2_main_ws/install/webots_ros2_universal_robot/share/webots_ros2_universal_robot/resource/robotiq/robotiq_3f_gripper_visualization/meshes/robotiq-3f-gripper_articulated/collision
[2.726s] copying resource/robotiq/robotiq_3f_gripper_visualization/meshes/robotiq-3f-gripper_articulated/collision/link_0.STL -> /home/vboxuser/ros2_main_ws/install/webots_ros2_universal_robot/share/webots_ros2_universal_robot/resource/robotiq/robotiq_3f_gripper_visualization/meshes/robotiq-3f-gripper_articulated/collision
[2.727s] copying resource/robotiq/robotiq_3f_gripper_visualization/meshes/robotiq-3f-gripper_articulated/collision/palm.STL -> /home/vboxuser/ros2_main_ws/install/webots_ros2_universal_robot/share/webots_ros2_universal_robot/resource/robotiq/robotiq_3f_gripper_visualization/meshes/robotiq-3f-gripper_articulated/collision
[2.731s] copying resource/robotiq/robotiq_3f_gripper_visualization/meshes/robotiq-3f-gripper_articulated/collision/link_1.STL -> /home/vboxuser/ros2_main_ws/install/webots_ros2_universal_robot/share/webots_ros2_universal_robot/resource/robotiq/robotiq_3f_gripper_visualization/meshes/robotiq-3f-gripper_articulated/collision
[2.731s] creating /home/vboxuser/ros2_main_ws/install/webots_ros2_universal_robot/share/webots_ros2_universal_robot/resource/robotiq/robotiq_3f_gripper_visualization/meshes/robotiq-3f-gripper_articulated/visual
[2.731s] copying resource/robotiq/robotiq_3f_gripper_visualization/meshes/robotiq-3f-gripper_articulated/visual/link_2.dae -> /home/vboxuser/ros2_main_ws/install/webots_ros2_universal_robot/share/webots_ros2_universal_robot/resource/robotiq/robotiq_3f_gripper_visualization/meshes/robotiq-3f-gripper_articulated/visual
[2.734s] copying resource/robotiq/robotiq_3f_gripper_visualization/meshes/robotiq-3f-gripper_articulated/visual/palm.dae -> /home/vboxuser/ros2_main_ws/install/webots_ros2_universal_robot/share/webots_ros2_universal_robot/resource/robotiq/robotiq_3f_gripper_visualization/meshes/robotiq-3f-gripper_articulated/visual
[2.739s] copying resource/robotiq/robotiq_3f_gripper_visualization/meshes/robotiq-3f-gripper_articulated/visual/link_0.dae -> /home/vboxuser/ros2_main_ws/install/webots_ros2_universal_robot/share/webots_ros2_universal_robot/resource/robotiq/robotiq_3f_gripper_visualization/meshes/robotiq-3f-gripper_articulated/visual
[2.741s] copying resource/robotiq/robotiq_3f_gripper_visualization/meshes/robotiq-3f-gripper_articulated/visual/link_3.dae -> /home/vboxuser/ros2_main_ws/install/webots_ros2_universal_robot/share/webots_ros2_universal_robot/resource/robotiq/robotiq_3f_gripper_visualization/meshes/robotiq-3f-gripper_articulated/visual
[2.742s] copying resource/robotiq/robotiq_3f_gripper_visualization/meshes/robotiq-3f-gripper_articulated/visual/link_1.dae -> /home/vboxuser/ros2_main_ws/install/webots_ros2_universal_robot/share/webots_ros2_universal_robot/resource/robotiq/robotiq_3f_gripper_visualization/meshes/robotiq-3f-gripper_articulated/visual
[2.742s] running install_egg_info
[2.781s] Copying ../../../build/webots_ros2_universal_robot/webots_ros2_universal_robot.egg-info to /home/vboxuser/ros2_main_ws/install/webots_ros2_universal_robot/lib/python3.12/site-packages/webots_ros2_universal_robot-2023.1.3-py3.12.egg-info
[2.783s] running install_scripts
[3.020s] Installing abb_controller script to /home/vboxuser/ros2_main_ws/install/webots_ros2_universal_robot/lib/webots_ros2_universal_robot
[3.020s] Installing ur5e_controller script to /home/vboxuser/ros2_main_ws/install/webots_ros2_universal_robot/lib/webots_ros2_universal_robot
[3.020s] writing list of installed files to '/home/vboxuser/ros2_main_ws/build/webots_ros2_universal_robot/install.log'
[3.087s] Invoked command in '/home/vboxuser/ros2_main_ws/src/webots_ros2/webots_ros2_universal_robot' returned '0': AMENT_PREFIX_PATH=/home/vboxuser/ros2_main_ws/install/webots_ros2_control:/home/vboxuser/ros2_main_ws/install/webots_ros2_driver:/home/vboxuser/ros2_main_ws/install/webots_ros2_msgs:/home/vboxuser/ros2_main_ws/install/webots_ros2_importer:${AMENT_PREFIX_PATH} CMAKE_PREFIX_PATH=/home/vboxuser/ros2_main_ws/install/webots_ros2_control:/home/vboxuser/ros2_main_ws/install/webots_ros2_driver:/home/vboxuser/ros2_main_ws/install/webots_ros2_msgs:${CMAKE_PREFIX_PATH} DEBUGINFOD_URLS=https://debuginfod.ubuntu.com LD_LIBRARY_PATH=/home/vboxuser/ros2_main_ws/install/webots_ros2_control/lib:/home/vboxuser/ros2_main_ws/install/webots_ros2_driver/lib:/home/vboxuser/ros2_main_ws/install/webots_ros2_msgs/lib:${LD_LIBRARY_PATH} PYTHONPATH=/home/vboxuser/ros2_main_ws/build/webots_ros2_universal_robot/prefix_override:/usr/lib/python3/dist-packages/colcon_core/task/python/colcon_distutils_commands:/home/vboxuser/ros2_main_ws/install/webots_ros2_universal_robot/lib/python3.12/site-packages:/home/vboxuser/ros2_main_ws/install/webots_ros2_driver/lib/python3.12/site-packages:/home/vboxuser/ros2_main_ws/install/webots_ros2_msgs/lib/python3.12/site-packages:/home/vboxuser/ros2_main_ws/install/webots_ros2_importer/lib/python3.12/site-packages:${PYTHONPATH} /usr/bin/python3 -W ignore:setup.py install is deprecated setup.py egg_info --egg-base ../../../build/webots_ros2_universal_robot build --build-base /home/vboxuser/ros2_main_ws/build/webots_ros2_universal_robot/build install --record /home/vboxuser/ros2_main_ws/build/webots_ros2_universal_robot/install.log --single-version-externally-managed install_data
